#
# A fatal error has been detected by the Java Runtime Environment:
#
#  SIGSEGV (0xb) at pc=0x00007fc4f01dc9fa, pid=6077, tid=0x00007fc4e43aa700
#
# JRE version: OpenJDK Runtime Environment (8.0_171-b11) (build 1.8.0_171-8u171-b11-0ubuntu0.18.04.1-b11)
# Java VM: OpenJDK 64-Bit Server VM (25.171-b11 mixed mode linux-amd64 compressed oops)
# Problematic frame:
# v  ~BufferBlob::jni_fast_GetLongField
#
# Failed to write core dump. Core dumps have been disabled. To enable core dumping, try "ulimit -c unlimited" before starting Java again
#
# If you would like to submit a bug report, please visit:
#   http://bugreport.java.com/bugreport/crash.jsp
# The crash happened outside the Java Virtual Machine in native code.
# See problematic frame for where to report the bug.
#

---------------  T H R E A D  ---------------

Current thread (0x00007fc500307000):  JavaThread "AWT-XAWT" daemon [_thread_in_native, id=6102, stack(0x00007fc4e42aa000,0x00007fc4e43ab000)]

siginfo: si_signo: 11 (SIGSEGV), si_code: 1 (SEGV_MAPERR), si_addr: 0x0000000000000000

Registers:
RAX=0x00007fc505a9cf40, RBX=0x00007fc5003071e0, RCX=0x0000000000000000, RDX=0x0000000000000042
RSP=0x00007fc4e43a97c8, RBP=0x00007fc4e43a97f0, RSI=0x0000000000000000, RDI=0x00007fc5003071e0
R8 =0x00000000ec355e70, R9 =0x0000000000000000, R10=0x0000000000000022, R11=0x00007fc4f040cbd8
R12=0x00007fc48c01d1d0, R13=0x0000000000000000, R14=0x00007fc4e65ffb00, R15=0x00007fc500307000
RIP=0x00007fc4f01dc9fa, EFLAGS=0x0000000000010246, CSGSFS=0x002b000000000033, ERR=0x0000000000000004
  TRAPNO=0x000000000000000e

Top of Stack: (sp=0x00007fc4e43a97c8)
0x00007fc4e43a97c8:   00007fc4e63ddd04 00007fc4ed3972e8
0x00007fc4e43a97d8:   00007fc48c01d1d0 00007fc4e43a98a0
0x00007fc4e43a97e8:   00007fc4e43a9870 0000000000000000
0x00007fc4e43a97f8:   00007fc4e5ec1300 00007fc4ed3972e8
0x00007fc4e43a9808:   00007fc4e43a9830 0000000000000000
0x00007fc4e43a9818:   00007fc4e5eb8e23 00007fc4e43a98a0
0x00007fc4e43a9828:   00007fc4e63d5caf 00007fc4e43a9880
0x00007fc4e43a9838:   00007fc4f040cc76 0000000000000000
0x00007fc4e43a9848:   00007fc4f03fcb76 00007fc4e43a98a0
0x00007fc4e43a9858:   00007fc4f028836c 00007fc4e43a9900
0x00007fc4e43a9868:   00000000ec50b0f8 00000000ec4c8280
0x00007fc4e43a9878:   0000000000000001 00007fc4e43a9900
0x00007fc4e43a9888:   00007fc4f017a7d0 00007fc4e43a9900
0x00007fc4e43a9898:   00007fc4f017a7d0 0000000000000000
0x00007fc4e43a98a8:   00007fc4f017ab10 00007fc4ac003130
0x00007fc4e43a98b8:   00000000ec538090 00007fc4e43a98c0
0x00007fc4e43a98c8:   00007fc4ed48974c 00007fc4e43a9948
0x00007fc4e43a98d8:   00007fc4ed4926f0 0000000000000000
0x00007fc4e43a98e8:   00007fc4ed489888 00007fc4e43a98a0
0x00007fc4e43a98f8:   00007fc4e43a9940 00007fc4e43a9990
0x00007fc4e43a9908:   00007fc4f017affd 0000000000000000
0x00007fc4e43a9918:   00000000ec8205b8 0000000000000000
0x00007fc4e43a9928:   0000000000000000 0000000000000000
0x00007fc4e43a9938:   00000000ec538090 0000000000000000
0x00007fc4e43a9948:   00000000ec50bc98 00007fc4e43a9950
0x00007fc4e43a9958:   00007fc4ed48958d 00007fc4e43a99a0
0x00007fc4e43a9968:   00007fc4ed4926f0 0000000000000000
0x00007fc4e43a9978:   00007fc4ed489598 00007fc4e43a9940
0x00007fc4e43a9988:   00007fc4e43a99a0 00007fc4e43a99e8
0x00007fc4e43a9998:   00007fc4f017b042 00000000ec50bc98
0x00007fc4e43a99a8:   00007fc4e43a99a8 00007fc4eceb653b
0x00007fc4e43a99b8:   00007fc4e43a99f8 00007fc4ecf3df88 

Instructions: (pc=0x00007fc4f01dc9fa)
0x00007fc4f01dc9da:   00 00 00 00 00 00 44 8b 15 6d d0 8e 15 4c 8b ce
0x00007fc4f01dc9ea:   41 f6 c2 01 0f 85 2e 00 00 00 4d 33 ca 4d 33 ca
0x00007fc4f01dc9fa:   4d 8b 09 4c 8b da 49 c1 eb 02 4b 8b 04 19 49 bb
0x00007fc4f01dca0a:   54 9a ac 05 c5 7f 00 00 4c 33 d8 4c 33 d8 45 3b 

Register to memory mapping:

RAX=0x00007fc505a9cf40: <offset 0xf33f40> in /usr/lib/jvm/java-8-openjdk-amd64/jre/lib/amd64/server/libjvm.so at 0x00007fc504b69000
RBX=0x00007fc5003071e0 is an unknown value
RCX=0x0000000000000000 is an unknown value
RDX=0x0000000000000042 is an unknown value
RSP=0x00007fc4e43a97c8 is pointing into the stack for thread: 0x00007fc500307000
RBP=0x00007fc4e43a97f0 is pointing into the stack for thread: 0x00007fc500307000
RSI=0x0000000000000000 is an unknown value
RDI=0x00007fc5003071e0 is an unknown value
R8 =0x00000000ec355e70 is an oop
sun.util.logging.PlatformLogger$Level 
 - klass: 'sun/util/logging/PlatformLogger$Level'
R9 =0x0000000000000000 is an unknown value
R10=0x0000000000000022 is an unknown value
R11=0x00007fc4f040cbd8 is at entry_point+24 in (nmethod*)0x00007fc4f040ca50
R12=0x00007fc48c01d1d0 is an unknown value
R13=0x0000000000000000 is an unknown value
R14=0x00007fc4e65ffb00: <offset 0x257b00> in /usr/lib/jvm/java-8-openjdk-amd64/jre/lib/amd64/libawt_xawt.so at 0x00007fc4e63a8000
R15=0x00007fc500307000 is a thread


Stack: [0x00007fc4e42aa000,0x00007fc4e43ab000],  sp=0x00007fc4e43a97c8,  free space=1021k
Native frames: (J=compiled Java code, j=interpreted, Vv=VM code, C=native code)
v  ~BufferBlob::jni_fast_GetLongField
C  [libX11.so.6+0x64300]  _XimServerDestroy+0x70

Java frames: (J=compiled Java code, j=interpreted, Vv=VM code)
J 749  sun.awt.X11.XlibWrapper.XFilterEvent(JJ)Z (0 bytes) @ 0x00007fc4f040cc04 [0x00007fc4f040cbc0+0x44]
j  sun.awt.X11.XToolkit.run(Z)V+300
j  sun.awt.X11.XToolkit.run()V+5
j  java.lang.Thread.run()V+11
v  ~StubRoutines::call_stub

---------------  P R O C E S S  ---------------

Java Threads: ( => current thread )
  0x00007fc4a0003800 JavaThread "XToolkt-Shutdown-Thread" [_thread_in_vm, id=2691, stack(0x00007fc4a52e5000,0x00007fc4a53e6000)]
  0x00007fc4c0003000 JavaThread "SIGTERM handler" daemon [_thread_blocked, id=2674, stack(0x00007fc4a53e6000,0x00007fc4a54e7000)]
  0x00007fc4c0002000 JavaThread "SIGHUP handler" daemon [_thread_blocked, id=2647, stack(0x00007fc4a54e7000,0x00007fc4a55e8000)]
  0x00007fc4c0001000 JavaThread "SIGHUP handler" daemon [_thread_blocked, id=2627, stack(0x00007fc4a600f000,0x00007fc4a6110000)]
  0x00007fc50000b800 JavaThread "DestroyJavaVM" [_thread_blocked, id=6079, stack(0x00007fc50682b000,0x00007fc50692b000)]
  0x00007fc49c003800 JavaThread "Thread-0" daemon [_thread_in_native, id=6105, stack(0x00007fc4a6311000,0x00007fc4a6b11000)]
  0x00007fc5003c8000 JavaThread "AWT-EventQueue-1" [_thread_blocked, id=6108, stack(0x00007fc4a57e8000,0x00007fc4a58e9000)]
  0x00007fc5003c6800 JavaThread "AWT-Shutdown" [_thread_blocked, id=6107, stack(0x00007fc4a58e9000,0x00007fc4a59ea000)]
=>0x00007fc500307000 JavaThread "AWT-XAWT" daemon [_thread_in_native, id=6102, stack(0x00007fc4e42aa000,0x00007fc4e43ab000)]
  0x00007fc5002e5800 JavaThread "Java2D Disposer" daemon [_thread_blocked, id=6101, stack(0x00007fc4e47bb000,0x00007fc4e48bc000)]
  0x00007fc5000c1000 JavaThread "Service Thread" daemon [_thread_blocked, id=6098, stack(0x00007fc4e69d1000,0x00007fc4e6ad2000)]
  0x00007fc5000be000 JavaThread "C1 CompilerThread2" daemon [_thread_blocked, id=6097, stack(0x00007fc4e6ad3000,0x00007fc4e6bd3000)]
  0x00007fc5000bc000 JavaThread "C2 CompilerThread1" daemon [_thread_blocked, id=6096, stack(0x00007fc4e6bd4000,0x00007fc4e6cd4000)]
  0x00007fc5000b9800 JavaThread "C2 CompilerThread0" daemon [_thread_blocked, id=6095, stack(0x00007fc4e6cd5000,0x00007fc4e6dd5000)]
  0x00007fc5000b8000 JavaThread "Signal Dispatcher" daemon [_thread_blocked, id=6094, stack(0x00007fc4e6dd5000,0x00007fc4e6ed6000)]
  0x00007fc500085800 JavaThread "Finalizer" daemon [_thread_blocked, id=6093, stack(0x00007fc4e78f9000,0x00007fc4e79fa000)]
  0x00007fc500081000 JavaThread "Reference Handler" daemon [_thread_blocked, id=6092, stack(0x00007fc4e79fa000,0x00007fc4e7afb000)]

Other Threads:
  0x00007fc500079800 VMThread [stack: 0x00007fc4e7afc000,0x00007fc4e7bfc000] [id=6090]
  0x00007fc5000c3800 WatcherThread [stack: 0x00007fc4e68d1000,0x00007fc4e69d1000] [id=6099]

VM state:not at safepoint (normal execution)

VM Mutex/Monitor currently owned by a thread: None

Heap:
 PSYoungGen      total 18432K, used 11139K [0x00000000ebf00000, 0x00000000ed380000, 0x0000000100000000)
  eden space 15872K, 70% used [0x00000000ebf00000,0x00000000ec9e0ed0,0x00000000ece80000)
  from space 2560K, 0% used [0x00000000ed100000,0x00000000ed100000,0x00000000ed380000)
  to   space 2560K, 0% used [0x00000000ece80000,0x00000000ece80000,0x00000000ed100000)
 ParOldGen       total 42496K, used 0K [0x00000000c3c00000, 0x00000000c6580000, 0x00000000ebf00000)
  object space 42496K, 0% used [0x00000000c3c00000,0x00000000c3c00000,0x00000000c6580000)
 Metaspace       used 12523K, capacity 12760K, committed 13056K, reserved 1060864K
  class space    used 1422K, capacity 1505K, committed 1536K, reserved 1048576K

Card table byte_map: [0x00007fc4efbd0000,0x00007fc4efdb3000] byte_map_base: 0x00007fc4ef5b2000

Marking Bits: (ParMarkBitMap*) 0x00007fc505ac9140
 Begin Bits: [0x00007fc4ed86a000, 0x00007fc4ee77a000)
 End Bits:   [0x00007fc4ee77a000, 0x00007fc4ef68a000)

Polling page: 0x00007fc50694a000

CodeCache: size=245760Kb used=2845Kb max_used=2857Kb free=242914Kb
 bounds [0x00007fc4f0173000, 0x00007fc4f0443000, 0x00007fc4ff173000]
 total_blobs=1355 nmethods=774 adapters=496
 compilation: enabled

Compilation events (10 events):
Event: 20047.841 Thread 0x00007fc5000be000  771       3       sun.awt.XSettings$Update::getCARD16 (97 bytes)
Event: 20047.863 Thread 0x00007fc5000be000 nmethod 771 0x00007fc4f0439b10 code [0x00007fc4f0439ca0, 0x00007fc4f0439f48]
Event: 20047.876 Thread 0x00007fc5000be000  770       3       sun.awt.XSettings$Update::updateOne (322 bytes)
Event: 20047.926 Thread 0x00007fc5000be000 nmethod 770 0x00007fc4f043a390 code [0x00007fc4f043a780, 0x00007fc4f043c368]
Event: 20047.935 Thread 0x00007fc5000be000  772       3       java.security.AccessControlContext::calculateFields (89 bytes)
Event: 20047.941 Thread 0x00007fc5000be000 nmethod 772 0x00007fc4f0439490 code [0x00007fc4f0439620, 0x00007fc4f04399d8]
Event: 20052.713 Thread 0x00007fc5000b9800  773       4       java.lang.Long::valueOf (36 bytes)
Event: 20052.738 Thread 0x00007fc5000b9800 nmethod 773 0x00007fc4f0437c10 code [0x00007fc4f0437d60, 0x00007fc4f0437e98]
Event: 23452.676 Thread 0x00007fc5000bc000  774       4       sun.awt.X11.XEvent::get_type (18 bytes)
Event: 23452.693 Thread 0x00007fc5000bc000 nmethod 774 0x00007fc4f0437690 code [0x00007fc4f0437800, 0x00007fc4f0437998]

GC Heap History (0 events):
No events

Deoptimization events (6 events):
Event: 0.478 Thread 0x00007fc50000b800 Uncommon trap: reason=unstable_if action=reinterpret pc=0x00007fc4f0309e28 method=java.lang.String.<init>([CII)V @ 18
Event: 1.012 Thread 0x00007fc50000b800 Uncommon trap: reason=unstable_if action=reinterpret pc=0x00007fc4f02f533c method=java.lang.AbstractStringBuilder.append(Ljava/lang/String;)Ljava/lang/AbstractStringBuilder; @ 1
Event: 1.018 Thread 0x00007fc50000b800 Uncommon trap: reason=unstable_if action=reinterpret pc=0x00007fc4f02e9ff0 method=java.lang.AbstractStringBuilder.append(Ljava/lang/String;)Ljava/lang/AbstractStringBuilder; @ 1
Event: 2.897 Thread 0x00007fc5003c8000 Uncommon trap: reason=class_check action=maybe_recompile pc=0x00007fc4f036331c method=java.lang.String.equals(Ljava/lang/Object;)Z @ 8
Event: 2.897 Thread 0x00007fc5003c8000 Uncommon trap: reason=class_check action=maybe_recompile pc=0x00007fc4f036331c method=java.lang.String.equals(Ljava/lang/Object;)Z @ 8
Event: 2.897 Thread 0x00007fc5003c8000 Uncommon trap: reason=class_check action=maybe_recompile pc=0x00007fc4f036331c method=java.lang.String.equals(Ljava/lang/Object;)Z @ 8

Classes redefined (0 events):
No events

Internal exceptions (10 events):
Event: 0.255 Thread 0x00007fc50000b800 Exception <a 'java/security/PrivilegedActionException'> (0x00000000ec06fad8) thrown at [/build/openjdk-8-TuolsG/openjdk-8-8u171-b11/src/hotspot/src/share/vm/prims/jvm.cpp, line 1435]
Event: 0.255 Thread 0x00007fc50000b800 Exception <a 'java/security/PrivilegedActionException'> (0x00000000ec070798) thrown at [/build/openjdk-8-TuolsG/openjdk-8-8u171-b11/src/hotspot/src/share/vm/prims/jvm.cpp, line 1435]
Event: 0.255 Thread 0x00007fc50000b800 Exception <a 'java/security/PrivilegedActionException'> (0x00000000ec070b90) thrown at [/build/openjdk-8-TuolsG/openjdk-8-8u171-b11/src/hotspot/src/share/vm/prims/jvm.cpp, line 1435]
Event: 0.653 Thread 0x00007fc50000b800 Exception <a 'java/lang/NoSuchFieldError': method resolution failed> (0x00000000ec427248) thrown at [/build/openjdk-8-TuolsG/openjdk-8-8u171-b11/src/hotspot/src/share/vm/prims/methodHandles.cpp, line 1167]
Event: 0.657 Thread 0x00007fc50000b800 Exception <a 'java/lang/NoSuchFieldError': method resolution failed> (0x00000000ec434988) thrown at [/build/openjdk-8-TuolsG/openjdk-8-8u171-b11/src/hotspot/src/share/vm/prims/methodHandles.cpp, line 1167]
Event: 0.729 Thread 0x00007fc50000b800 Exception <a 'java/io/FileNotFoundException'> (0x00000000ec4b2c98) thrown at [/build/openjdk-8-TuolsG/openjdk-8-8u171-b11/src/hotspot/src/share/vm/prims/jni.cpp, line 709]
Event: 0.786 Thread 0x00007fc50000b800 Exception <a 'java/lang/ClassNotFoundException': sun/dc/DuctusRenderingEngine> (0x00000000ec4cde48) thrown at [/build/openjdk-8-TuolsG/openjdk-8-8u171-b11/src/hotspot/src/share/vm/classfile/systemDictionary.cpp, line 210]
Event: 1.012 Thread 0x00007fc50000b800 Implicit null exception at 0x00007fc4f02f4f75 to 0x00007fc4f02f5329
Event: 1.018 Thread 0x00007fc50000b800 Implicit null exception at 0x00007fc4f02e9c35 to 0x00007fc4f02e9fdd
Event: 1.403 Thread 0x00007fc5003c8000 Exception <a 'java/lang/UnsupportedOperationException': > (0x00000000ec7df060) thrown at [/build/openjdk-8-TuolsG/openjdk-8-8u171-b11/src/hotspot/src/share/vm/prims/jni.cpp, line 735]

Events (10 events):
Event: 10653.828 loading class sun/awt/X11/XkbAnyEvent done
Event: 23722.278 loading class sun/misc/Signal$1
Event: 23722.304 loading class sun/misc/Signal$1 done
Event: 23722.351 Thread 0x00007fc4c0001000 Thread added: 0x00007fc4c0001000
Event: 23722.352 loading class sun/awt/X11/XDestroyWindowEvent
Event: 23722.362 Thread 0x00007fc4c0002000 Thread added: 0x00007fc4c0002000
Event: 23722.414 Thread 0x00007fc4c0003000 Thread added: 0x00007fc4c0003000
Event: 23722.427 Thread 0x00007fc4a0003800 Thread added: 0x00007fc4a0003800
Event: 23722.431 loading class sun/awt/X11/XSystemTrayPeer
Event: 23722.464 loading class sun/awt/X11/XDestroyWindowEvent done


Dynamic libraries:
c3c00000-c6580000 rw-p 00000000 00:00 0 
c6580000-ebf00000 ---p 00000000 00:00 0 
ebf00000-ed380000 rw-p 00000000 00:00 0 
ed380000-100000000 ---p 00000000 00:00 0 
100000000-100180000 rw-p 00000000 00:00 0 
100180000-140000000 ---p 00000000 00:00 0 
5589186fa000-5589186fb000 r-xp 00000000 08:02 3281363                    /usr/lib/jvm/java-8-openjdk-amd64/jre/bin/java
5589188fa000-5589188fb000 r--p 00000000 08:02 3281363                    /usr/lib/jvm/java-8-openjdk-amd64/jre/bin/java
5589188fb000-5589188fc000 rw-p 00001000 08:02 3281363                    /usr/lib/jvm/java-8-openjdk-amd64/jre/bin/java
558918aec000-558918b0d000 rw-p 00000000 00:00 0                          [heap]
7fc484000000-7fc484021000 rw-p 00000000 00:00 0 
7fc484021000-7fc488000000 ---p 00000000 00:00 0 
7fc48c000000-7fc48c02f000 rw-p 00000000 00:00 0 
7fc48c02f000-7fc490000000 ---p 00000000 00:00 0 
7fc490000000-7fc490021000 rw-p 00000000 00:00 0 
7fc490021000-7fc494000000 ---p 00000000 00:00 0 
7fc494000000-7fc494021000 rw-p 00000000 00:00 0 
7fc494021000-7fc498000000 ---p 00000000 00:00 0 
7fc498000000-7fc498021000 rw-p 00000000 00:00 0 
7fc498021000-7fc49c000000 ---p 00000000 00:00 0 
7fc49c000000-7fc49c021000 rw-p 00000000 00:00 0 
7fc49c021000-7fc4a0000000 ---p 00000000 00:00 0 
7fc4a0000000-7fc4a0021000 rw-p 00000000 00:00 0 
7fc4a0021000-7fc4a4000000 ---p 00000000 00:00 0 
7fc4a52e5000-7fc4a52e8000 ---p 00000000 00:00 0 
7fc4a52e8000-7fc4a53e6000 rw-p 00000000 00:00 0 
7fc4a53e6000-7fc4a53e9000 ---p 00000000 00:00 0 
7fc4a53e9000-7fc4a54e7000 rw-p 00000000 00:00 0 
7fc4a54e7000-7fc4a54ea000 ---p 00000000 00:00 0 
7fc4a54ea000-7fc4a5728000 rw-p 00000000 00:00 0 
7fc4a5728000-7fc4a57e8000 ---p 00000000 00:00 0 
7fc4a57e8000-7fc4a57eb000 ---p 00000000 00:00 0 
7fc4a57eb000-7fc4a58e9000 rw-p 00000000 00:00 0 
7fc4a58e9000-7fc4a58ec000 ---p 00000000 00:00 0 
7fc4a58ec000-7fc4a59ea000 rw-p 00000000 00:00 0 
7fc4a59ea000-7fc4a5a01000 r-xp 00000000 08:02 529300                     /lib/x86_64-linux-gnu/libresolv-2.27.so
7fc4a5a01000-7fc4a5c01000 ---p 00017000 08:02 529300                     /lib/x86_64-linux-gnu/libresolv-2.27.so
7fc4a5c01000-7fc4a5c02000 r--p 00017000 08:02 529300                     /lib/x86_64-linux-gnu/libresolv-2.27.so
7fc4a5c02000-7fc4a5c03000 rw-p 00018000 08:02 529300                     /lib/x86_64-linux-gnu/libresolv-2.27.so
7fc4a5c03000-7fc4a5c05000 rw-p 00000000 00:00 0 
7fc4a5c05000-7fc4a5c0a000 r-xp 00000000 08:02 529249                     /lib/x86_64-linux-gnu/libnss_dns-2.27.so
7fc4a5c0a000-7fc4a5e0a000 ---p 00005000 08:02 529249                     /lib/x86_64-linux-gnu/libnss_dns-2.27.so
7fc4a5e0a000-7fc4a5e0b000 r--p 00005000 08:02 529249                     /lib/x86_64-linux-gnu/libnss_dns-2.27.so
7fc4a5e0b000-7fc4a5e0c000 rw-p 00006000 08:02 529249                     /lib/x86_64-linux-gnu/libnss_dns-2.27.so
7fc4a5e0c000-7fc4a5e0e000 r-xp 00000000 08:02 529257                     /lib/x86_64-linux-gnu/libnss_mdns4_minimal.so.2
7fc4a5e0e000-7fc4a600d000 ---p 00002000 08:02 529257                     /lib/x86_64-linux-gnu/libnss_mdns4_minimal.so.2
7fc4a600d000-7fc4a600e000 r--p 00001000 08:02 529257                     /lib/x86_64-linux-gnu/libnss_mdns4_minimal.so.2
7fc4a600e000-7fc4a600f000 rw-p 00002000 08:02 529257                     /lib/x86_64-linux-gnu/libnss_mdns4_minimal.so.2
7fc4a600f000-7fc4a6012000 ---p 00000000 00:00 0 
7fc4a6012000-7fc4a6310000 rw-p 00000000 00:00 0 
7fc4a6310000-7fc4a6311000 ---p 00000000 00:00 0 
7fc4a6311000-7fc4a6314000 ---p 00000000 00:00 0 
7fc4a6314000-7fc4a6b11000 rw-p 00000000 00:00 0 
7fc4a6b11000-7fc4a6b1a000 r-xp 00000000 08:02 3542981                    /usr/lib/jvm/java-8-openjdk-amd64/jre/lib/amd64/libmanagement.so
7fc4a6b1a000-7fc4a6d19000 ---p 00009000 08:02 3542981                    /usr/lib/jvm/java-8-openjdk-amd64/jre/lib/amd64/libmanagement.so
7fc4a6d19000-7fc4a6d1a000 r--p 00008000 08:02 3542981                    /usr/lib/jvm/java-8-openjdk-amd64/jre/lib/amd64/libmanagement.so
7fc4a6d1a000-7fc4a6d1b000 rw-p 00009000 08:02 3542981                    /usr/lib/jvm/java-8-openjdk-amd64/jre/lib/amd64/libmanagement.so
7fc4a6d1b000-7fc4a6d2f000 r-xp 00000000 08:02 529202                     /lib/x86_64-linux-gnu/libgpg-error.so.0.22.0
7fc4a6d2f000-7fc4a6f2e000 ---p 00014000 08:02 529202                     /lib/x86_64-linux-gnu/libgpg-error.so.0.22.0
7fc4a6f2e000-7fc4a6f2f000 r--p 00013000 08:02 529202                     /lib/x86_64-linux-gnu/libgpg-error.so.0.22.0
7fc4a6f2f000-7fc4a6f30000 rw-p 00014000 08:02 529202                     /lib/x86_64-linux-gnu/libgpg-error.so.0.22.0
7fc4a6f30000-7fc4a7044000 r-xp 00000000 08:02 524369                     /lib/x86_64-linux-gnu/libgcrypt.so.20.2.1
7fc4a7044000-7fc4a7243000 ---p 00114000 08:02 524369                     /lib/x86_64-linux-gnu/libgcrypt.so.20.2.1
7fc4a7243000-7fc4a7245000 r--p 00113000 08:02 524369                     /lib/x86_64-linux-gnu/libgcrypt.so.20.2.1
7fc4a7245000-7fc4a724a000 rw-p 00115000 08:02 524369                     /lib/x86_64-linux-gnu/libgcrypt.so.20.2.1
7fc4a724a000-7fc4a724b000 rw-p 00000000 00:00 0 
7fc4a724b000-7fc4a7266000 r-xp 00000000 08:02 1057279                    /usr/lib/x86_64-linux-gnu/liblz4.so.1.7.1
7fc4a7266000-7fc4a7465000 ---p 0001b000 08:02 1057279                    /usr/lib/x86_64-linux-gnu/liblz4.so.1.7.1
7fc4a7465000-7fc4a7466000 r--p 0001a000 08:02 1057279                    /usr/lib/x86_64-linux-gnu/liblz4.so.1.7.1
7fc4a7466000-7fc4a7467000 rw-p 0001b000 08:02 1057279                    /usr/lib/x86_64-linux-gnu/liblz4.so.1.7.1
7fc4a7467000-7fc4a748b000 r-xp 00000000 08:02 529221                     /lib/x86_64-linux-gnu/liblzma.so.5.2.2
7fc4a748b000-7fc4a768b000 ---p 00024000 08:02 529221                     /lib/x86_64-linux-gnu/liblzma.so.5.2.2
7fc4a768b000-7fc4a768c000 r--p 00024000 08:02 529221                     /lib/x86_64-linux-gnu/liblzma.so.5.2.2
7fc4a768c000-7fc4a768d000 rw-p 00025000 08:02 529221                     /lib/x86_64-linux-gnu/liblzma.so.5.2.2
7fc4a768d000-7fc4a770d000 r-xp 00000000 08:02 529315                     /lib/x86_64-linux-gnu/libsystemd.so.0.21.0
7fc4a770d000-7fc4a790c000 ---p 00080000 08:02 529315                     /lib/x86_64-linux-gnu/libsystemd.so.0.21.0
7fc4a790c000-7fc4a790f000 r--p 0007f000 08:02 529315                     /lib/x86_64-linux-gnu/libsystemd.so.0.21.0
7fc4a790f000-7fc4a7910000 rw-p 00082000 08:02 529315                     /lib/x86_64-linux-gnu/libsystemd.so.0.21.0
7fc4a7910000-7fc4a7911000 rw-p 00000000 00:00 0 
7fc4a7911000-7fc4a7981000 r-xp 00000000 08:02 529283                     /lib/x86_64-linux-gnu/libpcre.so.3.13.3
7fc4a7981000-7fc4a7b81000 ---p 00070000 08:02 529283                     /lib/x86_64-linux-gnu/libpcre.so.3.13.3
7fc4a7b81000-7fc4a7b82000 r--p 00070000 08:02 529283                     /lib/x86_64-linux-gnu/libpcre.so.3.13.3
7fc4a7b82000-7fc4a7b83000 rw-p 00071000 08:02 529283                     /lib/x86_64-linux-gnu/libpcre.so.3.13.3
7fc4a7b83000-7fc4a7baf000 r-xp 00000000 08:02 1056661                    /usr/lib/x86_64-linux-gnu/libatspi.so.0.0.1
7fc4a7baf000-7fc4a7daf000 ---p 0002c000 08:02 1056661                    /usr/lib/x86_64-linux-gnu/libatspi.so.0.0.1
7fc4a7daf000-7fc4a7db2000 r--p 0002c000 08:02 1056661                    /usr/lib/x86_64-linux-gnu/libatspi.so.0.0.1
7fc4a7db2000-7fc4a7db3000 rw-p 0002f000 08:02 1056661                    /usr/lib/x86_64-linux-gnu/libatspi.so.0.0.1
7fc4a7db3000-7fc4a7dfe000 r-xp 00000000 08:02 529176                     /lib/x86_64-linux-gnu/libdbus-1.so.3.19.4
7fc4a7dfe000-7fc4a7ffe000 ---p 0004b000 08:02 529176                     /lib/x86_64-linux-gnu/libdbus-1.so.3.19.4
7fc4a7ffe000-7fc4a7fff000 r--p 0004b000 08:02 529176                     /lib/x86_64-linux-gnu/libdbus-1.so.3.19.4
7fc4a7fff000-7fc4a8000000 rw-p 0004c000 08:02 529176                     /lib/x86_64-linux-gnu/libdbus-1.so.3.19.4
7fc4a8000000-7fc4a8021000 rw-p 00000000 00:00 0 
7fc4a8021000-7fc4ac000000 ---p 00000000 00:00 0 
7fc4ac000000-7fc4ac021000 rw-p 00000000 00:00 0 
7fc4ac021000-7fc4b0000000 ---p 00000000 00:00 0 
7fc4b0000000-7fc4b0021000 rw-p 00000000 00:00 0 
7fc4b0021000-7fc4b4000000 ---p 00000000 00:00 0 
7fc4b4000000-7fc4b4021000 rw-p 00000000 00:00 0 
7fc4b4021000-7fc4b8000000 ---p 00000000 00:00 0 
7fc4b8000000-7fc4b80ac000 rw-p 00000000 00:00 0 
7fc4b80ac000-7fc4bc000000 ---p 00000000 00:00 0 
7fc4bc000000-7fc4bc514000 rw-p 00000000 00:00 0 
7fc4bc514000-7fc4c0000000 ---p 00000000 00:00 0 
7fc4c0000000-7fc4c0021000 rw-p 00000000 00:00 0 
7fc4c0021000-7fc4c4000000 ---p 00000000 00:00 0 
7fc4c4000000-7fc4c410e000 rw-p 00000000 00:00 0 
7fc4c410e000-7fc4c8000000 ---p 00000000 00:00 0 
7fc4c8000000-7fc4c8021000 rw-p 00000000 00:00 0 
7fc4c8021000-7fc4cc000000 ---p 00000000 00:00 0 
7fc4cc000000-7fc4cc021000 rw-p 00000000 00:00 0 
7fc4cc021000-7fc4d0000000 ---p 00000000 00:00 0 
7fc4d0000000-7fc4d0021000 rw-p 00000000 00:00 0 
7fc4d0021000-7fc4d4000000 ---p 00000000 00:00 0 
7fc4d4000000-7fc4d4021000 rw-p 00000000 00:00 0 
7fc4d4021000-7fc4d8000000 ---p 00000000 00:00 0 
7fc4d8000000-7fc4d8021000 rw-p 00000000 00:00 0 
7fc4d8021000-7fc4dc000000 ---p 00000000 00:00 0 
7fc4dc005000-7fc4dc00c000 r-xp 00000000 08:02 1056913                    /usr/lib/x86_64-linux-gnu/libffi.so.6.0.4
7fc4dc00c000-7fc4dc20b000 ---p 00007000 08:02 1056913                    /usr/lib/x86_64-linux-gnu/libffi.so.6.0.4
7fc4dc20b000-7fc4dc20c000 r--p 00006000 08:02 1056913                    /usr/lib/x86_64-linux-gnu/libffi.so.6.0.4
7fc4dc20c000-7fc4dc20d000 rw-p 00007000 08:02 1056913                    /usr/lib/x86_64-linux-gnu/libffi.so.6.0.4
7fc4dc20d000-7fc4dc320000 r-xp 00000000 08:02 1057007                    /usr/lib/x86_64-linux-gnu/libglib-2.0.so.0.5600.1
7fc4dc320000-7fc4dc520000 ---p 00113000 08:02 1057007                    /usr/lib/x86_64-linux-gnu/libglib-2.0.so.0.5600.1
7fc4dc520000-7fc4dc521000 r--p 00113000 08:02 1057007                    /usr/lib/x86_64-linux-gnu/libglib-2.0.so.0.5600.1
7fc4dc521000-7fc4dc522000 rw-p 00114000 08:02 1057007                    /usr/lib/x86_64-linux-gnu/libglib-2.0.so.0.5600.1
7fc4dc522000-7fc4dc523000 rw-p 00000000 00:00 0 
7fc4dc523000-7fc4dc575000 r-xp 00000000 08:02 1057035                    /usr/lib/x86_64-linux-gnu/libgobject-2.0.so.0.5600.1
7fc4dc575000-7fc4dc775000 ---p 00052000 08:02 1057035                    /usr/lib/x86_64-linux-gnu/libgobject-2.0.so.0.5600.1
7fc4dc775000-7fc4dc776000 r--p 00052000 08:02 1057035                    /usr/lib/x86_64-linux-gnu/libgobject-2.0.so.0.5600.1
7fc4dc776000-7fc4dc777000 rw-p 00053000 08:02 1057035                    /usr/lib/x86_64-linux-gnu/libgobject-2.0.so.0.5600.1
7fc4dc777000-7fc4dc7a5000 r-xp 00000000 08:02 1056659                    /usr/lib/x86_64-linux-gnu/libatk-bridge-2.0.so.0.0.0
7fc4dc7a5000-7fc4dc9a5000 ---p 0002e000 08:02 1056659                    /usr/lib/x86_64-linux-gnu/libatk-bridge-2.0.so.0.0.0
7fc4dc9a5000-7fc4dc9a6000 r--p 0002e000 08:02 1056659                    /usr/lib/x86_64-linux-gnu/libatk-bridge-2.0.so.0.0.0
7fc4dc9a6000-7fc4dc9a7000 rw-p 0002f000 08:02 1056659                    /usr/lib/x86_64-linux-gnu/libatk-bridge-2.0.so.0.0.0
7fc4dc9a7000-7fc4dc9a8000 rw-p 00000000 00:00 0 
7fc4dc9a8000-7fc4dc9ca000 r-xp 00000000 08:02 1056657                    /usr/lib/x86_64-linux-gnu/libatk-1.0.so.0.22810.1
7fc4dc9ca000-7fc4dcbca000 ---p 00022000 08:02 1056657                    /usr/lib/x86_64-linux-gnu/libatk-1.0.so.0.22810.1
7fc4dcbca000-7fc4dcbcd000 r--p 00022000 08:02 1056657                    /usr/lib/x86_64-linux-gnu/libatk-1.0.so.0.22810.1
7fc4dcbcd000-7fc4dcbce000 rw-p 00025000 08:02 1056657                    /usr/lib/x86_64-linux-gnu/libatk-1.0.so.0.22810.1
7fc4dcbce000-7fc4dcbe5000 r-xp 00000000 08:02 4196128                    /usr/lib/x86_64-linux-gnu/jni/libatk-wrapper.so.6.0.0
7fc4dcbe5000-7fc4dcde5000 ---p 00017000 08:02 4196128                    /usr/lib/x86_64-linux-gnu/jni/libatk-wrapper.so.6.0.0
7fc4dcde5000-7fc4dcde6000 r--p 00017000 08:02 4196128                    /usr/lib/x86_64-linux-gnu/jni/libatk-wrapper.so.6.0.0
7fc4dcde6000-7fc4dcde7000 rw-p 00018000 08:02 4196128                    /usr/lib/x86_64-linux-gnu/jni/libatk-wrapper.so.6.0.0
7fc4dcde7000-7fc4dfde8000 rw-p 00000000 00:00 0 
7fc4dfde8000-7fc4dfdfe000 r-xp 00000000 08:02 3542983                    /usr/lib/jvm/java-8-openjdk-amd64/jre/lib/amd64/libnet.so
7fc4dfdfe000-7fc4dfffe000 ---p 00016000 08:02 3542983                    /usr/lib/jvm/java-8-openjdk-amd64/jre/lib/amd64/libnet.so
7fc4dfffe000-7fc4dffff000 r--p 00016000 08:02 3542983                    /usr/lib/jvm/java-8-openjdk-amd64/jre/lib/amd64/libnet.so
7fc4dffff000-7fc4e0000000 rw-p 00017000 08:02 3542983                    /usr/lib/jvm/java-8-openjdk-amd64/jre/lib/amd64/libnet.so
7fc4e0000000-7fc4e0021000 rw-p 00000000 00:00 0 
7fc4e0021000-7fc4e4000000 ---p 00000000 00:00 0 
7fc4e4097000-7fc4e40a8000 r-xp 00000000 08:02 3542984                    /usr/lib/jvm/java-8-openjdk-amd64/jre/lib/amd64/libnio.so
7fc4e40a8000-7fc4e42a8000 ---p 00011000 08:02 3542984                    /usr/lib/jvm/java-8-openjdk-amd64/jre/lib/amd64/libnio.so
7fc4e42a8000-7fc4e42a9000 r--p 00011000 08:02 3542984                    /usr/lib/jvm/java-8-openjdk-amd64/jre/lib/amd64/libnio.so
7fc4e42a9000-7fc4e42aa000 rw-p 00012000 08:02 3542984                    /usr/lib/jvm/java-8-openjdk-amd64/jre/lib/amd64/libnio.so
7fc4e42aa000-7fc4e42ad000 ---p 00000000 00:00 0 
7fc4e42ad000-7fc4e43ab000 rw-p 00000000 00:00 0 
7fc4e43ab000-7fc4e43b0000 r-xp 00000000 08:02 1056586                    /usr/lib/x86_64-linux-gnu/libXfixes.so.3.1.0
7fc4e43b0000-7fc4e45af000 ---p 00005000 08:02 1056586                    /usr/lib/x86_64-linux-gnu/libXfixes.so.3.1.0
7fc4e45af000-7fc4e45b0000 r--p 00004000 08:02 1056586                    /usr/lib/x86_64-linux-gnu/libXfixes.so.3.1.0
7fc4e45b0000-7fc4e45b1000 rw-p 00005000 08:02 1056586                    /usr/lib/x86_64-linux-gnu/libXfixes.so.3.1.0
7fc4e45b1000-7fc4e45ba000 r-xp 00000000 08:02 1056578                    /usr/lib/x86_64-linux-gnu/libXcursor.so.1.0.2
7fc4e45ba000-7fc4e47b9000 ---p 00009000 08:02 1056578                    /usr/lib/x86_64-linux-gnu/libXcursor.so.1.0.2
7fc4e47b9000-7fc4e47ba000 r--p 00008000 08:02 1056578                    /usr/lib/x86_64-linux-gnu/libXcursor.so.1.0.2
7fc4e47ba000-7fc4e47bb000 rw-p 00009000 08:02 1056578                    /usr/lib/x86_64-linux-gnu/libXcursor.so.1.0.2
7fc4e47bb000-7fc4e47be000 ---p 00000000 00:00 0 
7fc4e47be000-7fc4e48bc000 rw-p 00000000 00:00 0 
7fc4e48bc000-7fc4e48ed000 r-xp 00000000 08:02 1048957                    /usr/lib/x86_64-linux-gnu/libpng16.so.16.34.0
7fc4e48ed000-7fc4e4aec000 ---p 00031000 08:02 1048957                    /usr/lib/x86_64-linux-gnu/libpng16.so.16.34.0
7fc4e4aec000-7fc4e4aed000 r--p 00030000 08:02 1048957                    /usr/lib/x86_64-linux-gnu/libpng16.so.16.34.0
7fc4e4aed000-7fc4e4aee000 rw-p 00031000 08:02 1048957                    /usr/lib/x86_64-linux-gnu/libpng16.so.16.34.0
7fc4e4aee000-7fc4e4b9b000 r-xp 00000000 08:02 1056945                    /usr/lib/x86_64-linux-gnu/libfreetype.so.6.15.0
7fc4e4b9b000-7fc4e4d9a000 ---p 000ad000 08:02 1056945                    /usr/lib/x86_64-linux-gnu/libfreetype.so.6.15.0
7fc4e4d9a000-7fc4e4da1000 r--p 000ac000 08:02 1056945                    /usr/lib/x86_64-linux-gnu/libfreetype.so.6.15.0
7fc4e4da1000-7fc4e4da2000 rw-p 000b3000 08:02 1056945                    /usr/lib/x86_64-linux-gnu/libfreetype.so.6.15.0
7fc4e4da2000-7fc4e4df3000 r-xp 00000000 08:02 3542965                    /usr/lib/jvm/java-8-openjdk-amd64/jre/lib/amd64/libfontmanager.so
7fc4e4df3000-7fc4e4ff3000 ---p 00051000 08:02 3542965                    /usr/lib/jvm/java-8-openjdk-amd64/jre/lib/amd64/libfontmanager.so
7fc4e4ff3000-7fc4e4ff5000 r--p 00051000 08:02 3542965                    /usr/lib/jvm/java-8-openjdk-amd64/jre/lib/amd64/libfontmanager.so
7fc4e4ff5000-7fc4e4ff6000 rw-p 00053000 08:02 3542965                    /usr/lib/jvm/java-8-openjdk-amd64/jre/lib/amd64/libfontmanager.so
7fc4e4ff6000-7fc4e5009000 r-xp 00000000 08:02 529157                     /lib/x86_64-linux-gnu/libbsd.so.0.8.7
7fc4e5009000-7fc4e5208000 ---p 00013000 08:02 529157                     /lib/x86_64-linux-gnu/libbsd.so.0.8.7
7fc4e5208000-7fc4e5209000 r--p 00012000 08:02 529157                     /lib/x86_64-linux-gnu/libbsd.so.0.8.7
7fc4e5209000-7fc4e520a000 rw-p 00013000 08:02 529157                     /lib/x86_64-linux-gnu/libbsd.so.0.8.7
7fc4e520a000-7fc4e520b000 rw-p 00000000 00:00 0 
7fc4e520b000-7fc4e5210000 r-xp 00000000 08:02 1056582                    /usr/lib/x86_64-linux-gnu/libXdmcp.so.6.0.0
7fc4e5210000-7fc4e540f000 ---p 00005000 08:02 1056582                    /usr/lib/x86_64-linux-gnu/libXdmcp.so.6.0.0
7fc4e540f000-7fc4e5410000 r--p 00004000 08:02 1056582                    /usr/lib/x86_64-linux-gnu/libXdmcp.so.6.0.0
7fc4e5410000-7fc4e5411000 rw-p 00005000 08:02 1056582                    /usr/lib/x86_64-linux-gnu/libXdmcp.so.6.0.0
7fc4e5411000-7fc4e5413000 r-xp 00000000 08:02 1056571                    /usr/lib/x86_64-linux-gnu/libXau.so.6.0.0
7fc4e5413000-7fc4e5613000 ---p 00002000 08:02 1056571                    /usr/lib/x86_64-linux-gnu/libXau.so.6.0.0
7fc4e5613000-7fc4e5614000 r--p 00002000 08:02 1056571                    /usr/lib/x86_64-linux-gnu/libXau.so.6.0.0
7fc4e5614000-7fc4e5615000 rw-p 00003000 08:02 1056571                    /usr/lib/x86_64-linux-gnu/libXau.so.6.0.0
7fc4e5615000-7fc4e563b000 r-xp 00000000 08:02 1057775                    /usr/lib/x86_64-linux-gnu/libxcb.so.1.1.0
7fc4e563b000-7fc4e583b000 ---p 00026000 08:02 1057775                    /usr/lib/x86_64-linux-gnu/libxcb.so.1.1.0
7fc4e583b000-7fc4e583c000 r--p 00026000 08:02 1057775                    /usr/lib/x86_64-linux-gnu/libxcb.so.1.1.0
7fc4e583c000-7fc4e583d000 rw-p 00027000 08:02 1057775                    /usr/lib/x86_64-linux-gnu/libxcb.so.1.1.0
7fc4e583d000-7fc4e584c000 r-xp 00000000 08:02 1056592                    /usr/lib/x86_64-linux-gnu/libXi.so.6.1.0
7fc4e584c000-7fc4e5a4b000 ---p 0000f000 08:02 1056592                    /usr/lib/x86_64-linux-gnu/libXi.so.6.1.0
7fc4e5a4b000-7fc4e5a4c000 r--p 0000e000 08:02 1056592                    /usr/lib/x86_64-linux-gnu/libXi.so.6.1.0
7fc4e5a4c000-7fc4e5a4d000 rw-p 0000f000 08:02 1056592                    /usr/lib/x86_64-linux-gnu/libXi.so.6.1.0
7fc4e5a4d000-7fc4e5a52000 r-xp 00000000 08:02 1056610                    /usr/lib/x86_64-linux-gnu/libXtst.so.6.1.0
7fc4e5a52000-7fc4e5c51000 ---p 00005000 08:02 1056610                    /usr/lib/x86_64-linux-gnu/libXtst.so.6.1.0
7fc4e5c51000-7fc4e5c52000 r--p 00004000 08:02 1056610                    /usr/lib/x86_64-linux-gnu/libXtst.so.6.1.0
7fc4e5c52000-7fc4e5c53000 rw-p 00005000 08:02 1056610                    /usr/lib/x86_64-linux-gnu/libXtst.so.6.1.0
7fc4e5c53000-7fc4e5c5c000 r-xp 00000000 08:02 1056604                    /usr/lib/x86_64-linux-gnu/libXrender.so.1.3.0
7fc4e5c5c000-7fc4e5e5b000 ---p 00009000 08:02 1056604                    /usr/lib/x86_64-linux-gnu/libXrender.so.1.3.0
7fc4e5e5b000-7fc4e5e5c000 r--p 00008000 08:02 1056604                    /usr/lib/x86_64-linux-gnu/libXrender.so.1.3.0
7fc4e5e5c000-7fc4e5e5d000 rw-p 00009000 08:02 1056604                    /usr/lib/x86_64-linux-gnu/libXrender.so.1.3.0
7fc4e5e5d000-7fc4e5f91000 r-xp 00000000 08:02 1056567                    /usr/lib/x86_64-linux-gnu/libX11.so.6.3.0
7fc4e5f91000-7fc4e6191000 ---p 00134000 08:02 1056567                    /usr/lib/x86_64-linux-gnu/libX11.so.6.3.0
7fc4e6191000-7fc4e6192000 r--p 00134000 08:02 1056567                    /usr/lib/x86_64-linux-gnu/libX11.so.6.3.0
7fc4e6192000-7fc4e6196000 rw-p 00135000 08:02 1056567                    /usr/lib/x86_64-linux-gnu/libX11.so.6.3.0
7fc4e6196000-7fc4e61a7000 r-xp 00000000 08:02 1056584                    /usr/lib/x86_64-linux-gnu/libXext.so.6.4.0
7fc4e61a7000-7fc4e63a6000 ---p 00011000 08:02 1056584                    /usr/lib/x86_64-linux-gnu/libXext.so.6.4.0
7fc4e63a6000-7fc4e63a7000 r--p 00010000 08:02 1056584                    /usr/lib/x86_64-linux-gnu/libXext.so.6.4.0
7fc4e63a7000-7fc4e63a8000 rw-p 00011000 08:02 1056584                    /usr/lib/x86_64-linux-gnu/libXext.so.6.4.0
7fc4e63a8000-7fc4e63fc000 r-xp 00000000 08:02 3542810                    /usr/lib/jvm/java-8-openjdk-amd64/jre/lib/amd64/libawt_xawt.so
7fc4e63fc000-7fc4e65fb000 ---p 00054000 08:02 3542810                    /usr/lib/jvm/java-8-openjdk-amd64/jre/lib/amd64/libawt_xawt.so
7fc4e65fb000-7fc4e65fc000 r--p 00053000 08:02 3542810                    /usr/lib/jvm/java-8-openjdk-amd64/jre/lib/amd64/libawt_xawt.so
7fc4e65fc000-7fc4e65ff000 rw-p 00054000 08:02 3542810                    /usr/lib/jvm/java-8-openjdk-amd64/jre/lib/amd64/libawt_xawt.so
7fc4e65ff000-7fc4e6600000 rw-p 00000000 00:00 0 
7fc4e6600000-7fc4e66a0000 r-xp 00000000 08:02 3542808                    /usr/lib/jvm/java-8-openjdk-amd64/jre/lib/amd64/libawt.so
7fc4e66a0000-7fc4e689f000 ---p 000a0000 08:02 3542808                    /usr/lib/jvm/java-8-openjdk-amd64/jre/lib/amd64/libawt.so
7fc4e689f000-7fc4e68a0000 r--p 0009f000 08:02 3542808                    /usr/lib/jvm/java-8-openjdk-amd64/jre/lib/amd64/libawt.so
7fc4e68a0000-7fc4e68ab000 rw-p 000a0000 08:02 3542808                    /usr/lib/jvm/java-8-openjdk-amd64/jre/lib/amd64/libawt.so
7fc4e68ab000-7fc4e68d0000 rw-p 00000000 00:00 0 
7fc4e68d0000-7fc4e68d1000 ---p 00000000 00:00 0 
7fc4e68d1000-7fc4e69d1000 rw-p 00000000 00:00 0 
7fc4e69d1000-7fc4e69d4000 ---p 00000000 00:00 0 
7fc4e69d4000-7fc4e6ad2000 rw-p 00000000 00:00 0 
7fc4e6ad2000-7fc4e6ad3000 ---p 00000000 00:00 0 
7fc4e6ad3000-7fc4e6ad6000 ---p 00000000 00:00 0 
7fc4e6ad6000-7fc4e6bd3000 rw-p 00000000 00:00 0 
7fc4e6bd3000-7fc4e6bd4000 ---p 00000000 00:00 0 
7fc4e6bd4000-7fc4e6bd7000 ---p 00000000 00:00 0 
7fc4e6bd7000-7fc4e6cd4000 rw-p 00000000 00:00 0 
7fc4e6cd4000-7fc4e6cd5000 ---p 00000000 00:00 0 
7fc4e6cd5000-7fc4e6cd8000 ---p 00000000 00:00 0 
7fc4e6cd8000-7fc4e6dd5000 rw-p 00000000 00:00 0 
7fc4e6dd5000-7fc4e6dd8000 ---p 00000000 00:00 0 
7fc4e6dd8000-7fc4e6ed6000 rw-p 00000000 00:00 0 
7fc4e6ed6000-7fc4e78f9000 r--p 00000000 08:02 1055430                    /usr/lib/locale/locale-archive
7fc4e78f9000-7fc4e78fc000 ---p 00000000 00:00 0 
7fc4e78fc000-7fc4e79fa000 rw-p 00000000 00:00 0 
7fc4e79fa000-7fc4e79fd000 ---p 00000000 00:00 0 
7fc4e79fd000-7fc4e7afb000 rw-p 00000000 00:00 0 
7fc4e7afb000-7fc4e7afc000 ---p 00000000 00:00 0 
7fc4e7afc000-7fc4e8000000 rw-p 00000000 00:00 0 
7fc4e8000000-7fc4e8021000 rw-p 00000000 00:00 0 
7fc4e8021000-7fc4ec000000 ---p 00000000 00:00 0 
7fc4ec011000-7fc4ec014000 ---p 00000000 00:00 0 
7fc4ec014000-7fc4ec04a000 rw-p 00000000 00:00 0 
7fc4ec04a000-7fc4ec04f000 r--s 002f9000 08:02 3412439                    /usr/lib/jvm/java-8-openjdk-amd64/jre/lib/charsets.jar
7fc4ec04f000-7fc4ec051000 r--s 00016000 08:02 3412444                    /usr/lib/jvm/java-8-openjdk-amd64/jre/lib/jce.jar
7fc4ec051000-7fc4ec056000 r--s 0009d000 08:02 3412446                    /usr/lib/jvm/java-8-openjdk-amd64/jre/lib/jsse.jar
7fc4ec056000-7fc4ec069000 r--s 00346000 08:02 3412450                    /usr/lib/jvm/java-8-openjdk-amd64/jre/lib/resources.jar
7fc4ec069000-7fc4ec073000 r--s 00116000 08:02 4067104                    /usr/lib/jvm/java-8-openjdk-amd64/jre/lib/ext/localedata.jar
7fc4ec073000-7fc4ec074000 r--s 00010000 08:02 4067109                    /usr/lib/jvm/java-8-openjdk-amd64/jre/lib/ext/zipfs.jar
7fc4ec074000-7fc4ec076000 r--s 00007000 08:02 1443930                    /usr/share/java/java-atk-wrapper.jar
7fc4ec076000-7fc4ec078000 r--s 00001000 08:02 4067101                    /usr/lib/jvm/java-8-openjdk-amd64/jre/lib/ext/dnsns.jar
7fc4ec078000-7fc4ec093000 r--s 00394000 08:02 4067100                    /usr/lib/jvm/java-8-openjdk-amd64/jre/lib/ext/cldrdata.jar
7fc4ec093000-7fc4ecc43000 rw-p 00000000 00:00 0 
7fc4ecc43000-7fc4ece12000 r--s 03c2f000 08:02 3412451                    /usr/lib/jvm/java-8-openjdk-amd64/jre/lib/rt.jar
7fc4ece12000-7fc4ef68a000 rw-p 00000000 00:00 0 
7fc4ef68a000-7fc4ef68b000 ---p 00000000 00:00 0 
7fc4ef68b000-7fc4ef78b000 rw-p 00000000 00:00 0 
7fc4ef78b000-7fc4ef78c000 ---p 00000000 00:00 0 
7fc4ef78c000-7fc4ef88c000 rw-p 00000000 00:00 0 
7fc4ef88c000-7fc4ef88d000 ---p 00000000 00:00 0 
7fc4ef88d000-7fc4ef98d000 rw-p 00000000 00:00 0 
7fc4ef98d000-7fc4ef98e000 ---p 00000000 00:00 0 
7fc4ef98e000-7fc4efaa3000 rw-p 00000000 00:00 0 
7fc4efaa3000-7fc4efbd0000 ---p 00000000 00:00 0 
7fc4efbd0000-7fc4efbe5000 rw-p 00000000 00:00 0 
7fc4efbe5000-7fc4efd11000 ---p 00000000 00:00 0 
7fc4efd11000-7fc4efd1c000 rw-p 00000000 00:00 0 
7fc4efd1c000-7fc4efdb2000 ---p 00000000 00:00 0 
7fc4efdb2000-7fc4efdbf000 rw-p 00000000 00:00 0 
7fc4efdbf000-7fc4f0173000 ---p 00000000 00:00 0 
7fc4f0173000-7fc4f0443000 rwxp 00000000 00:00 0 
7fc4f0443000-7fc4ff173000 ---p 00000000 00:00 0 
7fc4ff173000-7fc4ff17b000 r-xp 00000000 08:02 3542991                    /usr/lib/jvm/java-8-openjdk-amd64/jre/lib/amd64/libzip.so
7fc4ff17b000-7fc4ff37a000 ---p 00008000 08:02 3542991                    /usr/lib/jvm/java-8-openjdk-amd64/jre/lib/amd64/libzip.so
7fc4ff37a000-7fc4ff37b000 r--p 00007000 08:02 3542991                    /usr/lib/jvm/java-8-openjdk-amd64/jre/lib/amd64/libzip.so
7fc4ff37b000-7fc4ff37c000 rw-p 00008000 08:02 3542991                    /usr/lib/jvm/java-8-openjdk-amd64/jre/lib/amd64/libzip.so
7fc4ff37c000-7fc4ff387000 r-xp 00000000 08:02 529251                     /lib/x86_64-linux-gnu/libnss_files-2.27.so
7fc4ff387000-7fc4ff586000 ---p 0000b000 08:02 529251                     /lib/x86_64-linux-gnu/libnss_files-2.27.so
7fc4ff586000-7fc4ff587000 r--p 0000a000 08:02 529251                     /lib/x86_64-linux-gnu/libnss_files-2.27.so
7fc4ff587000-7fc4ff588000 rw-p 0000b000 08:02 529251                     /lib/x86_64-linux-gnu/libnss_files-2.27.so
7fc4ff588000-7fc4ff58e000 rw-p 00000000 00:00 0 
7fc4ff58e000-7fc4ff5a5000 r-xp 00000000 08:02 529245                     /lib/x86_64-linux-gnu/libnsl-2.27.so
7fc4ff5a5000-7fc4ff7a4000 ---p 00017000 08:02 529245                     /lib/x86_64-linux-gnu/libnsl-2.27.so
7fc4ff7a4000-7fc4ff7a5000 r--p 00016000 08:02 529245                     /lib/x86_64-linux-gnu/libnsl-2.27.so
7fc4ff7a5000-7fc4ff7a6000 rw-p 00017000 08:02 529245                     /lib/x86_64-linux-gnu/libnsl-2.27.so
7fc4ff7a6000-7fc4ff7a8000 rw-p 00000000 00:00 0 
7fc4ff7a8000-7fc4ff7b3000 r-xp 00000000 08:02 529262                     /lib/x86_64-linux-gnu/libnss_nis-2.27.so
7fc4ff7b3000-7fc4ff9b2000 ---p 0000b000 08:02 529262                     /lib/x86_64-linux-gnu/libnss_nis-2.27.so
7fc4ff9b2000-7fc4ff9b3000 r--p 0000a000 08:02 529262                     /lib/x86_64-linux-gnu/libnss_nis-2.27.so
7fc4ff9b3000-7fc4ff9b4000 rw-p 0000b000 08:02 529262                     /lib/x86_64-linux-gnu/libnss_nis-2.27.so
7fc4ff9b4000-7fc4ff9bc000 r-xp 00000000 08:02 529247                     /lib/x86_64-linux-gnu/libnss_compat-2.27.so
7fc4ff9bc000-7fc4ffbbc000 ---p 00008000 08:02 529247                     /lib/x86_64-linux-gnu/libnss_compat-2.27.so
7fc4ffbbc000-7fc4ffbbd000 r--p 00008000 08:02 529247                     /lib/x86_64-linux-gnu/libnss_compat-2.27.so
7fc4ffbbd000-7fc4ffbbe000 rw-p 00009000 08:02 529247                     /lib/x86_64-linux-gnu/libnss_compat-2.27.so
7fc4ffbbe000-7fc4ffbec000 r-xp 00000000 08:02 3542972                    /usr/lib/jvm/java-8-openjdk-amd64/jre/lib/amd64/libjava.so
7fc4ffbec000-7fc4ffdeb000 ---p 0002e000 08:02 3542972                    /usr/lib/jvm/java-8-openjdk-amd64/jre/lib/amd64/libjava.so
7fc4ffdeb000-7fc4ffdec000 r--p 0002d000 08:02 3542972                    /usr/lib/jvm/java-8-openjdk-amd64/jre/lib/amd64/libjava.so
7fc4ffdec000-7fc4ffdee000 rw-p 0002e000 08:02 3542972                    /usr/lib/jvm/java-8-openjdk-amd64/jre/lib/amd64/libjava.so
7fc4ffdee000-7fc4ffdfe000 r-xp 00000000 08:02 3542990                    /usr/lib/jvm/java-8-openjdk-amd64/jre/lib/amd64/libverify.so
7fc4ffdfe000-7fc4ffffd000 ---p 00010000 08:02 3542990                    /usr/lib/jvm/java-8-openjdk-amd64/jre/lib/amd64/libverify.so
7fc4ffffd000-7fc4fffff000 r--p 0000f000 08:02 3542990                    /usr/lib/jvm/java-8-openjdk-amd64/jre/lib/amd64/libverify.so
7fc4fffff000-7fc500000000 rw-p 00011000 08:02 3542990                    /usr/lib/jvm/java-8-openjdk-amd64/jre/lib/amd64/libverify.so
7fc500000000-7fc5003eb000 rw-p 00000000 00:00 0 
7fc5003eb000-7fc504000000 ---p 00000000 00:00 0 
7fc504000000-7fc504002000 r--s 00008000 08:02 4067106                    /usr/lib/jvm/java-8-openjdk-amd64/jre/lib/ext/sunec.jar
7fc504002000-7fc50401d000 r--s 001d6000 08:02 4067105                    /usr/lib/jvm/java-8-openjdk-amd64/jre/lib/ext/nashorn.jar
7fc50401d000-7fc504024000 r-xp 00000000 08:02 529302                     /lib/x86_64-linux-gnu/librt-2.27.so
7fc504024000-7fc504223000 ---p 00007000 08:02 529302                     /lib/x86_64-linux-gnu/librt-2.27.so
7fc504223000-7fc504224000 r--p 00006000 08:02 529302                     /lib/x86_64-linux-gnu/librt-2.27.so
7fc504224000-7fc504225000 rw-p 00007000 08:02 529302                     /lib/x86_64-linux-gnu/librt-2.27.so
7fc504225000-7fc50423c000 r-xp 00000000 08:02 529198                     /lib/x86_64-linux-gnu/libgcc_s.so.1
7fc50423c000-7fc50443b000 ---p 00017000 08:02 529198                     /lib/x86_64-linux-gnu/libgcc_s.so.1
7fc50443b000-7fc50443c000 r--p 00016000 08:02 529198                     /lib/x86_64-linux-gnu/libgcc_s.so.1
7fc50443c000-7fc50443d000 rw-p 00017000 08:02 529198                     /lib/x86_64-linux-gnu/libgcc_s.so.1
7fc50443d000-7fc5045da000 r-xp 00000000 08:02 529224                     /lib/x86_64-linux-gnu/libm-2.27.so
7fc5045da000-7fc5047d9000 ---p 0019d000 08:02 529224                     /lib/x86_64-linux-gnu/libm-2.27.so
7fc5047d9000-7fc5047da000 r--p 0019c000 08:02 529224                     /lib/x86_64-linux-gnu/libm-2.27.so
7fc5047da000-7fc5047db000 rw-p 0019d000 08:02 529224                     /lib/x86_64-linux-gnu/libm-2.27.so
7fc5047db000-7fc504959000 r-xp 00000000 08:02 1057592                    /usr/lib/x86_64-linux-gnu/libstdc++.so.6.0.25
7fc504959000-7fc504b59000 ---p 0017e000 08:02 1057592                    /usr/lib/x86_64-linux-gnu/libstdc++.so.6.0.25
7fc504b59000-7fc504b63000 r--p 0017e000 08:02 1057592                    /usr/lib/x86_64-linux-gnu/libstdc++.so.6.0.25
7fc504b63000-7fc504b65000 rw-p 00188000 08:02 1057592                    /usr/lib/x86_64-linux-gnu/libstdc++.so.6.0.25
7fc504b65000-7fc504b69000 rw-p 00000000 00:00 0 
7fc504b69000-7fc5057fa000 r-xp 00000000 08:02 4067092                    /usr/lib/jvm/java-8-openjdk-amd64/jre/lib/amd64/server/libjvm.so
7fc5057fa000-7fc5059fa000 ---p 00c91000 08:02 4067092                    /usr/lib/jvm/java-8-openjdk-amd64/jre/lib/amd64/server/libjvm.so
7fc5059fa000-7fc505a8d000 r--p 00c91000 08:02 4067092                    /usr/lib/jvm/java-8-openjdk-amd64/jre/lib/amd64/server/libjvm.so
7fc505a8d000-7fc505ab5000 rw-p 00d24000 08:02 4067092                    /usr/lib/jvm/java-8-openjdk-amd64/jre/lib/amd64/server/libjvm.so
7fc505ab5000-7fc505ae6000 rw-p 00000000 00:00 0 
7fc505ae6000-7fc505b00000 r-xp 00000000 08:02 529294                     /lib/x86_64-linux-gnu/libpthread-2.27.so
7fc505b00000-7fc505cff000 ---p 0001a000 08:02 529294                     /lib/x86_64-linux-gnu/libpthread-2.27.so
7fc505cff000-7fc505d00000 r--p 00019000 08:02 529294                     /lib/x86_64-linux-gnu/libpthread-2.27.so
7fc505d00000-7fc505d01000 rw-p 0001a000 08:02 529294                     /lib/x86_64-linux-gnu/libpthread-2.27.so
7fc505d01000-7fc505d05000 rw-p 00000000 00:00 0 
7fc505d05000-7fc505d08000 r-xp 00000000 08:02 529184                     /lib/x86_64-linux-gnu/libdl-2.27.so
7fc505d08000-7fc505f07000 ---p 00003000 08:02 529184                     /lib/x86_64-linux-gnu/libdl-2.27.so
7fc505f07000-7fc505f08000 r--p 00002000 08:02 529184                     /lib/x86_64-linux-gnu/libdl-2.27.so
7fc505f08000-7fc505f09000 rw-p 00003000 08:02 529184                     /lib/x86_64-linux-gnu/libdl-2.27.so
7fc505f09000-7fc505f25000 r-xp 00000000 08:02 529333                     /lib/x86_64-linux-gnu/libz.so.1.2.11
7fc505f25000-7fc506124000 ---p 0001c000 08:02 529333                     /lib/x86_64-linux-gnu/libz.so.1.2.11
7fc506124000-7fc506125000 r--p 0001b000 08:02 529333                     /lib/x86_64-linux-gnu/libz.so.1.2.11
7fc506125000-7fc506126000 rw-p 0001c000 08:02 529333                     /lib/x86_64-linux-gnu/libz.so.1.2.11
7fc506126000-7fc50630d000 r-xp 00000000 08:02 529161                     /lib/x86_64-linux-gnu/libc-2.27.so
7fc50630d000-7fc50650d000 ---p 001e7000 08:02 529161                     /lib/x86_64-linux-gnu/libc-2.27.so
7fc50650d000-7fc506511000 r--p 001e7000 08:02 529161                     /lib/x86_64-linux-gnu/libc-2.27.so
7fc506511000-7fc506513000 rw-p 001eb000 08:02 529161                     /lib/x86_64-linux-gnu/libc-2.27.so
7fc506513000-7fc506517000 rw-p 00000000 00:00 0 
7fc506517000-7fc506525000 r-xp 00000000 08:02 4067089                    /usr/lib/jvm/java-8-openjdk-amd64/jre/lib/amd64/jli/libjli.so
7fc506525000-7fc506724000 ---p 0000e000 08:02 4067089                    /usr/lib/jvm/java-8-openjdk-amd64/jre/lib/amd64/jli/libjli.so
7fc506724000-7fc506725000 r--p 0000d000 08:02 4067089                    /usr/lib/jvm/java-8-openjdk-amd64/jre/lib/amd64/jli/libjli.so
7fc506725000-7fc506726000 rw-p 0000e000 08:02 4067089                    /usr/lib/jvm/java-8-openjdk-amd64/jre/lib/amd64/jli/libjli.so
7fc506726000-7fc50674d000 r-xp 00000000 08:02 529133                     /lib/x86_64-linux-gnu/ld-2.27.so
7fc50674d000-7fc506753000 r--s 0003b000 08:02 4067107                    /usr/lib/jvm/java-8-openjdk-amd64/jre/lib/ext/sunjce_provider.jar
7fc506753000-7fc506756000 r--s 0000f000 08:02 4067102                    /usr/lib/jvm/java-8-openjdk-amd64/jre/lib/ext/icedtea-sound.jar
7fc506756000-7fc506759000 r--s 00038000 08:02 4067108                    /usr/lib/jvm/java-8-openjdk-amd64/jre/lib/ext/sunpkcs11.jar
7fc506759000-7fc50682a000 rw-p 00000000 00:00 0 
7fc50682a000-7fc50682b000 ---p 00000000 00:00 0 
7fc50682b000-7fc50682e000 ---p 00000000 00:00 0 
7fc50682e000-7fc50692d000 rw-p 00000000 00:00 0 
7fc50692d000-7fc50692e000 r--s 0000a000 08:02 4067103                    /usr/lib/jvm/java-8-openjdk-amd64/jre/lib/ext/jaccess.jar
7fc50692e000-7fc506941000 rw-p 00000000 00:00 0 
7fc506941000-7fc506949000 rw-s 00000000 08:02 7347803                    /tmp/hsperfdata_munnacs/6077
7fc506949000-7fc50694a000 rw-p 00000000 00:00 0 
7fc50694a000-7fc50694b000 r--p 00000000 00:00 0 
7fc50694b000-7fc50694d000 rw-p 00000000 00:00 0 
7fc50694d000-7fc50694e000 r--p 00027000 08:02 529133                     /lib/x86_64-linux-gnu/ld-2.27.so
7fc50694e000-7fc50694f000 rw-p 00028000 08:02 529133                     /lib/x86_64-linux-gnu/ld-2.27.so
7fc50694f000-7fc506950000 rw-p 00000000 00:00 0 
7fff691d7000-7fff691f8000 rw-p 00000000 00:00 0                          [stack]
7fff691fb000-7fff691fe000 r--p 00000000 00:00 0                          [vvar]
7fff691fe000-7fff69200000 r-xp 00000000 00:00 0                          [vdso]
ffffffffff600000-ffffffffff601000 r-xp 00000000 00:00 0                  [vsyscall]

VM Arguments:
jvm_args: -Dfile.encoding=UTF-8 
java_command: cloudsim.ClusterMethod
java_class_path (initial): /usr/lib/jvm/java-8-openjdk-amd64/jre/lib/resources.jar:/usr/lib/jvm/java-8-openjdk-amd64/jre/lib/rt.jar:/usr/lib/jvm/java-8-openjdk-amd64/jre/lib/jsse.jar:/usr/lib/jvm/java-8-openjdk-amd64/jre/lib/jce.jar:/usr/lib/jvm/java-8-openjdk-amd64/jre/lib/charsets.jar:/usr/lib/jvm/java-8-openjdk-amd64/jre/lib/ext/sunpkcs11.jar:/usr/lib/jvm/java-8-openjdk-amd64/jre/lib/ext/icedtea-sound.jar:/usr/lib/jvm/java-8-openjdk-amd64/jre/lib/ext/sunjce_provider.jar:/usr/lib/jvm/java-8-openjdk-amd64/jre/lib/ext/nashorn.jar:/usr/lib/jvm/java-8-openjdk-amd64/jre/lib/ext/sunec.jar:/usr/lib/jvm/java-8-openjdk-amd64/jre/lib/ext/jaccess.jar:/usr/lib/jvm/java-8-openjdk-amd64/jre/lib/ext/cldrdata.jar:/usr/lib/jvm/java-8-openjdk-amd64/jre/lib/ext/dnsns.jar:/usr/lib/jvm/java-8-openjdk-amd64/jre/lib/ext/java-atk-wrapper.jar:/usr/lib/jvm/java-8-openjdk-amd64/jre/lib/ext/zipfs.jar:/usr/lib/jvm/java-8-openjdk-amd64/jre/lib/ext/localedata.jar:/home/munnacs/Projects/FYP/CloudSim/CloudSim/bin:/home/munnacs/Projects/FYP/CloudSim/CloudSim/jars/cloudsim-3.0.3-sources.jar:/home/munnacs/Projects/FYP/CloudSim/CloudSim/jars/cloudsim-3.0.3.jar:/home/munnacs/Projects/FYP/CloudSim/CloudSim/jars/cloudsim-examples-3.0.3-sources.jar:/home/munnacs/Projects/FYP/CloudSim/CloudSim/jars/cloudsim-examples-3.0.3.jar:/home/munnacs/.p2/pool/plugins/org.eclipse.fx.ide.css.jfx8_2.3.0.201603030809.jar
Launcher Type: SUN_STANDARD

Environment Variables:
PATH=/usr/local/sbin:/usr/local/bin:/usr/sbin:/usr/bin:/sbin:/bin:/usr/games:/usr/local/games:/snap/bin
USERNAME=munnacs
SHELL=/bin/bash
DISPLAY=:0

Signal Handlers:
SIGSEGV: [libjvm.so+0xaabcd0], sa_mask[0]=11111111011111111101111111111110, sa_flags=SA_RESTART|SA_SIGINFO
SIGBUS: [libjvm.so+0xaabcd0], sa_mask[0]=11111111011111111101111111111110, sa_flags=SA_RESTART|SA_SIGINFO
SIGFPE: [libjvm.so+0x8e1d50], sa_mask[0]=11111111011111111101111111111110, sa_flags=SA_RESTART|SA_SIGINFO
SIGPIPE: [libjvm.so+0x8e1d50], sa_mask[0]=11111111011111111101111111111110, sa_flags=SA_RESTART|SA_SIGINFO
SIGXFSZ: [libjvm.so+0x8e1d50], sa_mask[0]=11111111011111111101111111111110, sa_flags=SA_RESTART|SA_SIGINFO
SIGILL: [libjvm.so+0x8e1d50], sa_mask[0]=11111111011111111101111111111110, sa_flags=SA_RESTART|SA_SIGINFO
SIGUSR1: SIG_DFL, sa_mask[0]=00000000000000000000000000000000, sa_flags=none
SIGUSR2: [libjvm.so+0x8e1c00], sa_mask[0]=00100000000000000000000000000000, sa_flags=SA_RESTART|SA_SIGINFO
SIGHUP: [libjvm.so+0x8e20b0], sa_mask[0]=11111111011111111101111111111110, sa_flags=SA_RESTART|SA_SIGINFO
SIGINT: [libjvm.so+0x8e20b0], sa_mask[0]=11111111011111111101111111111110, sa_flags=SA_RESTART|SA_SIGINFO
SIGTERM: [libjvm.so+0x8e20b0], sa_mask[0]=11111111011111111101111111111110, sa_flags=SA_RESTART|SA_SIGINFO
SIGQUIT: [libjvm.so+0x8e20b0], sa_mask[0]=11111111011111111101111111111110, sa_flags=SA_RESTART|SA_SIGINFO


---------------  S Y S T E M  ---------------

OS:DISTRIB_ID=Ubuntu
DISTRIB_RELEASE=18.04
DISTRIB_CODENAME=bionic
DISTRIB_DESCRIPTION="Ubuntu 18.04 LTS"

uname:Linux 4.15.0-24-generic #26-Ubuntu SMP Wed Jun 13 08:44:47 UTC 2018 x86_64
libc:glibc 2.27 NPTL 2.27 
rlimit: STACK 8192k, CORE 0k, NPROC 14416, NOFILE 1048576, AS infinity
load average:1.69 1.76 1.52

/proc/meminfo:
MemTotal:        3941864 kB
MemFree:         1686912 kB
MemAvailable:    2134492 kB
Buffers:           54816 kB
Cached:           592660 kB
SwapCached:        82960 kB
Active:          1491388 kB
Inactive:         544068 kB
Active(anon):    1182892 kB
Inactive(anon):   236360 kB
Active(file):     308496 kB
Inactive(file):   307708 kB
Unevictable:          32 kB
Mlocked:              32 kB
SwapTotal:       2097148 kB
SwapFree:        1310744 kB
Dirty:              3808 kB
Writeback:             0 kB
AnonPages:       1362308 kB
Mapped:           132084 kB
Shmem:             31596 kB
Slab:             120668 kB
SReclaimable:      68184 kB
SUnreclaim:        52484 kB
KernelStack:       13768 kB
PageTables:        21924 kB
NFS_Unstable:          0 kB
Bounce:                0 kB
WritebackTmp:          0 kB
CommitLimit:     4068080 kB
Committed_AS:    6038884 kB
VmallocTotal:   34359738367 kB
VmallocUsed:           0 kB
VmallocChunk:          0 kB
HardwareCorrupted:     0 kB
AnonHugePages:         0 kB
ShmemHugePages:        0 kB
ShmemPmdMapped:        0 kB
CmaTotal:              0 kB
CmaFree:               0 kB
HugePages_Total:       0
HugePages_Free:        0
HugePages_Rsvd:        0
HugePages_Surp:        0
Hugepagesize:       2048 kB
DirectMap4k:      287308 kB
DirectMap2M:     3809280 kB
DirectMap1G:           0 kB


CPU:total 4 (initial active 4) (2 cores per cpu, 2 threads per core) family 6 model 69 stepping 1, cmov, cx8, fxsr, mmx, sse, sse2, sse3, ssse3, sse4.1, sse4.2, popcnt, avx, avx2, aes, clmul, erms, lzcnt, ht, tsc, tscinvbit, bmi1, bmi2

/proc/cpuinfo:
processor	: 0
vendor_id	: GenuineIntel
cpu family	: 6
model		: 69
model name	: Intel(R) Core(TM) i3-4005U CPU @ 1.70GHz
stepping	: 1
microcode	: 0x23
cpu MHz		: 1696.144
cache size	: 3072 KB
physical id	: 0
siblings	: 4
core id		: 0
cpu cores	: 2
apicid		: 0
initial apicid	: 0
fpu		: yes
fpu_exception	: yes
cpuid level	: 13
wp		: yes
flags		: fpu vme de pse tsc msr pae mce cx8 apic sep mtrr pge mca cmov pat pse36 clflush dts acpi mmx fxsr sse sse2 ss ht tm pbe syscall nx pdpe1gb rdtscp lm constant_tsc arch_perfmon pebs bts rep_good nopl xtopology nonstop_tsc cpuid aperfmperf pni pclmulqdq dtes64 monitor ds_cpl vmx est tm2 ssse3 sdbg fma cx16 xtpr pdcm pcid sse4_1 sse4_2 movbe popcnt tsc_deadline_timer aes xsave avx f16c rdrand lahf_lm abm cpuid_fault epb invpcid_single pti ibrs ibpb stibp tpr_shadow vnmi flexpriority ept vpid fsgsbase tsc_adjust bmi1 avx2 smep bmi2 erms invpcid xsaveopt dtherm ida arat pln pts
bugs		: cpu_meltdown spectre_v1 spectre_v2 spec_store_bypass
bogomips	: 3392.28
clflush size	: 64
cache_alignment	: 64
address sizes	: 39 bits physical, 48 bits virtual
power management:

processor	: 1
vendor_id	: GenuineIntel
cpu family	: 6
model		: 69
model name	: Intel(R) Core(TM) i3-4005U CPU @ 1.70GHz
stepping	: 1
microcode	: 0x23
cpu MHz		: 1696.144
cache size	: 3072 KB
physical id	: 0
siblings	: 4
core id		: 1
cpu cores	: 10
apicid		: 2
initial apicid	: 2
fpu		: yes
fpu_exception	: yes
cpuid level	: 13
wp		: yes
flags		: fpu vme de pse tsc msr pae mce cx8 apic sep mtrr pge mca cmov pat pse36 clflush dts acpi mmx fxsr sse sse2 ss ht tm pbe syscall nx pdpe1gb rdtscp lm constant_tsc arch_perfmon pebs bts rep_good nopl xtopology nonstop_tsc cpuid aperfmperf pni pclmulqdq dtes64 monitor ds_cpl vmx est tm2 ssse3 sdbg fma cx16 xtpr pdcm pcid sse4_1 sse4_2 movbe popcnt tsc_deadline_timer aes xsave avx f16c rdrand lahf_lm abm cpuid_fault epb invpcid_single pti ibrs ibpb stibp tpr_shadow vnmi flexpriority ept vpid fsgsbase tsc_adjust bmi1 avx2 smep bmi2 erms invpcid xsaveopt dtherm ida arat pln pts
bugs		: cpu_meltdown spectre_v1 spectre_v2 spec_store_bypass
bogomips	: 3392.28
clflush size	: 64
cache_alignment	: 64
address sizes	: 39 bits physical, 48 bits virtual
power management:

processor	: 2
vendor_id	: GenuineIntel
cpu family	: 6
model		: 69
model name	: Intel(R) Core(TM) i3-4005U CPU @ 1.70GHz
stepping	: 1
microcode	: 0x23
cpu MHz		: 1696.144
cache size	: 3072 KB
physical id	: 0
siblings	: 4
core id		: 0
cpu cores	: 2
apicid		: 1
initial apicid	: 1
fpu		: yes
fpu_exception	: yes
cpuid level	: 13
wp		: yes
flags		: fpu vme de pse tsc msr pae mce cx8 apic sep mtrr pge mca cmov pat pse36 clflush dts acpi mmx fxsr sse sse2 ss ht tm pbe syscall nx pdpe1gb rdtscp lm constant_tsc arch_perfmon pebs bts rep_good nopl xtopology nonstop_tsc cpuid aperfmperf pni pclmulqdq dtes64 monitor ds_cpl vmx est tm2 ssse3 sdbg fma cx16 xtpr pdcm pcid sse4_1 sse4_2 movbe popcnt tsc_deadline_timer aes xsave avx f16c rdrand lahf_lm abm cpuid_fault epb invpcid_single pti ibrs ibpb stibp tpr_shadow vnmi flexpriority ept vpid fsgsbase tsc_adjust bmi1 avx2 smep bmi2 erms invpcid xsaveopt dtherm ida arat pln pts
bugs		: cpu_meltdown spectre_v1 spectre_v2 spec_store_bypass
bogomips	: 3392.28
clflush size	: 64
cache_alignment	: 64
address sizes	: 39 bits physical, 48 bits virtual
power management:

processor	: 3
vendor_id	: GenuineIntel
cpu family	: 6
model		: 69
model name	: Intel(R) Core(TM) i3-4005U CPU @ 1.70GHz
stepping	: 1
microcode	: 0x23
cpu MHz		: 1696.144
cache size	: 3072 KB
physical id	: 0
siblings	: 4
core id		: 1
cpu cores	: 2
apicid		: 3
initial apicid	: 3
fpu		: yes
fpu_exception	: yes
cpuid level	: 13
wp		: yes
flags		: fpu vme de pse tsc msr pae mce cx8 apic sep mtrr pge mca cmov pat pse36 clflush dts acpi mmx fxsr sse sse2 ss ht tm pbe syscall nx pdpe1gb rdtscp lm constant_tsc arch_perfmon pebs bts rep_good nopl xtopology nonstop_tsc cpuid aperfmperf pni pclmulqdq dtes64 monitor ds_cpl vmx est tm2 ssse3 sdbg fma cx16 xtpr pdcm pcid sse4_1 sse4_2 movbe popcnt tsc_deadline_timer aes xsave avx f16c rdrand lahf_lm abm cpuid_fault epb invpcid_single pti ibrs ibpb stibp tpr_shadow vnmi flexpriority ept vpid fsgsbase tsc_adjust bmi1 avx2 smep bmi2 erms invpcid xsaveopt dtherm ida arat pln pts
bugs		: cpu_meltdown spectre_v1 spectre_v2 spec_store_bypass
bogomips	: 3392.28
clflush size	: 64
cache_alignment	: 64
address sizes	: 39 bits physical, 48 bits virtual
power management:



Memory: 4k page, physical 3941864k(1687104k free), swap 2097148k(1310744k free)

vm_info: OpenJDK 64-Bit Server VM (25.171-b11) for linux-amd64 JRE (1.8.0_171-8u171-b11-0ubuntu0.18.04.1-b11), built on Apr 26 2018 15:59:34 by "buildd" with gcc 7.3.0

time: Sun Jul 22 18:21:35 2018
elapsed time: 23722 seconds (0d 6h 35m 22s)

