#
# A fatal error has been detected by the Java Runtime Environment:
#
#  SIGSEGV (0xb) at pc=0x00007f99c50699fa, pid=5419, tid=0x00007f99a1680700
#
# JRE version: OpenJDK Runtime Environment (8.0_171-b11) (build 1.8.0_171-8u171-b11-0ubuntu0.18.04.1-b11)
# Java VM: OpenJDK 64-Bit Server VM (25.171-b11 mixed mode linux-amd64 compressed oops)
# Problematic frame:
# v  ~BufferBlob::jni_fast_GetLongField
#
# Failed to write core dump. Core dumps have been disabled. To enable core dumping, try "ulimit -c unlimited" before starting Java again
#
# If you would like to submit a bug report, please visit:
#   http://bugreport.java.com/bugreport/crash.jsp
# The crash happened outside the Java Virtual Machine in native code.
# See problematic frame for where to report the bug.
#

---------------  T H R E A D  ---------------

Current thread (0x00007f99d42bf800):  JavaThread "AWT-XAWT" daemon [_thread_in_native, id=5441, stack(0x00007f99a1580000,0x00007f99a1681000)]

siginfo: si_signo: 11 (SIGSEGV), si_code: 1 (SEGV_MAPERR), si_addr: 0x0000000000000000

Registers:
RAX=0x00007f99dad46f40, RBX=0x00007f99d42bf9e0, RCX=0x0000000000000000, RDX=0x0000000000000042
RSP=0x00007f99a167f7c8, RBP=0x00007f99a167f7f0, RSI=0x0000000000000000, RDI=0x00007f99d42bf9e0
R8 =0x00000000ec3542a8, R9 =0x0000000000000000, R10=0x0000000000000022, R11=0x00007f99c52a3ed8
R12=0x00007f996001f270, R13=0x0000000000000000, R14=0x00007f99a38f3b00, R15=0x00007f99d42bf800
RIP=0x00007f99c50699fa, EFLAGS=0x0000000000010246, CSGSFS=0x002b000000000033, ERR=0x0000000000000004
  TRAPNO=0x000000000000000e

Top of Stack: (sp=0x00007f99a167f7c8)
0x00007f99a167f7c8:   00007f99a36d1d04 00007f99bdef08b8
0x00007f99a167f7d8:   00007f996001f270 00007f99a167f8a0
0x00007f99a167f7e8:   00007f99a167f870 0000000000000000
0x00007f99a167f7f8:   00007f99a3197300 00007f99bdef08b8
0x00007f99a167f808:   00007f99a167f830 0000000000000000
0x00007f99a167f818:   00007f99a318ee23 00007f99a167f8a0
0x00007f99a167f828:   00007f99a36c9caf 00007f99a167f880
0x00007f99a167f838:   00007f99c52a3f76 0000000000000000
0x00007f99a167f848:   00007f99c52862b6 00007f99a167f8a0
0x00007f99a167f858:   00007f99c51154ac 00007f99a167f900
0x00007f99a167f868:   00000000ec509478 00000000ec4c6678
0x00007f99a167f878:   0000000000000001 00007f99a167f900
0x00007f99a167f888:   00007f99c50077d0 00007f99a167f900
0x00007f99a167f898:   00007f99c50077d0 0000000000000000
0x00007f99a167f8a8:   00007f99c5007b10 00007f9984003130
0x00007f99a167f8b8:   00000000ec537ed8 00007f99a167f8c0
0x00007f99a167f8c8:   00007f99bdfe174c 00007f99a167f948
0x00007f99a167f8d8:   00007f99bdfea6f0 0000000000000000
0x00007f99a167f8e8:   00007f99bdfe1888 00007f99a167f8a0
0x00007f99a167f8f8:   00007f99a167f940 00007f99a167f990
0x00007f99a167f908:   00007f99c5007ffd 0000000000000000
0x00007f99a167f918:   00000000ec824ab0 0000000000000000
0x00007f99a167f928:   0000000000000000 0000000000000000
0x00007f99a167f938:   00000000ec537ed8 0000000000000000
0x00007f99a167f948:   00000000ec50a018 00007f99a167f950
0x00007f99a167f958:   00007f99bdfe158d 00007f99a167f9a0
0x00007f99a167f968:   00007f99bdfea6f0 0000000000000000
0x00007f99a167f978:   00007f99bdfe1598 00007f99a167f940
0x00007f99a167f988:   00007f99a167f9a0 00007f99a167f9e8
0x00007f99a167f998:   00007f99c5008042 00000000ec50a018
0x00007f99a167f9a8:   00007f99a167f9a8 00007f99bda0e53b
0x00007f99a167f9b8:   00007f99a167f9f8 00007f99bda95f88 

Instructions: (pc=0x00007f99c50699fa)
0x00007f99c50699da:   00 00 00 00 00 00 44 8b 15 6d a0 d0 15 4c 8b ce
0x00007f99c50699ea:   41 f6 c2 01 0f 85 2e 00 00 00 4d 33 ca 4d 33 ca
0x00007f99c50699fa:   4d 8b 09 4c 8b da 49 c1 eb 02 4b 8b 04 19 49 bb
0x00007f99c5069a0a:   54 3a d7 da 99 7f 00 00 4c 33 d8 4c 33 d8 45 3b 

Register to memory mapping:

RAX=0x00007f99dad46f40: <offset 0xf33f40> in /usr/lib/jvm/java-8-openjdk-amd64/jre/lib/amd64/server/libjvm.so at 0x00007f99d9e13000
RBX=0x00007f99d42bf9e0 is an unknown value
RCX=0x0000000000000000 is an unknown value
RDX=0x0000000000000042 is an unknown value
RSP=0x00007f99a167f7c8 is pointing into the stack for thread: 0x00007f99d42bf800
RBP=0x00007f99a167f7f0 is pointing into the stack for thread: 0x00007f99d42bf800
RSI=0x0000000000000000 is an unknown value
RDI=0x00007f99d42bf9e0 is an unknown value
R8 =0x00000000ec3542a8 is an oop
sun.util.logging.PlatformLogger$Level 
 - klass: 'sun/util/logging/PlatformLogger$Level'
R9 =0x0000000000000000 is an unknown value
R10=0x0000000000000022 is an unknown value
R11=0x00007f99c52a3ed8 is at entry_point+24 in (nmethod*)0x00007f99c52a3d50
R12=0x00007f996001f270 is an unknown value
R13=0x0000000000000000 is an unknown value
R14=0x00007f99a38f3b00: <offset 0x257b00> in /usr/lib/jvm/java-8-openjdk-amd64/jre/lib/amd64/libawt_xawt.so at 0x00007f99a369c000
R15=0x00007f99d42bf800 is a thread


Stack: [0x00007f99a1580000,0x00007f99a1681000],  sp=0x00007f99a167f7c8,  free space=1021k
Native frames: (J=compiled Java code, j=interpreted, Vv=VM code, C=native code)
v  ~BufferBlob::jni_fast_GetLongField
C  [libX11.so.6+0x64300]  _XimServerDestroy+0x70

Java frames: (J=compiled Java code, j=interpreted, Vv=VM code)
J 781  sun.awt.X11.XlibWrapper.XFilterEvent(JJ)Z (0 bytes) @ 0x00007f99c52a3f04 [0x00007f99c52a3ec0+0x44]
j  sun.awt.X11.XToolkit.run(Z)V+300
j  sun.awt.X11.XToolkit.run()V+5
j  java.lang.Thread.run()V+11
v  ~StubRoutines::call_stub

---------------  P R O C E S S  ---------------

Java Threads: ( => current thread )
  0x00007f999c003000 JavaThread "SIGTERM handler" daemon [_thread_blocked, id=2774, stack(0x00007f99765b7000,0x00007f99766b8000)]
  0x00007f999c002000 JavaThread "SIGHUP handler" daemon [_thread_blocked, id=2768, stack(0x00007f99766b8000,0x00007f99767b9000)]
  0x00007f999c001000 JavaThread "SIGHUP handler" daemon [_thread_in_vm, id=2767, stack(0x00007f997c0a3000,0x00007f997c1a4000)]
  0x00007f99d400b800 JavaThread "DestroyJavaVM" [_thread_blocked, id=5422, stack(0x00007f99dbad5000,0x00007f99dbbd5000)]
  0x00007f9970003800 JavaThread "Thread-0" daemon [_thread_in_native, id=5444, stack(0x00007f99773e1000,0x00007f9977be1000)]
  0x00007f99d4383800 JavaThread "AWT-EventQueue-1" [_thread_blocked, id=5447, stack(0x00007f99769b9000,0x00007f9976aba000)]
  0x00007f99d4382000 JavaThread "AWT-Shutdown" [_thread_blocked, id=5446, stack(0x00007f9976aba000,0x00007f9976bbb000)]
=>0x00007f99d42bf800 JavaThread "AWT-XAWT" daemon [_thread_in_native, id=5441, stack(0x00007f99a1580000,0x00007f99a1681000)]
  0x00007f99d429e000 JavaThread "Java2D Disposer" daemon [_thread_blocked, id=5440, stack(0x00007f99a1a91000,0x00007f99a1b92000)]
  0x00007f99d40c1000 JavaThread "Service Thread" daemon [_thread_blocked, id=5437, stack(0x00007f99a3cfd000,0x00007f99a3dfe000)]
  0x00007f99d40be000 JavaThread "C1 CompilerThread2" daemon [_thread_blocked, id=5436, stack(0x00007f99a3dff000,0x00007f99a3eff000)]
  0x00007f99d40bc000 JavaThread "C2 CompilerThread1" daemon [_thread_blocked, id=5435, stack(0x00007f99a3f00000,0x00007f99a4000000)]
  0x00007f99d40b9800 JavaThread "C2 CompilerThread0" daemon [_thread_blocked, id=5434, stack(0x00007f99bc02b000,0x00007f99bc12b000)]
  0x00007f99d40b8000 JavaThread "Signal Dispatcher" daemon [_thread_blocked, id=5433, stack(0x00007f99bc12b000,0x00007f99bc22c000)]
  0x00007f99d4085800 JavaThread "Finalizer" daemon [_thread_blocked, id=5432, stack(0x00007f99bcc4f000,0x00007f99bcd50000)]
  0x00007f99d4081000 JavaThread "Reference Handler" daemon [_thread_blocked, id=5431, stack(0x00007f99bcd50000,0x00007f99bce51000)]

Other Threads:
  0x00007f99d4079800 VMThread [stack: 0x00007f99bce52000,0x00007f99bcf52000] [id=5430]
  0x00007f99d40c3800 WatcherThread [stack: 0x00007f99a3bfd000,0x00007f99a3cfd000] [id=5438]

VM state:not at safepoint (normal execution)

VM Mutex/Monitor currently owned by a thread: None

Heap:
 PSYoungGen      total 18432K, used 10812K [0x00000000ebf00000, 0x00000000ed380000, 0x0000000100000000)
  eden space 15872K, 68% used [0x00000000ebf00000,0x00000000ec98f3d8,0x00000000ece80000)
  from space 2560K, 0% used [0x00000000ed100000,0x00000000ed100000,0x00000000ed380000)
  to   space 2560K, 0% used [0x00000000ece80000,0x00000000ece80000,0x00000000ed100000)
 ParOldGen       total 42496K, used 0K [0x00000000c3c00000, 0x00000000c6580000, 0x00000000ebf00000)
  object space 42496K, 0% used [0x00000000c3c00000,0x00000000c3c00000,0x00000000c6580000)
 Metaspace       used 12524K, capacity 12760K, committed 13056K, reserved 1060864K
  class space    used 1420K, capacity 1505K, committed 1536K, reserved 1048576K

Card table byte_map: [0x00007f99c4e1d000,0x00007f99c5000000] byte_map_base: 0x00007f99c47ff000

Marking Bits: (ParMarkBitMap*) 0x00007f99dad73140
 Begin Bits: [0x00007f99be1e0000, 0x00007f99bf0f0000)
 End Bits:   [0x00007f99bf0f0000, 0x00007f99c0000000)

Polling page: 0x00007f99dbbf4000

CodeCache: size=245760Kb used=2897Kb max_used=2897Kb free=242862Kb
 bounds [0x00007f99c5000000, 0x00007f99c52e0000, 0x00007f99d4000000]
 total_blobs=1390 nmethods=809 adapters=496
 compilation: enabled

Compilation events (10 events):
Event: 18736.518 Thread 0x00007f99d40bc000  805       4       java.lang.Long::valueOf (36 bytes)
Event: 18736.521 Thread 0x00007f99d40bc000 nmethod 805 0x00007f99c52d3d50 code [0x00007f99c52d3ea0, 0x00007f99c52d3fd8]
Event: 19920.668 Thread 0x00007f99d40be000  806       1       sun.awt.X11.XEvent::getPData (5 bytes)
Event: 19920.684 Thread 0x00007f99d40be000 nmethod 806 0x00007f99c52d3a90 code [0x00007f99c52d3be0, 0x00007f99c52d3cf0]
Event: 21186.146 Thread 0x00007f99d40be000  807       3       java.lang.Thread::interrupted (8 bytes)
Event: 21186.199 Thread 0x00007f99d40be000 nmethod 807 0x00007f99c52d36d0 code [0x00007f99c52d3840, 0x00007f99c52d39c8]
Event: 21349.841 Thread 0x00007f99d40be000  808       3       sun.awt.XSettings$Update::updateOne (322 bytes)
Event: 21349.907 Thread 0x00007f99d40be000 nmethod 808 0x00007f99c52d5910 code [0x00007f99c52d5d00, 0x00007f99c52d78e8]
Event: 21349.920 Thread 0x00007f99d40be000  809       3       sun.awt.XSettings$Update::getCARD16 (97 bytes)
Event: 21349.921 Thread 0x00007f99d40be000 nmethod 809 0x00007f99c52d3110 code [0x00007f99c52d32a0, 0x00007f99c52d3548]

GC Heap History (0 events):
No events

Deoptimization events (6 events):
Event: 0.683 Thread 0x00007f99d400b800 Uncommon trap: reason=unstable_if action=reinterpret pc=0x00007f99c5197ce8 method=java.lang.String.<init>([CII)V @ 18
Event: 1.333 Thread 0x00007f99d400b800 Uncommon trap: reason=unstable_if action=reinterpret pc=0x00007f99c51919bc method=java.lang.AbstractStringBuilder.append(Ljava/lang/String;)Ljava/lang/AbstractStringBuilder; @ 1
Event: 1.339 Thread 0x00007f99d400b800 Uncommon trap: reason=unstable_if action=reinterpret pc=0x00007f99c517dd30 method=java.lang.AbstractStringBuilder.append(Ljava/lang/String;)Ljava/lang/AbstractStringBuilder; @ 1
Event: 3.560 Thread 0x00007f99d4383800 Uncommon trap: reason=class_check action=maybe_recompile pc=0x00007f99c51e5f5c method=java.lang.String.equals(Ljava/lang/Object;)Z @ 8
Event: 3.560 Thread 0x00007f99d4383800 Uncommon trap: reason=class_check action=maybe_recompile pc=0x00007f99c51e5f5c method=java.lang.String.equals(Ljava/lang/Object;)Z @ 8
Event: 3.560 Thread 0x00007f99d4383800 Uncommon trap: reason=class_check action=maybe_recompile pc=0x00007f99c51e5f5c method=java.lang.String.equals(Ljava/lang/Object;)Z @ 8

Classes redefined (0 events):
No events

Internal exceptions (10 events):
Event: 0.308 Thread 0x00007f99d400b800 Exception <a 'java/security/PrivilegedActionException'> (0x00000000ec06fa98) thrown at [/build/openjdk-8-TuolsG/openjdk-8-8u171-b11/src/hotspot/src/share/vm/prims/jvm.cpp, line 1435]
Event: 0.309 Thread 0x00007f99d400b800 Exception <a 'java/security/PrivilegedActionException'> (0x00000000ec070758) thrown at [/build/openjdk-8-TuolsG/openjdk-8-8u171-b11/src/hotspot/src/share/vm/prims/jvm.cpp, line 1435]
Event: 0.309 Thread 0x00007f99d400b800 Exception <a 'java/security/PrivilegedActionException'> (0x00000000ec070b50) thrown at [/build/openjdk-8-TuolsG/openjdk-8-8u171-b11/src/hotspot/src/share/vm/prims/jvm.cpp, line 1435]
Event: 0.806 Thread 0x00007f99d400b800 Exception <a 'java/lang/NoSuchFieldError': method resolution failed> (0x00000000ec4254c0) thrown at [/build/openjdk-8-TuolsG/openjdk-8-8u171-b11/src/hotspot/src/share/vm/prims/methodHandles.cpp, line 1167]
Event: 0.808 Thread 0x00007f99d400b800 Exception <a 'java/lang/NoSuchFieldError': method resolution failed> (0x00000000ec432c00) thrown at [/build/openjdk-8-TuolsG/openjdk-8-8u171-b11/src/hotspot/src/share/vm/prims/methodHandles.cpp, line 1167]
Event: 0.903 Thread 0x00007f99d400b800 Exception <a 'java/io/FileNotFoundException'> (0x00000000ec4b1090) thrown at [/build/openjdk-8-TuolsG/openjdk-8-8u171-b11/src/hotspot/src/share/vm/prims/jni.cpp, line 709]
Event: 0.966 Thread 0x00007f99d400b800 Exception <a 'java/lang/ClassNotFoundException': sun/dc/DuctusRenderingEngine> (0x00000000ec4cc240) thrown at [/build/openjdk-8-TuolsG/openjdk-8-8u171-b11/src/hotspot/src/share/vm/classfile/systemDictionary.cpp, line 210]
Event: 1.333 Thread 0x00007f99d400b800 Implicit null exception at 0x00007f99c51915b5 to 0x00007f99c51919a9
Event: 1.339 Thread 0x00007f99d400b800 Implicit null exception at 0x00007f99c517d975 to 0x00007f99c517dd1d
Event: 1.818 Thread 0x00007f99d4383800 Exception <a 'java/lang/UnsupportedOperationException': > (0x00000000ec7dd2f0) thrown at [/build/openjdk-8-TuolsG/openjdk-8-8u171-b11/src/hotspot/src/share/vm/prims/jni.cpp, line 735]

Events (10 events):
Event: 11954.173 loading class sun/awt/X11/XAWTXSettings$1 done
Event: 11955.836 loading class sun/awt/X11/XkbEvent
Event: 11955.836 loading class sun/awt/X11/XkbEvent done
Event: 11955.836 loading class sun/awt/X11/XkbAnyEvent
Event: 11955.836 loading class sun/awt/X11/XkbAnyEvent done
Event: 25024.326 loading class sun/misc/Signal$1
Event: 25024.400 loading class sun/awt/X11/XDestroyWindowEvent
Event: 25024.458 loading class sun/misc/Signal$1 done
Event: 25024.533 loading class sun/awt/X11/XDestroyWindowEvent done
Event: 25024.539 Thread 0x00007f999c001000 Thread added: 0x00007f999c001000


Dynamic libraries:
c3c00000-c6580000 rw-p 00000000 00:00 0 
c6580000-ebf00000 ---p 00000000 00:00 0 
ebf00000-ed380000 rw-p 00000000 00:00 0 
ed380000-100000000 ---p 00000000 00:00 0 
100000000-100180000 rw-p 00000000 00:00 0 
100180000-140000000 ---p 00000000 00:00 0 
560efac8e000-560efac8f000 r-xp 00000000 08:02 3281363                    /usr/lib/jvm/java-8-openjdk-amd64/jre/bin/java
560efae8e000-560efae8f000 r--p 00000000 08:02 3281363                    /usr/lib/jvm/java-8-openjdk-amd64/jre/bin/java
560efae8f000-560efae90000 rw-p 00001000 08:02 3281363                    /usr/lib/jvm/java-8-openjdk-amd64/jre/bin/java
560efc88c000-560efc8ad000 rw-p 00000000 00:00 0                          [heap]
7f9958000000-7f9958021000 rw-p 00000000 00:00 0 
7f9958021000-7f995c000000 ---p 00000000 00:00 0 
7f9960000000-7f996002d000 rw-p 00000000 00:00 0 
7f996002d000-7f9964000000 ---p 00000000 00:00 0 
7f9964000000-7f9964021000 rw-p 00000000 00:00 0 
7f9964021000-7f9968000000 ---p 00000000 00:00 0 
7f9968000000-7f9968021000 rw-p 00000000 00:00 0 
7f9968021000-7f996c000000 ---p 00000000 00:00 0 
7f996c000000-7f996c021000 rw-p 00000000 00:00 0 
7f996c021000-7f9970000000 ---p 00000000 00:00 0 
7f9970000000-7f9970021000 rw-p 00000000 00:00 0 
7f9970021000-7f9974000000 ---p 00000000 00:00 0 
7f99764b6000-7f99764b9000 ---p 00000000 00:00 0 
7f99764b9000-7f99765b7000 rw-p 00000000 00:00 0 
7f99765b7000-7f99765ba000 ---p 00000000 00:00 0 
7f99765ba000-7f99766b8000 rw-p 00000000 00:00 0 
7f99766b8000-7f99766bb000 ---p 00000000 00:00 0 
7f99766bb000-7f99768f9000 rw-p 00000000 00:00 0 
7f99768f9000-7f99769b9000 ---p 00000000 00:00 0 
7f99769b9000-7f99769bc000 ---p 00000000 00:00 0 
7f99769bc000-7f9976aba000 rw-p 00000000 00:00 0 
7f9976aba000-7f9976abd000 ---p 00000000 00:00 0 
7f9976abd000-7f9976bbb000 rw-p 00000000 00:00 0 
7f9976bbb000-7f9976bd2000 r-xp 00000000 08:02 529300                     /lib/x86_64-linux-gnu/libresolv-2.27.so
7f9976bd2000-7f9976dd2000 ---p 00017000 08:02 529300                     /lib/x86_64-linux-gnu/libresolv-2.27.so
7f9976dd2000-7f9976dd3000 r--p 00017000 08:02 529300                     /lib/x86_64-linux-gnu/libresolv-2.27.so
7f9976dd3000-7f9976dd4000 rw-p 00018000 08:02 529300                     /lib/x86_64-linux-gnu/libresolv-2.27.so
7f9976dd4000-7f9976dd6000 rw-p 00000000 00:00 0 
7f9976dd6000-7f9976ddb000 r-xp 00000000 08:02 529249                     /lib/x86_64-linux-gnu/libnss_dns-2.27.so
7f9976ddb000-7f9976fdb000 ---p 00005000 08:02 529249                     /lib/x86_64-linux-gnu/libnss_dns-2.27.so
7f9976fdb000-7f9976fdc000 r--p 00005000 08:02 529249                     /lib/x86_64-linux-gnu/libnss_dns-2.27.so
7f9976fdc000-7f9976fdd000 rw-p 00006000 08:02 529249                     /lib/x86_64-linux-gnu/libnss_dns-2.27.so
7f9976fdd000-7f9976fdf000 r-xp 00000000 08:02 529257                     /lib/x86_64-linux-gnu/libnss_mdns4_minimal.so.2
7f9976fdf000-7f99771de000 ---p 00002000 08:02 529257                     /lib/x86_64-linux-gnu/libnss_mdns4_minimal.so.2
7f99771de000-7f99771df000 r--p 00001000 08:02 529257                     /lib/x86_64-linux-gnu/libnss_mdns4_minimal.so.2
7f99771df000-7f99771e0000 rw-p 00002000 08:02 529257                     /lib/x86_64-linux-gnu/libnss_mdns4_minimal.so.2
7f99771e0000-7f99773e0000 rw-p 00000000 00:00 0 
7f99773e0000-7f99773e1000 ---p 00000000 00:00 0 
7f99773e1000-7f99773e4000 ---p 00000000 00:00 0 
7f99773e4000-7f9977be1000 rw-p 00000000 00:00 0 
7f9977be1000-7f9977bea000 r-xp 00000000 08:02 3542981                    /usr/lib/jvm/java-8-openjdk-amd64/jre/lib/amd64/libmanagement.so
7f9977bea000-7f9977de9000 ---p 00009000 08:02 3542981                    /usr/lib/jvm/java-8-openjdk-amd64/jre/lib/amd64/libmanagement.so
7f9977de9000-7f9977dea000 r--p 00008000 08:02 3542981                    /usr/lib/jvm/java-8-openjdk-amd64/jre/lib/amd64/libmanagement.so
7f9977dea000-7f9977deb000 rw-p 00009000 08:02 3542981                    /usr/lib/jvm/java-8-openjdk-amd64/jre/lib/amd64/libmanagement.so
7f9977deb000-7f9977dff000 r-xp 00000000 08:02 529202                     /lib/x86_64-linux-gnu/libgpg-error.so.0.22.0
7f9977dff000-7f9977ffe000 ---p 00014000 08:02 529202                     /lib/x86_64-linux-gnu/libgpg-error.so.0.22.0
7f9977ffe000-7f9977fff000 r--p 00013000 08:02 529202                     /lib/x86_64-linux-gnu/libgpg-error.so.0.22.0
7f9977fff000-7f9978000000 rw-p 00014000 08:02 529202                     /lib/x86_64-linux-gnu/libgpg-error.so.0.22.0
7f9978000000-7f9978021000 rw-p 00000000 00:00 0 
7f9978021000-7f997c000000 ---p 00000000 00:00 0 
7f997c0a3000-7f997c0a6000 ---p 00000000 00:00 0 
7f997c0a6000-7f997c1a4000 rw-p 00000000 00:00 0 
7f997c1a4000-7f997c2b8000 r-xp 00000000 08:02 524369                     /lib/x86_64-linux-gnu/libgcrypt.so.20.2.1
7f997c2b8000-7f997c4b7000 ---p 00114000 08:02 524369                     /lib/x86_64-linux-gnu/libgcrypt.so.20.2.1
7f997c4b7000-7f997c4b9000 r--p 00113000 08:02 524369                     /lib/x86_64-linux-gnu/libgcrypt.so.20.2.1
7f997c4b9000-7f997c4be000 rw-p 00115000 08:02 524369                     /lib/x86_64-linux-gnu/libgcrypt.so.20.2.1
7f997c4be000-7f997c4bf000 rw-p 00000000 00:00 0 
7f997c4bf000-7f997c4da000 r-xp 00000000 08:02 1057279                    /usr/lib/x86_64-linux-gnu/liblz4.so.1.7.1
7f997c4da000-7f997c6d9000 ---p 0001b000 08:02 1057279                    /usr/lib/x86_64-linux-gnu/liblz4.so.1.7.1
7f997c6d9000-7f997c6da000 r--p 0001a000 08:02 1057279                    /usr/lib/x86_64-linux-gnu/liblz4.so.1.7.1
7f997c6da000-7f997c6db000 rw-p 0001b000 08:02 1057279                    /usr/lib/x86_64-linux-gnu/liblz4.so.1.7.1
7f997c6db000-7f997c6ff000 r-xp 00000000 08:02 529221                     /lib/x86_64-linux-gnu/liblzma.so.5.2.2
7f997c6ff000-7f997c8ff000 ---p 00024000 08:02 529221                     /lib/x86_64-linux-gnu/liblzma.so.5.2.2
7f997c8ff000-7f997c900000 r--p 00024000 08:02 529221                     /lib/x86_64-linux-gnu/liblzma.so.5.2.2
7f997c900000-7f997c901000 rw-p 00025000 08:02 529221                     /lib/x86_64-linux-gnu/liblzma.so.5.2.2
7f997c901000-7f997c981000 r-xp 00000000 08:02 529315                     /lib/x86_64-linux-gnu/libsystemd.so.0.21.0
7f997c981000-7f997cb80000 ---p 00080000 08:02 529315                     /lib/x86_64-linux-gnu/libsystemd.so.0.21.0
7f997cb80000-7f997cb83000 r--p 0007f000 08:02 529315                     /lib/x86_64-linux-gnu/libsystemd.so.0.21.0
7f997cb83000-7f997cb84000 rw-p 00082000 08:02 529315                     /lib/x86_64-linux-gnu/libsystemd.so.0.21.0
7f997cb84000-7f997cb85000 rw-p 00000000 00:00 0 
7f997cb85000-7f997cbf5000 r-xp 00000000 08:02 529283                     /lib/x86_64-linux-gnu/libpcre.so.3.13.3
7f997cbf5000-7f997cdf5000 ---p 00070000 08:02 529283                     /lib/x86_64-linux-gnu/libpcre.so.3.13.3
7f997cdf5000-7f997cdf6000 r--p 00070000 08:02 529283                     /lib/x86_64-linux-gnu/libpcre.so.3.13.3
7f997cdf6000-7f997cdf7000 rw-p 00071000 08:02 529283                     /lib/x86_64-linux-gnu/libpcre.so.3.13.3
7f997cdf7000-7f997cdfe000 r-xp 00000000 08:02 1056913                    /usr/lib/x86_64-linux-gnu/libffi.so.6.0.4
7f997cdfe000-7f997cffd000 ---p 00007000 08:02 1056913                    /usr/lib/x86_64-linux-gnu/libffi.so.6.0.4
7f997cffd000-7f997cffe000 r--p 00006000 08:02 1056913                    /usr/lib/x86_64-linux-gnu/libffi.so.6.0.4
7f997cffe000-7f997cfff000 rw-p 00007000 08:02 1056913                    /usr/lib/x86_64-linux-gnu/libffi.so.6.0.4
7f997cfff000-7f9980000000 rw-p 00000000 00:00 0 
7f9980000000-7f9980021000 rw-p 00000000 00:00 0 
7f9980021000-7f9984000000 ---p 00000000 00:00 0 
7f9984000000-7f9984021000 rw-p 00000000 00:00 0 
7f9984021000-7f9988000000 ---p 00000000 00:00 0 
7f9988000000-7f9988021000 rw-p 00000000 00:00 0 
7f9988021000-7f998c000000 ---p 00000000 00:00 0 
7f998c000000-7f998c021000 rw-p 00000000 00:00 0 
7f998c021000-7f9990000000 ---p 00000000 00:00 0 
7f9990000000-7f9990053000 rw-p 00000000 00:00 0 
7f9990053000-7f9994000000 ---p 00000000 00:00 0 
7f9994000000-7f999457f000 rw-p 00000000 00:00 0 
7f999457f000-7f9998000000 ---p 00000000 00:00 0 
7f9998000000-7f99980ca000 rw-p 00000000 00:00 0 
7f99980ca000-7f999c000000 ---p 00000000 00:00 0 
7f999c000000-7f999c021000 rw-p 00000000 00:00 0 
7f999c021000-7f99a0000000 ---p 00000000 00:00 0 
7f99a00c5000-7f99a00f1000 r-xp 00000000 08:02 1056661                    /usr/lib/x86_64-linux-gnu/libatspi.so.0.0.1
7f99a00f1000-7f99a02f1000 ---p 0002c000 08:02 1056661                    /usr/lib/x86_64-linux-gnu/libatspi.so.0.0.1
7f99a02f1000-7f99a02f4000 r--p 0002c000 08:02 1056661                    /usr/lib/x86_64-linux-gnu/libatspi.so.0.0.1
7f99a02f4000-7f99a02f5000 rw-p 0002f000 08:02 1056661                    /usr/lib/x86_64-linux-gnu/libatspi.so.0.0.1
7f99a02f5000-7f99a0340000 r-xp 00000000 08:02 529176                     /lib/x86_64-linux-gnu/libdbus-1.so.3.19.4
7f99a0340000-7f99a0540000 ---p 0004b000 08:02 529176                     /lib/x86_64-linux-gnu/libdbus-1.so.3.19.4
7f99a0540000-7f99a0541000 r--p 0004b000 08:02 529176                     /lib/x86_64-linux-gnu/libdbus-1.so.3.19.4
7f99a0541000-7f99a0542000 rw-p 0004c000 08:02 529176                     /lib/x86_64-linux-gnu/libdbus-1.so.3.19.4
7f99a0542000-7f99a0655000 r-xp 00000000 08:02 1057007                    /usr/lib/x86_64-linux-gnu/libglib-2.0.so.0.5600.1
7f99a0655000-7f99a0855000 ---p 00113000 08:02 1057007                    /usr/lib/x86_64-linux-gnu/libglib-2.0.so.0.5600.1
7f99a0855000-7f99a0856000 r--p 00113000 08:02 1057007                    /usr/lib/x86_64-linux-gnu/libglib-2.0.so.0.5600.1
7f99a0856000-7f99a0857000 rw-p 00114000 08:02 1057007                    /usr/lib/x86_64-linux-gnu/libglib-2.0.so.0.5600.1
7f99a0857000-7f99a0858000 rw-p 00000000 00:00 0 
7f99a0858000-7f99a08aa000 r-xp 00000000 08:02 1057035                    /usr/lib/x86_64-linux-gnu/libgobject-2.0.so.0.5600.1
7f99a08aa000-7f99a0aaa000 ---p 00052000 08:02 1057035                    /usr/lib/x86_64-linux-gnu/libgobject-2.0.so.0.5600.1
7f99a0aaa000-7f99a0aab000 r--p 00052000 08:02 1057035                    /usr/lib/x86_64-linux-gnu/libgobject-2.0.so.0.5600.1
7f99a0aab000-7f99a0aac000 rw-p 00053000 08:02 1057035                    /usr/lib/x86_64-linux-gnu/libgobject-2.0.so.0.5600.1
7f99a0aac000-7f99a0ada000 r-xp 00000000 08:02 1056659                    /usr/lib/x86_64-linux-gnu/libatk-bridge-2.0.so.0.0.0
7f99a0ada000-7f99a0cda000 ---p 0002e000 08:02 1056659                    /usr/lib/x86_64-linux-gnu/libatk-bridge-2.0.so.0.0.0
7f99a0cda000-7f99a0cdb000 r--p 0002e000 08:02 1056659                    /usr/lib/x86_64-linux-gnu/libatk-bridge-2.0.so.0.0.0
7f99a0cdb000-7f99a0cdc000 rw-p 0002f000 08:02 1056659                    /usr/lib/x86_64-linux-gnu/libatk-bridge-2.0.so.0.0.0
7f99a0cdc000-7f99a0cdd000 rw-p 00000000 00:00 0 
7f99a0cdd000-7f99a0cff000 r-xp 00000000 08:02 1056657                    /usr/lib/x86_64-linux-gnu/libatk-1.0.so.0.22810.1
7f99a0cff000-7f99a0eff000 ---p 00022000 08:02 1056657                    /usr/lib/x86_64-linux-gnu/libatk-1.0.so.0.22810.1
7f99a0eff000-7f99a0f02000 r--p 00022000 08:02 1056657                    /usr/lib/x86_64-linux-gnu/libatk-1.0.so.0.22810.1
7f99a0f02000-7f99a0f03000 rw-p 00025000 08:02 1056657                    /usr/lib/x86_64-linux-gnu/libatk-1.0.so.0.22810.1
7f99a0f03000-7f99a0f1a000 r-xp 00000000 08:02 4196128                    /usr/lib/x86_64-linux-gnu/jni/libatk-wrapper.so.6.0.0
7f99a0f1a000-7f99a111a000 ---p 00017000 08:02 4196128                    /usr/lib/x86_64-linux-gnu/jni/libatk-wrapper.so.6.0.0
7f99a111a000-7f99a111b000 r--p 00017000 08:02 4196128                    /usr/lib/x86_64-linux-gnu/jni/libatk-wrapper.so.6.0.0
7f99a111b000-7f99a111c000 rw-p 00018000 08:02 4196128                    /usr/lib/x86_64-linux-gnu/jni/libatk-wrapper.so.6.0.0
7f99a111c000-7f99a1132000 r-xp 00000000 08:02 3542983                    /usr/lib/jvm/java-8-openjdk-amd64/jre/lib/amd64/libnet.so
7f99a1132000-7f99a1332000 ---p 00016000 08:02 3542983                    /usr/lib/jvm/java-8-openjdk-amd64/jre/lib/amd64/libnet.so
7f99a1332000-7f99a1333000 r--p 00016000 08:02 3542983                    /usr/lib/jvm/java-8-openjdk-amd64/jre/lib/amd64/libnet.so
7f99a1333000-7f99a1334000 rw-p 00017000 08:02 3542983                    /usr/lib/jvm/java-8-openjdk-amd64/jre/lib/amd64/libnet.so
7f99a1334000-7f99a1345000 r-xp 00000000 08:02 3542984                    /usr/lib/jvm/java-8-openjdk-amd64/jre/lib/amd64/libnio.so
7f99a1345000-7f99a1545000 ---p 00011000 08:02 3542984                    /usr/lib/jvm/java-8-openjdk-amd64/jre/lib/amd64/libnio.so
7f99a1545000-7f99a1546000 r--p 00011000 08:02 3542984                    /usr/lib/jvm/java-8-openjdk-amd64/jre/lib/amd64/libnio.so
7f99a1546000-7f99a1547000 rw-p 00012000 08:02 3542984                    /usr/lib/jvm/java-8-openjdk-amd64/jre/lib/amd64/libnio.so
7f99a1547000-7f99a154a000 ---p 00000000 00:00 0 
7f99a154a000-7f99a1580000 rw-p 00000000 00:00 0 
7f99a1580000-7f99a1583000 ---p 00000000 00:00 0 
7f99a1583000-7f99a1681000 rw-p 00000000 00:00 0 
7f99a1681000-7f99a1686000 r-xp 00000000 08:02 1056586                    /usr/lib/x86_64-linux-gnu/libXfixes.so.3.1.0
7f99a1686000-7f99a1885000 ---p 00005000 08:02 1056586                    /usr/lib/x86_64-linux-gnu/libXfixes.so.3.1.0
7f99a1885000-7f99a1886000 r--p 00004000 08:02 1056586                    /usr/lib/x86_64-linux-gnu/libXfixes.so.3.1.0
7f99a1886000-7f99a1887000 rw-p 00005000 08:02 1056586                    /usr/lib/x86_64-linux-gnu/libXfixes.so.3.1.0
7f99a1887000-7f99a1890000 r-xp 00000000 08:02 1056578                    /usr/lib/x86_64-linux-gnu/libXcursor.so.1.0.2
7f99a1890000-7f99a1a8f000 ---p 00009000 08:02 1056578                    /usr/lib/x86_64-linux-gnu/libXcursor.so.1.0.2
7f99a1a8f000-7f99a1a90000 r--p 00008000 08:02 1056578                    /usr/lib/x86_64-linux-gnu/libXcursor.so.1.0.2
7f99a1a90000-7f99a1a91000 rw-p 00009000 08:02 1056578                    /usr/lib/x86_64-linux-gnu/libXcursor.so.1.0.2
7f99a1a91000-7f99a1a94000 ---p 00000000 00:00 0 
7f99a1a94000-7f99a1b92000 rw-p 00000000 00:00 0 
7f99a1b92000-7f99a1bc3000 r-xp 00000000 08:02 1048957                    /usr/lib/x86_64-linux-gnu/libpng16.so.16.34.0
7f99a1bc3000-7f99a1dc2000 ---p 00031000 08:02 1048957                    /usr/lib/x86_64-linux-gnu/libpng16.so.16.34.0
7f99a1dc2000-7f99a1dc3000 r--p 00030000 08:02 1048957                    /usr/lib/x86_64-linux-gnu/libpng16.so.16.34.0
7f99a1dc3000-7f99a1dc4000 rw-p 00031000 08:02 1048957                    /usr/lib/x86_64-linux-gnu/libpng16.so.16.34.0
7f99a1dc4000-7f99a1e71000 r-xp 00000000 08:02 1056945                    /usr/lib/x86_64-linux-gnu/libfreetype.so.6.15.0
7f99a1e71000-7f99a2070000 ---p 000ad000 08:02 1056945                    /usr/lib/x86_64-linux-gnu/libfreetype.so.6.15.0
7f99a2070000-7f99a2077000 r--p 000ac000 08:02 1056945                    /usr/lib/x86_64-linux-gnu/libfreetype.so.6.15.0
7f99a2077000-7f99a2078000 rw-p 000b3000 08:02 1056945                    /usr/lib/x86_64-linux-gnu/libfreetype.so.6.15.0
7f99a2078000-7f99a20c9000 r-xp 00000000 08:02 3542965                    /usr/lib/jvm/java-8-openjdk-amd64/jre/lib/amd64/libfontmanager.so
7f99a20c9000-7f99a22c9000 ---p 00051000 08:02 3542965                    /usr/lib/jvm/java-8-openjdk-amd64/jre/lib/amd64/libfontmanager.so
7f99a22c9000-7f99a22cb000 r--p 00051000 08:02 3542965                    /usr/lib/jvm/java-8-openjdk-amd64/jre/lib/amd64/libfontmanager.so
7f99a22cb000-7f99a22cc000 rw-p 00053000 08:02 3542965                    /usr/lib/jvm/java-8-openjdk-amd64/jre/lib/amd64/libfontmanager.so
7f99a22cc000-7f99a22df000 r-xp 00000000 08:02 529157                     /lib/x86_64-linux-gnu/libbsd.so.0.8.7
7f99a22df000-7f99a24de000 ---p 00013000 08:02 529157                     /lib/x86_64-linux-gnu/libbsd.so.0.8.7
7f99a24de000-7f99a24df000 r--p 00012000 08:02 529157                     /lib/x86_64-linux-gnu/libbsd.so.0.8.7
7f99a24df000-7f99a24e0000 rw-p 00013000 08:02 529157                     /lib/x86_64-linux-gnu/libbsd.so.0.8.7
7f99a24e0000-7f99a24e1000 rw-p 00000000 00:00 0 
7f99a24e1000-7f99a24e6000 r-xp 00000000 08:02 1056582                    /usr/lib/x86_64-linux-gnu/libXdmcp.so.6.0.0
7f99a24e6000-7f99a26e5000 ---p 00005000 08:02 1056582                    /usr/lib/x86_64-linux-gnu/libXdmcp.so.6.0.0
7f99a26e5000-7f99a26e6000 r--p 00004000 08:02 1056582                    /usr/lib/x86_64-linux-gnu/libXdmcp.so.6.0.0
7f99a26e6000-7f99a26e7000 rw-p 00005000 08:02 1056582                    /usr/lib/x86_64-linux-gnu/libXdmcp.so.6.0.0
7f99a26e7000-7f99a26e9000 r-xp 00000000 08:02 1056571                    /usr/lib/x86_64-linux-gnu/libXau.so.6.0.0
7f99a26e9000-7f99a28e9000 ---p 00002000 08:02 1056571                    /usr/lib/x86_64-linux-gnu/libXau.so.6.0.0
7f99a28e9000-7f99a28ea000 r--p 00002000 08:02 1056571                    /usr/lib/x86_64-linux-gnu/libXau.so.6.0.0
7f99a28ea000-7f99a28eb000 rw-p 00003000 08:02 1056571                    /usr/lib/x86_64-linux-gnu/libXau.so.6.0.0
7f99a28eb000-7f99a2911000 r-xp 00000000 08:02 1057775                    /usr/lib/x86_64-linux-gnu/libxcb.so.1.1.0
7f99a2911000-7f99a2b11000 ---p 00026000 08:02 1057775                    /usr/lib/x86_64-linux-gnu/libxcb.so.1.1.0
7f99a2b11000-7f99a2b12000 r--p 00026000 08:02 1057775                    /usr/lib/x86_64-linux-gnu/libxcb.so.1.1.0
7f99a2b12000-7f99a2b13000 rw-p 00027000 08:02 1057775                    /usr/lib/x86_64-linux-gnu/libxcb.so.1.1.0
7f99a2b13000-7f99a2b22000 r-xp 00000000 08:02 1056592                    /usr/lib/x86_64-linux-gnu/libXi.so.6.1.0
7f99a2b22000-7f99a2d21000 ---p 0000f000 08:02 1056592                    /usr/lib/x86_64-linux-gnu/libXi.so.6.1.0
7f99a2d21000-7f99a2d22000 r--p 0000e000 08:02 1056592                    /usr/lib/x86_64-linux-gnu/libXi.so.6.1.0
7f99a2d22000-7f99a2d23000 rw-p 0000f000 08:02 1056592                    /usr/lib/x86_64-linux-gnu/libXi.so.6.1.0
7f99a2d23000-7f99a2d28000 r-xp 00000000 08:02 1056610                    /usr/lib/x86_64-linux-gnu/libXtst.so.6.1.0
7f99a2d28000-7f99a2f27000 ---p 00005000 08:02 1056610                    /usr/lib/x86_64-linux-gnu/libXtst.so.6.1.0
7f99a2f27000-7f99a2f28000 r--p 00004000 08:02 1056610                    /usr/lib/x86_64-linux-gnu/libXtst.so.6.1.0
7f99a2f28000-7f99a2f29000 rw-p 00005000 08:02 1056610                    /usr/lib/x86_64-linux-gnu/libXtst.so.6.1.0
7f99a2f29000-7f99a2f32000 r-xp 00000000 08:02 1056604                    /usr/lib/x86_64-linux-gnu/libXrender.so.1.3.0
7f99a2f32000-7f99a3131000 ---p 00009000 08:02 1056604                    /usr/lib/x86_64-linux-gnu/libXrender.so.1.3.0
7f99a3131000-7f99a3132000 r--p 00008000 08:02 1056604                    /usr/lib/x86_64-linux-gnu/libXrender.so.1.3.0
7f99a3132000-7f99a3133000 rw-p 00009000 08:02 1056604                    /usr/lib/x86_64-linux-gnu/libXrender.so.1.3.0
7f99a3133000-7f99a3267000 r-xp 00000000 08:02 1056567                    /usr/lib/x86_64-linux-gnu/libX11.so.6.3.0
7f99a3267000-7f99a3467000 ---p 00134000 08:02 1056567                    /usr/lib/x86_64-linux-gnu/libX11.so.6.3.0
7f99a3467000-7f99a3468000 r--p 00134000 08:02 1056567                    /usr/lib/x86_64-linux-gnu/libX11.so.6.3.0
7f99a3468000-7f99a346c000 rw-p 00135000 08:02 1056567                    /usr/lib/x86_64-linux-gnu/libX11.so.6.3.0
7f99a346c000-7f99a347d000 r-xp 00000000 08:02 1056584                    /usr/lib/x86_64-linux-gnu/libXext.so.6.4.0
7f99a347d000-7f99a367c000 ---p 00011000 08:02 1056584                    /usr/lib/x86_64-linux-gnu/libXext.so.6.4.0
7f99a367c000-7f99a367d000 r--p 00010000 08:02 1056584                    /usr/lib/x86_64-linux-gnu/libXext.so.6.4.0
7f99a367d000-7f99a367e000 rw-p 00011000 08:02 1056584                    /usr/lib/x86_64-linux-gnu/libXext.so.6.4.0
7f99a369c000-7f99a36f0000 r-xp 00000000 08:02 3542810                    /usr/lib/jvm/java-8-openjdk-amd64/jre/lib/amd64/libawt_xawt.so
7f99a36f0000-7f99a38ef000 ---p 00054000 08:02 3542810                    /usr/lib/jvm/java-8-openjdk-amd64/jre/lib/amd64/libawt_xawt.so
7f99a38ef000-7f99a38f0000 r--p 00053000 08:02 3542810                    /usr/lib/jvm/java-8-openjdk-amd64/jre/lib/amd64/libawt_xawt.so
7f99a38f0000-7f99a38f3000 rw-p 00054000 08:02 3542810                    /usr/lib/jvm/java-8-openjdk-amd64/jre/lib/amd64/libawt_xawt.so
7f99a38f3000-7f99a38f4000 rw-p 00000000 00:00 0 
7f99a38f4000-7f99a3994000 r-xp 00000000 08:02 3542808                    /usr/lib/jvm/java-8-openjdk-amd64/jre/lib/amd64/libawt.so
7f99a3994000-7f99a3b93000 ---p 000a0000 08:02 3542808                    /usr/lib/jvm/java-8-openjdk-amd64/jre/lib/amd64/libawt.so
7f99a3b93000-7f99a3b94000 r--p 0009f000 08:02 3542808                    /usr/lib/jvm/java-8-openjdk-amd64/jre/lib/amd64/libawt.so
7f99a3b94000-7f99a3b9f000 rw-p 000a0000 08:02 3542808                    /usr/lib/jvm/java-8-openjdk-amd64/jre/lib/amd64/libawt.so
7f99a3b9f000-7f99a3bc4000 rw-p 00000000 00:00 0 
7f99a3bc4000-7f99a3bc9000 r--s 002f9000 08:02 3412439                    /usr/lib/jvm/java-8-openjdk-amd64/jre/lib/charsets.jar
7f99a3bc9000-7f99a3bce000 r--s 0009d000 08:02 3412446                    /usr/lib/jvm/java-8-openjdk-amd64/jre/lib/jsse.jar
7f99a3bce000-7f99a3be1000 r--s 00346000 08:02 3412450                    /usr/lib/jvm/java-8-openjdk-amd64/jre/lib/resources.jar
7f99a3be1000-7f99a3bfc000 r--s 00394000 08:02 4067100                    /usr/lib/jvm/java-8-openjdk-amd64/jre/lib/ext/cldrdata.jar
7f99a3bfc000-7f99a3bfd000 ---p 00000000 00:00 0 
7f99a3bfd000-7f99a3cfd000 rw-p 00000000 00:00 0 
7f99a3cfd000-7f99a3d00000 ---p 00000000 00:00 0 
7f99a3d00000-7f99a3dfe000 rw-p 00000000 00:00 0 
7f99a3dfe000-7f99a3dff000 ---p 00000000 00:00 0 
7f99a3dff000-7f99a3e02000 ---p 00000000 00:00 0 
7f99a3e02000-7f99a3eff000 rw-p 00000000 00:00 0 
7f99a3eff000-7f99a3f00000 ---p 00000000 00:00 0 
7f99a3f00000-7f99a3f03000 ---p 00000000 00:00 0 
7f99a3f03000-7f99a4000000 rw-p 00000000 00:00 0 
7f99a4000000-7f99a4021000 rw-p 00000000 00:00 0 
7f99a4021000-7f99a8000000 ---p 00000000 00:00 0 
7f99a8000000-7f99a8021000 rw-p 00000000 00:00 0 
7f99a8021000-7f99ac000000 ---p 00000000 00:00 0 
7f99ac000000-7f99ac021000 rw-p 00000000 00:00 0 
7f99ac021000-7f99b0000000 ---p 00000000 00:00 0 
7f99b0000000-7f99b0021000 rw-p 00000000 00:00 0 
7f99b0021000-7f99b4000000 ---p 00000000 00:00 0 
7f99b4000000-7f99b4021000 rw-p 00000000 00:00 0 
7f99b4021000-7f99b8000000 ---p 00000000 00:00 0 
7f99b8000000-7f99b8021000 rw-p 00000000 00:00 0 
7f99b8021000-7f99bc000000 ---p 00000000 00:00 0 
7f99bc000000-7f99bc002000 r--s 00016000 08:02 3412444                    /usr/lib/jvm/java-8-openjdk-amd64/jre/lib/jce.jar
7f99bc002000-7f99bc00c000 r--s 00116000 08:02 4067104                    /usr/lib/jvm/java-8-openjdk-amd64/jre/lib/ext/localedata.jar
7f99bc00c000-7f99bc00d000 r--s 00010000 08:02 4067109                    /usr/lib/jvm/java-8-openjdk-amd64/jre/lib/ext/zipfs.jar
7f99bc00d000-7f99bc00f000 r--s 00007000 08:02 1443930                    /usr/share/java/java-atk-wrapper.jar
7f99bc00f000-7f99bc02a000 r--s 001d6000 08:02 4067105                    /usr/lib/jvm/java-8-openjdk-amd64/jre/lib/ext/nashorn.jar
7f99bc02a000-7f99bc02b000 ---p 00000000 00:00 0 
7f99bc02b000-7f99bc02e000 ---p 00000000 00:00 0 
7f99bc02e000-7f99bc12b000 rw-p 00000000 00:00 0 
7f99bc12b000-7f99bc12e000 ---p 00000000 00:00 0 
7f99bc12e000-7f99bc22c000 rw-p 00000000 00:00 0 
7f99bc22c000-7f99bcc4f000 r--p 00000000 08:02 1055430                    /usr/lib/locale/locale-archive
7f99bcc4f000-7f99bcc52000 ---p 00000000 00:00 0 
7f99bcc52000-7f99bcd50000 rw-p 00000000 00:00 0 
7f99bcd50000-7f99bcd53000 ---p 00000000 00:00 0 
7f99bcd53000-7f99bce51000 rw-p 00000000 00:00 0 
7f99bce51000-7f99bce52000 ---p 00000000 00:00 0 
7f99bce52000-7f99c0000000 rw-p 00000000 00:00 0 
7f99c0000000-7f99c0021000 rw-p 00000000 00:00 0 
7f99c0021000-7f99c4000000 ---p 00000000 00:00 0 
7f99c4000000-7f99c4526000 rw-p 00000000 00:00 0 
7f99c4526000-7f99c46f5000 r--s 03c2f000 08:02 3412451                    /usr/lib/jvm/java-8-openjdk-amd64/jre/lib/rt.jar
7f99c46f5000-7f99c48d7000 rw-p 00000000 00:00 0 
7f99c48d7000-7f99c48d8000 ---p 00000000 00:00 0 
7f99c48d8000-7f99c49d8000 rw-p 00000000 00:00 0 
7f99c49d8000-7f99c49d9000 ---p 00000000 00:00 0 
7f99c49d9000-7f99c4ad9000 rw-p 00000000 00:00 0 
7f99c4ad9000-7f99c4ada000 ---p 00000000 00:00 0 
7f99c4ada000-7f99c4bda000 rw-p 00000000 00:00 0 
7f99c4bda000-7f99c4bdb000 ---p 00000000 00:00 0 
7f99c4bdb000-7f99c4cf0000 rw-p 00000000 00:00 0 
7f99c4cf0000-7f99c4e1d000 ---p 00000000 00:00 0 
7f99c4e1d000-7f99c4e32000 rw-p 00000000 00:00 0 
7f99c4e32000-7f99c4f5e000 ---p 00000000 00:00 0 
7f99c4f5e000-7f99c4f69000 rw-p 00000000 00:00 0 
7f99c4f69000-7f99c4fff000 ---p 00000000 00:00 0 
7f99c4fff000-7f99c5000000 rw-p 00000000 00:00 0 
7f99c5000000-7f99c52e0000 rwxp 00000000 00:00 0 
7f99c52e0000-7f99d4000000 ---p 00000000 00:00 0 
7f99d4000000-7f99d43a6000 rw-p 00000000 00:00 0 
7f99d43a6000-7f99d8000000 ---p 00000000 00:00 0 
7f99d8000000-7f99d8002000 r--s 00001000 08:02 4067101                    /usr/lib/jvm/java-8-openjdk-amd64/jre/lib/ext/dnsns.jar
7f99d8002000-7f99d8004000 r--s 00008000 08:02 4067106                    /usr/lib/jvm/java-8-openjdk-amd64/jre/lib/ext/sunec.jar
7f99d8004000-7f99d8086000 rw-p 00000000 00:00 0 
7f99d8086000-7f99d843a000 ---p 00000000 00:00 0 
7f99d843a000-7f99d8442000 r-xp 00000000 08:02 3542991                    /usr/lib/jvm/java-8-openjdk-amd64/jre/lib/amd64/libzip.so
7f99d8442000-7f99d8641000 ---p 00008000 08:02 3542991                    /usr/lib/jvm/java-8-openjdk-amd64/jre/lib/amd64/libzip.so
7f99d8641000-7f99d8642000 r--p 00007000 08:02 3542991                    /usr/lib/jvm/java-8-openjdk-amd64/jre/lib/amd64/libzip.so
7f99d8642000-7f99d8643000 rw-p 00008000 08:02 3542991                    /usr/lib/jvm/java-8-openjdk-amd64/jre/lib/amd64/libzip.so
7f99d8643000-7f99d864e000 r-xp 00000000 08:02 529251                     /lib/x86_64-linux-gnu/libnss_files-2.27.so
7f99d864e000-7f99d884d000 ---p 0000b000 08:02 529251                     /lib/x86_64-linux-gnu/libnss_files-2.27.so
7f99d884d000-7f99d884e000 r--p 0000a000 08:02 529251                     /lib/x86_64-linux-gnu/libnss_files-2.27.so
7f99d884e000-7f99d884f000 rw-p 0000b000 08:02 529251                     /lib/x86_64-linux-gnu/libnss_files-2.27.so
7f99d884f000-7f99d8855000 rw-p 00000000 00:00 0 
7f99d8855000-7f99d886c000 r-xp 00000000 08:02 529245                     /lib/x86_64-linux-gnu/libnsl-2.27.so
7f99d886c000-7f99d8a6b000 ---p 00017000 08:02 529245                     /lib/x86_64-linux-gnu/libnsl-2.27.so
7f99d8a6b000-7f99d8a6c000 r--p 00016000 08:02 529245                     /lib/x86_64-linux-gnu/libnsl-2.27.so
7f99d8a6c000-7f99d8a6d000 rw-p 00017000 08:02 529245                     /lib/x86_64-linux-gnu/libnsl-2.27.so
7f99d8a6d000-7f99d8a6f000 rw-p 00000000 00:00 0 
7f99d8a6f000-7f99d8a7a000 r-xp 00000000 08:02 529262                     /lib/x86_64-linux-gnu/libnss_nis-2.27.so
7f99d8a7a000-7f99d8c79000 ---p 0000b000 08:02 529262                     /lib/x86_64-linux-gnu/libnss_nis-2.27.so
7f99d8c79000-7f99d8c7a000 r--p 0000a000 08:02 529262                     /lib/x86_64-linux-gnu/libnss_nis-2.27.so
7f99d8c7a000-7f99d8c7b000 rw-p 0000b000 08:02 529262                     /lib/x86_64-linux-gnu/libnss_nis-2.27.so
7f99d8c7b000-7f99d8c83000 r-xp 00000000 08:02 529247                     /lib/x86_64-linux-gnu/libnss_compat-2.27.so
7f99d8c83000-7f99d8e83000 ---p 00008000 08:02 529247                     /lib/x86_64-linux-gnu/libnss_compat-2.27.so
7f99d8e83000-7f99d8e84000 r--p 00008000 08:02 529247                     /lib/x86_64-linux-gnu/libnss_compat-2.27.so
7f99d8e84000-7f99d8e85000 rw-p 00009000 08:02 529247                     /lib/x86_64-linux-gnu/libnss_compat-2.27.so
7f99d8e85000-7f99d8eb3000 r-xp 00000000 08:02 3542972                    /usr/lib/jvm/java-8-openjdk-amd64/jre/lib/amd64/libjava.so
7f99d8eb3000-7f99d90b2000 ---p 0002e000 08:02 3542972                    /usr/lib/jvm/java-8-openjdk-amd64/jre/lib/amd64/libjava.so
7f99d90b2000-7f99d90b3000 r--p 0002d000 08:02 3542972                    /usr/lib/jvm/java-8-openjdk-amd64/jre/lib/amd64/libjava.so
7f99d90b3000-7f99d90b5000 rw-p 0002e000 08:02 3542972                    /usr/lib/jvm/java-8-openjdk-amd64/jre/lib/amd64/libjava.so
7f99d90b5000-7f99d90c5000 r-xp 00000000 08:02 3542990                    /usr/lib/jvm/java-8-openjdk-amd64/jre/lib/amd64/libverify.so
7f99d90c5000-7f99d92c4000 ---p 00010000 08:02 3542990                    /usr/lib/jvm/java-8-openjdk-amd64/jre/lib/amd64/libverify.so
7f99d92c4000-7f99d92c6000 r--p 0000f000 08:02 3542990                    /usr/lib/jvm/java-8-openjdk-amd64/jre/lib/amd64/libverify.so
7f99d92c6000-7f99d92c7000 rw-p 00011000 08:02 3542990                    /usr/lib/jvm/java-8-openjdk-amd64/jre/lib/amd64/libverify.so
7f99d92c7000-7f99d92ce000 r-xp 00000000 08:02 529302                     /lib/x86_64-linux-gnu/librt-2.27.so
7f99d92ce000-7f99d94cd000 ---p 00007000 08:02 529302                     /lib/x86_64-linux-gnu/librt-2.27.so
7f99d94cd000-7f99d94ce000 r--p 00006000 08:02 529302                     /lib/x86_64-linux-gnu/librt-2.27.so
7f99d94ce000-7f99d94cf000 rw-p 00007000 08:02 529302                     /lib/x86_64-linux-gnu/librt-2.27.so
7f99d94cf000-7f99d94e6000 r-xp 00000000 08:02 529198                     /lib/x86_64-linux-gnu/libgcc_s.so.1
7f99d94e6000-7f99d96e5000 ---p 00017000 08:02 529198                     /lib/x86_64-linux-gnu/libgcc_s.so.1
7f99d96e5000-7f99d96e6000 r--p 00016000 08:02 529198                     /lib/x86_64-linux-gnu/libgcc_s.so.1
7f99d96e6000-7f99d96e7000 rw-p 00017000 08:02 529198                     /lib/x86_64-linux-gnu/libgcc_s.so.1
7f99d96e7000-7f99d9884000 r-xp 00000000 08:02 529224                     /lib/x86_64-linux-gnu/libm-2.27.so
7f99d9884000-7f99d9a83000 ---p 0019d000 08:02 529224                     /lib/x86_64-linux-gnu/libm-2.27.so
7f99d9a83000-7f99d9a84000 r--p 0019c000 08:02 529224                     /lib/x86_64-linux-gnu/libm-2.27.so
7f99d9a84000-7f99d9a85000 rw-p 0019d000 08:02 529224                     /lib/x86_64-linux-gnu/libm-2.27.so
7f99d9a85000-7f99d9c03000 r-xp 00000000 08:02 1057592                    /usr/lib/x86_64-linux-gnu/libstdc++.so.6.0.25
7f99d9c03000-7f99d9e03000 ---p 0017e000 08:02 1057592                    /usr/lib/x86_64-linux-gnu/libstdc++.so.6.0.25
7f99d9e03000-7f99d9e0d000 r--p 0017e000 08:02 1057592                    /usr/lib/x86_64-linux-gnu/libstdc++.so.6.0.25
7f99d9e0d000-7f99d9e0f000 rw-p 00188000 08:02 1057592                    /usr/lib/x86_64-linux-gnu/libstdc++.so.6.0.25
7f99d9e0f000-7f99d9e13000 rw-p 00000000 00:00 0 
7f99d9e13000-7f99daaa4000 r-xp 00000000 08:02 4067092                    /usr/lib/jvm/java-8-openjdk-amd64/jre/lib/amd64/server/libjvm.so
7f99daaa4000-7f99daca4000 ---p 00c91000 08:02 4067092                    /usr/lib/jvm/java-8-openjdk-amd64/jre/lib/amd64/server/libjvm.so
7f99daca4000-7f99dad37000 r--p 00c91000 08:02 4067092                    /usr/lib/jvm/java-8-openjdk-amd64/jre/lib/amd64/server/libjvm.so
7f99dad37000-7f99dad5f000 rw-p 00d24000 08:02 4067092                    /usr/lib/jvm/java-8-openjdk-amd64/jre/lib/amd64/server/libjvm.so
7f99dad5f000-7f99dad90000 rw-p 00000000 00:00 0 
7f99dad90000-7f99dadaa000 r-xp 00000000 08:02 529294                     /lib/x86_64-linux-gnu/libpthread-2.27.so
7f99dadaa000-7f99dafa9000 ---p 0001a000 08:02 529294                     /lib/x86_64-linux-gnu/libpthread-2.27.so
7f99dafa9000-7f99dafaa000 r--p 00019000 08:02 529294                     /lib/x86_64-linux-gnu/libpthread-2.27.so
7f99dafaa000-7f99dafab000 rw-p 0001a000 08:02 529294                     /lib/x86_64-linux-gnu/libpthread-2.27.so
7f99dafab000-7f99dafaf000 rw-p 00000000 00:00 0 
7f99dafaf000-7f99dafb2000 r-xp 00000000 08:02 529184                     /lib/x86_64-linux-gnu/libdl-2.27.so
7f99dafb2000-7f99db1b1000 ---p 00003000 08:02 529184                     /lib/x86_64-linux-gnu/libdl-2.27.so
7f99db1b1000-7f99db1b2000 r--p 00002000 08:02 529184                     /lib/x86_64-linux-gnu/libdl-2.27.so
7f99db1b2000-7f99db1b3000 rw-p 00003000 08:02 529184                     /lib/x86_64-linux-gnu/libdl-2.27.so
7f99db1b3000-7f99db1cf000 r-xp 00000000 08:02 529333                     /lib/x86_64-linux-gnu/libz.so.1.2.11
7f99db1cf000-7f99db3ce000 ---p 0001c000 08:02 529333                     /lib/x86_64-linux-gnu/libz.so.1.2.11
7f99db3ce000-7f99db3cf000 r--p 0001b000 08:02 529333                     /lib/x86_64-linux-gnu/libz.so.1.2.11
7f99db3cf000-7f99db3d0000 rw-p 0001c000 08:02 529333                     /lib/x86_64-linux-gnu/libz.so.1.2.11
7f99db3d0000-7f99db5b7000 r-xp 00000000 08:02 529161                     /lib/x86_64-linux-gnu/libc-2.27.so
7f99db5b7000-7f99db7b7000 ---p 001e7000 08:02 529161                     /lib/x86_64-linux-gnu/libc-2.27.so
7f99db7b7000-7f99db7bb000 r--p 001e7000 08:02 529161                     /lib/x86_64-linux-gnu/libc-2.27.so
7f99db7bb000-7f99db7bd000 rw-p 001eb000 08:02 529161                     /lib/x86_64-linux-gnu/libc-2.27.so
7f99db7bd000-7f99db7c1000 rw-p 00000000 00:00 0 
7f99db7c1000-7f99db7cf000 r-xp 00000000 08:02 4067089                    /usr/lib/jvm/java-8-openjdk-amd64/jre/lib/amd64/jli/libjli.so
7f99db7cf000-7f99db9ce000 ---p 0000e000 08:02 4067089                    /usr/lib/jvm/java-8-openjdk-amd64/jre/lib/amd64/jli/libjli.so
7f99db9ce000-7f99db9cf000 r--p 0000d000 08:02 4067089                    /usr/lib/jvm/java-8-openjdk-amd64/jre/lib/amd64/jli/libjli.so
7f99db9cf000-7f99db9d0000 rw-p 0000e000 08:02 4067089                    /usr/lib/jvm/java-8-openjdk-amd64/jre/lib/amd64/jli/libjli.so
7f99db9d0000-7f99db9f7000 r-xp 00000000 08:02 529133                     /lib/x86_64-linux-gnu/ld-2.27.so
7f99db9f7000-7f99db9fd000 r--s 0003b000 08:02 4067107                    /usr/lib/jvm/java-8-openjdk-amd64/jre/lib/ext/sunjce_provider.jar
7f99db9fd000-7f99dba00000 r--s 0000f000 08:02 4067102                    /usr/lib/jvm/java-8-openjdk-amd64/jre/lib/ext/icedtea-sound.jar
7f99dba00000-7f99dba03000 r--s 00038000 08:02 4067108                    /usr/lib/jvm/java-8-openjdk-amd64/jre/lib/ext/sunpkcs11.jar
7f99dba03000-7f99dbad4000 rw-p 00000000 00:00 0 
7f99dbad4000-7f99dbad5000 ---p 00000000 00:00 0 
7f99dbad5000-7f99dbad8000 ---p 00000000 00:00 0 
7f99dbad8000-7f99dbbd7000 rw-p 00000000 00:00 0 
7f99dbbd7000-7f99dbbd8000 r--s 0000a000 08:02 4067103                    /usr/lib/jvm/java-8-openjdk-amd64/jre/lib/ext/jaccess.jar
7f99dbbd8000-7f99dbbeb000 rw-p 00000000 00:00 0 
7f99dbbeb000-7f99dbbf3000 rw-s 00000000 08:02 7347783                    /tmp/hsperfdata_munnacs/5419
7f99dbbf3000-7f99dbbf4000 rw-p 00000000 00:00 0 
7f99dbbf4000-7f99dbbf5000 r--p 00000000 00:00 0 
7f99dbbf5000-7f99dbbf7000 rw-p 00000000 00:00 0 
7f99dbbf7000-7f99dbbf8000 r--p 00027000 08:02 529133                     /lib/x86_64-linux-gnu/ld-2.27.so
7f99dbbf8000-7f99dbbf9000 rw-p 00028000 08:02 529133                     /lib/x86_64-linux-gnu/ld-2.27.so
7f99dbbf9000-7f99dbbfa000 rw-p 00000000 00:00 0 
7ffe885eb000-7ffe8860c000 rw-p 00000000 00:00 0                          [stack]
7ffe886e4000-7ffe886e7000 r--p 00000000 00:00 0                          [vvar]
7ffe886e7000-7ffe886e9000 r-xp 00000000 00:00 0                          [vdso]
ffffffffff600000-ffffffffff601000 r-xp 00000000 00:00 0                  [vsyscall]

VM Arguments:
jvm_args: -Dfile.encoding=UTF-8 
java_command: cloudsim.ClusterMethod
java_class_path (initial): /usr/lib/jvm/java-8-openjdk-amd64/jre/lib/resources.jar:/usr/lib/jvm/java-8-openjdk-amd64/jre/lib/rt.jar:/usr/lib/jvm/java-8-openjdk-amd64/jre/lib/jsse.jar:/usr/lib/jvm/java-8-openjdk-amd64/jre/lib/jce.jar:/usr/lib/jvm/java-8-openjdk-amd64/jre/lib/charsets.jar:/usr/lib/jvm/java-8-openjdk-amd64/jre/lib/ext/sunpkcs11.jar:/usr/lib/jvm/java-8-openjdk-amd64/jre/lib/ext/icedtea-sound.jar:/usr/lib/jvm/java-8-openjdk-amd64/jre/lib/ext/sunjce_provider.jar:/usr/lib/jvm/java-8-openjdk-amd64/jre/lib/ext/nashorn.jar:/usr/lib/jvm/java-8-openjdk-amd64/jre/lib/ext/sunec.jar:/usr/lib/jvm/java-8-openjdk-amd64/jre/lib/ext/jaccess.jar:/usr/lib/jvm/java-8-openjdk-amd64/jre/lib/ext/cldrdata.jar:/usr/lib/jvm/java-8-openjdk-amd64/jre/lib/ext/dnsns.jar:/usr/lib/jvm/java-8-openjdk-amd64/jre/lib/ext/java-atk-wrapper.jar:/usr/lib/jvm/java-8-openjdk-amd64/jre/lib/ext/zipfs.jar:/usr/lib/jvm/java-8-openjdk-amd64/jre/lib/ext/localedata.jar:/home/munnacs/Projects/FYP/CloudSim/CloudSim/bin:/home/munnacs/Projects/FYP/CloudSim/CloudSim/jars/cloudsim-3.0.3-sources.jar:/home/munnacs/Projects/FYP/CloudSim/CloudSim/jars/cloudsim-3.0.3.jar:/home/munnacs/Projects/FYP/CloudSim/CloudSim/jars/cloudsim-examples-3.0.3-sources.jar:/home/munnacs/Projects/FYP/CloudSim/CloudSim/jars/cloudsim-examples-3.0.3.jar:/home/munnacs/.p2/pool/plugins/org.eclipse.fx.ide.css.jfx8_2.3.0.201603030809.jar
Launcher Type: SUN_STANDARD

Environment Variables:
PATH=/usr/local/sbin:/usr/local/bin:/usr/sbin:/usr/bin:/sbin:/bin:/usr/games:/usr/local/games:/snap/bin
USERNAME=munnacs
SHELL=/bin/bash
DISPLAY=:0

Signal Handlers:
SIGSEGV: [libjvm.so+0xaabcd0], sa_mask[0]=11111111011111111101111111111110, sa_flags=SA_RESTART|SA_SIGINFO
SIGBUS: [libjvm.so+0xaabcd0], sa_mask[0]=11111111011111111101111111111110, sa_flags=SA_RESTART|SA_SIGINFO
SIGFPE: [libjvm.so+0x8e1d50], sa_mask[0]=11111111011111111101111111111110, sa_flags=SA_RESTART|SA_SIGINFO
SIGPIPE: [libjvm.so+0x8e1d50], sa_mask[0]=11111111011111111101111111111110, sa_flags=SA_RESTART|SA_SIGINFO
SIGXFSZ: [libjvm.so+0x8e1d50], sa_mask[0]=11111111011111111101111111111110, sa_flags=SA_RESTART|SA_SIGINFO
SIGILL: [libjvm.so+0x8e1d50], sa_mask[0]=11111111011111111101111111111110, sa_flags=SA_RESTART|SA_SIGINFO
SIGUSR1: SIG_DFL, sa_mask[0]=00000000000000000000000000000000, sa_flags=none
SIGUSR2: [libjvm.so+0x8e1c00], sa_mask[0]=00100000000000000000000000000000, sa_flags=SA_RESTART|SA_SIGINFO
SIGHUP: [libjvm.so+0x8e20b0], sa_mask[0]=11111111011111111101111111111110, sa_flags=SA_RESTART|SA_SIGINFO
SIGINT: [libjvm.so+0x8e20b0], sa_mask[0]=11111111011111111101111111111110, sa_flags=SA_RESTART|SA_SIGINFO
SIGTERM: [libjvm.so+0x8e20b0], sa_mask[0]=11111111011111111101111111111110, sa_flags=SA_RESTART|SA_SIGINFO
SIGQUIT: [libjvm.so+0x8e20b0], sa_mask[0]=11111111011111111101111111111110, sa_flags=SA_RESTART|SA_SIGINFO


---------------  S Y S T E M  ---------------

OS:DISTRIB_ID=Ubuntu
DISTRIB_RELEASE=18.04
DISTRIB_CODENAME=bionic
DISTRIB_DESCRIPTION="Ubuntu 18.04 LTS"

uname:Linux 4.15.0-24-generic #26-Ubuntu SMP Wed Jun 13 08:44:47 UTC 2018 x86_64
libc:glibc 2.27 NPTL 2.27 
rlimit: STACK 8192k, CORE 0k, NPROC 14416, NOFILE 1048576, AS infinity
load average:1.69 1.76 1.52

/proc/meminfo:
MemTotal:        3941864 kB
MemFree:         1749372 kB
MemAvailable:    2195108 kB
Buffers:           54732 kB
Cached:           593568 kB
SwapCached:        80428 kB
Active:          1450688 kB
Inactive:         531488 kB
Active(anon):    1142044 kB
Inactive(anon):   223632 kB
Active(file):     308644 kB
Inactive(file):   307856 kB
Unevictable:          32 kB
Mlocked:              32 kB
SwapTotal:       2097148 kB
SwapFree:        1382936 kB
Dirty:              3808 kB
Writeback:             0 kB
AnonPages:       1294188 kB
Mapped:           132232 kB
Shmem:             31596 kB
Slab:             114760 kB
SReclaimable:      63904 kB
SUnreclaim:        50856 kB
KernelStack:       12408 kB
PageTables:        20920 kB
NFS_Unstable:          0 kB
Bounce:                0 kB
WritebackTmp:          0 kB
CommitLimit:     4068080 kB
Committed_AS:    5605644 kB
VmallocTotal:   34359738367 kB
VmallocUsed:           0 kB
VmallocChunk:          0 kB
HardwareCorrupted:     0 kB
AnonHugePages:         0 kB
ShmemHugePages:        0 kB
ShmemPmdMapped:        0 kB
CmaTotal:              0 kB
CmaFree:               0 kB
HugePages_Total:       0
HugePages_Free:        0
HugePages_Rsvd:        0
HugePages_Surp:        0
Hugepagesize:       2048 kB
DirectMap4k:      287308 kB
DirectMap2M:     3809280 kB
DirectMap1G:           0 kB


CPU:total 4 (initial active 4) (2 cores per cpu, 2 threads per core) family 6 model 69 stepping 1, cmov, cx8, fxsr, mmx, sse, sse2, sse3, ssse3, sse4.1, sse4.2, popcnt, avx, avx2, aes, clmul, erms, lzcnt, ht, tsc, tscinvbit, bmi1, bmi2

/proc/cpuinfo:
processor	: 0
vendor_id	: GenuineIntel
cpu family	: 6
model		: 69
model name	: Intel(R) Core(TM) i3-4005U CPU @ 1.70GHz
stepping	: 1
microcode	: 0x23
cpu MHz		: 1696.143
cache size	: 3072 KB
physical id	: 0
siblings	: 4
core id		: 0
cpu cores	: 2
apicid		: 0
initial apicid	: 0
fpu		: yes
fpu_exception	: yes
cpuid level	: 13
wp		: yes
flags		: fpu vme de pse tsc msr pae mce cx8 apic sep mtrr pge mca cmov pat pse36 clflush dts acpi mmx fxsr sse sse2 ss ht tm pbe syscall nx pdpe1gb rdtscp lm constant_tsc arch_perfmon pebs bts rep_good nopl xtopology nonstop_tsc cpuid aperfmperf pni pclmulqdq dtes64 monitor ds_cpl vmx est tm2 ssse3 sdbg fma cx16 xtpr pdcm pcid sse4_1 sse4_2 movbe popcnt tsc_deadline_timer aes xsave avx f16c rdrand lahf_lm abm cpuid_fault epb invpcid_single pti ibrs ibpb stibp tpr_shadow vnmi flexpriority ept vpid fsgsbase tsc_adjust bmi1 avx2 smep bmi2 erms invpcid xsaveopt dtherm ida arat pln pts
bugs		: cpu_meltdown spectre_v1 spectre_v2 spec_store_bypass
bogomips	: 3392.28
clflush size	: 64
cache_alignment	: 64
address sizes	: 39 bits physical, 48 bits virtual
power management:

processor	: 1
vendor_id	: GenuineIntel
cpu family	: 6
model		: 69
model name	: Intel(R) Core(TM) i3-4005U CPU @ 1.70GHz
stepping	: 1
microcode	: 0x23
cpu MHz		: 1696.144
cache size	: 3072 KB
physical id	: 0
siblings	: 4
core id		: 1
cpu cores	: 10
apicid		: 2
initial apicid	: 2
fpu		: yes
fpu_exception	: yes
cpuid level	: 13
wp		: yes
flags		: fpu vme de pse tsc msr pae mce cx8 apic sep mtrr pge mca cmov pat pse36 clflush dts acpi mmx fxsr sse sse2 ss ht tm pbe syscall nx pdpe1gb rdtscp lm constant_tsc arch_perfmon pebs bts rep_good nopl xtopology nonstop_tsc cpuid aperfmperf pni pclmulqdq dtes64 monitor ds_cpl vmx est tm2 ssse3 sdbg fma cx16 xtpr pdcm pcid sse4_1 sse4_2 movbe popcnt tsc_deadline_timer aes xsave avx f16c rdrand lahf_lm abm cpuid_fault epb invpcid_single pti ibrs ibpb stibp tpr_shadow vnmi flexpriority ept vpid fsgsbase tsc_adjust bmi1 avx2 smep bmi2 erms invpcid xsaveopt dtherm ida arat pln pts
bugs		: cpu_meltdown spectre_v1 spectre_v2 spec_store_bypass
bogomips	: 3392.28
clflush size	: 64
cache_alignment	: 64
address sizes	: 39 bits physical, 48 bits virtual
power management:

processor	: 2
vendor_id	: GenuineIntel
cpu family	: 6
model		: 69
model name	: Intel(R) Core(TM) i3-4005U CPU @ 1.70GHz
stepping	: 1
microcode	: 0x23
cpu MHz		: 1696.144
cache size	: 3072 KB
physical id	: 0
siblings	: 4
core id		: 0
cpu cores	: 2
apicid		: 1
initial apicid	: 1
fpu		: yes
fpu_exception	: yes
cpuid level	: 13
wp		: yes
flags		: fpu vme de pse tsc msr pae mce cx8 apic sep mtrr pge mca cmov pat pse36 clflush dts acpi mmx fxsr sse sse2 ss ht tm pbe syscall nx pdpe1gb rdtscp lm constant_tsc arch_perfmon pebs bts rep_good nopl xtopology nonstop_tsc cpuid aperfmperf pni pclmulqdq dtes64 monitor ds_cpl vmx est tm2 ssse3 sdbg fma cx16 xtpr pdcm pcid sse4_1 sse4_2 movbe popcnt tsc_deadline_timer aes xsave avx f16c rdrand lahf_lm abm cpuid_fault epb invpcid_single pti ibrs ibpb stibp tpr_shadow vnmi flexpriority ept vpid fsgsbase tsc_adjust bmi1 avx2 smep bmi2 erms invpcid xsaveopt dtherm ida arat pln pts
bugs		: cpu_meltdown spectre_v1 spectre_v2 spec_store_bypass
bogomips	: 3392.28
clflush size	: 64
cache_alignment	: 64
address sizes	: 39 bits physical, 48 bits virtual
power management:

processor	: 3
vendor_id	: GenuineIntel
cpu family	: 6
model		: 69
model name	: Intel(R) Core(TM) i3-4005U CPU @ 1.70GHz
stepping	: 1
microcode	: 0x23
cpu MHz		: 1696.143
cache size	: 3072 KB
physical id	: 0
siblings	: 4
core id		: 1
cpu cores	: 2
apicid		: 3
initial apicid	: 3
fpu		: yes
fpu_exception	: yes
cpuid level	: 13
wp		: yes
flags		: fpu vme de pse tsc msr pae mce cx8 apic sep mtrr pge mca cmov pat pse36 clflush dts acpi mmx fxsr sse sse2 ss ht tm pbe syscall nx pdpe1gb rdtscp lm constant_tsc arch_perfmon pebs bts rep_good nopl xtopology nonstop_tsc cpuid aperfmperf pni pclmulqdq dtes64 monitor ds_cpl vmx est tm2 ssse3 sdbg fma cx16 xtpr pdcm pcid sse4_1 sse4_2 movbe popcnt tsc_deadline_timer aes xsave avx f16c rdrand lahf_lm abm cpuid_fault epb invpcid_single pti ibrs ibpb stibp tpr_shadow vnmi flexpriority ept vpid fsgsbase tsc_adjust bmi1 avx2 smep bmi2 erms invpcid xsaveopt dtherm ida arat pln pts
bugs		: cpu_meltdown spectre_v1 spectre_v2 spec_store_bypass
bogomips	: 3392.28
clflush size	: 64
cache_alignment	: 64
address sizes	: 39 bits physical, 48 bits virtual
power management:



Memory: 4k page, physical 3941864k(1749372k free), swap 2097148k(1382936k free)

vm_info: OpenJDK 64-Bit Server VM (25.171-b11) for linux-amd64 JRE (1.8.0_171-8u171-b11-0ubuntu0.18.04.1-b11), built on Apr 26 2018 15:59:34 by "buildd" with gcc 7.3.0

time: Sun Jul 22 18:21:35 2018
elapsed time: 25024 seconds (0d 6h 57m 4s)

