#
# A fatal error has been detected by the Java Runtime Environment:
#
#  SIGSEGV (0xb) at pc=0x00007f047d0699fa, pid=5450, tid=0x00007f047416c700
#
# JRE version: OpenJDK Runtime Environment (8.0_171-b11) (build 1.8.0_171-8u171-b11-0ubuntu0.18.04.1-b11)
# Java VM: OpenJDK 64-Bit Server VM (25.171-b11 mixed mode linux-amd64 compressed oops)
# Problematic frame:
# v  ~BufferBlob::jni_fast_GetLongField
#
# Failed to write core dump. Core dumps have been disabled. To enable core dumping, try "ulimit -c unlimited" before starting Java again
#
# If you would like to submit a bug report, please visit:
#   http://bugreport.java.com/bugreport/crash.jsp
# The crash happened outside the Java Virtual Machine in native code.
# See problematic frame for where to report the bug.
#

---------------  T H R E A D  ---------------

Current thread (0x00007f048c2b7800):  JavaThread "AWT-XAWT" daemon [_thread_in_native, id=5471, stack(0x00007f047406c000,0x00007f047416d000)]

siginfo: si_signo: 11 (SIGSEGV), si_code: 1 (SEGV_MAPERR), si_addr: 0x0000000000000000

Registers:
RAX=0x00007f049562ef40, RBX=0x00007f048c2b79e0, RCX=0x0000000000000000, RDX=0x0000000000000042
RSP=0x00007f047416b7c8, RBP=0x00007f047416b7f0, RSI=0x0000000000000000, RDI=0x00007f048c2b79e0
R8 =0x00000000ec353380, R9 =0x0000000000000000, R10=0x0000000000000028, R11=0x00007f047d2ba058
R12=0x00007f041c01cd60, R13=0x0000000000000000, R14=0x00007f04761d9b00, R15=0x00007f048c2b7800
RIP=0x00007f047d0699fa, EFLAGS=0x0000000000010246, CSGSFS=0x002b000000000033, ERR=0x0000000000000004
  TRAPNO=0x000000000000000e

Top of Stack: (sp=0x00007f047416b7c8)
0x00007f047416b7c8:   00007f0475fb7d04 00007f047cd1f2e8
0x00007f047416b7d8:   00007f041c01cd60 00007f047416b8a0
0x00007f047416b7e8:   00007f047416b870 0000000000000000
0x00007f047416b7f8:   00007f0475a7d300 00007f047cd1f2e8
0x00007f047416b808:   00007f047416b830 0000000000000000
0x00007f047416b818:   00007f0475a74e23 00007f047416b8a0
0x00007f047416b828:   00007f0475fafcaf 00007f047416b880
0x00007f047416b838:   00007f047d2ba0f6 0000000000000000
0x00007f047416b848:   00007f047d293d76 00007f047416b8a0
0x00007f047416b858:   00007f047d138d6c 00007f047416b900
0x00007f047416b868:   00000000ec508670 00000000ec4c5820
0x00007f047416b878:   0000000000000001 00007f047416b900
0x00007f047416b888:   00007f047d0077d0 00007f047416b900
0x00007f047416b898:   00007f047d0077d0 0000000000000000
0x00007f047416b8a8:   00007f047d007b10 00007f0438003130
0x00007f047416b8b8:   00000000ec538290 00007f047416b8c0
0x00007f047416b8c8:   00007f047ce118ec 00007f047416b948
0x00007f047416b8d8:   00007f047ce1a8e8 0000000000000000
0x00007f047416b8e8:   00007f047ce11a28 00007f047416b8a0
0x00007f047416b8f8:   00007f047416b940 00007f047416b990
0x00007f047416b908:   00007f047d007ffd 0000000000000000
0x00007f047416b918:   00000000ec824018 0000000000000000
0x00007f047416b928:   0000000000000000 0000000000000000
0x00007f047416b938:   00000000ec538290 0000000000000000
0x00007f047416b948:   00000000ec509210 00007f047416b950
0x00007f047416b958:   00007f047ce1172d 00007f047416b9a0
0x00007f047416b968:   00007f047ce1a8e8 0000000000000000
0x00007f047416b978:   00007f047ce11738 00007f047416b940
0x00007f047416b988:   00007f047416b9a0 00007f047416b9e8
0x00007f047416b998:   00007f047d008042 00000000ec509210
0x00007f047416b9a8:   00007f047416b9a8 00007f047c82e53b
0x00007f047416b9b8:   00007f047416b9f8 00007f047c8b5f88 

Instructions: (pc=0x00007f047d0699fa)
0x00007f047d0699da:   00 00 00 00 00 00 44 8b 15 6d 20 5f 18 4c 8b ce
0x00007f047d0699ea:   41 f6 c2 01 0f 85 2e 00 00 00 4d 33 ca 4d 33 ca
0x00007f047d0699fa:   4d 8b 09 4c 8b da 49 c1 eb 02 4b 8b 04 19 49 bb
0x00007f047d069a0a:   54 ba 65 95 04 7f 00 00 4c 33 d8 4c 33 d8 45 3b 

Register to memory mapping:

RAX=0x00007f049562ef40: <offset 0xf33f40> in /usr/lib/jvm/java-8-openjdk-amd64/jre/lib/amd64/server/libjvm.so at 0x00007f04946fb000
RBX=0x00007f048c2b79e0 is an unknown value
RCX=0x0000000000000000 is an unknown value
RDX=0x0000000000000042 is an unknown value
RSP=0x00007f047416b7c8 is pointing into the stack for thread: 0x00007f048c2b7800
RBP=0x00007f047416b7f0 is pointing into the stack for thread: 0x00007f048c2b7800
RSI=0x0000000000000000 is an unknown value
RDI=0x00007f048c2b79e0 is an unknown value
R8 =0x00000000ec353380 is an oop
sun.util.logging.PlatformLogger$Level 
 - klass: 'sun/util/logging/PlatformLogger$Level'
R9 =0x0000000000000000 is an unknown value
R10=0x0000000000000028 is an unknown value
R11=0x00007f047d2ba058 is at entry_point+24 in (nmethod*)0x00007f047d2b9ed0
R12=0x00007f041c01cd60 is an unknown value
R13=0x0000000000000000 is an unknown value
R14=0x00007f04761d9b00: <offset 0x257b00> in /usr/lib/jvm/java-8-openjdk-amd64/jre/lib/amd64/libawt_xawt.so at 0x00007f0475f82000
R15=0x00007f048c2b7800 is a thread


Stack: [0x00007f047406c000,0x00007f047416d000],  sp=0x00007f047416b7c8,  free space=1021k
Native frames: (J=compiled Java code, j=interpreted, Vv=VM code, C=native code)
v  ~BufferBlob::jni_fast_GetLongField
C  [libX11.so.6+0x64300]  _XimServerDestroy+0x70

Java frames: (J=compiled Java code, j=interpreted, Vv=VM code)
J 769  sun.awt.X11.XlibWrapper.XFilterEvent(JJ)Z (0 bytes) @ 0x00007f047d2ba084 [0x00007f047d2ba040+0x44]
j  sun.awt.X11.XToolkit.run(Z)V+300
j  sun.awt.X11.XToolkit.run()V+5
j  java.lang.Thread.run()V+11
v  ~StubRoutines::call_stub

---------------  P R O C E S S  ---------------

Java Threads: ( => current thread )
  0x00007f0420001000 JavaThread "XToolkt-Shutdown-Thread" [_thread_in_vm, id=2771, stack(0x00007f0434ec8000,0x00007f0434fc9000)]
  0x00007f045c003000 JavaThread "SIGTERM handler" daemon [_thread_blocked, id=2731, stack(0x00007f0434fc9000,0x00007f04350ca000)]
  0x00007f045c002000 JavaThread "SIGHUP handler" daemon [_thread_blocked, id=2728, stack(0x00007f04350ca000,0x00007f04351cb000)]
  0x00007f045c001000 JavaThread "SIGHUP handler" daemon [_thread_blocked, id=2719, stack(0x00007f043c009000,0x00007f043c10a000)]
  0x00007f048c00b800 JavaThread "DestroyJavaVM" [_thread_blocked, id=5452, stack(0x00007f04963bd000,0x00007f04964bd000)]
  0x00007f042c003800 JavaThread "Thread-0" daemon [_thread_in_native, id=5474, stack(0x00007f0435df3000,0x00007f04365f3000)]
  0x00007f048c379800 JavaThread "AWT-EventQueue-1" [_thread_blocked, id=5477, stack(0x00007f04353cb000,0x00007f04354cc000)]
  0x00007f048c378000 JavaThread "AWT-Shutdown" [_thread_blocked, id=5476, stack(0x00007f04354cc000,0x00007f04355cd000)]
=>0x00007f048c2b7800 JavaThread "AWT-XAWT" daemon [_thread_in_native, id=5471, stack(0x00007f047406c000,0x00007f047416d000)]
  0x00007f048c296000 JavaThread "Java2D Disposer" daemon [_thread_blocked, id=5470, stack(0x00007f0474377000,0x00007f0474478000)]
  0x00007f048c0db000 JavaThread "Service Thread" daemon [_thread_blocked, id=5468, stack(0x00007f04765cd000,0x00007f04766ce000)]
  0x00007f048c0be000 JavaThread "C1 CompilerThread2" daemon [_thread_blocked, id=5467, stack(0x00007f04766cf000,0x00007f04767cf000)]
  0x00007f048c0bc000 JavaThread "C2 CompilerThread1" daemon [_thread_blocked, id=5466, stack(0x00007f04767d0000,0x00007f04768d0000)]
  0x00007f048c0b9800 JavaThread "C2 CompilerThread0" daemon [_thread_blocked, id=5465, stack(0x00007f04768d1000,0x00007f04769d1000)]
  0x00007f048c0b8000 JavaThread "Signal Dispatcher" daemon [_thread_blocked, id=5464, stack(0x00007f04769d1000,0x00007f0476ad2000)]
  0x00007f048c085800 JavaThread "Finalizer" daemon [_thread_blocked, id=5463, stack(0x00007f04774f5000,0x00007f04775f6000)]
  0x00007f048c081000 JavaThread "Reference Handler" daemon [_thread_blocked, id=5462, stack(0x00007f04775f6000,0x00007f04776f7000)]

Other Threads:
  0x00007f048c079800 VMThread [stack: 0x00007f04776f8000,0x00007f04777f8000] [id=5461]
  0x00007f048c0dd800 WatcherThread [stack: 0x00007f04764cd000,0x00007f04765cd000] [id=5469]

VM state:not at safepoint (normal execution)

VM Mutex/Monitor currently owned by a thread: None

Heap:
 PSYoungGen      total 18432K, used 10818K [0x00000000ebf00000, 0x00000000ed380000, 0x0000000100000000)
  eden space 15872K, 68% used [0x00000000ebf00000,0x00000000ec990828,0x00000000ece80000)
  from space 2560K, 0% used [0x00000000ed100000,0x00000000ed100000,0x00000000ed380000)
  to   space 2560K, 0% used [0x00000000ece80000,0x00000000ece80000,0x00000000ed100000)
 ParOldGen       total 42496K, used 0K [0x00000000c3c00000, 0x00000000c6580000, 0x00000000ebf00000)
  object space 42496K, 0% used [0x00000000c3c00000,0x00000000c3c00000,0x00000000c6580000)
 Metaspace       used 12537K, capacity 12824K, committed 13056K, reserved 1060864K
  class space    used 1420K, capacity 1505K, committed 1536K, reserved 1048576K

Card table byte_map: [0x00007f049277f000,0x00007f0492962000] byte_map_base: 0x00007f0492161000

Marking Bits: (ParMarkBitMap*) 0x00007f049565b140
 Begin Bits: [0x00007f0490419000, 0x00007f0491329000)
 End Bits:   [0x00007f0491329000, 0x00007f0492239000)

Polling page: 0x00007f04964dc000

CodeCache: size=245760Kb used=2939Kb max_used=2939Kb free=242820Kb
 bounds [0x00007f047d000000, 0x00007f047d2f0000, 0x00007f048c000000]
 total_blobs=1375 nmethods=794 adapters=496
 compilation: enabled

Compilation events (10 events):
Event: 20430.458 Thread 0x00007f048c0be000  789       1       sun.awt.X11.XEvent::getPData (5 bytes)
Event: 20430.460 Thread 0x00007f048c0be000 nmethod 789 0x00007f047d2d8690 code [0x00007f047d2d87e0, 0x00007f047d2d88f0]
Event: 21335.303 Thread 0x00007f048c0be000  791       3       sun.awt.XSettings$Update::updateOne (322 bytes)
Event: 21335.361 Thread 0x00007f048c0be000 nmethod 791 0x00007f047d2dcc50 code [0x00007f047d2dd040, 0x00007f047d2dec28]
Event: 21335.361 Thread 0x00007f048c0be000  792       3       sun.awt.XSettings$Update::getCARD16 (97 bytes)
Event: 21335.362 Thread 0x00007f048c0be000 nmethod 792 0x00007f047d2dc690 code [0x00007f047d2dc820, 0x00007f047d2dcac8]
Event: 21335.363 Thread 0x00007f048c0be000  793       3       java.util.concurrent.locks.LockSupport::setBlocker (12 bytes)
Event: 21335.364 Thread 0x00007f048c0be000 nmethod 793 0x00007f047d2d8350 code [0x00007f047d2d84a0, 0x00007f047d2d85f0]
Event: 21340.101 Thread 0x00007f048c0be000  794       1       java.awt.EventQueue::access$400 (5 bytes)
Event: 21340.111 Thread 0x00007f048c0be000 nmethod 794 0x00007f047d2dc3d0 code [0x00007f047d2dc520, 0x00007f047d2dc610]

GC Heap History (0 events):
No events

Deoptimization events (6 events):
Event: 0.511 Thread 0x00007f048c00b800 Uncommon trap: reason=unstable_if action=reinterpret pc=0x00007f047d1a5f68 method=java.lang.String.<init>([CII)V @ 18
Event: 0.990 Thread 0x00007f048c00b800 Uncommon trap: reason=unstable_if action=reinterpret pc=0x00007f047d18d5a8 method=java.lang.AbstractStringBuilder.append(Ljava/lang/String;)Ljava/lang/AbstractStringBuilder; @ 1
Event: 0.997 Thread 0x00007f048c00b800 Uncommon trap: reason=unstable_if action=reinterpret pc=0x00007f047d17d930 method=java.lang.AbstractStringBuilder.append(Ljava/lang/String;)Ljava/lang/AbstractStringBuilder; @ 1
Event: 2.888 Thread 0x00007f048c379800 Uncommon trap: reason=class_check action=maybe_recompile pc=0x00007f047d1f54dc method=java.lang.String.equals(Ljava/lang/Object;)Z @ 8
Event: 2.888 Thread 0x00007f048c379800 Uncommon trap: reason=class_check action=maybe_recompile pc=0x00007f047d1f54dc method=java.lang.String.equals(Ljava/lang/Object;)Z @ 8
Event: 2.888 Thread 0x00007f048c379800 Uncommon trap: reason=class_check action=maybe_recompile pc=0x00007f047d1f54dc method=java.lang.String.equals(Ljava/lang/Object;)Z @ 8

Classes redefined (0 events):
No events

Internal exceptions (10 events):
Event: 0.198 Thread 0x00007f048c00b800 Exception <a 'java/security/PrivilegedActionException'> (0x00000000ec06fa98) thrown at [/build/openjdk-8-TuolsG/openjdk-8-8u171-b11/src/hotspot/src/share/vm/prims/jvm.cpp, line 1435]
Event: 0.198 Thread 0x00007f048c00b800 Exception <a 'java/security/PrivilegedActionException'> (0x00000000ec070758) thrown at [/build/openjdk-8-TuolsG/openjdk-8-8u171-b11/src/hotspot/src/share/vm/prims/jvm.cpp, line 1435]
Event: 0.198 Thread 0x00007f048c00b800 Exception <a 'java/security/PrivilegedActionException'> (0x00000000ec070b50) thrown at [/build/openjdk-8-TuolsG/openjdk-8-8u171-b11/src/hotspot/src/share/vm/prims/jvm.cpp, line 1435]
Event: 0.624 Thread 0x00007f048c00b800 Exception <a 'java/lang/NoSuchFieldError': method resolution failed> (0x00000000ec424808) thrown at [/build/openjdk-8-TuolsG/openjdk-8-8u171-b11/src/hotspot/src/share/vm/prims/methodHandles.cpp, line 1167]
Event: 0.628 Thread 0x00007f048c00b800 Exception <a 'java/lang/NoSuchFieldError': method resolution failed> (0x00000000ec431f48) thrown at [/build/openjdk-8-TuolsG/openjdk-8-8u171-b11/src/hotspot/src/share/vm/prims/methodHandles.cpp, line 1167]
Event: 0.674 Thread 0x00007f048c00b800 Exception <a 'java/io/FileNotFoundException'> (0x00000000ec4b0238) thrown at [/build/openjdk-8-TuolsG/openjdk-8-8u171-b11/src/hotspot/src/share/vm/prims/jni.cpp, line 709]
Event: 0.703 Thread 0x00007f048c00b800 Exception <a 'java/lang/ClassNotFoundException': sun/dc/DuctusRenderingEngine> (0x00000000ec4cb3e8) thrown at [/build/openjdk-8-TuolsG/openjdk-8-8u171-b11/src/hotspot/src/share/vm/classfile/systemDictionary.cpp, line 210]
Event: 0.990 Thread 0x00007f048c00b800 Implicit null exception at 0x00007f047d18d1b5 to 0x00007f047d18d595
Event: 0.997 Thread 0x00007f048c00b800 Implicit null exception at 0x00007f047d17d575 to 0x00007f047d17d91d
Event: 1.365 Thread 0x00007f048c379800 Exception <a 'java/lang/UnsupportedOperationException': > (0x00000000ec7de740) thrown at [/build/openjdk-8-TuolsG/openjdk-8-8u171-b11/src/hotspot/src/share/vm/prims/jni.cpp, line 735]

Events (10 events):
Event: 11941.297 loading class sun/awt/X11/XkbEvent done
Event: 11941.297 loading class sun/awt/X11/XkbAnyEvent
Event: 11941.297 loading class sun/awt/X11/XkbAnyEvent done
Event: 25009.786 loading class sun/misc/Signal$1
Event: 25009.821 loading class sun/awt/X11/XDestroyWindowEvent
Event: 25009.896 loading class sun/misc/Signal$1 done
Event: 25009.920 loading class sun/awt/X11/XDestroyWindowEvent done
Event: 25009.922 Thread 0x00007f045c001000 Thread added: 0x00007f045c001000
Event: 25009.926 Thread 0x00007f045c002000 Thread added: 0x00007f045c002000
Event: 25009.928 Thread 0x00007f045c003000 Thread added: 0x00007f045c003000


Dynamic libraries:
c3c00000-c6580000 rw-p 00000000 00:00 0 
c6580000-ebf00000 ---p 00000000 00:00 0 
ebf00000-ed380000 rw-p 00000000 00:00 0 
ed380000-100000000 ---p 00000000 00:00 0 
100000000-100180000 rw-p 00000000 00:00 0 
100180000-140000000 ---p 00000000 00:00 0 
5605b003e000-5605b003f000 r-xp 00000000 08:02 3281363                    /usr/lib/jvm/java-8-openjdk-amd64/jre/bin/java
5605b023e000-5605b023f000 r--p 00000000 08:02 3281363                    /usr/lib/jvm/java-8-openjdk-amd64/jre/bin/java
5605b023f000-5605b0240000 rw-p 00001000 08:02 3281363                    /usr/lib/jvm/java-8-openjdk-amd64/jre/bin/java
5605b1965000-5605b1986000 rw-p 00000000 00:00 0                          [heap]
7f0414000000-7f0414021000 rw-p 00000000 00:00 0 
7f0414021000-7f0418000000 ---p 00000000 00:00 0 
7f041c000000-7f041c02a000 rw-p 00000000 00:00 0 
7f041c02a000-7f0420000000 ---p 00000000 00:00 0 
7f0420000000-7f0420021000 rw-p 00000000 00:00 0 
7f0420021000-7f0424000000 ---p 00000000 00:00 0 
7f0424000000-7f0424021000 rw-p 00000000 00:00 0 
7f0424021000-7f0428000000 ---p 00000000 00:00 0 
7f0428000000-7f0428021000 rw-p 00000000 00:00 0 
7f0428021000-7f042c000000 ---p 00000000 00:00 0 
7f042c000000-7f042c021000 rw-p 00000000 00:00 0 
7f042c021000-7f0430000000 ---p 00000000 00:00 0 
7f0430000000-7f0430021000 rw-p 00000000 00:00 0 
7f0430021000-7f0434000000 ---p 00000000 00:00 0 
7f0434ec8000-7f0434ecb000 ---p 00000000 00:00 0 
7f0434ecb000-7f0434fc9000 rw-p 00000000 00:00 0 
7f0434fc9000-7f0434fcc000 ---p 00000000 00:00 0 
7f0434fcc000-7f04350ca000 rw-p 00000000 00:00 0 
7f04350ca000-7f04350cd000 ---p 00000000 00:00 0 
7f04350cd000-7f043530b000 rw-p 00000000 00:00 0 
7f043530b000-7f04353cb000 ---p 00000000 00:00 0 
7f04353cb000-7f04353ce000 ---p 00000000 00:00 0 
7f04353ce000-7f04354cc000 rw-p 00000000 00:00 0 
7f04354cc000-7f04354cf000 ---p 00000000 00:00 0 
7f04354cf000-7f04355cd000 rw-p 00000000 00:00 0 
7f04355cd000-7f04355e4000 r-xp 00000000 08:02 529300                     /lib/x86_64-linux-gnu/libresolv-2.27.so
7f04355e4000-7f04357e4000 ---p 00017000 08:02 529300                     /lib/x86_64-linux-gnu/libresolv-2.27.so
7f04357e4000-7f04357e5000 r--p 00017000 08:02 529300                     /lib/x86_64-linux-gnu/libresolv-2.27.so
7f04357e5000-7f04357e6000 rw-p 00018000 08:02 529300                     /lib/x86_64-linux-gnu/libresolv-2.27.so
7f04357e6000-7f04357e8000 rw-p 00000000 00:00 0 
7f04357e8000-7f04357ed000 r-xp 00000000 08:02 529249                     /lib/x86_64-linux-gnu/libnss_dns-2.27.so
7f04357ed000-7f04359ed000 ---p 00005000 08:02 529249                     /lib/x86_64-linux-gnu/libnss_dns-2.27.so
7f04359ed000-7f04359ee000 r--p 00005000 08:02 529249                     /lib/x86_64-linux-gnu/libnss_dns-2.27.so
7f04359ee000-7f04359ef000 rw-p 00006000 08:02 529249                     /lib/x86_64-linux-gnu/libnss_dns-2.27.so
7f04359ef000-7f04359f1000 r-xp 00000000 08:02 529257                     /lib/x86_64-linux-gnu/libnss_mdns4_minimal.so.2
7f04359f1000-7f0435bf0000 ---p 00002000 08:02 529257                     /lib/x86_64-linux-gnu/libnss_mdns4_minimal.so.2
7f0435bf0000-7f0435bf1000 r--p 00001000 08:02 529257                     /lib/x86_64-linux-gnu/libnss_mdns4_minimal.so.2
7f0435bf1000-7f0435bf2000 rw-p 00002000 08:02 529257                     /lib/x86_64-linux-gnu/libnss_mdns4_minimal.so.2
7f0435bf2000-7f0435df2000 rw-p 00000000 00:00 0 
7f0435df2000-7f0435df3000 ---p 00000000 00:00 0 
7f0435df3000-7f0435df6000 ---p 00000000 00:00 0 
7f0435df6000-7f04365f3000 rw-p 00000000 00:00 0 
7f04365f3000-7f04365fc000 r-xp 00000000 08:02 3542981                    /usr/lib/jvm/java-8-openjdk-amd64/jre/lib/amd64/libmanagement.so
7f04365fc000-7f04367fb000 ---p 00009000 08:02 3542981                    /usr/lib/jvm/java-8-openjdk-amd64/jre/lib/amd64/libmanagement.so
7f04367fb000-7f04367fc000 r--p 00008000 08:02 3542981                    /usr/lib/jvm/java-8-openjdk-amd64/jre/lib/amd64/libmanagement.so
7f04367fc000-7f04367fd000 rw-p 00009000 08:02 3542981                    /usr/lib/jvm/java-8-openjdk-amd64/jre/lib/amd64/libmanagement.so
7f04367fd000-7f0436811000 r-xp 00000000 08:02 529202                     /lib/x86_64-linux-gnu/libgpg-error.so.0.22.0
7f0436811000-7f0436a10000 ---p 00014000 08:02 529202                     /lib/x86_64-linux-gnu/libgpg-error.so.0.22.0
7f0436a10000-7f0436a11000 r--p 00013000 08:02 529202                     /lib/x86_64-linux-gnu/libgpg-error.so.0.22.0
7f0436a11000-7f0436a12000 rw-p 00014000 08:02 529202                     /lib/x86_64-linux-gnu/libgpg-error.so.0.22.0
7f0436a12000-7f0436b26000 r-xp 00000000 08:02 524369                     /lib/x86_64-linux-gnu/libgcrypt.so.20.2.1
7f0436b26000-7f0436d25000 ---p 00114000 08:02 524369                     /lib/x86_64-linux-gnu/libgcrypt.so.20.2.1
7f0436d25000-7f0436d27000 r--p 00113000 08:02 524369                     /lib/x86_64-linux-gnu/libgcrypt.so.20.2.1
7f0436d27000-7f0436d2c000 rw-p 00115000 08:02 524369                     /lib/x86_64-linux-gnu/libgcrypt.so.20.2.1
7f0436d2c000-7f0436d2d000 rw-p 00000000 00:00 0 
7f0436d2d000-7f0436d48000 r-xp 00000000 08:02 1057279                    /usr/lib/x86_64-linux-gnu/liblz4.so.1.7.1
7f0436d48000-7f0436f47000 ---p 0001b000 08:02 1057279                    /usr/lib/x86_64-linux-gnu/liblz4.so.1.7.1
7f0436f47000-7f0436f48000 r--p 0001a000 08:02 1057279                    /usr/lib/x86_64-linux-gnu/liblz4.so.1.7.1
7f0436f48000-7f0436f49000 rw-p 0001b000 08:02 1057279                    /usr/lib/x86_64-linux-gnu/liblz4.so.1.7.1
7f0436f49000-7f0436f6d000 r-xp 00000000 08:02 529221                     /lib/x86_64-linux-gnu/liblzma.so.5.2.2
7f0436f6d000-7f043716d000 ---p 00024000 08:02 529221                     /lib/x86_64-linux-gnu/liblzma.so.5.2.2
7f043716d000-7f043716e000 r--p 00024000 08:02 529221                     /lib/x86_64-linux-gnu/liblzma.so.5.2.2
7f043716e000-7f043716f000 rw-p 00025000 08:02 529221                     /lib/x86_64-linux-gnu/liblzma.so.5.2.2
7f043716f000-7f04371ef000 r-xp 00000000 08:02 529315                     /lib/x86_64-linux-gnu/libsystemd.so.0.21.0
7f04371ef000-7f04373ee000 ---p 00080000 08:02 529315                     /lib/x86_64-linux-gnu/libsystemd.so.0.21.0
7f04373ee000-7f04373f1000 r--p 0007f000 08:02 529315                     /lib/x86_64-linux-gnu/libsystemd.so.0.21.0
7f04373f1000-7f04373f2000 rw-p 00082000 08:02 529315                     /lib/x86_64-linux-gnu/libsystemd.so.0.21.0
7f04373f2000-7f04373f3000 rw-p 00000000 00:00 0 
7f04373f3000-7f0437463000 r-xp 00000000 08:02 529283                     /lib/x86_64-linux-gnu/libpcre.so.3.13.3
7f0437463000-7f0437663000 ---p 00070000 08:02 529283                     /lib/x86_64-linux-gnu/libpcre.so.3.13.3
7f0437663000-7f0437664000 r--p 00070000 08:02 529283                     /lib/x86_64-linux-gnu/libpcre.so.3.13.3
7f0437664000-7f0437665000 rw-p 00071000 08:02 529283                     /lib/x86_64-linux-gnu/libpcre.so.3.13.3
7f0437665000-7f043766c000 r-xp 00000000 08:02 1056913                    /usr/lib/x86_64-linux-gnu/libffi.so.6.0.4
7f043766c000-7f043786b000 ---p 00007000 08:02 1056913                    /usr/lib/x86_64-linux-gnu/libffi.so.6.0.4
7f043786b000-7f043786c000 r--p 00006000 08:02 1056913                    /usr/lib/x86_64-linux-gnu/libffi.so.6.0.4
7f043786c000-7f043786d000 rw-p 00007000 08:02 1056913                    /usr/lib/x86_64-linux-gnu/libffi.so.6.0.4
7f043786d000-7f0437899000 r-xp 00000000 08:02 1056661                    /usr/lib/x86_64-linux-gnu/libatspi.so.0.0.1
7f0437899000-7f0437a99000 ---p 0002c000 08:02 1056661                    /usr/lib/x86_64-linux-gnu/libatspi.so.0.0.1
7f0437a99000-7f0437a9c000 r--p 0002c000 08:02 1056661                    /usr/lib/x86_64-linux-gnu/libatspi.so.0.0.1
7f0437a9c000-7f0437a9d000 rw-p 0002f000 08:02 1056661                    /usr/lib/x86_64-linux-gnu/libatspi.so.0.0.1
7f0437a9d000-7f0437ae8000 r-xp 00000000 08:02 529176                     /lib/x86_64-linux-gnu/libdbus-1.so.3.19.4
7f0437ae8000-7f0437ce8000 ---p 0004b000 08:02 529176                     /lib/x86_64-linux-gnu/libdbus-1.so.3.19.4
7f0437ce8000-7f0437ce9000 r--p 0004b000 08:02 529176                     /lib/x86_64-linux-gnu/libdbus-1.so.3.19.4
7f0437ce9000-7f0437cea000 rw-p 0004c000 08:02 529176                     /lib/x86_64-linux-gnu/libdbus-1.so.3.19.4
7f0437cea000-7f0437dfd000 r-xp 00000000 08:02 1057007                    /usr/lib/x86_64-linux-gnu/libglib-2.0.so.0.5600.1
7f0437dfd000-7f0437ffd000 ---p 00113000 08:02 1057007                    /usr/lib/x86_64-linux-gnu/libglib-2.0.so.0.5600.1
7f0437ffd000-7f0437ffe000 r--p 00113000 08:02 1057007                    /usr/lib/x86_64-linux-gnu/libglib-2.0.so.0.5600.1
7f0437ffe000-7f0437fff000 rw-p 00114000 08:02 1057007                    /usr/lib/x86_64-linux-gnu/libglib-2.0.so.0.5600.1
7f0437fff000-7f0438000000 rw-p 00000000 00:00 0 
7f0438000000-7f0438021000 rw-p 00000000 00:00 0 
7f0438021000-7f043c000000 ---p 00000000 00:00 0 
7f043c009000-7f043c00c000 ---p 00000000 00:00 0 
7f043c00c000-7f043c10a000 rw-p 00000000 00:00 0 
7f043c10a000-7f043c15c000 r-xp 00000000 08:02 1057035                    /usr/lib/x86_64-linux-gnu/libgobject-2.0.so.0.5600.1
7f043c15c000-7f043c35c000 ---p 00052000 08:02 1057035                    /usr/lib/x86_64-linux-gnu/libgobject-2.0.so.0.5600.1
7f043c35c000-7f043c35d000 r--p 00052000 08:02 1057035                    /usr/lib/x86_64-linux-gnu/libgobject-2.0.so.0.5600.1
7f043c35d000-7f043c35e000 rw-p 00053000 08:02 1057035                    /usr/lib/x86_64-linux-gnu/libgobject-2.0.so.0.5600.1
7f043c35e000-7f043c38c000 r-xp 00000000 08:02 1056659                    /usr/lib/x86_64-linux-gnu/libatk-bridge-2.0.so.0.0.0
7f043c38c000-7f043c58c000 ---p 0002e000 08:02 1056659                    /usr/lib/x86_64-linux-gnu/libatk-bridge-2.0.so.0.0.0
7f043c58c000-7f043c58d000 r--p 0002e000 08:02 1056659                    /usr/lib/x86_64-linux-gnu/libatk-bridge-2.0.so.0.0.0
7f043c58d000-7f043c58e000 rw-p 0002f000 08:02 1056659                    /usr/lib/x86_64-linux-gnu/libatk-bridge-2.0.so.0.0.0
7f043c58e000-7f043c58f000 rw-p 00000000 00:00 0 
7f043c58f000-7f043c5b1000 r-xp 00000000 08:02 1056657                    /usr/lib/x86_64-linux-gnu/libatk-1.0.so.0.22810.1
7f043c5b1000-7f043c7b1000 ---p 00022000 08:02 1056657                    /usr/lib/x86_64-linux-gnu/libatk-1.0.so.0.22810.1
7f043c7b1000-7f043c7b4000 r--p 00022000 08:02 1056657                    /usr/lib/x86_64-linux-gnu/libatk-1.0.so.0.22810.1
7f043c7b4000-7f043c7b5000 rw-p 00025000 08:02 1056657                    /usr/lib/x86_64-linux-gnu/libatk-1.0.so.0.22810.1
7f043c7b5000-7f043c7cc000 r-xp 00000000 08:02 4196128                    /usr/lib/x86_64-linux-gnu/jni/libatk-wrapper.so.6.0.0
7f043c7cc000-7f043c9cc000 ---p 00017000 08:02 4196128                    /usr/lib/x86_64-linux-gnu/jni/libatk-wrapper.so.6.0.0
7f043c9cc000-7f043c9cd000 r--p 00017000 08:02 4196128                    /usr/lib/x86_64-linux-gnu/jni/libatk-wrapper.so.6.0.0
7f043c9cd000-7f043c9ce000 rw-p 00018000 08:02 4196128                    /usr/lib/x86_64-linux-gnu/jni/libatk-wrapper.so.6.0.0
7f043c9ce000-7f043f9cf000 rw-p 00000000 00:00 0 
7f043f9cf000-7f043f9e5000 r-xp 00000000 08:02 3542983                    /usr/lib/jvm/java-8-openjdk-amd64/jre/lib/amd64/libnet.so
7f043f9e5000-7f043fbe5000 ---p 00016000 08:02 3542983                    /usr/lib/jvm/java-8-openjdk-amd64/jre/lib/amd64/libnet.so
7f043fbe5000-7f043fbe6000 r--p 00016000 08:02 3542983                    /usr/lib/jvm/java-8-openjdk-amd64/jre/lib/amd64/libnet.so
7f043fbe6000-7f043fbe7000 rw-p 00017000 08:02 3542983                    /usr/lib/jvm/java-8-openjdk-amd64/jre/lib/amd64/libnet.so
7f043fbe7000-7f043fbf8000 r-xp 00000000 08:02 3542984                    /usr/lib/jvm/java-8-openjdk-amd64/jre/lib/amd64/libnio.so
7f043fbf8000-7f043fdf8000 ---p 00011000 08:02 3542984                    /usr/lib/jvm/java-8-openjdk-amd64/jre/lib/amd64/libnio.so
7f043fdf8000-7f043fdf9000 r--p 00011000 08:02 3542984                    /usr/lib/jvm/java-8-openjdk-amd64/jre/lib/amd64/libnio.so
7f043fdf9000-7f043fdfa000 rw-p 00012000 08:02 3542984                    /usr/lib/jvm/java-8-openjdk-amd64/jre/lib/amd64/libnio.so
7f043fdfa000-7f043fdff000 r-xp 00000000 08:02 1056586                    /usr/lib/x86_64-linux-gnu/libXfixes.so.3.1.0
7f043fdff000-7f043fffe000 ---p 00005000 08:02 1056586                    /usr/lib/x86_64-linux-gnu/libXfixes.so.3.1.0
7f043fffe000-7f043ffff000 r--p 00004000 08:02 1056586                    /usr/lib/x86_64-linux-gnu/libXfixes.so.3.1.0
7f043ffff000-7f0440000000 rw-p 00005000 08:02 1056586                    /usr/lib/x86_64-linux-gnu/libXfixes.so.3.1.0
7f0440000000-7f0440021000 rw-p 00000000 00:00 0 
7f0440021000-7f0444000000 ---p 00000000 00:00 0 
7f0444000000-7f0444021000 rw-p 00000000 00:00 0 
7f0444021000-7f0448000000 ---p 00000000 00:00 0 
7f0448000000-7f044851f000 rw-p 00000000 00:00 0 
7f044851f000-7f044c000000 ---p 00000000 00:00 0 
7f044c000000-7f044c021000 rw-p 00000000 00:00 0 
7f044c021000-7f0450000000 ---p 00000000 00:00 0 
7f0450000000-7f0450088000 rw-p 00000000 00:00 0 
7f0450088000-7f0454000000 ---p 00000000 00:00 0 
7f0454000000-7f04540fb000 rw-p 00000000 00:00 0 
7f04540fb000-7f0458000000 ---p 00000000 00:00 0 
7f0458000000-7f0458021000 rw-p 00000000 00:00 0 
7f0458021000-7f045c000000 ---p 00000000 00:00 0 
7f045c000000-7f045c021000 rw-p 00000000 00:00 0 
7f045c021000-7f0460000000 ---p 00000000 00:00 0 
7f0460000000-7f0460021000 rw-p 00000000 00:00 0 
7f0460021000-7f0464000000 ---p 00000000 00:00 0 
7f0464000000-7f0464021000 rw-p 00000000 00:00 0 
7f0464021000-7f0468000000 ---p 00000000 00:00 0 
7f0468000000-7f0468021000 rw-p 00000000 00:00 0 
7f0468021000-7f046c000000 ---p 00000000 00:00 0 
7f046c000000-7f046c021000 rw-p 00000000 00:00 0 
7f046c021000-7f0470000000 ---p 00000000 00:00 0 
7f0470000000-7f0470021000 rw-p 00000000 00:00 0 
7f0470021000-7f0474000000 ---p 00000000 00:00 0 
7f0474033000-7f0474036000 ---p 00000000 00:00 0 
7f0474036000-7f047406c000 rw-p 00000000 00:00 0 
7f047406c000-7f047406f000 ---p 00000000 00:00 0 
7f047406f000-7f047416d000 rw-p 00000000 00:00 0 
7f047416d000-7f0474176000 r-xp 00000000 08:02 1056578                    /usr/lib/x86_64-linux-gnu/libXcursor.so.1.0.2
7f0474176000-7f0474375000 ---p 00009000 08:02 1056578                    /usr/lib/x86_64-linux-gnu/libXcursor.so.1.0.2
7f0474375000-7f0474376000 r--p 00008000 08:02 1056578                    /usr/lib/x86_64-linux-gnu/libXcursor.so.1.0.2
7f0474376000-7f0474377000 rw-p 00009000 08:02 1056578                    /usr/lib/x86_64-linux-gnu/libXcursor.so.1.0.2
7f0474377000-7f047437a000 ---p 00000000 00:00 0 
7f047437a000-7f0474478000 rw-p 00000000 00:00 0 
7f0474478000-7f04744a9000 r-xp 00000000 08:02 1048957                    /usr/lib/x86_64-linux-gnu/libpng16.so.16.34.0
7f04744a9000-7f04746a8000 ---p 00031000 08:02 1048957                    /usr/lib/x86_64-linux-gnu/libpng16.so.16.34.0
7f04746a8000-7f04746a9000 r--p 00030000 08:02 1048957                    /usr/lib/x86_64-linux-gnu/libpng16.so.16.34.0
7f04746a9000-7f04746aa000 rw-p 00031000 08:02 1048957                    /usr/lib/x86_64-linux-gnu/libpng16.so.16.34.0
7f04746aa000-7f0474757000 r-xp 00000000 08:02 1056945                    /usr/lib/x86_64-linux-gnu/libfreetype.so.6.15.0
7f0474757000-7f0474956000 ---p 000ad000 08:02 1056945                    /usr/lib/x86_64-linux-gnu/libfreetype.so.6.15.0
7f0474956000-7f047495d000 r--p 000ac000 08:02 1056945                    /usr/lib/x86_64-linux-gnu/libfreetype.so.6.15.0
7f047495d000-7f047495e000 rw-p 000b3000 08:02 1056945                    /usr/lib/x86_64-linux-gnu/libfreetype.so.6.15.0
7f047495e000-7f04749af000 r-xp 00000000 08:02 3542965                    /usr/lib/jvm/java-8-openjdk-amd64/jre/lib/amd64/libfontmanager.so
7f04749af000-7f0474baf000 ---p 00051000 08:02 3542965                    /usr/lib/jvm/java-8-openjdk-amd64/jre/lib/amd64/libfontmanager.so
7f0474baf000-7f0474bb1000 r--p 00051000 08:02 3542965                    /usr/lib/jvm/java-8-openjdk-amd64/jre/lib/amd64/libfontmanager.so
7f0474bb1000-7f0474bb2000 rw-p 00053000 08:02 3542965                    /usr/lib/jvm/java-8-openjdk-amd64/jre/lib/amd64/libfontmanager.so
7f0474bb2000-7f0474bc5000 r-xp 00000000 08:02 529157                     /lib/x86_64-linux-gnu/libbsd.so.0.8.7
7f0474bc5000-7f0474dc4000 ---p 00013000 08:02 529157                     /lib/x86_64-linux-gnu/libbsd.so.0.8.7
7f0474dc4000-7f0474dc5000 r--p 00012000 08:02 529157                     /lib/x86_64-linux-gnu/libbsd.so.0.8.7
7f0474dc5000-7f0474dc6000 rw-p 00013000 08:02 529157                     /lib/x86_64-linux-gnu/libbsd.so.0.8.7
7f0474dc6000-7f0474dc7000 rw-p 00000000 00:00 0 
7f0474dc7000-7f0474dcc000 r-xp 00000000 08:02 1056582                    /usr/lib/x86_64-linux-gnu/libXdmcp.so.6.0.0
7f0474dcc000-7f0474fcb000 ---p 00005000 08:02 1056582                    /usr/lib/x86_64-linux-gnu/libXdmcp.so.6.0.0
7f0474fcb000-7f0474fcc000 r--p 00004000 08:02 1056582                    /usr/lib/x86_64-linux-gnu/libXdmcp.so.6.0.0
7f0474fcc000-7f0474fcd000 rw-p 00005000 08:02 1056582                    /usr/lib/x86_64-linux-gnu/libXdmcp.so.6.0.0
7f0474fcd000-7f0474fcf000 r-xp 00000000 08:02 1056571                    /usr/lib/x86_64-linux-gnu/libXau.so.6.0.0
7f0474fcf000-7f04751cf000 ---p 00002000 08:02 1056571                    /usr/lib/x86_64-linux-gnu/libXau.so.6.0.0
7f04751cf000-7f04751d0000 r--p 00002000 08:02 1056571                    /usr/lib/x86_64-linux-gnu/libXau.so.6.0.0
7f04751d0000-7f04751d1000 rw-p 00003000 08:02 1056571                    /usr/lib/x86_64-linux-gnu/libXau.so.6.0.0
7f04751d1000-7f04751f7000 r-xp 00000000 08:02 1057775                    /usr/lib/x86_64-linux-gnu/libxcb.so.1.1.0
7f04751f7000-7f04753f7000 ---p 00026000 08:02 1057775                    /usr/lib/x86_64-linux-gnu/libxcb.so.1.1.0
7f04753f7000-7f04753f8000 r--p 00026000 08:02 1057775                    /usr/lib/x86_64-linux-gnu/libxcb.so.1.1.0
7f04753f8000-7f04753f9000 rw-p 00027000 08:02 1057775                    /usr/lib/x86_64-linux-gnu/libxcb.so.1.1.0
7f04753f9000-7f0475408000 r-xp 00000000 08:02 1056592                    /usr/lib/x86_64-linux-gnu/libXi.so.6.1.0
7f0475408000-7f0475607000 ---p 0000f000 08:02 1056592                    /usr/lib/x86_64-linux-gnu/libXi.so.6.1.0
7f0475607000-7f0475608000 r--p 0000e000 08:02 1056592                    /usr/lib/x86_64-linux-gnu/libXi.so.6.1.0
7f0475608000-7f0475609000 rw-p 0000f000 08:02 1056592                    /usr/lib/x86_64-linux-gnu/libXi.so.6.1.0
7f0475609000-7f047560e000 r-xp 00000000 08:02 1056610                    /usr/lib/x86_64-linux-gnu/libXtst.so.6.1.0
7f047560e000-7f047580d000 ---p 00005000 08:02 1056610                    /usr/lib/x86_64-linux-gnu/libXtst.so.6.1.0
7f047580d000-7f047580e000 r--p 00004000 08:02 1056610                    /usr/lib/x86_64-linux-gnu/libXtst.so.6.1.0
7f047580e000-7f047580f000 rw-p 00005000 08:02 1056610                    /usr/lib/x86_64-linux-gnu/libXtst.so.6.1.0
7f047580f000-7f0475818000 r-xp 00000000 08:02 1056604                    /usr/lib/x86_64-linux-gnu/libXrender.so.1.3.0
7f0475818000-7f0475a17000 ---p 00009000 08:02 1056604                    /usr/lib/x86_64-linux-gnu/libXrender.so.1.3.0
7f0475a17000-7f0475a18000 r--p 00008000 08:02 1056604                    /usr/lib/x86_64-linux-gnu/libXrender.so.1.3.0
7f0475a18000-7f0475a19000 rw-p 00009000 08:02 1056604                    /usr/lib/x86_64-linux-gnu/libXrender.so.1.3.0
7f0475a19000-7f0475b4d000 r-xp 00000000 08:02 1056567                    /usr/lib/x86_64-linux-gnu/libX11.so.6.3.0
7f0475b4d000-7f0475d4d000 ---p 00134000 08:02 1056567                    /usr/lib/x86_64-linux-gnu/libX11.so.6.3.0
7f0475d4d000-7f0475d4e000 r--p 00134000 08:02 1056567                    /usr/lib/x86_64-linux-gnu/libX11.so.6.3.0
7f0475d4e000-7f0475d52000 rw-p 00135000 08:02 1056567                    /usr/lib/x86_64-linux-gnu/libX11.so.6.3.0
7f0475d52000-7f0475d63000 r-xp 00000000 08:02 1056584                    /usr/lib/x86_64-linux-gnu/libXext.so.6.4.0
7f0475d63000-7f0475f62000 ---p 00011000 08:02 1056584                    /usr/lib/x86_64-linux-gnu/libXext.so.6.4.0
7f0475f62000-7f0475f63000 r--p 00010000 08:02 1056584                    /usr/lib/x86_64-linux-gnu/libXext.so.6.4.0
7f0475f63000-7f0475f64000 rw-p 00011000 08:02 1056584                    /usr/lib/x86_64-linux-gnu/libXext.so.6.4.0
7f0475f82000-7f0475fd6000 r-xp 00000000 08:02 3542810                    /usr/lib/jvm/java-8-openjdk-amd64/jre/lib/amd64/libawt_xawt.so
7f0475fd6000-7f04761d5000 ---p 00054000 08:02 3542810                    /usr/lib/jvm/java-8-openjdk-amd64/jre/lib/amd64/libawt_xawt.so
7f04761d5000-7f04761d6000 r--p 00053000 08:02 3542810                    /usr/lib/jvm/java-8-openjdk-amd64/jre/lib/amd64/libawt_xawt.so
7f04761d6000-7f04761d9000 rw-p 00054000 08:02 3542810                    /usr/lib/jvm/java-8-openjdk-amd64/jre/lib/amd64/libawt_xawt.so
7f04761d9000-7f04761da000 rw-p 00000000 00:00 0 
7f04761da000-7f047627a000 r-xp 00000000 08:02 3542808                    /usr/lib/jvm/java-8-openjdk-amd64/jre/lib/amd64/libawt.so
7f047627a000-7f0476479000 ---p 000a0000 08:02 3542808                    /usr/lib/jvm/java-8-openjdk-amd64/jre/lib/amd64/libawt.so
7f0476479000-7f047647a000 r--p 0009f000 08:02 3542808                    /usr/lib/jvm/java-8-openjdk-amd64/jre/lib/amd64/libawt.so
7f047647a000-7f0476485000 rw-p 000a0000 08:02 3542808                    /usr/lib/jvm/java-8-openjdk-amd64/jre/lib/amd64/libawt.so
7f0476485000-7f04764aa000 rw-p 00000000 00:00 0 
7f04764aa000-7f04764af000 r--s 002f9000 08:02 3412439                    /usr/lib/jvm/java-8-openjdk-amd64/jre/lib/charsets.jar
7f04764af000-7f04764c2000 r--s 00346000 08:02 3412450                    /usr/lib/jvm/java-8-openjdk-amd64/jre/lib/resources.jar
7f04764c2000-7f04764cc000 r--s 00116000 08:02 4067104                    /usr/lib/jvm/java-8-openjdk-amd64/jre/lib/ext/localedata.jar
7f04764cc000-7f04764cd000 ---p 00000000 00:00 0 
7f04764cd000-7f04765cd000 rw-p 00000000 00:00 0 
7f04765cd000-7f04765d0000 ---p 00000000 00:00 0 
7f04765d0000-7f04766ce000 rw-p 00000000 00:00 0 
7f04766ce000-7f04766cf000 ---p 00000000 00:00 0 
7f04766cf000-7f04766d2000 ---p 00000000 00:00 0 
7f04766d2000-7f04767cf000 rw-p 00000000 00:00 0 
7f04767cf000-7f04767d0000 ---p 00000000 00:00 0 
7f04767d0000-7f04767d3000 ---p 00000000 00:00 0 
7f04767d3000-7f04768d0000 rw-p 00000000 00:00 0 
7f04768d0000-7f04768d1000 ---p 00000000 00:00 0 
7f04768d1000-7f04768d4000 ---p 00000000 00:00 0 
7f04768d4000-7f04769d1000 rw-p 00000000 00:00 0 
7f04769d1000-7f04769d4000 ---p 00000000 00:00 0 
7f04769d4000-7f0476ad2000 rw-p 00000000 00:00 0 
7f0476ad2000-7f04774f5000 r--p 00000000 08:02 1055430                    /usr/lib/locale/locale-archive
7f04774f5000-7f04774f8000 ---p 00000000 00:00 0 
7f04774f8000-7f04775f6000 rw-p 00000000 00:00 0 
7f04775f6000-7f04775f9000 ---p 00000000 00:00 0 
7f04775f9000-7f04776f7000 rw-p 00000000 00:00 0 
7f04776f7000-7f04776f8000 ---p 00000000 00:00 0 
7f04776f8000-7f0478000000 rw-p 00000000 00:00 0 
7f0478000000-7f0478021000 rw-p 00000000 00:00 0 
7f0478021000-7f047c000000 ---p 00000000 00:00 0 
7f047c002000-7f047c004000 r--s 00016000 08:02 3412444                    /usr/lib/jvm/java-8-openjdk-amd64/jre/lib/jce.jar
7f047c004000-7f047c009000 r--s 0009d000 08:02 3412446                    /usr/lib/jvm/java-8-openjdk-amd64/jre/lib/jsse.jar
7f047c009000-7f047c00a000 r--s 00010000 08:02 4067109                    /usr/lib/jvm/java-8-openjdk-amd64/jre/lib/ext/zipfs.jar
7f047c00a000-7f047c00c000 r--s 00007000 08:02 1443930                    /usr/share/java/java-atk-wrapper.jar
7f047c00c000-7f047c00e000 r--s 00001000 08:02 4067101                    /usr/lib/jvm/java-8-openjdk-amd64/jre/lib/ext/dnsns.jar
7f047c00e000-7f047c029000 r--s 00394000 08:02 4067100                    /usr/lib/jvm/java-8-openjdk-amd64/jre/lib/ext/cldrdata.jar
7f047c029000-7f047c02b000 r--s 00008000 08:02 4067106                    /usr/lib/jvm/java-8-openjdk-amd64/jre/lib/ext/sunec.jar
7f047c02b000-7f047c631000 rw-p 00000000 00:00 0 
7f047c631000-7f047c800000 r--s 03c2f000 08:02 3412451                    /usr/lib/jvm/java-8-openjdk-amd64/jre/lib/rt.jar
7f047c800000-7f047d000000 rw-p 00000000 00:00 0 
7f047d000000-7f047d2f0000 rwxp 00000000 00:00 0 
7f047d2f0000-7f048c000000 ---p 00000000 00:00 0 
7f048c000000-7f048c39d000 rw-p 00000000 00:00 0 
7f048c39d000-7f0490000000 ---p 00000000 00:00 0 
7f0490000000-7f049001b000 r--s 001d6000 08:02 4067105                    /usr/lib/jvm/java-8-openjdk-amd64/jre/lib/ext/nashorn.jar
7f049001b000-7f0492239000 rw-p 00000000 00:00 0 
7f0492239000-7f049223a000 ---p 00000000 00:00 0 
7f049223a000-7f049233a000 rw-p 00000000 00:00 0 
7f049233a000-7f049233b000 ---p 00000000 00:00 0 
7f049233b000-7f049243b000 rw-p 00000000 00:00 0 
7f049243b000-7f049243c000 ---p 00000000 00:00 0 
7f049243c000-7f049253c000 rw-p 00000000 00:00 0 
7f049253c000-7f049253d000 ---p 00000000 00:00 0 
7f049253d000-7f0492652000 rw-p 00000000 00:00 0 
7f0492652000-7f049277f000 ---p 00000000 00:00 0 
7f049277f000-7f0492794000 rw-p 00000000 00:00 0 
7f0492794000-7f04928c0000 ---p 00000000 00:00 0 
7f04928c0000-7f04928cb000 rw-p 00000000 00:00 0 
7f04928cb000-7f0492961000 ---p 00000000 00:00 0 
7f0492961000-7f049296e000 rw-p 00000000 00:00 0 
7f049296e000-7f0492d22000 ---p 00000000 00:00 0 
7f0492d22000-7f0492d2a000 r-xp 00000000 08:02 3542991                    /usr/lib/jvm/java-8-openjdk-amd64/jre/lib/amd64/libzip.so
7f0492d2a000-7f0492f29000 ---p 00008000 08:02 3542991                    /usr/lib/jvm/java-8-openjdk-amd64/jre/lib/amd64/libzip.so
7f0492f29000-7f0492f2a000 r--p 00007000 08:02 3542991                    /usr/lib/jvm/java-8-openjdk-amd64/jre/lib/amd64/libzip.so
7f0492f2a000-7f0492f2b000 rw-p 00008000 08:02 3542991                    /usr/lib/jvm/java-8-openjdk-amd64/jre/lib/amd64/libzip.so
7f0492f2b000-7f0492f36000 r-xp 00000000 08:02 529251                     /lib/x86_64-linux-gnu/libnss_files-2.27.so
7f0492f36000-7f0493135000 ---p 0000b000 08:02 529251                     /lib/x86_64-linux-gnu/libnss_files-2.27.so
7f0493135000-7f0493136000 r--p 0000a000 08:02 529251                     /lib/x86_64-linux-gnu/libnss_files-2.27.so
7f0493136000-7f0493137000 rw-p 0000b000 08:02 529251                     /lib/x86_64-linux-gnu/libnss_files-2.27.so
7f0493137000-7f049313d000 rw-p 00000000 00:00 0 
7f049313d000-7f0493154000 r-xp 00000000 08:02 529245                     /lib/x86_64-linux-gnu/libnsl-2.27.so
7f0493154000-7f0493353000 ---p 00017000 08:02 529245                     /lib/x86_64-linux-gnu/libnsl-2.27.so
7f0493353000-7f0493354000 r--p 00016000 08:02 529245                     /lib/x86_64-linux-gnu/libnsl-2.27.so
7f0493354000-7f0493355000 rw-p 00017000 08:02 529245                     /lib/x86_64-linux-gnu/libnsl-2.27.so
7f0493355000-7f0493357000 rw-p 00000000 00:00 0 
7f0493357000-7f0493362000 r-xp 00000000 08:02 529262                     /lib/x86_64-linux-gnu/libnss_nis-2.27.so
7f0493362000-7f0493561000 ---p 0000b000 08:02 529262                     /lib/x86_64-linux-gnu/libnss_nis-2.27.so
7f0493561000-7f0493562000 r--p 0000a000 08:02 529262                     /lib/x86_64-linux-gnu/libnss_nis-2.27.so
7f0493562000-7f0493563000 rw-p 0000b000 08:02 529262                     /lib/x86_64-linux-gnu/libnss_nis-2.27.so
7f0493563000-7f049356b000 r-xp 00000000 08:02 529247                     /lib/x86_64-linux-gnu/libnss_compat-2.27.so
7f049356b000-7f049376b000 ---p 00008000 08:02 529247                     /lib/x86_64-linux-gnu/libnss_compat-2.27.so
7f049376b000-7f049376c000 r--p 00008000 08:02 529247                     /lib/x86_64-linux-gnu/libnss_compat-2.27.so
7f049376c000-7f049376d000 rw-p 00009000 08:02 529247                     /lib/x86_64-linux-gnu/libnss_compat-2.27.so
7f049376d000-7f049379b000 r-xp 00000000 08:02 3542972                    /usr/lib/jvm/java-8-openjdk-amd64/jre/lib/amd64/libjava.so
7f049379b000-7f049399a000 ---p 0002e000 08:02 3542972                    /usr/lib/jvm/java-8-openjdk-amd64/jre/lib/amd64/libjava.so
7f049399a000-7f049399b000 r--p 0002d000 08:02 3542972                    /usr/lib/jvm/java-8-openjdk-amd64/jre/lib/amd64/libjava.so
7f049399b000-7f049399d000 rw-p 0002e000 08:02 3542972                    /usr/lib/jvm/java-8-openjdk-amd64/jre/lib/amd64/libjava.so
7f049399d000-7f04939ad000 r-xp 00000000 08:02 3542990                    /usr/lib/jvm/java-8-openjdk-amd64/jre/lib/amd64/libverify.so
7f04939ad000-7f0493bac000 ---p 00010000 08:02 3542990                    /usr/lib/jvm/java-8-openjdk-amd64/jre/lib/amd64/libverify.so
7f0493bac000-7f0493bae000 r--p 0000f000 08:02 3542990                    /usr/lib/jvm/java-8-openjdk-amd64/jre/lib/amd64/libverify.so
7f0493bae000-7f0493baf000 rw-p 00011000 08:02 3542990                    /usr/lib/jvm/java-8-openjdk-amd64/jre/lib/amd64/libverify.so
7f0493baf000-7f0493bb6000 r-xp 00000000 08:02 529302                     /lib/x86_64-linux-gnu/librt-2.27.so
7f0493bb6000-7f0493db5000 ---p 00007000 08:02 529302                     /lib/x86_64-linux-gnu/librt-2.27.so
7f0493db5000-7f0493db6000 r--p 00006000 08:02 529302                     /lib/x86_64-linux-gnu/librt-2.27.so
7f0493db6000-7f0493db7000 rw-p 00007000 08:02 529302                     /lib/x86_64-linux-gnu/librt-2.27.so
7f0493db7000-7f0493dce000 r-xp 00000000 08:02 529198                     /lib/x86_64-linux-gnu/libgcc_s.so.1
7f0493dce000-7f0493fcd000 ---p 00017000 08:02 529198                     /lib/x86_64-linux-gnu/libgcc_s.so.1
7f0493fcd000-7f0493fce000 r--p 00016000 08:02 529198                     /lib/x86_64-linux-gnu/libgcc_s.so.1
7f0493fce000-7f0493fcf000 rw-p 00017000 08:02 529198                     /lib/x86_64-linux-gnu/libgcc_s.so.1
7f0493fcf000-7f049416c000 r-xp 00000000 08:02 529224                     /lib/x86_64-linux-gnu/libm-2.27.so
7f049416c000-7f049436b000 ---p 0019d000 08:02 529224                     /lib/x86_64-linux-gnu/libm-2.27.so
7f049436b000-7f049436c000 r--p 0019c000 08:02 529224                     /lib/x86_64-linux-gnu/libm-2.27.so
7f049436c000-7f049436d000 rw-p 0019d000 08:02 529224                     /lib/x86_64-linux-gnu/libm-2.27.so
7f049436d000-7f04944eb000 r-xp 00000000 08:02 1057592                    /usr/lib/x86_64-linux-gnu/libstdc++.so.6.0.25
7f04944eb000-7f04946eb000 ---p 0017e000 08:02 1057592                    /usr/lib/x86_64-linux-gnu/libstdc++.so.6.0.25
7f04946eb000-7f04946f5000 r--p 0017e000 08:02 1057592                    /usr/lib/x86_64-linux-gnu/libstdc++.so.6.0.25
7f04946f5000-7f04946f7000 rw-p 00188000 08:02 1057592                    /usr/lib/x86_64-linux-gnu/libstdc++.so.6.0.25
7f04946f7000-7f04946fb000 rw-p 00000000 00:00 0 
7f04946fb000-7f049538c000 r-xp 00000000 08:02 4067092                    /usr/lib/jvm/java-8-openjdk-amd64/jre/lib/amd64/server/libjvm.so
7f049538c000-7f049558c000 ---p 00c91000 08:02 4067092                    /usr/lib/jvm/java-8-openjdk-amd64/jre/lib/amd64/server/libjvm.so
7f049558c000-7f049561f000 r--p 00c91000 08:02 4067092                    /usr/lib/jvm/java-8-openjdk-amd64/jre/lib/amd64/server/libjvm.so
7f049561f000-7f0495647000 rw-p 00d24000 08:02 4067092                    /usr/lib/jvm/java-8-openjdk-amd64/jre/lib/amd64/server/libjvm.so
7f0495647000-7f0495678000 rw-p 00000000 00:00 0 
7f0495678000-7f0495692000 r-xp 00000000 08:02 529294                     /lib/x86_64-linux-gnu/libpthread-2.27.so
7f0495692000-7f0495891000 ---p 0001a000 08:02 529294                     /lib/x86_64-linux-gnu/libpthread-2.27.so
7f0495891000-7f0495892000 r--p 00019000 08:02 529294                     /lib/x86_64-linux-gnu/libpthread-2.27.so
7f0495892000-7f0495893000 rw-p 0001a000 08:02 529294                     /lib/x86_64-linux-gnu/libpthread-2.27.so
7f0495893000-7f0495897000 rw-p 00000000 00:00 0 
7f0495897000-7f049589a000 r-xp 00000000 08:02 529184                     /lib/x86_64-linux-gnu/libdl-2.27.so
7f049589a000-7f0495a99000 ---p 00003000 08:02 529184                     /lib/x86_64-linux-gnu/libdl-2.27.so
7f0495a99000-7f0495a9a000 r--p 00002000 08:02 529184                     /lib/x86_64-linux-gnu/libdl-2.27.so
7f0495a9a000-7f0495a9b000 rw-p 00003000 08:02 529184                     /lib/x86_64-linux-gnu/libdl-2.27.so
7f0495a9b000-7f0495ab7000 r-xp 00000000 08:02 529333                     /lib/x86_64-linux-gnu/libz.so.1.2.11
7f0495ab7000-7f0495cb6000 ---p 0001c000 08:02 529333                     /lib/x86_64-linux-gnu/libz.so.1.2.11
7f0495cb6000-7f0495cb7000 r--p 0001b000 08:02 529333                     /lib/x86_64-linux-gnu/libz.so.1.2.11
7f0495cb7000-7f0495cb8000 rw-p 0001c000 08:02 529333                     /lib/x86_64-linux-gnu/libz.so.1.2.11
7f0495cb8000-7f0495e9f000 r-xp 00000000 08:02 529161                     /lib/x86_64-linux-gnu/libc-2.27.so
7f0495e9f000-7f049609f000 ---p 001e7000 08:02 529161                     /lib/x86_64-linux-gnu/libc-2.27.so
7f049609f000-7f04960a3000 r--p 001e7000 08:02 529161                     /lib/x86_64-linux-gnu/libc-2.27.so
7f04960a3000-7f04960a5000 rw-p 001eb000 08:02 529161                     /lib/x86_64-linux-gnu/libc-2.27.so
7f04960a5000-7f04960a9000 rw-p 00000000 00:00 0 
7f04960a9000-7f04960b7000 r-xp 00000000 08:02 4067089                    /usr/lib/jvm/java-8-openjdk-amd64/jre/lib/amd64/jli/libjli.so
7f04960b7000-7f04962b6000 ---p 0000e000 08:02 4067089                    /usr/lib/jvm/java-8-openjdk-amd64/jre/lib/amd64/jli/libjli.so
7f04962b6000-7f04962b7000 r--p 0000d000 08:02 4067089                    /usr/lib/jvm/java-8-openjdk-amd64/jre/lib/amd64/jli/libjli.so
7f04962b7000-7f04962b8000 rw-p 0000e000 08:02 4067089                    /usr/lib/jvm/java-8-openjdk-amd64/jre/lib/amd64/jli/libjli.so
7f04962b8000-7f04962df000 r-xp 00000000 08:02 529133                     /lib/x86_64-linux-gnu/ld-2.27.so
7f04962df000-7f04962e5000 r--s 0003b000 08:02 4067107                    /usr/lib/jvm/java-8-openjdk-amd64/jre/lib/ext/sunjce_provider.jar
7f04962e5000-7f04962e8000 r--s 0000f000 08:02 4067102                    /usr/lib/jvm/java-8-openjdk-amd64/jre/lib/ext/icedtea-sound.jar
7f04962e8000-7f04962eb000 r--s 00038000 08:02 4067108                    /usr/lib/jvm/java-8-openjdk-amd64/jre/lib/ext/sunpkcs11.jar
7f04962eb000-7f04963bc000 rw-p 00000000 00:00 0 
7f04963bc000-7f04963bd000 ---p 00000000 00:00 0 
7f04963bd000-7f04963c0000 ---p 00000000 00:00 0 
7f04963c0000-7f04964bf000 rw-p 00000000 00:00 0 
7f04964bf000-7f04964c0000 r--s 0000a000 08:02 4067103                    /usr/lib/jvm/java-8-openjdk-amd64/jre/lib/ext/jaccess.jar
7f04964c0000-7f04964d3000 rw-p 00000000 00:00 0 
7f04964d3000-7f04964db000 rw-s 00000000 08:02 7347794                    /tmp/hsperfdata_munnacs/5450
7f04964db000-7f04964dc000 rw-p 00000000 00:00 0 
7f04964dc000-7f04964dd000 r--p 00000000 00:00 0 
7f04964dd000-7f04964df000 rw-p 00000000 00:00 0 
7f04964df000-7f04964e0000 r--p 00027000 08:02 529133                     /lib/x86_64-linux-gnu/ld-2.27.so
7f04964e0000-7f04964e1000 rw-p 00028000 08:02 529133                     /lib/x86_64-linux-gnu/ld-2.27.so
7f04964e1000-7f04964e2000 rw-p 00000000 00:00 0 
7fffde7cf000-7fffde7f0000 rw-p 00000000 00:00 0                          [stack]
7fffde7f3000-7fffde7f6000 r--p 00000000 00:00 0                          [vvar]
7fffde7f6000-7fffde7f8000 r-xp 00000000 00:00 0                          [vdso]
ffffffffff600000-ffffffffff601000 r-xp 00000000 00:00 0                  [vsyscall]

VM Arguments:
jvm_args: -Dfile.encoding=UTF-8 
java_command: cloudsim.ClusterMethod
java_class_path (initial): /usr/lib/jvm/java-8-openjdk-amd64/jre/lib/resources.jar:/usr/lib/jvm/java-8-openjdk-amd64/jre/lib/rt.jar:/usr/lib/jvm/java-8-openjdk-amd64/jre/lib/jsse.jar:/usr/lib/jvm/java-8-openjdk-amd64/jre/lib/jce.jar:/usr/lib/jvm/java-8-openjdk-amd64/jre/lib/charsets.jar:/usr/lib/jvm/java-8-openjdk-amd64/jre/lib/ext/sunpkcs11.jar:/usr/lib/jvm/java-8-openjdk-amd64/jre/lib/ext/icedtea-sound.jar:/usr/lib/jvm/java-8-openjdk-amd64/jre/lib/ext/sunjce_provider.jar:/usr/lib/jvm/java-8-openjdk-amd64/jre/lib/ext/nashorn.jar:/usr/lib/jvm/java-8-openjdk-amd64/jre/lib/ext/sunec.jar:/usr/lib/jvm/java-8-openjdk-amd64/jre/lib/ext/jaccess.jar:/usr/lib/jvm/java-8-openjdk-amd64/jre/lib/ext/cldrdata.jar:/usr/lib/jvm/java-8-openjdk-amd64/jre/lib/ext/dnsns.jar:/usr/lib/jvm/java-8-openjdk-amd64/jre/lib/ext/java-atk-wrapper.jar:/usr/lib/jvm/java-8-openjdk-amd64/jre/lib/ext/zipfs.jar:/usr/lib/jvm/java-8-openjdk-amd64/jre/lib/ext/localedata.jar:/home/munnacs/Projects/FYP/CloudSim/CloudSim/bin:/home/munnacs/Projects/FYP/CloudSim/CloudSim/jars/cloudsim-3.0.3-sources.jar:/home/munnacs/Projects/FYP/CloudSim/CloudSim/jars/cloudsim-3.0.3.jar:/home/munnacs/Projects/FYP/CloudSim/CloudSim/jars/cloudsim-examples-3.0.3-sources.jar:/home/munnacs/Projects/FYP/CloudSim/CloudSim/jars/cloudsim-examples-3.0.3.jar:/home/munnacs/.p2/pool/plugins/org.eclipse.fx.ide.css.jfx8_2.3.0.201603030809.jar
Launcher Type: SUN_STANDARD

Environment Variables:
PATH=/usr/local/sbin:/usr/local/bin:/usr/sbin:/usr/bin:/sbin:/bin:/usr/games:/usr/local/games:/snap/bin
USERNAME=munnacs
SHELL=/bin/bash
DISPLAY=:0

Signal Handlers:
SIGSEGV: [libjvm.so+0xaabcd0], sa_mask[0]=11111111011111111101111111111110, sa_flags=SA_RESTART|SA_SIGINFO
SIGBUS: [libjvm.so+0xaabcd0], sa_mask[0]=11111111011111111101111111111110, sa_flags=SA_RESTART|SA_SIGINFO
SIGFPE: [libjvm.so+0x8e1d50], sa_mask[0]=11111111011111111101111111111110, sa_flags=SA_RESTART|SA_SIGINFO
SIGPIPE: [libjvm.so+0x8e1d50], sa_mask[0]=11111111011111111101111111111110, sa_flags=SA_RESTART|SA_SIGINFO
SIGXFSZ: [libjvm.so+0x8e1d50], sa_mask[0]=11111111011111111101111111111110, sa_flags=SA_RESTART|SA_SIGINFO
SIGILL: [libjvm.so+0x8e1d50], sa_mask[0]=11111111011111111101111111111110, sa_flags=SA_RESTART|SA_SIGINFO
SIGUSR1: SIG_DFL, sa_mask[0]=00000000000000000000000000000000, sa_flags=none
SIGUSR2: [libjvm.so+0x8e1c00], sa_mask[0]=00100000000000000000000000000000, sa_flags=SA_RESTART|SA_SIGINFO
SIGHUP: [libjvm.so+0x8e20b0], sa_mask[0]=11111111011111111101111111111110, sa_flags=SA_RESTART|SA_SIGINFO
SIGINT: [libjvm.so+0x8e20b0], sa_mask[0]=11111111011111111101111111111110, sa_flags=SA_RESTART|SA_SIGINFO
SIGTERM: [libjvm.so+0x8e20b0], sa_mask[0]=11111111011111111101111111111110, sa_flags=SA_RESTART|SA_SIGINFO
SIGQUIT: [libjvm.so+0x8e20b0], sa_mask[0]=11111111011111111101111111111110, sa_flags=SA_RESTART|SA_SIGINFO


---------------  S Y S T E M  ---------------

OS:DISTRIB_ID=Ubuntu
DISTRIB_RELEASE=18.04
DISTRIB_CODENAME=bionic
DISTRIB_DESCRIPTION="Ubuntu 18.04 LTS"

uname:Linux 4.15.0-24-generic #26-Ubuntu SMP Wed Jun 13 08:44:47 UTC 2018 x86_64
libc:glibc 2.27 NPTL 2.27 
rlimit: STACK 8192k, CORE 0k, NPROC 14416, NOFILE 1048576, AS infinity
load average:1.69 1.76 1.52

/proc/meminfo:
MemTotal:        3941864 kB
MemFree:         1683536 kB
MemAvailable:    2129460 kB
Buffers:           54572 kB
Cached:           584104 kB
SwapCached:        82336 kB
Active:          1491388 kB
Inactive:         537260 kB
Active(anon):    1184520 kB
Inactive(anon):   232660 kB
Active(file):     306868 kB
Inactive(file):   304600 kB
Unevictable:          32 kB
Mlocked:              32 kB
SwapTotal:       2097148 kB
SwapFree:        1297944 kB
Dirty:              3512 kB
Writeback:             0 kB
AnonPages:       1364704 kB
Mapped:           137116 kB
Shmem:             27452 kB
Slab:             128764 kB
SReclaimable:      74344 kB
SUnreclaim:        54420 kB
KernelStack:       13788 kB
PageTables:        22696 kB
NFS_Unstable:          0 kB
Bounce:                0 kB
WritebackTmp:          0 kB
CommitLimit:     4068080 kB
Committed_AS:    6254132 kB
VmallocTotal:   34359738367 kB
VmallocUsed:           0 kB
VmallocChunk:          0 kB
HardwareCorrupted:     0 kB
AnonHugePages:         0 kB
ShmemHugePages:        0 kB
ShmemPmdMapped:        0 kB
CmaTotal:              0 kB
CmaFree:               0 kB
HugePages_Total:       0
HugePages_Free:        0
HugePages_Rsvd:        0
HugePages_Surp:        0
Hugepagesize:       2048 kB
DirectMap4k:      287308 kB
DirectMap2M:     3809280 kB
DirectMap1G:           0 kB


CPU:total 4 (initial active 4) (2 cores per cpu, 2 threads per core) family 6 model 69 stepping 1, cmov, cx8, fxsr, mmx, sse, sse2, sse3, ssse3, sse4.1, sse4.2, popcnt, avx, avx2, aes, clmul, erms, lzcnt, ht, tsc, tscinvbit, bmi1, bmi2

/proc/cpuinfo:
processor	: 0
vendor_id	: GenuineIntel
cpu family	: 6
model		: 69
model name	: Intel(R) Core(TM) i3-4005U CPU @ 1.70GHz
stepping	: 1
microcode	: 0x23
cpu MHz		: 1696.144
cache size	: 3072 KB
physical id	: 0
siblings	: 4
core id		: 0
cpu cores	: 2
apicid		: 0
initial apicid	: 0
fpu		: yes
fpu_exception	: yes
cpuid level	: 13
wp		: yes
flags		: fpu vme de pse tsc msr pae mce cx8 apic sep mtrr pge mca cmov pat pse36 clflush dts acpi mmx fxsr sse sse2 ss ht tm pbe syscall nx pdpe1gb rdtscp lm constant_tsc arch_perfmon pebs bts rep_good nopl xtopology nonstop_tsc cpuid aperfmperf pni pclmulqdq dtes64 monitor ds_cpl vmx est tm2 ssse3 sdbg fma cx16 xtpr pdcm pcid sse4_1 sse4_2 movbe popcnt tsc_deadline_timer aes xsave avx f16c rdrand lahf_lm abm cpuid_fault epb invpcid_single pti ibrs ibpb stibp tpr_shadow vnmi flexpriority ept vpid fsgsbase tsc_adjust bmi1 avx2 smep bmi2 erms invpcid xsaveopt dtherm ida arat pln pts
bugs		: cpu_meltdown spectre_v1 spectre_v2 spec_store_bypass
bogomips	: 3392.28
clflush size	: 64
cache_alignment	: 64
address sizes	: 39 bits physical, 48 bits virtual
power management:

processor	: 1
vendor_id	: GenuineIntel
cpu family	: 6
model		: 69
model name	: Intel(R) Core(TM) i3-4005U CPU @ 1.70GHz
stepping	: 1
microcode	: 0x23
cpu MHz		: 1696.143
cache size	: 3072 KB
physical id	: 0
siblings	: 4
core id		: 1
cpu cores	: 10
apicid		: 2
initial apicid	: 2
fpu		: yes
fpu_exception	: yes
cpuid level	: 13
wp		: yes
flags		: fpu vme de pse tsc msr pae mce cx8 apic sep mtrr pge mca cmov pat pse36 clflush dts acpi mmx fxsr sse sse2 ss ht tm pbe syscall nx pdpe1gb rdtscp lm constant_tsc arch_perfmon pebs bts rep_good nopl xtopology nonstop_tsc cpuid aperfmperf pni pclmulqdq dtes64 monitor ds_cpl vmx est tm2 ssse3 sdbg fma cx16 xtpr pdcm pcid sse4_1 sse4_2 movbe popcnt tsc_deadline_timer aes xsave avx f16c rdrand lahf_lm abm cpuid_fault epb invpcid_single pti ibrs ibpb stibp tpr_shadow vnmi flexpriority ept vpid fsgsbase tsc_adjust bmi1 avx2 smep bmi2 erms invpcid xsaveopt dtherm ida arat pln pts
bugs		: cpu_meltdown spectre_v1 spectre_v2 spec_store_bypass
bogomips	: 3392.28
clflush size	: 64
cache_alignment	: 64
address sizes	: 39 bits physical, 48 bits virtual
power management:

processor	: 2
vendor_id	: GenuineIntel
cpu family	: 6
model		: 69
model name	: Intel(R) Core(TM) i3-4005U CPU @ 1.70GHz
stepping	: 1
microcode	: 0x23
cpu MHz		: 1696.143
cache size	: 3072 KB
physical id	: 0
siblings	: 4
core id		: 0
cpu cores	: 2
apicid		: 1
initial apicid	: 1
fpu		: yes
fpu_exception	: yes
cpuid level	: 13
wp		: yes
flags		: fpu vme de pse tsc msr pae mce cx8 apic sep mtrr pge mca cmov pat pse36 clflush dts acpi mmx fxsr sse sse2 ss ht tm pbe syscall nx pdpe1gb rdtscp lm constant_tsc arch_perfmon pebs bts rep_good nopl xtopology nonstop_tsc cpuid aperfmperf pni pclmulqdq dtes64 monitor ds_cpl vmx est tm2 ssse3 sdbg fma cx16 xtpr pdcm pcid sse4_1 sse4_2 movbe popcnt tsc_deadline_timer aes xsave avx f16c rdrand lahf_lm abm cpuid_fault epb invpcid_single pti ibrs ibpb stibp tpr_shadow vnmi flexpriority ept vpid fsgsbase tsc_adjust bmi1 avx2 smep bmi2 erms invpcid xsaveopt dtherm ida arat pln pts
bugs		: cpu_meltdown spectre_v1 spectre_v2 spec_store_bypass
bogomips	: 3392.28
clflush size	: 64
cache_alignment	: 64
address sizes	: 39 bits physical, 48 bits virtual
power management:

processor	: 3
vendor_id	: GenuineIntel
cpu family	: 6
model		: 69
model name	: Intel(R) Core(TM) i3-4005U CPU @ 1.70GHz
stepping	: 1
microcode	: 0x23
cpu MHz		: 1696.143
cache size	: 3072 KB
physical id	: 0
siblings	: 4
core id		: 1
cpu cores	: 2
apicid		: 3
initial apicid	: 3
fpu		: yes
fpu_exception	: yes
cpuid level	: 13
wp		: yes
flags		: fpu vme de pse tsc msr pae mce cx8 apic sep mtrr pge mca cmov pat pse36 clflush dts acpi mmx fxsr sse sse2 ss ht tm pbe syscall nx pdpe1gb rdtscp lm constant_tsc arch_perfmon pebs bts rep_good nopl xtopology nonstop_tsc cpuid aperfmperf pni pclmulqdq dtes64 monitor ds_cpl vmx est tm2 ssse3 sdbg fma cx16 xtpr pdcm pcid sse4_1 sse4_2 movbe popcnt tsc_deadline_timer aes xsave avx f16c rdrand lahf_lm abm cpuid_fault epb invpcid_single pti ibrs ibpb stibp tpr_shadow vnmi flexpriority ept vpid fsgsbase tsc_adjust bmi1 avx2 smep bmi2 erms invpcid xsaveopt dtherm ida arat pln pts
bugs		: cpu_meltdown spectre_v1 spectre_v2 spec_store_bypass
bogomips	: 3392.28
clflush size	: 64
cache_alignment	: 64
address sizes	: 39 bits physical, 48 bits virtual
power management:



Memory: 4k page, physical 3941864k(1683944k free), swap 2097148k(1297944k free)

vm_info: OpenJDK 64-Bit Server VM (25.171-b11) for linux-amd64 JRE (1.8.0_171-8u171-b11-0ubuntu0.18.04.1-b11), built on Apr 26 2018 15:59:34 by "buildd" with gcc 7.3.0

time: Sun Jul 22 18:21:35 2018
elapsed time: 25010 seconds (0d 6h 56m 50s)

