#
# A fatal error has been detected by the Java Runtime Environment:
#
#  SIGSEGV (0xb) at pc=0x00007fc84bfd49fa, pid=6564, tid=0x00007fc8402a9700
#
# JRE version: OpenJDK Runtime Environment (8.0_171-b11) (build 1.8.0_171-8u171-b11-0ubuntu0.18.04.1-b11)
# Java VM: OpenJDK 64-Bit Server VM (25.171-b11 mixed mode linux-amd64 compressed oops)
# Problematic frame:
# v  ~BufferBlob::jni_fast_GetLongField
#
# Failed to write core dump. Core dumps have been disabled. To enable core dumping, try "ulimit -c unlimited" before starting Java again
#
# If you would like to submit a bug report, please visit:
#   http://bugreport.java.com/bugreport/crash.jsp
# The crash happened outside the Java Virtual Machine in native code.
# See problematic frame for where to report the bug.
#

---------------  T H R E A D  ---------------

Current thread (0x00007fc85c2b7800):  JavaThread "AWT-XAWT" daemon [_thread_in_native, id=6587, stack(0x00007fc8401a9000,0x00007fc8402aa000)]

siginfo: si_signo: 11 (SIGSEGV), si_code: 1 (SEGV_MAPERR), si_addr: 0x0000000000000000

Registers:
RAX=0x00007fc8619d2f40, RBX=0x00007fc85c2b79e0, RCX=0x0000000000000000, RDX=0x0000000000000042
RSP=0x00007fc8402a87c8, RBP=0x00007fc8402a87f0, RSI=0x0000000000000000, RDI=0x00007fc85c2b79e0
R8 =0x00000000ec358550, R9 =0x0000000000000000, R10=0x0000000000000028, R11=0x00007fc84c2195d8
R12=0x00007fc7e80191c0, R13=0x0000000000000000, R14=0x00007fc8424feb00, R15=0x00007fc85c2b7800
RIP=0x00007fc84bfd49fa, EFLAGS=0x0000000000010246, CSGSFS=0x002b000000000033, ERR=0x0000000000000004
  TRAPNO=0x000000000000000e

Top of Stack: (sp=0x00007fc8402a87c8)
0x00007fc8402a87c8:   00007fc8422dcd04 00007fc8492d28b8
0x00007fc8402a87d8:   00007fc7e80191c0 00007fc8402a88a0
0x00007fc8402a87e8:   00007fc8402a8870 0000000000000000
0x00007fc8402a87f8:   00007fc841dc0300 00007fc8492d28b8
0x00007fc8402a8808:   00007fc8402a8830 0000000000000000
0x00007fc8402a8818:   00007fc841db7e23 00007fc8402a88a0
0x00007fc8402a8828:   00007fc8422d4caf 00007fc8402a8880
0x00007fc8402a8838:   00007fc84c219676 0000000000000000
0x00007fc8402a8848:   00007fc84c200b36 00007fc8402a88a0
0x00007fc8402a8858:   00007fc84c07f2ac 00007fc8402a8900
0x00007fc8402a8868:   00000000ec50d6c0 00000000ec4ca880
0x00007fc8402a8878:   0000000000000001 00007fc8402a8900
0x00007fc8402a8888:   00007fc84bf727d0 00007fc8402a8900
0x00007fc8402a8898:   00007fc84bf727d0 0000000000000000
0x00007fc8402a88a8:   00007fc84bf72b10 00007fc808003130
0x00007fc8402a88b8:   00000000ec537ea0 00007fc8402a88c0
0x00007fc8402a88c8:   00007fc8493c374c 00007fc8402a8948
0x00007fc8402a88d8:   00007fc8493cc6f0 0000000000000000
0x00007fc8402a88e8:   00007fc8493c3888 00007fc8402a88a0
0x00007fc8402a88f8:   00007fc8402a8940 00007fc8402a8990
0x00007fc8402a8908:   00007fc84bf72ffd 0000000000000000
0x00007fc8402a8918:   00000000ec822b38 0000000000000000
0x00007fc8402a8928:   0000000000000000 0000000000000000
0x00007fc8402a8938:   00000000ec537ea0 0000000000000000
0x00007fc8402a8948:   00000000ec50e260 00007fc8402a8950
0x00007fc8402a8958:   00007fc8493c358d 00007fc8402a89a0
0x00007fc8402a8968:   00007fc8493cc6f0 0000000000000000
0x00007fc8402a8978:   00007fc8493c3598 00007fc8402a8940
0x00007fc8402a8988:   00007fc8402a89a0 00007fc8402a89e8
0x00007fc8402a8998:   00007fc84bf73042 00000000ec50e260
0x00007fc8402a89a8:   00007fc8402a89a8 00007fc848df053b
0x00007fc8402a89b8:   00007fc8402a89f8 00007fc848e77f88 

Instructions: (pc=0x00007fc84bfd49fa)
0x00007fc84bfd49da:   00 00 00 00 00 00 44 8b 15 6d b0 a2 15 4c 8b ce
0x00007fc84bfd49ea:   41 f6 c2 01 0f 85 2e 00 00 00 4d 33 ca 4d 33 ca
0x00007fc84bfd49fa:   4d 8b 09 4c 8b da 49 c1 eb 02 4b 8b 04 19 49 bb
0x00007fc84bfd4a0a:   54 fa 9f 61 c8 7f 00 00 4c 33 d8 4c 33 d8 45 3b 

Register to memory mapping:

RAX=0x00007fc8619d2f40: <offset 0xf33f40> in /usr/lib/jvm/java-8-openjdk-amd64/jre/lib/amd64/server/libjvm.so at 0x00007fc860a9f000
RBX=0x00007fc85c2b79e0 is an unknown value
RCX=0x0000000000000000 is an unknown value
RDX=0x0000000000000042 is an unknown value
RSP=0x00007fc8402a87c8 is pointing into the stack for thread: 0x00007fc85c2b7800
RBP=0x00007fc8402a87f0 is pointing into the stack for thread: 0x00007fc85c2b7800
RSI=0x0000000000000000 is an unknown value
RDI=0x00007fc85c2b79e0 is an unknown value
R8 =0x00000000ec358550 is an oop
sun.util.logging.PlatformLogger$Level 
 - klass: 'sun/util/logging/PlatformLogger$Level'
R9 =0x0000000000000000 is an unknown value
R10=0x0000000000000028 is an unknown value
R11=0x00007fc84c2195d8 is at entry_point+24 in (nmethod*)0x00007fc84c219450
R12=0x00007fc7e80191c0 is an unknown value
R13=0x0000000000000000 is an unknown value
R14=0x00007fc8424feb00: <offset 0x257b00> in /usr/lib/jvm/java-8-openjdk-amd64/jre/lib/amd64/libawt_xawt.so at 0x00007fc8422a7000
R15=0x00007fc85c2b7800 is a thread


Stack: [0x00007fc8401a9000,0x00007fc8402aa000],  sp=0x00007fc8402a87c8,  free space=1021k
Native frames: (J=compiled Java code, j=interpreted, Vv=VM code, C=native code)
v  ~BufferBlob::jni_fast_GetLongField
C  [libX11.so.6+0x64300]  _XimServerDestroy+0x70

Java frames: (J=compiled Java code, j=interpreted, Vv=VM code)
J 774  sun.awt.X11.XlibWrapper.XFilterEvent(JJ)Z (0 bytes) @ 0x00007fc84c219604 [0x00007fc84c2195c0+0x44]
j  sun.awt.X11.XToolkit.run(Z)V+300
j  sun.awt.X11.XToolkit.run()V+5
j  java.lang.Thread.run()V+11
v  ~StubRoutines::call_stub

---------------  P R O C E S S  ---------------

Java Threads: ( => current thread )
  0x00007fc7fc001800 JavaThread "XToolkt-Shutdown-Thread" [_thread_new, id=2773, stack(0x0000000000000000,0x0000000000000000)]
  0x00007fc81c003000 JavaThread "SIGTERM handler" daemon [_thread_blocked, id=2762, stack(0x00007fc801216000,0x00007fc801317000)]
  0x00007fc81c002000 JavaThread "SIGHUP handler" daemon [_thread_blocked, id=2740, stack(0x00007fc801317000,0x00007fc801418000)]
  0x00007fc81c001000 JavaThread "SIGHUP handler" daemon [_thread_blocked, id=2736, stack(0x00007fc8400a8000,0x00007fc8401a9000)]
  0x00007fc85c00b800 JavaThread "DestroyJavaVM" [_thread_blocked, id=6566, stack(0x00007fc862761000,0x00007fc862861000)]
  0x00007fc7f8003800 JavaThread "Thread-0" daemon [_thread_in_native, id=6590, stack(0x00007fc802040000,0x00007fc802840000)]
  0x00007fc85c37c000 JavaThread "AWT-EventQueue-1" [_thread_blocked, id=6593, stack(0x00007fc801618000,0x00007fc801719000)]
  0x00007fc85c37a800 JavaThread "AWT-Shutdown" [_thread_blocked, id=6592, stack(0x00007fc801719000,0x00007fc80181a000)]
=>0x00007fc85c2b7800 JavaThread "AWT-XAWT" daemon [_thread_in_native, id=6587, stack(0x00007fc8401a9000,0x00007fc8402aa000)]
  0x00007fc85c296000 JavaThread "Java2D Disposer" daemon [_thread_blocked, id=6586, stack(0x00007fc8406ba000,0x00007fc8407bb000)]
  0x00007fc85c0c1000 JavaThread "Service Thread" daemon [_thread_blocked, id=6583, stack(0x00007fc8428d0000,0x00007fc8429d1000)]
  0x00007fc85c0bd800 JavaThread "C1 CompilerThread2" daemon [_thread_blocked, id=6582, stack(0x00007fc8429d2000,0x00007fc842ad2000)]
  0x00007fc85c0bc000 JavaThread "C2 CompilerThread1" daemon [_thread_blocked, id=6581, stack(0x00007fc842ad3000,0x00007fc842bd3000)]
  0x00007fc85c0b9800 JavaThread "C2 CompilerThread0" daemon [_thread_blocked, id=6580, stack(0x00007fc842bd4000,0x00007fc842cd4000)]
  0x00007fc85c0b8000 JavaThread "Signal Dispatcher" daemon [_thread_blocked, id=6579, stack(0x00007fc842cd4000,0x00007fc842dd5000)]
  0x00007fc85c085800 JavaThread "Finalizer" daemon [_thread_blocked, id=6578, stack(0x00007fc8437f8000,0x00007fc8438f9000)]
  0x00007fc85c081000 JavaThread "Reference Handler" daemon [_thread_blocked, id=6577, stack(0x00007fc8438f9000,0x00007fc8439fa000)]

Other Threads:
  0x00007fc85c079800 VMThread [stack: 0x00007fc8439fb000,0x00007fc843afb000] [id=6576]
  0x00007fc85c0c3800 WatcherThread [stack: 0x00007fc8427d0000,0x00007fc8428d0000] [id=6584]

VM state:not at safepoint (normal execution)

VM Mutex/Monitor currently owned by a thread: None

Heap:
 PSYoungGen      total 18432K, used 10814K [0x00000000ebf00000, 0x00000000ed380000, 0x0000000100000000)
  eden space 15872K, 68% used [0x00000000ebf00000,0x00000000ec98f870,0x00000000ece80000)
  from space 2560K, 0% used [0x00000000ed100000,0x00000000ed100000,0x00000000ed380000)
  to   space 2560K, 0% used [0x00000000ece80000,0x00000000ece80000,0x00000000ed100000)
 ParOldGen       total 42496K, used 0K [0x00000000c3c00000, 0x00000000c6580000, 0x00000000ebf00000)
  object space 42496K, 0% used [0x00000000c3c00000,0x00000000c3c00000,0x00000000c6580000)
 Metaspace       used 12529K, capacity 12760K, committed 13056K, reserved 1060864K
  class space    used 1419K, capacity 1505K, committed 1536K, reserved 1048576K

Card table byte_map: [0x00007fc84b9c8000,0x00007fc84bbab000] byte_map_base: 0x00007fc84b3aa000

Marking Bits: (ParMarkBitMap*) 0x00007fc8619ff140
 Begin Bits: [0x00007fc8497a4000, 0x00007fc84a6b4000)
 End Bits:   [0x00007fc84a6b4000, 0x00007fc84b5c4000)

Polling page: 0x00007fc862880000

CodeCache: size=245760Kb used=2915Kb max_used=2915Kb free=242844Kb
 bounds [0x00007fc84bf6b000, 0x00007fc84c24b000, 0x00007fc85af6b000]
 total_blobs=1379 nmethods=798 adapters=496
 compilation: enabled

Compilation events (10 events):
Event: 10369.541 Thread 0x00007fc85c0bd800  794       3       sun.awt.XSettings$Update::getCARD32 (10 bytes)
Event: 10369.541 Thread 0x00007fc85c0bd800 nmethod 794 0x00007fc84c2411d0 code [0x00007fc84c241340, 0x00007fc84c2414e8]
Event: 14569.288 Thread 0x00007fc85c0b9800  795       4       java.lang.Long::compareTo (9 bytes)
Event: 14569.291 Thread 0x00007fc85c0b9800 nmethod 795 0x00007fc84c23c250 code [0x00007fc84c23c3a0, 0x00007fc84c23c458]
Event: 18984.949 Thread 0x00007fc85c0bd800  796       3       sun.awt.XSettings$Update::updateOne (322 bytes)
Event: 18985.005 Thread 0x00007fc85c0bd800 nmethod 796 0x00007fc84c244250 code [0x00007fc84c244640, 0x00007fc84c246228]
Event: 18985.005 Thread 0x00007fc85c0bd800  797       3       sun.awt.XSettings$Update::getCARD16 (97 bytes)
Event: 18985.006 Thread 0x00007fc85c0bd800 nmethod 797 0x00007fc84c243c90 code [0x00007fc84c243e20, 0x00007fc84c2440c8]
Event: 18989.735 Thread 0x00007fc85c0bd800  798       3       sun.awt.AWTAutoShutdown::getInstance (4 bytes)
Event: 18989.746 Thread 0x00007fc85c0bd800 nmethod 798 0x00007fc84c243990 code [0x00007fc84c243ae0, 0x00007fc84c243c10]

GC Heap History (0 events):
No events

Deoptimization events (6 events):
Event: 0.483 Thread 0x00007fc85c00b800 Uncommon trap: reason=unstable_if action=reinterpret pc=0x00007fc84c1050e8 method=java.lang.String.<init>([CII)V @ 18
Event: 0.930 Thread 0x00007fc85c00b800 Uncommon trap: reason=unstable_if action=reinterpret pc=0x00007fc84c0fba7c method=java.lang.AbstractStringBuilder.append(Ljava/lang/String;)Ljava/lang/AbstractStringBuilder; @ 1
Event: 0.937 Thread 0x00007fc85c00b800 Uncommon trap: reason=unstable_if action=reinterpret pc=0x00007fc84c0ed5ac method=java.lang.AbstractStringBuilder.append(Ljava/lang/String;)Ljava/lang/AbstractStringBuilder; @ 1
Event: 3.136 Thread 0x00007fc85c37c000 Uncommon trap: reason=class_check action=maybe_recompile pc=0x00007fc84c15925c method=java.lang.String.equals(Ljava/lang/Object;)Z @ 8
Event: 3.136 Thread 0x00007fc85c37c000 Uncommon trap: reason=class_check action=maybe_recompile pc=0x00007fc84c15925c method=java.lang.String.equals(Ljava/lang/Object;)Z @ 8
Event: 3.136 Thread 0x00007fc85c37c000 Uncommon trap: reason=class_check action=maybe_recompile pc=0x00007fc84c15925c method=java.lang.String.equals(Ljava/lang/Object;)Z @ 8

Classes redefined (0 events):
No events

Internal exceptions (10 events):
Event: 0.239 Thread 0x00007fc85c00b800 Exception <a 'java/security/PrivilegedActionException'> (0x00000000ec06fb90) thrown at [/build/openjdk-8-TuolsG/openjdk-8-8u171-b11/src/hotspot/src/share/vm/prims/jvm.cpp, line 1435]
Event: 0.239 Thread 0x00007fc85c00b800 Exception <a 'java/security/PrivilegedActionException'> (0x00000000ec070850) thrown at [/build/openjdk-8-TuolsG/openjdk-8-8u171-b11/src/hotspot/src/share/vm/prims/jvm.cpp, line 1435]
Event: 0.239 Thread 0x00007fc85c00b800 Exception <a 'java/security/PrivilegedActionException'> (0x00000000ec070c48) thrown at [/build/openjdk-8-TuolsG/openjdk-8-8u171-b11/src/hotspot/src/share/vm/prims/jvm.cpp, line 1435]
Event: 0.592 Thread 0x00007fc85c00b800 Exception <a 'java/lang/NoSuchFieldError': method resolution failed> (0x00000000ec4297f8) thrown at [/build/openjdk-8-TuolsG/openjdk-8-8u171-b11/src/hotspot/src/share/vm/prims/methodHandles.cpp, line 1167]
Event: 0.603 Thread 0x00007fc85c00b800 Exception <a 'java/lang/NoSuchFieldError': method resolution failed> (0x00000000ec436f38) thrown at [/build/openjdk-8-TuolsG/openjdk-8-8u171-b11/src/hotspot/src/share/vm/prims/methodHandles.cpp, line 1167]
Event: 0.685 Thread 0x00007fc85c00b800 Exception <a 'java/io/FileNotFoundException'> (0x00000000ec4b5298) thrown at [/build/openjdk-8-TuolsG/openjdk-8-8u171-b11/src/hotspot/src/share/vm/prims/jni.cpp, line 709]
Event: 0.729 Thread 0x00007fc85c00b800 Exception <a 'java/lang/ClassNotFoundException': sun/dc/DuctusRenderingEngine> (0x00000000ec4d0448) thrown at [/build/openjdk-8-TuolsG/openjdk-8-8u171-b11/src/hotspot/src/share/vm/classfile/systemDictionary.cpp, line 210]
Event: 0.930 Thread 0x00007fc85c00b800 Implicit null exception at 0x00007fc84c0fb6b5 to 0x00007fc84c0fba69
Event: 0.937 Thread 0x00007fc85c00b800 Implicit null exception at 0x00007fc84c0ed1b5 to 0x00007fc84c0ed599
Event: 1.300 Thread 0x00007fc85c37c000 Exception <a 'java/lang/UnsupportedOperationException': > (0x00000000ec7dd4b0) thrown at [/build/openjdk-8-TuolsG/openjdk-8-8u171-b11/src/hotspot/src/share/vm/prims/jni.cpp, line 735]

Events (10 events):
Event: 9590.939 loading class sun/awt/X11/XkbEvent done
Event: 9590.939 loading class sun/awt/X11/XkbAnyEvent
Event: 9590.940 loading class sun/awt/X11/XkbAnyEvent done
Event: 22659.446 loading class sun/misc/Signal$1
Event: 22659.508 loading class sun/awt/X11/XDestroyWindowEvent
Event: 22659.546 loading class sun/misc/Signal$1 done
Event: 22659.572 Thread 0x00007fc81c001000 Thread added: 0x00007fc81c001000
Event: 22659.591 Thread 0x00007fc81c002000 Thread added: 0x00007fc81c002000
Event: 22659.647 Thread 0x00007fc81c003000 Thread added: 0x00007fc81c003000
Event: 22659.674 loading class sun/awt/X11/XDestroyWindowEvent done


Dynamic libraries:
c3c00000-c6580000 rw-p 00000000 00:00 0 
c6580000-ebf00000 ---p 00000000 00:00 0 
ebf00000-ed380000 rw-p 00000000 00:00 0 
ed380000-100000000 ---p 00000000 00:00 0 
100000000-100180000 rw-p 00000000 00:00 0 
100180000-140000000 ---p 00000000 00:00 0 
5609e3ba4000-5609e3ba5000 r-xp 00000000 08:02 3281363                    /usr/lib/jvm/java-8-openjdk-amd64/jre/bin/java
5609e3da4000-5609e3da5000 r--p 00000000 08:02 3281363                    /usr/lib/jvm/java-8-openjdk-amd64/jre/bin/java
5609e3da5000-5609e3da6000 rw-p 00001000 08:02 3281363                    /usr/lib/jvm/java-8-openjdk-amd64/jre/bin/java
5609e52a8000-5609e52c9000 rw-p 00000000 00:00 0                          [heap]
7fc7e0000000-7fc7e0021000 rw-p 00000000 00:00 0 
7fc7e0021000-7fc7e4000000 ---p 00000000 00:00 0 
7fc7e8000000-7fc7e8028000 rw-p 00000000 00:00 0 
7fc7e8028000-7fc7ec000000 ---p 00000000 00:00 0 
7fc7ec000000-7fc7ec021000 rw-p 00000000 00:00 0 
7fc7ec021000-7fc7f0000000 ---p 00000000 00:00 0 
7fc7f0000000-7fc7f0021000 rw-p 00000000 00:00 0 
7fc7f0021000-7fc7f4000000 ---p 00000000 00:00 0 
7fc7f4000000-7fc7f4021000 rw-p 00000000 00:00 0 
7fc7f4021000-7fc7f8000000 ---p 00000000 00:00 0 
7fc7f8000000-7fc7f8021000 rw-p 00000000 00:00 0 
7fc7f8021000-7fc7fc000000 ---p 00000000 00:00 0 
7fc7fc000000-7fc7fc021000 rw-p 00000000 00:00 0 
7fc7fc021000-7fc800000000 ---p 00000000 00:00 0 
7fc801115000-7fc801118000 ---p 00000000 00:00 0 
7fc801118000-7fc801216000 rw-p 00000000 00:00 0 
7fc801216000-7fc801219000 ---p 00000000 00:00 0 
7fc801219000-7fc801317000 rw-p 00000000 00:00 0 
7fc801317000-7fc80131a000 ---p 00000000 00:00 0 
7fc80131a000-7fc801558000 rw-p 00000000 00:00 0 
7fc801558000-7fc801618000 ---p 00000000 00:00 0 
7fc801618000-7fc80161b000 ---p 00000000 00:00 0 
7fc80161b000-7fc801719000 rw-p 00000000 00:00 0 
7fc801719000-7fc80171c000 ---p 00000000 00:00 0 
7fc80171c000-7fc80181a000 rw-p 00000000 00:00 0 
7fc80181a000-7fc801831000 r-xp 00000000 08:02 529300                     /lib/x86_64-linux-gnu/libresolv-2.27.so
7fc801831000-7fc801a31000 ---p 00017000 08:02 529300                     /lib/x86_64-linux-gnu/libresolv-2.27.so
7fc801a31000-7fc801a32000 r--p 00017000 08:02 529300                     /lib/x86_64-linux-gnu/libresolv-2.27.so
7fc801a32000-7fc801a33000 rw-p 00018000 08:02 529300                     /lib/x86_64-linux-gnu/libresolv-2.27.so
7fc801a33000-7fc801a35000 rw-p 00000000 00:00 0 
7fc801a35000-7fc801a3a000 r-xp 00000000 08:02 529249                     /lib/x86_64-linux-gnu/libnss_dns-2.27.so
7fc801a3a000-7fc801c3a000 ---p 00005000 08:02 529249                     /lib/x86_64-linux-gnu/libnss_dns-2.27.so
7fc801c3a000-7fc801c3b000 r--p 00005000 08:02 529249                     /lib/x86_64-linux-gnu/libnss_dns-2.27.so
7fc801c3b000-7fc801c3c000 rw-p 00006000 08:02 529249                     /lib/x86_64-linux-gnu/libnss_dns-2.27.so
7fc801c3c000-7fc801c3e000 r-xp 00000000 08:02 529257                     /lib/x86_64-linux-gnu/libnss_mdns4_minimal.so.2
7fc801c3e000-7fc801e3d000 ---p 00002000 08:02 529257                     /lib/x86_64-linux-gnu/libnss_mdns4_minimal.so.2
7fc801e3d000-7fc801e3e000 r--p 00001000 08:02 529257                     /lib/x86_64-linux-gnu/libnss_mdns4_minimal.so.2
7fc801e3e000-7fc801e3f000 rw-p 00002000 08:02 529257                     /lib/x86_64-linux-gnu/libnss_mdns4_minimal.so.2
7fc801e3f000-7fc80203f000 rw-p 00000000 00:00 0 
7fc80203f000-7fc802040000 ---p 00000000 00:00 0 
7fc802040000-7fc802043000 ---p 00000000 00:00 0 
7fc802043000-7fc802840000 rw-p 00000000 00:00 0 
7fc802840000-7fc802849000 r-xp 00000000 08:02 3542981                    /usr/lib/jvm/java-8-openjdk-amd64/jre/lib/amd64/libmanagement.so
7fc802849000-7fc802a48000 ---p 00009000 08:02 3542981                    /usr/lib/jvm/java-8-openjdk-amd64/jre/lib/amd64/libmanagement.so
7fc802a48000-7fc802a49000 r--p 00008000 08:02 3542981                    /usr/lib/jvm/java-8-openjdk-amd64/jre/lib/amd64/libmanagement.so
7fc802a49000-7fc802a4a000 rw-p 00009000 08:02 3542981                    /usr/lib/jvm/java-8-openjdk-amd64/jre/lib/amd64/libmanagement.so
7fc802a4a000-7fc802a5e000 r-xp 00000000 08:02 529202                     /lib/x86_64-linux-gnu/libgpg-error.so.0.22.0
7fc802a5e000-7fc802c5d000 ---p 00014000 08:02 529202                     /lib/x86_64-linux-gnu/libgpg-error.so.0.22.0
7fc802c5d000-7fc802c5e000 r--p 00013000 08:02 529202                     /lib/x86_64-linux-gnu/libgpg-error.so.0.22.0
7fc802c5e000-7fc802c5f000 rw-p 00014000 08:02 529202                     /lib/x86_64-linux-gnu/libgpg-error.so.0.22.0
7fc802c5f000-7fc802d73000 r-xp 00000000 08:02 524369                     /lib/x86_64-linux-gnu/libgcrypt.so.20.2.1
7fc802d73000-7fc802f72000 ---p 00114000 08:02 524369                     /lib/x86_64-linux-gnu/libgcrypt.so.20.2.1
7fc802f72000-7fc802f74000 r--p 00113000 08:02 524369                     /lib/x86_64-linux-gnu/libgcrypt.so.20.2.1
7fc802f74000-7fc802f79000 rw-p 00115000 08:02 524369                     /lib/x86_64-linux-gnu/libgcrypt.so.20.2.1
7fc802f79000-7fc802f7a000 rw-p 00000000 00:00 0 
7fc802f7a000-7fc802f95000 r-xp 00000000 08:02 1057279                    /usr/lib/x86_64-linux-gnu/liblz4.so.1.7.1
7fc802f95000-7fc803194000 ---p 0001b000 08:02 1057279                    /usr/lib/x86_64-linux-gnu/liblz4.so.1.7.1
7fc803194000-7fc803195000 r--p 0001a000 08:02 1057279                    /usr/lib/x86_64-linux-gnu/liblz4.so.1.7.1
7fc803195000-7fc803196000 rw-p 0001b000 08:02 1057279                    /usr/lib/x86_64-linux-gnu/liblz4.so.1.7.1
7fc803196000-7fc8031ba000 r-xp 00000000 08:02 529221                     /lib/x86_64-linux-gnu/liblzma.so.5.2.2
7fc8031ba000-7fc8033ba000 ---p 00024000 08:02 529221                     /lib/x86_64-linux-gnu/liblzma.so.5.2.2
7fc8033ba000-7fc8033bb000 r--p 00024000 08:02 529221                     /lib/x86_64-linux-gnu/liblzma.so.5.2.2
7fc8033bb000-7fc8033bc000 rw-p 00025000 08:02 529221                     /lib/x86_64-linux-gnu/liblzma.so.5.2.2
7fc8033bc000-7fc80343c000 r-xp 00000000 08:02 529315                     /lib/x86_64-linux-gnu/libsystemd.so.0.21.0
7fc80343c000-7fc80363b000 ---p 00080000 08:02 529315                     /lib/x86_64-linux-gnu/libsystemd.so.0.21.0
7fc80363b000-7fc80363e000 r--p 0007f000 08:02 529315                     /lib/x86_64-linux-gnu/libsystemd.so.0.21.0
7fc80363e000-7fc80363f000 rw-p 00082000 08:02 529315                     /lib/x86_64-linux-gnu/libsystemd.so.0.21.0
7fc80363f000-7fc803640000 rw-p 00000000 00:00 0 
7fc803640000-7fc8036b0000 r-xp 00000000 08:02 529283                     /lib/x86_64-linux-gnu/libpcre.so.3.13.3
7fc8036b0000-7fc8038b0000 ---p 00070000 08:02 529283                     /lib/x86_64-linux-gnu/libpcre.so.3.13.3
7fc8038b0000-7fc8038b1000 r--p 00070000 08:02 529283                     /lib/x86_64-linux-gnu/libpcre.so.3.13.3
7fc8038b1000-7fc8038b2000 rw-p 00071000 08:02 529283                     /lib/x86_64-linux-gnu/libpcre.so.3.13.3
7fc8038b2000-7fc8038b9000 r-xp 00000000 08:02 1056913                    /usr/lib/x86_64-linux-gnu/libffi.so.6.0.4
7fc8038b9000-7fc803ab8000 ---p 00007000 08:02 1056913                    /usr/lib/x86_64-linux-gnu/libffi.so.6.0.4
7fc803ab8000-7fc803ab9000 r--p 00006000 08:02 1056913                    /usr/lib/x86_64-linux-gnu/libffi.so.6.0.4
7fc803ab9000-7fc803aba000 rw-p 00007000 08:02 1056913                    /usr/lib/x86_64-linux-gnu/libffi.so.6.0.4
7fc803aba000-7fc803ae6000 r-xp 00000000 08:02 1056661                    /usr/lib/x86_64-linux-gnu/libatspi.so.0.0.1
7fc803ae6000-7fc803ce6000 ---p 0002c000 08:02 1056661                    /usr/lib/x86_64-linux-gnu/libatspi.so.0.0.1
7fc803ce6000-7fc803ce9000 r--p 0002c000 08:02 1056661                    /usr/lib/x86_64-linux-gnu/libatspi.so.0.0.1
7fc803ce9000-7fc803cea000 rw-p 0002f000 08:02 1056661                    /usr/lib/x86_64-linux-gnu/libatspi.so.0.0.1
7fc803cea000-7fc803dfd000 r-xp 00000000 08:02 1057007                    /usr/lib/x86_64-linux-gnu/libglib-2.0.so.0.5600.1
7fc803dfd000-7fc803ffd000 ---p 00113000 08:02 1057007                    /usr/lib/x86_64-linux-gnu/libglib-2.0.so.0.5600.1
7fc803ffd000-7fc803ffe000 r--p 00113000 08:02 1057007                    /usr/lib/x86_64-linux-gnu/libglib-2.0.so.0.5600.1
7fc803ffe000-7fc803fff000 rw-p 00114000 08:02 1057007                    /usr/lib/x86_64-linux-gnu/libglib-2.0.so.0.5600.1
7fc803fff000-7fc804000000 rw-p 00000000 00:00 0 
7fc804000000-7fc804021000 rw-p 00000000 00:00 0 
7fc804021000-7fc808000000 ---p 00000000 00:00 0 
7fc808000000-7fc808021000 rw-p 00000000 00:00 0 
7fc808021000-7fc80c000000 ---p 00000000 00:00 0 
7fc80c000000-7fc80c021000 rw-p 00000000 00:00 0 
7fc80c021000-7fc810000000 ---p 00000000 00:00 0 
7fc810000000-7fc810021000 rw-p 00000000 00:00 0 
7fc810021000-7fc814000000 ---p 00000000 00:00 0 
7fc814000000-7fc8140ee000 rw-p 00000000 00:00 0 
7fc8140ee000-7fc818000000 ---p 00000000 00:00 0 
7fc818000000-7fc8184f8000 rw-p 00000000 00:00 0 
7fc8184f8000-7fc81c000000 ---p 00000000 00:00 0 
7fc81c000000-7fc81c021000 rw-p 00000000 00:00 0 
7fc81c021000-7fc820000000 ---p 00000000 00:00 0 
7fc820000000-7fc8200f7000 rw-p 00000000 00:00 0 
7fc8200f7000-7fc824000000 ---p 00000000 00:00 0 
7fc824000000-7fc824021000 rw-p 00000000 00:00 0 
7fc824021000-7fc828000000 ---p 00000000 00:00 0 
7fc828000000-7fc828021000 rw-p 00000000 00:00 0 
7fc828021000-7fc82c000000 ---p 00000000 00:00 0 
7fc82c000000-7fc82c021000 rw-p 00000000 00:00 0 
7fc82c021000-7fc830000000 ---p 00000000 00:00 0 
7fc830000000-7fc830021000 rw-p 00000000 00:00 0 
7fc830021000-7fc834000000 ---p 00000000 00:00 0 
7fc834000000-7fc834021000 rw-p 00000000 00:00 0 
7fc834021000-7fc838000000 ---p 00000000 00:00 0 
7fc8380c3000-7fc83810e000 r-xp 00000000 08:02 529176                     /lib/x86_64-linux-gnu/libdbus-1.so.3.19.4
7fc83810e000-7fc83830e000 ---p 0004b000 08:02 529176                     /lib/x86_64-linux-gnu/libdbus-1.so.3.19.4
7fc83830e000-7fc83830f000 r--p 0004b000 08:02 529176                     /lib/x86_64-linux-gnu/libdbus-1.so.3.19.4
7fc83830f000-7fc838310000 rw-p 0004c000 08:02 529176                     /lib/x86_64-linux-gnu/libdbus-1.so.3.19.4
7fc838310000-7fc838362000 r-xp 00000000 08:02 1057035                    /usr/lib/x86_64-linux-gnu/libgobject-2.0.so.0.5600.1
7fc838362000-7fc838562000 ---p 00052000 08:02 1057035                    /usr/lib/x86_64-linux-gnu/libgobject-2.0.so.0.5600.1
7fc838562000-7fc838563000 r--p 00052000 08:02 1057035                    /usr/lib/x86_64-linux-gnu/libgobject-2.0.so.0.5600.1
7fc838563000-7fc838564000 rw-p 00053000 08:02 1057035                    /usr/lib/x86_64-linux-gnu/libgobject-2.0.so.0.5600.1
7fc838564000-7fc838592000 r-xp 00000000 08:02 1056659                    /usr/lib/x86_64-linux-gnu/libatk-bridge-2.0.so.0.0.0
7fc838592000-7fc838792000 ---p 0002e000 08:02 1056659                    /usr/lib/x86_64-linux-gnu/libatk-bridge-2.0.so.0.0.0
7fc838792000-7fc838793000 r--p 0002e000 08:02 1056659                    /usr/lib/x86_64-linux-gnu/libatk-bridge-2.0.so.0.0.0
7fc838793000-7fc838794000 rw-p 0002f000 08:02 1056659                    /usr/lib/x86_64-linux-gnu/libatk-bridge-2.0.so.0.0.0
7fc838794000-7fc838795000 rw-p 00000000 00:00 0 
7fc838795000-7fc8387b7000 r-xp 00000000 08:02 1056657                    /usr/lib/x86_64-linux-gnu/libatk-1.0.so.0.22810.1
7fc8387b7000-7fc8389b7000 ---p 00022000 08:02 1056657                    /usr/lib/x86_64-linux-gnu/libatk-1.0.so.0.22810.1
7fc8389b7000-7fc8389ba000 r--p 00022000 08:02 1056657                    /usr/lib/x86_64-linux-gnu/libatk-1.0.so.0.22810.1
7fc8389ba000-7fc8389bb000 rw-p 00025000 08:02 1056657                    /usr/lib/x86_64-linux-gnu/libatk-1.0.so.0.22810.1
7fc8389bb000-7fc8389d2000 r-xp 00000000 08:02 4196128                    /usr/lib/x86_64-linux-gnu/jni/libatk-wrapper.so.6.0.0
7fc8389d2000-7fc838bd2000 ---p 00017000 08:02 4196128                    /usr/lib/x86_64-linux-gnu/jni/libatk-wrapper.so.6.0.0
7fc838bd2000-7fc838bd3000 r--p 00017000 08:02 4196128                    /usr/lib/x86_64-linux-gnu/jni/libatk-wrapper.so.6.0.0
7fc838bd3000-7fc838bd4000 rw-p 00018000 08:02 4196128                    /usr/lib/x86_64-linux-gnu/jni/libatk-wrapper.so.6.0.0
7fc838bd4000-7fc83bbd5000 rw-p 00000000 00:00 0 
7fc83bbd5000-7fc83bbeb000 r-xp 00000000 08:02 3542983                    /usr/lib/jvm/java-8-openjdk-amd64/jre/lib/amd64/libnet.so
7fc83bbeb000-7fc83bdeb000 ---p 00016000 08:02 3542983                    /usr/lib/jvm/java-8-openjdk-amd64/jre/lib/amd64/libnet.so
7fc83bdeb000-7fc83bdec000 r--p 00016000 08:02 3542983                    /usr/lib/jvm/java-8-openjdk-amd64/jre/lib/amd64/libnet.so
7fc83bdec000-7fc83bded000 rw-p 00017000 08:02 3542983                    /usr/lib/jvm/java-8-openjdk-amd64/jre/lib/amd64/libnet.so
7fc83bded000-7fc83bdfe000 r-xp 00000000 08:02 3542984                    /usr/lib/jvm/java-8-openjdk-amd64/jre/lib/amd64/libnio.so
7fc83bdfe000-7fc83bffe000 ---p 00011000 08:02 3542984                    /usr/lib/jvm/java-8-openjdk-amd64/jre/lib/amd64/libnio.so
7fc83bffe000-7fc83bfff000 r--p 00011000 08:02 3542984                    /usr/lib/jvm/java-8-openjdk-amd64/jre/lib/amd64/libnio.so
7fc83bfff000-7fc83c000000 rw-p 00012000 08:02 3542984                    /usr/lib/jvm/java-8-openjdk-amd64/jre/lib/amd64/libnio.so
7fc83c000000-7fc83c021000 rw-p 00000000 00:00 0 
7fc83c021000-7fc840000000 ---p 00000000 00:00 0 
7fc8400a8000-7fc8400ab000 ---p 00000000 00:00 0 
7fc8400ab000-7fc8401a9000 rw-p 00000000 00:00 0 
7fc8401a9000-7fc8401ac000 ---p 00000000 00:00 0 
7fc8401ac000-7fc8402aa000 rw-p 00000000 00:00 0 
7fc8402aa000-7fc8402af000 r-xp 00000000 08:02 1056586                    /usr/lib/x86_64-linux-gnu/libXfixes.so.3.1.0
7fc8402af000-7fc8404ae000 ---p 00005000 08:02 1056586                    /usr/lib/x86_64-linux-gnu/libXfixes.so.3.1.0
7fc8404ae000-7fc8404af000 r--p 00004000 08:02 1056586                    /usr/lib/x86_64-linux-gnu/libXfixes.so.3.1.0
7fc8404af000-7fc8404b0000 rw-p 00005000 08:02 1056586                    /usr/lib/x86_64-linux-gnu/libXfixes.so.3.1.0
7fc8404b0000-7fc8404b9000 r-xp 00000000 08:02 1056578                    /usr/lib/x86_64-linux-gnu/libXcursor.so.1.0.2
7fc8404b9000-7fc8406b8000 ---p 00009000 08:02 1056578                    /usr/lib/x86_64-linux-gnu/libXcursor.so.1.0.2
7fc8406b8000-7fc8406b9000 r--p 00008000 08:02 1056578                    /usr/lib/x86_64-linux-gnu/libXcursor.so.1.0.2
7fc8406b9000-7fc8406ba000 rw-p 00009000 08:02 1056578                    /usr/lib/x86_64-linux-gnu/libXcursor.so.1.0.2
7fc8406ba000-7fc8406bd000 ---p 00000000 00:00 0 
7fc8406bd000-7fc8407bb000 rw-p 00000000 00:00 0 
7fc8407bb000-7fc8407ec000 r-xp 00000000 08:02 1048957                    /usr/lib/x86_64-linux-gnu/libpng16.so.16.34.0
7fc8407ec000-7fc8409eb000 ---p 00031000 08:02 1048957                    /usr/lib/x86_64-linux-gnu/libpng16.so.16.34.0
7fc8409eb000-7fc8409ec000 r--p 00030000 08:02 1048957                    /usr/lib/x86_64-linux-gnu/libpng16.so.16.34.0
7fc8409ec000-7fc8409ed000 rw-p 00031000 08:02 1048957                    /usr/lib/x86_64-linux-gnu/libpng16.so.16.34.0
7fc8409ed000-7fc840a9a000 r-xp 00000000 08:02 1056945                    /usr/lib/x86_64-linux-gnu/libfreetype.so.6.15.0
7fc840a9a000-7fc840c99000 ---p 000ad000 08:02 1056945                    /usr/lib/x86_64-linux-gnu/libfreetype.so.6.15.0
7fc840c99000-7fc840ca0000 r--p 000ac000 08:02 1056945                    /usr/lib/x86_64-linux-gnu/libfreetype.so.6.15.0
7fc840ca0000-7fc840ca1000 rw-p 000b3000 08:02 1056945                    /usr/lib/x86_64-linux-gnu/libfreetype.so.6.15.0
7fc840ca1000-7fc840cf2000 r-xp 00000000 08:02 3542965                    /usr/lib/jvm/java-8-openjdk-amd64/jre/lib/amd64/libfontmanager.so
7fc840cf2000-7fc840ef2000 ---p 00051000 08:02 3542965                    /usr/lib/jvm/java-8-openjdk-amd64/jre/lib/amd64/libfontmanager.so
7fc840ef2000-7fc840ef4000 r--p 00051000 08:02 3542965                    /usr/lib/jvm/java-8-openjdk-amd64/jre/lib/amd64/libfontmanager.so
7fc840ef4000-7fc840ef5000 rw-p 00053000 08:02 3542965                    /usr/lib/jvm/java-8-openjdk-amd64/jre/lib/amd64/libfontmanager.so
7fc840ef5000-7fc840f08000 r-xp 00000000 08:02 529157                     /lib/x86_64-linux-gnu/libbsd.so.0.8.7
7fc840f08000-7fc841107000 ---p 00013000 08:02 529157                     /lib/x86_64-linux-gnu/libbsd.so.0.8.7
7fc841107000-7fc841108000 r--p 00012000 08:02 529157                     /lib/x86_64-linux-gnu/libbsd.so.0.8.7
7fc841108000-7fc841109000 rw-p 00013000 08:02 529157                     /lib/x86_64-linux-gnu/libbsd.so.0.8.7
7fc841109000-7fc84110a000 rw-p 00000000 00:00 0 
7fc84110a000-7fc84110f000 r-xp 00000000 08:02 1056582                    /usr/lib/x86_64-linux-gnu/libXdmcp.so.6.0.0
7fc84110f000-7fc84130e000 ---p 00005000 08:02 1056582                    /usr/lib/x86_64-linux-gnu/libXdmcp.so.6.0.0
7fc84130e000-7fc84130f000 r--p 00004000 08:02 1056582                    /usr/lib/x86_64-linux-gnu/libXdmcp.so.6.0.0
7fc84130f000-7fc841310000 rw-p 00005000 08:02 1056582                    /usr/lib/x86_64-linux-gnu/libXdmcp.so.6.0.0
7fc841310000-7fc841312000 r-xp 00000000 08:02 1056571                    /usr/lib/x86_64-linux-gnu/libXau.so.6.0.0
7fc841312000-7fc841512000 ---p 00002000 08:02 1056571                    /usr/lib/x86_64-linux-gnu/libXau.so.6.0.0
7fc841512000-7fc841513000 r--p 00002000 08:02 1056571                    /usr/lib/x86_64-linux-gnu/libXau.so.6.0.0
7fc841513000-7fc841514000 rw-p 00003000 08:02 1056571                    /usr/lib/x86_64-linux-gnu/libXau.so.6.0.0
7fc841514000-7fc84153a000 r-xp 00000000 08:02 1057775                    /usr/lib/x86_64-linux-gnu/libxcb.so.1.1.0
7fc84153a000-7fc84173a000 ---p 00026000 08:02 1057775                    /usr/lib/x86_64-linux-gnu/libxcb.so.1.1.0
7fc84173a000-7fc84173b000 r--p 00026000 08:02 1057775                    /usr/lib/x86_64-linux-gnu/libxcb.so.1.1.0
7fc84173b000-7fc84173c000 rw-p 00027000 08:02 1057775                    /usr/lib/x86_64-linux-gnu/libxcb.so.1.1.0
7fc84173c000-7fc84174b000 r-xp 00000000 08:02 1056592                    /usr/lib/x86_64-linux-gnu/libXi.so.6.1.0
7fc84174b000-7fc84194a000 ---p 0000f000 08:02 1056592                    /usr/lib/x86_64-linux-gnu/libXi.so.6.1.0
7fc84194a000-7fc84194b000 r--p 0000e000 08:02 1056592                    /usr/lib/x86_64-linux-gnu/libXi.so.6.1.0
7fc84194b000-7fc84194c000 rw-p 0000f000 08:02 1056592                    /usr/lib/x86_64-linux-gnu/libXi.so.6.1.0
7fc84194c000-7fc841951000 r-xp 00000000 08:02 1056610                    /usr/lib/x86_64-linux-gnu/libXtst.so.6.1.0
7fc841951000-7fc841b50000 ---p 00005000 08:02 1056610                    /usr/lib/x86_64-linux-gnu/libXtst.so.6.1.0
7fc841b50000-7fc841b51000 r--p 00004000 08:02 1056610                    /usr/lib/x86_64-linux-gnu/libXtst.so.6.1.0
7fc841b51000-7fc841b52000 rw-p 00005000 08:02 1056610                    /usr/lib/x86_64-linux-gnu/libXtst.so.6.1.0
7fc841b52000-7fc841b5b000 r-xp 00000000 08:02 1056604                    /usr/lib/x86_64-linux-gnu/libXrender.so.1.3.0
7fc841b5b000-7fc841d5a000 ---p 00009000 08:02 1056604                    /usr/lib/x86_64-linux-gnu/libXrender.so.1.3.0
7fc841d5a000-7fc841d5b000 r--p 00008000 08:02 1056604                    /usr/lib/x86_64-linux-gnu/libXrender.so.1.3.0
7fc841d5b000-7fc841d5c000 rw-p 00009000 08:02 1056604                    /usr/lib/x86_64-linux-gnu/libXrender.so.1.3.0
7fc841d5c000-7fc841e90000 r-xp 00000000 08:02 1056567                    /usr/lib/x86_64-linux-gnu/libX11.so.6.3.0
7fc841e90000-7fc842090000 ---p 00134000 08:02 1056567                    /usr/lib/x86_64-linux-gnu/libX11.so.6.3.0
7fc842090000-7fc842091000 r--p 00134000 08:02 1056567                    /usr/lib/x86_64-linux-gnu/libX11.so.6.3.0
7fc842091000-7fc842095000 rw-p 00135000 08:02 1056567                    /usr/lib/x86_64-linux-gnu/libX11.so.6.3.0
7fc842095000-7fc8420a6000 r-xp 00000000 08:02 1056584                    /usr/lib/x86_64-linux-gnu/libXext.so.6.4.0
7fc8420a6000-7fc8422a5000 ---p 00011000 08:02 1056584                    /usr/lib/x86_64-linux-gnu/libXext.so.6.4.0
7fc8422a5000-7fc8422a6000 r--p 00010000 08:02 1056584                    /usr/lib/x86_64-linux-gnu/libXext.so.6.4.0
7fc8422a6000-7fc8422a7000 rw-p 00011000 08:02 1056584                    /usr/lib/x86_64-linux-gnu/libXext.so.6.4.0
7fc8422a7000-7fc8422fb000 r-xp 00000000 08:02 3542810                    /usr/lib/jvm/java-8-openjdk-amd64/jre/lib/amd64/libawt_xawt.so
7fc8422fb000-7fc8424fa000 ---p 00054000 08:02 3542810                    /usr/lib/jvm/java-8-openjdk-amd64/jre/lib/amd64/libawt_xawt.so
7fc8424fa000-7fc8424fb000 r--p 00053000 08:02 3542810                    /usr/lib/jvm/java-8-openjdk-amd64/jre/lib/amd64/libawt_xawt.so
7fc8424fb000-7fc8424fe000 rw-p 00054000 08:02 3542810                    /usr/lib/jvm/java-8-openjdk-amd64/jre/lib/amd64/libawt_xawt.so
7fc8424fe000-7fc8424ff000 rw-p 00000000 00:00 0 
7fc8424ff000-7fc84259f000 r-xp 00000000 08:02 3542808                    /usr/lib/jvm/java-8-openjdk-amd64/jre/lib/amd64/libawt.so
7fc84259f000-7fc84279e000 ---p 000a0000 08:02 3542808                    /usr/lib/jvm/java-8-openjdk-amd64/jre/lib/amd64/libawt.so
7fc84279e000-7fc84279f000 r--p 0009f000 08:02 3542808                    /usr/lib/jvm/java-8-openjdk-amd64/jre/lib/amd64/libawt.so
7fc84279f000-7fc8427aa000 rw-p 000a0000 08:02 3542808                    /usr/lib/jvm/java-8-openjdk-amd64/jre/lib/amd64/libawt.so
7fc8427aa000-7fc8427cf000 rw-p 00000000 00:00 0 
7fc8427cf000-7fc8427d0000 ---p 00000000 00:00 0 
7fc8427d0000-7fc8428d0000 rw-p 00000000 00:00 0 
7fc8428d0000-7fc8428d3000 ---p 00000000 00:00 0 
7fc8428d3000-7fc8429d1000 rw-p 00000000 00:00 0 
7fc8429d1000-7fc8429d2000 ---p 00000000 00:00 0 
7fc8429d2000-7fc8429d5000 ---p 00000000 00:00 0 
7fc8429d5000-7fc842ad2000 rw-p 00000000 00:00 0 
7fc842ad2000-7fc842ad3000 ---p 00000000 00:00 0 
7fc842ad3000-7fc842ad6000 ---p 00000000 00:00 0 
7fc842ad6000-7fc842bd3000 rw-p 00000000 00:00 0 
7fc842bd3000-7fc842bd4000 ---p 00000000 00:00 0 
7fc842bd4000-7fc842bd7000 ---p 00000000 00:00 0 
7fc842bd7000-7fc842cd4000 rw-p 00000000 00:00 0 
7fc842cd4000-7fc842cd7000 ---p 00000000 00:00 0 
7fc842cd7000-7fc842dd5000 rw-p 00000000 00:00 0 
7fc842dd5000-7fc8437f8000 r--p 00000000 08:02 1055430                    /usr/lib/locale/locale-archive
7fc8437f8000-7fc8437fb000 ---p 00000000 00:00 0 
7fc8437fb000-7fc8438f9000 rw-p 00000000 00:00 0 
7fc8438f9000-7fc8438fc000 ---p 00000000 00:00 0 
7fc8438fc000-7fc8439fa000 rw-p 00000000 00:00 0 
7fc8439fa000-7fc8439fb000 ---p 00000000 00:00 0 
7fc8439fb000-7fc844000000 rw-p 00000000 00:00 0 
7fc844000000-7fc844021000 rw-p 00000000 00:00 0 
7fc844021000-7fc848000000 ---p 00000000 00:00 0 
7fc848047000-7fc84804a000 ---p 00000000 00:00 0 
7fc84804a000-7fc848080000 rw-p 00000000 00:00 0 
7fc848080000-7fc848085000 r--s 002f9000 08:02 3412439                    /usr/lib/jvm/java-8-openjdk-amd64/jre/lib/charsets.jar
7fc848085000-7fc848098000 r--s 00346000 08:02 3412450                    /usr/lib/jvm/java-8-openjdk-amd64/jre/lib/resources.jar
7fc848098000-7fc8480b3000 r--s 00394000 08:02 4067100                    /usr/lib/jvm/java-8-openjdk-amd64/jre/lib/ext/cldrdata.jar
7fc8480b3000-7fc8480ce000 r--s 001d6000 08:02 4067105                    /usr/lib/jvm/java-8-openjdk-amd64/jre/lib/ext/nashorn.jar
7fc8480ce000-7fc848b7d000 rw-p 00000000 00:00 0 
7fc848b7d000-7fc848d4c000 r--s 03c2f000 08:02 3412451                    /usr/lib/jvm/java-8-openjdk-amd64/jre/lib/rt.jar
7fc848d4c000-7fc84b5c4000 rw-p 00000000 00:00 0 
7fc84b5c4000-7fc84b5c5000 ---p 00000000 00:00 0 
7fc84b5c5000-7fc84b6c5000 rw-p 00000000 00:00 0 
7fc84b6c5000-7fc84b6c6000 ---p 00000000 00:00 0 
7fc84b6c6000-7fc84b7c6000 rw-p 00000000 00:00 0 
7fc84b7c6000-7fc84b7c7000 ---p 00000000 00:00 0 
7fc84b7c7000-7fc84b8c7000 rw-p 00000000 00:00 0 
7fc84b8c7000-7fc84b8c8000 ---p 00000000 00:00 0 
7fc84b8c8000-7fc84b9dd000 rw-p 00000000 00:00 0 
7fc84b9dd000-7fc84bb09000 ---p 00000000 00:00 0 
7fc84bb09000-7fc84bb14000 rw-p 00000000 00:00 0 
7fc84bb14000-7fc84bbaa000 ---p 00000000 00:00 0 
7fc84bbaa000-7fc84bbb7000 rw-p 00000000 00:00 0 
7fc84bbb7000-7fc84bf6b000 ---p 00000000 00:00 0 
7fc84bf6b000-7fc84c24b000 rwxp 00000000 00:00 0 
7fc84c24b000-7fc85af6b000 ---p 00000000 00:00 0 
7fc85af6b000-7fc85af73000 r-xp 00000000 08:02 3542991                    /usr/lib/jvm/java-8-openjdk-amd64/jre/lib/amd64/libzip.so
7fc85af73000-7fc85b172000 ---p 00008000 08:02 3542991                    /usr/lib/jvm/java-8-openjdk-amd64/jre/lib/amd64/libzip.so
7fc85b172000-7fc85b173000 r--p 00007000 08:02 3542991                    /usr/lib/jvm/java-8-openjdk-amd64/jre/lib/amd64/libzip.so
7fc85b173000-7fc85b174000 rw-p 00008000 08:02 3542991                    /usr/lib/jvm/java-8-openjdk-amd64/jre/lib/amd64/libzip.so
7fc85b174000-7fc85b17f000 r-xp 00000000 08:02 529251                     /lib/x86_64-linux-gnu/libnss_files-2.27.so
7fc85b17f000-7fc85b37e000 ---p 0000b000 08:02 529251                     /lib/x86_64-linux-gnu/libnss_files-2.27.so
7fc85b37e000-7fc85b37f000 r--p 0000a000 08:02 529251                     /lib/x86_64-linux-gnu/libnss_files-2.27.so
7fc85b37f000-7fc85b380000 rw-p 0000b000 08:02 529251                     /lib/x86_64-linux-gnu/libnss_files-2.27.so
7fc85b380000-7fc85b386000 rw-p 00000000 00:00 0 
7fc85b386000-7fc85b39d000 r-xp 00000000 08:02 529245                     /lib/x86_64-linux-gnu/libnsl-2.27.so
7fc85b39d000-7fc85b59c000 ---p 00017000 08:02 529245                     /lib/x86_64-linux-gnu/libnsl-2.27.so
7fc85b59c000-7fc85b59d000 r--p 00016000 08:02 529245                     /lib/x86_64-linux-gnu/libnsl-2.27.so
7fc85b59d000-7fc85b59e000 rw-p 00017000 08:02 529245                     /lib/x86_64-linux-gnu/libnsl-2.27.so
7fc85b59e000-7fc85b5a0000 rw-p 00000000 00:00 0 
7fc85b5a0000-7fc85b5ab000 r-xp 00000000 08:02 529262                     /lib/x86_64-linux-gnu/libnss_nis-2.27.so
7fc85b5ab000-7fc85b7aa000 ---p 0000b000 08:02 529262                     /lib/x86_64-linux-gnu/libnss_nis-2.27.so
7fc85b7aa000-7fc85b7ab000 r--p 0000a000 08:02 529262                     /lib/x86_64-linux-gnu/libnss_nis-2.27.so
7fc85b7ab000-7fc85b7ac000 rw-p 0000b000 08:02 529262                     /lib/x86_64-linux-gnu/libnss_nis-2.27.so
7fc85b7ac000-7fc85b7b4000 r-xp 00000000 08:02 529247                     /lib/x86_64-linux-gnu/libnss_compat-2.27.so
7fc85b7b4000-7fc85b9b4000 ---p 00008000 08:02 529247                     /lib/x86_64-linux-gnu/libnss_compat-2.27.so
7fc85b9b4000-7fc85b9b5000 r--p 00008000 08:02 529247                     /lib/x86_64-linux-gnu/libnss_compat-2.27.so
7fc85b9b5000-7fc85b9b6000 rw-p 00009000 08:02 529247                     /lib/x86_64-linux-gnu/libnss_compat-2.27.so
7fc85b9b6000-7fc85b9e4000 r-xp 00000000 08:02 3542972                    /usr/lib/jvm/java-8-openjdk-amd64/jre/lib/amd64/libjava.so
7fc85b9e4000-7fc85bbe3000 ---p 0002e000 08:02 3542972                    /usr/lib/jvm/java-8-openjdk-amd64/jre/lib/amd64/libjava.so
7fc85bbe3000-7fc85bbe4000 r--p 0002d000 08:02 3542972                    /usr/lib/jvm/java-8-openjdk-amd64/jre/lib/amd64/libjava.so
7fc85bbe4000-7fc85bbe6000 rw-p 0002e000 08:02 3542972                    /usr/lib/jvm/java-8-openjdk-amd64/jre/lib/amd64/libjava.so
7fc85bbe6000-7fc85bbf6000 r-xp 00000000 08:02 3542990                    /usr/lib/jvm/java-8-openjdk-amd64/jre/lib/amd64/libverify.so
7fc85bbf6000-7fc85bdf5000 ---p 00010000 08:02 3542990                    /usr/lib/jvm/java-8-openjdk-amd64/jre/lib/amd64/libverify.so
7fc85bdf5000-7fc85bdf7000 r--p 0000f000 08:02 3542990                    /usr/lib/jvm/java-8-openjdk-amd64/jre/lib/amd64/libverify.so
7fc85bdf7000-7fc85bdf8000 rw-p 00011000 08:02 3542990                    /usr/lib/jvm/java-8-openjdk-amd64/jre/lib/amd64/libverify.so
7fc85bdf8000-7fc85bdff000 r-xp 00000000 08:02 529302                     /lib/x86_64-linux-gnu/librt-2.27.so
7fc85bdff000-7fc85bffe000 ---p 00007000 08:02 529302                     /lib/x86_64-linux-gnu/librt-2.27.so
7fc85bffe000-7fc85bfff000 r--p 00006000 08:02 529302                     /lib/x86_64-linux-gnu/librt-2.27.so
7fc85bfff000-7fc85c000000 rw-p 00007000 08:02 529302                     /lib/x86_64-linux-gnu/librt-2.27.so
7fc85c000000-7fc85c39f000 rw-p 00000000 00:00 0 
7fc85c39f000-7fc860000000 ---p 00000000 00:00 0 
7fc860001000-7fc860003000 r--s 00016000 08:02 3412444                    /usr/lib/jvm/java-8-openjdk-amd64/jre/lib/jce.jar
7fc860003000-7fc860008000 r--s 0009d000 08:02 3412446                    /usr/lib/jvm/java-8-openjdk-amd64/jre/lib/jsse.jar
7fc860008000-7fc860012000 r--s 00116000 08:02 4067104                    /usr/lib/jvm/java-8-openjdk-amd64/jre/lib/ext/localedata.jar
7fc860012000-7fc860013000 r--s 00010000 08:02 4067109                    /usr/lib/jvm/java-8-openjdk-amd64/jre/lib/ext/zipfs.jar
7fc860013000-7fc860015000 r--s 00007000 08:02 1443930                    /usr/share/java/java-atk-wrapper.jar
7fc860015000-7fc860017000 r--s 00001000 08:02 4067101                    /usr/lib/jvm/java-8-openjdk-amd64/jre/lib/ext/dnsns.jar
7fc860017000-7fc860019000 r--s 00008000 08:02 4067106                    /usr/lib/jvm/java-8-openjdk-amd64/jre/lib/ext/sunec.jar
7fc860019000-7fc86002e000 rw-p 00000000 00:00 0 
7fc86002e000-7fc86015b000 ---p 00000000 00:00 0 
7fc86015b000-7fc860172000 r-xp 00000000 08:02 529198                     /lib/x86_64-linux-gnu/libgcc_s.so.1
7fc860172000-7fc860371000 ---p 00017000 08:02 529198                     /lib/x86_64-linux-gnu/libgcc_s.so.1
7fc860371000-7fc860372000 r--p 00016000 08:02 529198                     /lib/x86_64-linux-gnu/libgcc_s.so.1
7fc860372000-7fc860373000 rw-p 00017000 08:02 529198                     /lib/x86_64-linux-gnu/libgcc_s.so.1
7fc860373000-7fc860510000 r-xp 00000000 08:02 529224                     /lib/x86_64-linux-gnu/libm-2.27.so
7fc860510000-7fc86070f000 ---p 0019d000 08:02 529224                     /lib/x86_64-linux-gnu/libm-2.27.so
7fc86070f000-7fc860710000 r--p 0019c000 08:02 529224                     /lib/x86_64-linux-gnu/libm-2.27.so
7fc860710000-7fc860711000 rw-p 0019d000 08:02 529224                     /lib/x86_64-linux-gnu/libm-2.27.so
7fc860711000-7fc86088f000 r-xp 00000000 08:02 1057592                    /usr/lib/x86_64-linux-gnu/libstdc++.so.6.0.25
7fc86088f000-7fc860a8f000 ---p 0017e000 08:02 1057592                    /usr/lib/x86_64-linux-gnu/libstdc++.so.6.0.25
7fc860a8f000-7fc860a99000 r--p 0017e000 08:02 1057592                    /usr/lib/x86_64-linux-gnu/libstdc++.so.6.0.25
7fc860a99000-7fc860a9b000 rw-p 00188000 08:02 1057592                    /usr/lib/x86_64-linux-gnu/libstdc++.so.6.0.25
7fc860a9b000-7fc860a9f000 rw-p 00000000 00:00 0 
7fc860a9f000-7fc861730000 r-xp 00000000 08:02 4067092                    /usr/lib/jvm/java-8-openjdk-amd64/jre/lib/amd64/server/libjvm.so
7fc861730000-7fc861930000 ---p 00c91000 08:02 4067092                    /usr/lib/jvm/java-8-openjdk-amd64/jre/lib/amd64/server/libjvm.so
7fc861930000-7fc8619c3000 r--p 00c91000 08:02 4067092                    /usr/lib/jvm/java-8-openjdk-amd64/jre/lib/amd64/server/libjvm.so
7fc8619c3000-7fc8619eb000 rw-p 00d24000 08:02 4067092                    /usr/lib/jvm/java-8-openjdk-amd64/jre/lib/amd64/server/libjvm.so
7fc8619eb000-7fc861a1c000 rw-p 00000000 00:00 0 
7fc861a1c000-7fc861a36000 r-xp 00000000 08:02 529294                     /lib/x86_64-linux-gnu/libpthread-2.27.so
7fc861a36000-7fc861c35000 ---p 0001a000 08:02 529294                     /lib/x86_64-linux-gnu/libpthread-2.27.so
7fc861c35000-7fc861c36000 r--p 00019000 08:02 529294                     /lib/x86_64-linux-gnu/libpthread-2.27.so
7fc861c36000-7fc861c37000 rw-p 0001a000 08:02 529294                     /lib/x86_64-linux-gnu/libpthread-2.27.so
7fc861c37000-7fc861c3b000 rw-p 00000000 00:00 0 
7fc861c3b000-7fc861c3e000 r-xp 00000000 08:02 529184                     /lib/x86_64-linux-gnu/libdl-2.27.so
7fc861c3e000-7fc861e3d000 ---p 00003000 08:02 529184                     /lib/x86_64-linux-gnu/libdl-2.27.so
7fc861e3d000-7fc861e3e000 r--p 00002000 08:02 529184                     /lib/x86_64-linux-gnu/libdl-2.27.so
7fc861e3e000-7fc861e3f000 rw-p 00003000 08:02 529184                     /lib/x86_64-linux-gnu/libdl-2.27.so
7fc861e3f000-7fc861e5b000 r-xp 00000000 08:02 529333                     /lib/x86_64-linux-gnu/libz.so.1.2.11
7fc861e5b000-7fc86205a000 ---p 0001c000 08:02 529333                     /lib/x86_64-linux-gnu/libz.so.1.2.11
7fc86205a000-7fc86205b000 r--p 0001b000 08:02 529333                     /lib/x86_64-linux-gnu/libz.so.1.2.11
7fc86205b000-7fc86205c000 rw-p 0001c000 08:02 529333                     /lib/x86_64-linux-gnu/libz.so.1.2.11
7fc86205c000-7fc862243000 r-xp 00000000 08:02 529161                     /lib/x86_64-linux-gnu/libc-2.27.so
7fc862243000-7fc862443000 ---p 001e7000 08:02 529161                     /lib/x86_64-linux-gnu/libc-2.27.so
7fc862443000-7fc862447000 r--p 001e7000 08:02 529161                     /lib/x86_64-linux-gnu/libc-2.27.so
7fc862447000-7fc862449000 rw-p 001eb000 08:02 529161                     /lib/x86_64-linux-gnu/libc-2.27.so
7fc862449000-7fc86244d000 rw-p 00000000 00:00 0 
7fc86244d000-7fc86245b000 r-xp 00000000 08:02 4067089                    /usr/lib/jvm/java-8-openjdk-amd64/jre/lib/amd64/jli/libjli.so
7fc86245b000-7fc86265a000 ---p 0000e000 08:02 4067089                    /usr/lib/jvm/java-8-openjdk-amd64/jre/lib/amd64/jli/libjli.so
7fc86265a000-7fc86265b000 r--p 0000d000 08:02 4067089                    /usr/lib/jvm/java-8-openjdk-amd64/jre/lib/amd64/jli/libjli.so
7fc86265b000-7fc86265c000 rw-p 0000e000 08:02 4067089                    /usr/lib/jvm/java-8-openjdk-amd64/jre/lib/amd64/jli/libjli.so
7fc86265c000-7fc862683000 r-xp 00000000 08:02 529133                     /lib/x86_64-linux-gnu/ld-2.27.so
7fc862683000-7fc862689000 r--s 0003b000 08:02 4067107                    /usr/lib/jvm/java-8-openjdk-amd64/jre/lib/ext/sunjce_provider.jar
7fc862689000-7fc86268c000 r--s 0000f000 08:02 4067102                    /usr/lib/jvm/java-8-openjdk-amd64/jre/lib/ext/icedtea-sound.jar
7fc86268c000-7fc86268f000 r--s 00038000 08:02 4067108                    /usr/lib/jvm/java-8-openjdk-amd64/jre/lib/ext/sunpkcs11.jar
7fc86268f000-7fc862760000 rw-p 00000000 00:00 0 
7fc862760000-7fc862761000 ---p 00000000 00:00 0 
7fc862761000-7fc862764000 ---p 00000000 00:00 0 
7fc862764000-7fc862863000 rw-p 00000000 00:00 0 
7fc862863000-7fc862864000 r--s 0000a000 08:02 4067103                    /usr/lib/jvm/java-8-openjdk-amd64/jre/lib/ext/jaccess.jar
7fc862864000-7fc862877000 rw-p 00000000 00:00 0 
7fc862877000-7fc86287f000 rw-s 00000000 08:02 7347823                    /tmp/hsperfdata_munnacs/6564
7fc86287f000-7fc862880000 rw-p 00000000 00:00 0 
7fc862880000-7fc862881000 r--p 00000000 00:00 0 
7fc862881000-7fc862883000 rw-p 00000000 00:00 0 
7fc862883000-7fc862884000 r--p 00027000 08:02 529133                     /lib/x86_64-linux-gnu/ld-2.27.so
7fc862884000-7fc862885000 rw-p 00028000 08:02 529133                     /lib/x86_64-linux-gnu/ld-2.27.so
7fc862885000-7fc862886000 rw-p 00000000 00:00 0 
7ffd47454000-7ffd47475000 rw-p 00000000 00:00 0                          [stack]
7ffd474ec000-7ffd474ef000 r--p 00000000 00:00 0                          [vvar]
7ffd474ef000-7ffd474f1000 r-xp 00000000 00:00 0                          [vdso]
ffffffffff600000-ffffffffff601000 r-xp 00000000 00:00 0                  [vsyscall]

VM Arguments:
jvm_args: -Dfile.encoding=UTF-8 
java_command: cloudsim.ClusterMethod
java_class_path (initial): /usr/lib/jvm/java-8-openjdk-amd64/jre/lib/resources.jar:/usr/lib/jvm/java-8-openjdk-amd64/jre/lib/rt.jar:/usr/lib/jvm/java-8-openjdk-amd64/jre/lib/jsse.jar:/usr/lib/jvm/java-8-openjdk-amd64/jre/lib/jce.jar:/usr/lib/jvm/java-8-openjdk-amd64/jre/lib/charsets.jar:/usr/lib/jvm/java-8-openjdk-amd64/jre/lib/ext/sunpkcs11.jar:/usr/lib/jvm/java-8-openjdk-amd64/jre/lib/ext/icedtea-sound.jar:/usr/lib/jvm/java-8-openjdk-amd64/jre/lib/ext/sunjce_provider.jar:/usr/lib/jvm/java-8-openjdk-amd64/jre/lib/ext/nashorn.jar:/usr/lib/jvm/java-8-openjdk-amd64/jre/lib/ext/sunec.jar:/usr/lib/jvm/java-8-openjdk-amd64/jre/lib/ext/jaccess.jar:/usr/lib/jvm/java-8-openjdk-amd64/jre/lib/ext/cldrdata.jar:/usr/lib/jvm/java-8-openjdk-amd64/jre/lib/ext/dnsns.jar:/usr/lib/jvm/java-8-openjdk-amd64/jre/lib/ext/java-atk-wrapper.jar:/usr/lib/jvm/java-8-openjdk-amd64/jre/lib/ext/zipfs.jar:/usr/lib/jvm/java-8-openjdk-amd64/jre/lib/ext/localedata.jar:/home/munnacs/Projects/FYP/CloudSim/CloudSim/bin:/home/munnacs/Projects/FYP/CloudSim/CloudSim/jars/cloudsim-3.0.3-sources.jar:/home/munnacs/Projects/FYP/CloudSim/CloudSim/jars/cloudsim-3.0.3.jar:/home/munnacs/Projects/FYP/CloudSim/CloudSim/jars/cloudsim-examples-3.0.3-sources.jar:/home/munnacs/Projects/FYP/CloudSim/CloudSim/jars/cloudsim-examples-3.0.3.jar:/home/munnacs/.p2/pool/plugins/org.eclipse.fx.ide.css.jfx8_2.3.0.201603030809.jar
Launcher Type: SUN_STANDARD

Environment Variables:
PATH=/usr/local/sbin:/usr/local/bin:/usr/sbin:/usr/bin:/sbin:/bin:/usr/games:/usr/local/games:/snap/bin
USERNAME=munnacs
SHELL=/bin/bash
DISPLAY=:0

Signal Handlers:
SIGSEGV: [libjvm.so+0xaabcd0], sa_mask[0]=11111111011111111101111111111110, sa_flags=SA_RESTART|SA_SIGINFO
SIGBUS: [libjvm.so+0xaabcd0], sa_mask[0]=11111111011111111101111111111110, sa_flags=SA_RESTART|SA_SIGINFO
SIGFPE: [libjvm.so+0x8e1d50], sa_mask[0]=11111111011111111101111111111110, sa_flags=SA_RESTART|SA_SIGINFO
SIGPIPE: [libjvm.so+0x8e1d50], sa_mask[0]=11111111011111111101111111111110, sa_flags=SA_RESTART|SA_SIGINFO
SIGXFSZ: [libjvm.so+0x8e1d50], sa_mask[0]=11111111011111111101111111111110, sa_flags=SA_RESTART|SA_SIGINFO
SIGILL: [libjvm.so+0x8e1d50], sa_mask[0]=11111111011111111101111111111110, sa_flags=SA_RESTART|SA_SIGINFO
SIGUSR1: SIG_DFL, sa_mask[0]=00000000000000000000000000000000, sa_flags=none
SIGUSR2: [libjvm.so+0x8e1c00], sa_mask[0]=00100000000000000000000000000000, sa_flags=SA_RESTART|SA_SIGINFO
SIGHUP: [libjvm.so+0x8e20b0], sa_mask[0]=11111111011111111101111111111110, sa_flags=SA_RESTART|SA_SIGINFO
SIGINT: [libjvm.so+0x8e20b0], sa_mask[0]=11111111011111111101111111111110, sa_flags=SA_RESTART|SA_SIGINFO
SIGTERM: [libjvm.so+0x8e20b0], sa_mask[0]=11111111011111111101111111111110, sa_flags=SA_RESTART|SA_SIGINFO
SIGQUIT: [libjvm.so+0x8e20b0], sa_mask[0]=11111111011111111101111111111110, sa_flags=SA_RESTART|SA_SIGINFO


---------------  S Y S T E M  ---------------

OS:DISTRIB_ID=Ubuntu
DISTRIB_RELEASE=18.04
DISTRIB_CODENAME=bionic
DISTRIB_DESCRIPTION="Ubuntu 18.04 LTS"

uname:Linux 4.15.0-24-generic #26-Ubuntu SMP Wed Jun 13 08:44:47 UTC 2018 x86_64
libc:glibc 2.27 NPTL 2.27 
rlimit: STACK 8192k, CORE 0k, NPROC 14416, NOFILE 1048576, AS infinity
load average:1.69 1.76 1.52

/proc/meminfo:
MemTotal:        3941864 kB
MemFree:         1859808 kB
MemAvailable:    2304720 kB
Buffers:           54728 kB
Cached:           593812 kB
SwapCached:        68936 kB
Active:          1378908 kB
Inactive:         506032 kB
Active(anon):    1069968 kB
Inactive(anon):   197880 kB
Active(file):     308940 kB
Inactive(file):   308152 kB
Unevictable:          32 kB
Mlocked:              32 kB
SwapTotal:       2097148 kB
SwapFree:        1489176 kB
Dirty:              3808 kB
Writeback:             0 kB
AnonPages:       1216892 kB
Mapped:           124240 kB
Shmem:             31596 kB
Slab:             108724 kB
SReclaimable:      61072 kB
SUnreclaim:        47652 kB
KernelStack:       11028 kB
PageTables:        17284 kB
NFS_Unstable:          0 kB
Bounce:                0 kB
WritebackTmp:          0 kB
CommitLimit:     4068080 kB
Committed_AS:    4334720 kB
VmallocTotal:   34359738367 kB
VmallocUsed:           0 kB
VmallocChunk:          0 kB
HardwareCorrupted:     0 kB
AnonHugePages:         0 kB
ShmemHugePages:        0 kB
ShmemPmdMapped:        0 kB
CmaTotal:              0 kB
CmaFree:               0 kB
HugePages_Total:       0
HugePages_Free:        0
HugePages_Rsvd:        0
HugePages_Surp:        0
Hugepagesize:       2048 kB
DirectMap4k:      287308 kB
DirectMap2M:     3809280 kB
DirectMap1G:           0 kB


CPU:total 4 (initial active 4) (2 cores per cpu, 2 threads per core) family 6 model 69 stepping 1, cmov, cx8, fxsr, mmx, sse, sse2, sse3, ssse3, sse4.1, sse4.2, popcnt, avx, avx2, aes, clmul, erms, lzcnt, ht, tsc, tscinvbit, bmi1, bmi2

/proc/cpuinfo:
processor	: 0
vendor_id	: GenuineIntel
cpu family	: 6
model		: 69
model name	: Intel(R) Core(TM) i3-4005U CPU @ 1.70GHz
stepping	: 1
microcode	: 0x23
cpu MHz		: 1696.143
cache size	: 3072 KB
physical id	: 0
siblings	: 4
core id		: 0
cpu cores	: 2
apicid		: 0
initial apicid	: 0
fpu		: yes
fpu_exception	: yes
cpuid level	: 13
wp		: yes
flags		: fpu vme de pse tsc msr pae mce cx8 apic sep mtrr pge mca cmov pat pse36 clflush dts acpi mmx fxsr sse sse2 ss ht tm pbe syscall nx pdpe1gb rdtscp lm constant_tsc arch_perfmon pebs bts rep_good nopl xtopology nonstop_tsc cpuid aperfmperf pni pclmulqdq dtes64 monitor ds_cpl vmx est tm2 ssse3 sdbg fma cx16 xtpr pdcm pcid sse4_1 sse4_2 movbe popcnt tsc_deadline_timer aes xsave avx f16c rdrand lahf_lm abm cpuid_fault epb invpcid_single pti ibrs ibpb stibp tpr_shadow vnmi flexpriority ept vpid fsgsbase tsc_adjust bmi1 avx2 smep bmi2 erms invpcid xsaveopt dtherm ida arat pln pts
bugs		: cpu_meltdown spectre_v1 spectre_v2 spec_store_bypass
bogomips	: 3392.28
clflush size	: 64
cache_alignment	: 64
address sizes	: 39 bits physical, 48 bits virtual
power management:

processor	: 1
vendor_id	: GenuineIntel
cpu family	: 6
model		: 69
model name	: Intel(R) Core(TM) i3-4005U CPU @ 1.70GHz
stepping	: 1
microcode	: 0x23
cpu MHz		: 1696.143
cache size	: 3072 KB
physical id	: 0
siblings	: 4
core id		: 1
cpu cores	: 10
apicid		: 2
initial apicid	: 2
fpu		: yes
fpu_exception	: yes
cpuid level	: 13
wp		: yes
flags		: fpu vme de pse tsc msr pae mce cx8 apic sep mtrr pge mca cmov pat pse36 clflush dts acpi mmx fxsr sse sse2 ss ht tm pbe syscall nx pdpe1gb rdtscp lm constant_tsc arch_perfmon pebs bts rep_good nopl xtopology nonstop_tsc cpuid aperfmperf pni pclmulqdq dtes64 monitor ds_cpl vmx est tm2 ssse3 sdbg fma cx16 xtpr pdcm pcid sse4_1 sse4_2 movbe popcnt tsc_deadline_timer aes xsave avx f16c rdrand lahf_lm abm cpuid_fault epb invpcid_single pti ibrs ibpb stibp tpr_shadow vnmi flexpriority ept vpid fsgsbase tsc_adjust bmi1 avx2 smep bmi2 erms invpcid xsaveopt dtherm ida arat pln pts
bugs		: cpu_meltdown spectre_v1 spectre_v2 spec_store_bypass
bogomips	: 3392.28
clflush size	: 64
cache_alignment	: 64
address sizes	: 39 bits physical, 48 bits virtual
power management:

processor	: 2
vendor_id	: GenuineIntel
cpu family	: 6
model		: 69
model name	: Intel(R) Core(TM) i3-4005U CPU @ 1.70GHz
stepping	: 1
microcode	: 0x23
cpu MHz		: 1696.144
cache size	: 3072 KB
physical id	: 0
siblings	: 4
core id		: 0
cpu cores	: 2
apicid		: 1
initial apicid	: 1
fpu		: yes
fpu_exception	: yes
cpuid level	: 13
wp		: yes
flags		: fpu vme de pse tsc msr pae mce cx8 apic sep mtrr pge mca cmov pat pse36 clflush dts acpi mmx fxsr sse sse2 ss ht tm pbe syscall nx pdpe1gb rdtscp lm constant_tsc arch_perfmon pebs bts rep_good nopl xtopology nonstop_tsc cpuid aperfmperf pni pclmulqdq dtes64 monitor ds_cpl vmx est tm2 ssse3 sdbg fma cx16 xtpr pdcm pcid sse4_1 sse4_2 movbe popcnt tsc_deadline_timer aes xsave avx f16c rdrand lahf_lm abm cpuid_fault epb invpcid_single pti ibrs ibpb stibp tpr_shadow vnmi flexpriority ept vpid fsgsbase tsc_adjust bmi1 avx2 smep bmi2 erms invpcid xsaveopt dtherm ida arat pln pts
bugs		: cpu_meltdown spectre_v1 spectre_v2 spec_store_bypass
bogomips	: 3392.28
clflush size	: 64
cache_alignment	: 64
address sizes	: 39 bits physical, 48 bits virtual
power management:

processor	: 3
vendor_id	: GenuineIntel
cpu family	: 6
model		: 69
model name	: Intel(R) Core(TM) i3-4005U CPU @ 1.70GHz
stepping	: 1
microcode	: 0x23
cpu MHz		: 1696.144
cache size	: 3072 KB
physical id	: 0
siblings	: 4
core id		: 1
cpu cores	: 2
apicid		: 3
initial apicid	: 3
fpu		: yes
fpu_exception	: yes
cpuid level	: 13
wp		: yes
flags		: fpu vme de pse tsc msr pae mce cx8 apic sep mtrr pge mca cmov pat pse36 clflush dts acpi mmx fxsr sse sse2 ss ht tm pbe syscall nx pdpe1gb rdtscp lm constant_tsc arch_perfmon pebs bts rep_good nopl xtopology nonstop_tsc cpuid aperfmperf pni pclmulqdq dtes64 monitor ds_cpl vmx est tm2 ssse3 sdbg fma cx16 xtpr pdcm pcid sse4_1 sse4_2 movbe popcnt tsc_deadline_timer aes xsave avx f16c rdrand lahf_lm abm cpuid_fault epb invpcid_single pti ibrs ibpb stibp tpr_shadow vnmi flexpriority ept vpid fsgsbase tsc_adjust bmi1 avx2 smep bmi2 erms invpcid xsaveopt dtherm ida arat pln pts
bugs		: cpu_meltdown spectre_v1 spectre_v2 spec_store_bypass
bogomips	: 3392.28
clflush size	: 64
cache_alignment	: 64
address sizes	: 39 bits physical, 48 bits virtual
power management:



Memory: 4k page, physical 3941864k(1860276k free), swap 2097148k(1489432k free)

vm_info: OpenJDK 64-Bit Server VM (25.171-b11) for linux-amd64 JRE (1.8.0_171-8u171-b11-0ubuntu0.18.04.1-b11), built on Apr 26 2018 15:59:34 by "buildd" with gcc 7.3.0

time: Sun Jul 22 18:21:35 2018
elapsed time: 22660 seconds (0d 6h 17m 40s)

