#
# A fatal error has been detected by the Java Runtime Environment:
#
#  SIGSEGV (0xb) at pc=0x00007fabc50699fa, pid=6297, tid=0x00007fab8f608700
#
# JRE version: OpenJDK Runtime Environment (8.0_171-b11) (build 1.8.0_171-8u171-b11-0ubuntu0.18.04.1-b11)
# Java VM: OpenJDK 64-Bit Server VM (25.171-b11 mixed mode linux-amd64 compressed oops)
# Problematic frame:
# v  ~BufferBlob::jni_fast_GetLongField
#
# Failed to write core dump. Core dumps have been disabled. To enable core dumping, try "ulimit -c unlimited" before starting Java again
#
# If you would like to submit a bug report, please visit:
#   http://bugreport.java.com/bugreport/crash.jsp
# The crash happened outside the Java Virtual Machine in native code.
# See problematic frame for where to report the bug.
#

---------------  T H R E A D  ---------------

Current thread (0x00007fabd4296800):  JavaThread "AWT-XAWT" daemon [_thread_in_native, id=6319, stack(0x00007fab8f508000,0x00007fab8f609000)]

siginfo: si_signo: 11 (SIGSEGV), si_code: 1 (SEGV_MAPERR), si_addr: 0x0000000000000000

Registers:
RAX=0x00007fabdcdebf40, RBX=0x00007fabd42969e0, RCX=0x0000000000000000, RDX=0x0000000000000042
RSP=0x00007fab8f6077c8, RBP=0x00007fab8f6077f0, RSI=0x0000000000000000, RDI=0x00007fabd42969e0
R8 =0x00000000ec35cc08, R9 =0x0000000000000000, R10=0x000000000000001c, R11=0x00007fabc52ac698
R12=0x00007fab6401d440, R13=0x0000000000000000, R14=0x00007fabb5909b00, R15=0x00007fabd4296800
RIP=0x00007fabc50699fa, EFLAGS=0x0000000000010246, CSGSFS=0x002b000000000033, ERR=0x0000000000000004
  TRAPNO=0x000000000000000e

Top of Stack: (sp=0x00007fab8f6077c8)
0x00007fab8f6077c8:   00007fabb56e7d04 00007fabd95232e8
0x00007fab8f6077d8:   00007fab6401d440 00007fab8f6078a0
0x00007fab8f6077e8:   00007fab8f607870 0000000000000000
0x00007fab8f6077f8:   00007fabb51cb300 00007fabd95232e8
0x00007fab8f607808:   00007fab8f607830 0000000000000000
0x00007fab8f607818:   00007fabb51c2e23 00007fab8f6078a0
0x00007fab8f607828:   00007fabb56dfcaf 00007fab8f607880
0x00007fab8f607838:   00007fabc52ac736 0000000000000000
0x00007fab8f607848:   00007fabc528f6f6 00007fab8f6078a0
0x00007fab8f607858:   00007fabc511472c 00007fab8f607900
0x00007fab8f607868:   00000000ec511ea0 00000000ec4cf080
0x00007fab8f607878:   0000000000000001 00007fab8f607900
0x00007fab8f607888:   00007fabc50077d0 00007fab8f607900
0x00007fab8f607898:   00007fabc50077d0 0000000000000000
0x00007fab8f6078a8:   00007fabc5007b10 00007fab7c003130
0x00007fab8f6078b8:   00000000ec537ec0 00007fab8f6078c0
0x00007fab8f6078c8:   00007fabd961574c 00007fab8f607948
0x00007fab8f6078d8:   00007fabd961e6f0 0000000000000000
0x00007fab8f6078e8:   00007fabd9615888 00007fab8f6078a0
0x00007fab8f6078f8:   00007fab8f607940 00007fab8f607990
0x00007fab8f607908:   00007fabc5007ffd 0000000000000000
0x00007fab8f607918:   00000000ec82b658 0000000000000000
0x00007fab8f607928:   0000000000000000 0000000000000000
0x00007fab8f607938:   00000000ec537ec0 0000000000000000
0x00007fab8f607948:   00000000ec512a40 00007fab8f607950
0x00007fab8f607958:   00007fabd961558d 00007fab8f6079a0
0x00007fab8f607968:   00007fabd961e6f0 0000000000000000
0x00007fab8f607978:   00007fabd9615598 00007fab8f607940
0x00007fab8f607988:   00007fab8f6079a0 00007fab8f6079e8
0x00007fab8f607998:   00007fabc5008042 00000000ec512a40
0x00007fab8f6079a8:   00007fab8f6079a8 00007fabd904253b
0x00007fab8f6079b8:   00007fab8f6079f8 00007fabd90c9f88 

Instructions: (pc=0x00007fabc50699fa)
0x00007fabc50699da:   00 00 00 00 00 00 44 8b 15 6d f0 da 17 4c 8b ce
0x00007fabc50699ea:   41 f6 c2 01 0f 85 2e 00 00 00 4d 33 ca 4d 33 ca
0x00007fabc50699fa:   4d 8b 09 4c 8b da 49 c1 eb 02 4b 8b 04 19 49 bb
0x00007fabc5069a0a:   54 8a e1 dc ab 7f 00 00 4c 33 d8 4c 33 d8 45 3b 

Register to memory mapping:

RAX=0x00007fabdcdebf40: <offset 0xf33f40> in /usr/lib/jvm/java-8-openjdk-amd64/jre/lib/amd64/server/libjvm.so at 0x00007fabdbeb8000
RBX=0x00007fabd42969e0 is an unknown value
RCX=0x0000000000000000 is an unknown value
RDX=0x0000000000000042 is an unknown value
RSP=0x00007fab8f6077c8 is pointing into the stack for thread: 0x00007fabd4296800
RBP=0x00007fab8f6077f0 is pointing into the stack for thread: 0x00007fabd4296800
RSI=0x0000000000000000 is an unknown value
RDI=0x00007fabd42969e0 is an unknown value
R8 =0x00000000ec35cc08 is an oop
sun.util.logging.PlatformLogger$Level 
 - klass: 'sun/util/logging/PlatformLogger$Level'
R9 =0x0000000000000000 is an unknown value
R10=0x000000000000001c is an unknown value
R11=0x00007fabc52ac698 is at entry_point+24 in (nmethod*)0x00007fabc52ac510
R12=0x00007fab6401d440 is an unknown value
R13=0x0000000000000000 is an unknown value
R14=0x00007fabb5909b00: <offset 0x257b00> in /usr/lib/jvm/java-8-openjdk-amd64/jre/lib/amd64/libawt_xawt.so at 0x00007fabb56b2000
R15=0x00007fabd4296800 is a thread


Stack: [0x00007fab8f508000,0x00007fab8f609000],  sp=0x00007fab8f6077c8,  free space=1021k
Native frames: (J=compiled Java code, j=interpreted, Vv=VM code, C=native code)
v  ~BufferBlob::jni_fast_GetLongField
C  [libX11.so.6+0x64300]  _XimServerDestroy+0x70

Java frames: (J=compiled Java code, j=interpreted, Vv=VM code)
J 779  sun.awt.X11.XlibWrapper.XFilterEvent(JJ)Z (0 bytes) @ 0x00007fabc52ac6c4 [0x00007fabc52ac680+0x44]
j  sun.awt.X11.XToolkit.run(Z)V+300
j  sun.awt.X11.XToolkit.run()V+5
j  java.lang.Thread.run()V+11
v  ~StubRoutines::call_stub

---------------  P R O C E S S  ---------------

Java Threads: ( => current thread )
  0x00007fab80001800 JavaThread "XToolkt-Shutdown-Thread" [_thread_in_vm, id=2724, stack(0x00007fab78503000,0x00007fab78604000)]
  0x00007faba4003000 JavaThread "SIGTERM handler" daemon [_thread_blocked, id=2704, stack(0x00007fab78604000,0x00007fab78705000)]
  0x00007faba4002000 JavaThread "SIGHUP handler" daemon [_thread_blocked, id=2684, stack(0x00007fab78705000,0x00007fab78806000)]
  0x00007faba4001000 JavaThread "SIGHUP handler" daemon [_thread_blocked, id=2678, stack(0x00007fab7922d000,0x00007fab7932e000)]
  0x00007fabd400b800 JavaThread "DestroyJavaVM" [_thread_blocked, id=6299, stack(0x00007fabddb7a000,0x00007fabddc7a000)]
  0x00007fab74003800 JavaThread "Thread-0" daemon [_thread_in_native, id=6322, stack(0x00007fab7952f000,0x00007fab79d2f000)]
  0x00007fabd435b800 JavaThread "AWT-EventQueue-1" [_thread_blocked, id=6325, stack(0x00007fab78a06000,0x00007fab78b07000)]
  0x00007fabd435a000 JavaThread "AWT-Shutdown" [_thread_blocked, id=6324, stack(0x00007fab78b07000,0x00007fab78c08000)]
=>0x00007fabd4296800 JavaThread "AWT-XAWT" daemon [_thread_in_native, id=6319, stack(0x00007fab8f508000,0x00007fab8f609000)]
  0x00007fabd4275000 JavaThread "Java2D Disposer" daemon [_thread_blocked, id=6318, stack(0x00007fab8fa19000,0x00007fab8fb1a000)]
  0x00007fabd40c1000 JavaThread "Service Thread" daemon [_thread_blocked, id=6315, stack(0x00007fabb5cdb000,0x00007fabb5ddc000)]
  0x00007fabd40be000 JavaThread "C1 CompilerThread2" daemon [_thread_blocked, id=6314, stack(0x00007fabb5ddd000,0x00007fabb5edd000)]
  0x00007fabd40bc000 JavaThread "C2 CompilerThread1" daemon [_thread_blocked, id=6313, stack(0x00007fabb5ede000,0x00007fabb5fde000)]
  0x00007fabd40b9800 JavaThread "C2 CompilerThread0" daemon [_thread_blocked, id=6312, stack(0x00007fabb5fdf000,0x00007fabb60df000)]
  0x00007fabd40b8000 JavaThread "Signal Dispatcher" daemon [_thread_blocked, id=6311, stack(0x00007fabb60df000,0x00007fabb61e0000)]
  0x00007fabd4085800 JavaThread "Finalizer" daemon [_thread_blocked, id=6310, stack(0x00007fabc4afb000,0x00007fabc4bfc000)]
  0x00007fabd4081000 JavaThread "Reference Handler" daemon [_thread_blocked, id=6309, stack(0x00007fabc4bfc000,0x00007fabc4cfd000)]

Other Threads:
  0x00007fabd4079800 VMThread [stack: 0x00007fabc4cfe000,0x00007fabc4dfe000] [id=6308]
  0x00007fabd40c3800 WatcherThread [stack: 0x00007fabb5bdb000,0x00007fabb5cdb000] [id=6316]

VM state:not at safepoint (normal execution)

VM Mutex/Monitor currently owned by a thread: None

Heap:
 PSYoungGen      total 18432K, used 11148K [0x00000000ebf00000, 0x00000000ed380000, 0x0000000100000000)
  eden space 15872K, 70% used [0x00000000ebf00000,0x00000000ec9e3210,0x00000000ece80000)
  from space 2560K, 0% used [0x00000000ed100000,0x00000000ed100000,0x00000000ed380000)
  to   space 2560K, 0% used [0x00000000ece80000,0x00000000ece80000,0x00000000ed100000)
 ParOldGen       total 42496K, used 0K [0x00000000c3c00000, 0x00000000c6580000, 0x00000000ebf00000)
  object space 42496K, 0% used [0x00000000c3c00000,0x00000000c3c00000,0x00000000c6580000)
 Metaspace       used 12541K, capacity 12760K, committed 13056K, reserved 1060864K
  class space    used 1422K, capacity 1505K, committed 1536K, reserved 1048576K

Card table byte_map: [0x00007fabd9f3c000,0x00007fabda11f000] byte_map_base: 0x00007fabd991e000

Marking Bits: (ParMarkBitMap*) 0x00007fabdce18140
 Begin Bits: [0x00007fabb61e0000, 0x00007fabb70f0000)
 End Bits:   [0x00007fabb70f0000, 0x00007fabb8000000)

Polling page: 0x00007fabddc99000

CodeCache: size=245760Kb used=2911Kb max_used=2922Kb free=242848Kb
 bounds [0x00007fabc5000000, 0x00007fabc52e0000, 0x00007fabd4000000]
 total_blobs=1388 nmethods=807 adapters=496
 compilation: enabled

Compilation events (10 events):
Event: 19683.099 Thread 0x00007fabd40be000  803       3       sun.awt.XSettings$Update::getCARD16 (97 bytes)
Event: 19683.100 Thread 0x00007fabd40be000 nmethod 803 0x00007fabc52d2290 code [0x00007fabc52d2420, 0x00007fabc52d26c8]
Event: 19687.840 Thread 0x00007fabd40be000  804       3       java.security.ProtectionDomain$JavaSecurityAccessImpl::doIntersectionPrivilege (22 bytes)
Event: 19687.851 Thread 0x00007fabd40be000 nmethod 804 0x00007fabc52d6910 code [0x00007fabc52d6ae0, 0x00007fabc52d7198]
Event: 19687.851 Thread 0x00007fabd40be000  805       3       java.security.ProtectionDomain$JavaSecurityAccessImpl::getCombinedACC (30 bytes)
Event: 19687.852 Thread 0x00007fabd40be000 nmethod 805 0x00007fabc52d60d0 code [0x00007fabc52d6260, 0x00007fabc52d6758]
Event: 20749.261 Thread 0x00007fabd40bc000  806       4       java.lang.Long::valueOf (36 bytes)
Event: 20749.278 Thread 0x00007fabd40bc000 nmethod 806 0x00007fabc52d47d0 code [0x00007fabc52d4920, 0x00007fabc52d4a58]
Event: 23097.071 Thread 0x00007fabd40b9800  807       4       sun.awt.X11.XEvent::get_type (18 bytes)
Event: 23097.087 Thread 0x00007fabd40b9800 nmethod 807 0x00007fabc52d1d10 code [0x00007fabc52d1e80, 0x00007fabc52d2018]

GC Heap History (0 events):
No events

Deoptimization events (5 events):
Event: 1.110 Thread 0x00007fabd400b800 Uncommon trap: reason=unstable_if action=reinterpret pc=0x00007fabc51c83fc method=java.lang.AbstractStringBuilder.append(Ljava/lang/String;)Ljava/lang/AbstractStringBuilder; @ 1
Event: 1.114 Thread 0x00007fabd400b800 Uncommon trap: reason=unstable_if action=reinterpret pc=0x00007fabc517ebb0 method=java.lang.AbstractStringBuilder.append(Ljava/lang/String;)Ljava/lang/AbstractStringBuilder; @ 1
Event: 3.852 Thread 0x00007fabd435b800 Uncommon trap: reason=class_check action=maybe_recompile pc=0x00007fabc51e74dc method=java.lang.String.equals(Ljava/lang/Object;)Z @ 8
Event: 3.852 Thread 0x00007fabd435b800 Uncommon trap: reason=class_check action=maybe_recompile pc=0x00007fabc51e74dc method=java.lang.String.equals(Ljava/lang/Object;)Z @ 8
Event: 3.852 Thread 0x00007fabd435b800 Uncommon trap: reason=class_check action=maybe_recompile pc=0x00007fabc51e74dc method=java.lang.String.equals(Ljava/lang/Object;)Z @ 8

Classes redefined (0 events):
No events

Internal exceptions (10 events):
Event: 0.245 Thread 0x00007fabd400b800 Exception <a 'java/security/PrivilegedActionException'> (0x00000000ec06fa98) thrown at [/build/openjdk-8-TuolsG/openjdk-8-8u171-b11/src/hotspot/src/share/vm/prims/jvm.cpp, line 1435]
Event: 0.245 Thread 0x00007fabd400b800 Exception <a 'java/security/PrivilegedActionException'> (0x00000000ec070758) thrown at [/build/openjdk-8-TuolsG/openjdk-8-8u171-b11/src/hotspot/src/share/vm/prims/jvm.cpp, line 1435]
Event: 0.245 Thread 0x00007fabd400b800 Exception <a 'java/security/PrivilegedActionException'> (0x00000000ec070b50) thrown at [/build/openjdk-8-TuolsG/openjdk-8-8u171-b11/src/hotspot/src/share/vm/prims/jvm.cpp, line 1435]
Event: 0.832 Thread 0x00007fabd400b800 Exception <a 'java/lang/NoSuchFieldError': method resolution failed> (0x00000000ec42dd98) thrown at [/build/openjdk-8-TuolsG/openjdk-8-8u171-b11/src/hotspot/src/share/vm/prims/methodHandles.cpp, line 1167]
Event: 0.836 Thread 0x00007fabd400b800 Exception <a 'java/lang/NoSuchFieldError': method resolution failed> (0x00000000ec43b4d8) thrown at [/build/openjdk-8-TuolsG/openjdk-8-8u171-b11/src/hotspot/src/share/vm/prims/methodHandles.cpp, line 1167]
Event: 0.912 Thread 0x00007fabd400b800 Exception <a 'java/io/FileNotFoundException'> (0x00000000ec4b9a98) thrown at [/build/openjdk-8-TuolsG/openjdk-8-8u171-b11/src/hotspot/src/share/vm/prims/jni.cpp, line 709]
Event: 0.945 Thread 0x00007fabd400b800 Exception <a 'java/lang/ClassNotFoundException': sun/dc/DuctusRenderingEngine> (0x00000000ec4d4c48) thrown at [/build/openjdk-8-TuolsG/openjdk-8-8u171-b11/src/hotspot/src/share/vm/classfile/systemDictionary.cpp, line 210]
Event: 1.110 Thread 0x00007fabd400b800 Implicit null exception at 0x00007fabc51c8035 to 0x00007fabc51c83e9
Event: 1.114 Thread 0x00007fabd400b800 Implicit null exception at 0x00007fabc517e7f5 to 0x00007fabc517eb9d
Event: 1.464 Thread 0x00007fabd435b800 Exception <a 'java/lang/UnsupportedOperationException': > (0x00000000ec7e1ae0) thrown at [/build/openjdk-8-TuolsG/openjdk-8-8u171-b11/src/hotspot/src/share/vm/prims/jni.cpp, line 735]

Events (10 events):
Event: 10289.030 loading class sun/awt/X11/XkbAnyEvent done
Event: 23357.495 loading class sun/misc/Signal$1
Event: 23357.547 loading class sun/misc/Signal$1 done
Event: 23357.549 loading class sun/awt/X11/XDestroyWindowEvent
Event: 23357.618 Thread 0x00007faba4001000 Thread added: 0x00007faba4001000
Event: 23357.638 Thread 0x00007faba4002000 Thread added: 0x00007faba4002000
Event: 23357.640 Thread 0x00007faba4003000 Thread added: 0x00007faba4003000
Event: 23357.654 Thread 0x00007fab80001800 Thread added: 0x00007fab80001800
Event: 23357.655 loading class sun/awt/X11/XSystemTrayPeer
Event: 23357.670 loading class sun/awt/X11/XDestroyWindowEvent done


Dynamic libraries:
c3c00000-c6580000 rw-p 00000000 00:00 0 
c6580000-ebf00000 ---p 00000000 00:00 0 
ebf00000-ed380000 rw-p 00000000 00:00 0 
ed380000-100000000 ---p 00000000 00:00 0 
100000000-100180000 rw-p 00000000 00:00 0 
100180000-140000000 ---p 00000000 00:00 0 
55fb4b898000-55fb4b899000 r-xp 00000000 08:02 3281363                    /usr/lib/jvm/java-8-openjdk-amd64/jre/bin/java
55fb4ba98000-55fb4ba99000 r--p 00000000 08:02 3281363                    /usr/lib/jvm/java-8-openjdk-amd64/jre/bin/java
55fb4ba99000-55fb4ba9a000 rw-p 00001000 08:02 3281363                    /usr/lib/jvm/java-8-openjdk-amd64/jre/bin/java
55fb4d943000-55fb4d964000 rw-p 00000000 00:00 0                          [heap]
7fab5c000000-7fab5c021000 rw-p 00000000 00:00 0 
7fab5c021000-7fab60000000 ---p 00000000 00:00 0 
7fab64000000-7fab6402b000 rw-p 00000000 00:00 0 
7fab6402b000-7fab68000000 ---p 00000000 00:00 0 
7fab68000000-7fab68021000 rw-p 00000000 00:00 0 
7fab68021000-7fab6c000000 ---p 00000000 00:00 0 
7fab6c000000-7fab6c021000 rw-p 00000000 00:00 0 
7fab6c021000-7fab70000000 ---p 00000000 00:00 0 
7fab70000000-7fab70021000 rw-p 00000000 00:00 0 
7fab70021000-7fab74000000 ---p 00000000 00:00 0 
7fab74000000-7fab74021000 rw-p 00000000 00:00 0 
7fab74021000-7fab78000000 ---p 00000000 00:00 0 
7fab78503000-7fab78506000 ---p 00000000 00:00 0 
7fab78506000-7fab78604000 rw-p 00000000 00:00 0 
7fab78604000-7fab78607000 ---p 00000000 00:00 0 
7fab78607000-7fab78705000 rw-p 00000000 00:00 0 
7fab78705000-7fab78708000 ---p 00000000 00:00 0 
7fab78708000-7fab78946000 rw-p 00000000 00:00 0 
7fab78946000-7fab78a06000 ---p 00000000 00:00 0 
7fab78a06000-7fab78a09000 ---p 00000000 00:00 0 
7fab78a09000-7fab78b07000 rw-p 00000000 00:00 0 
7fab78b07000-7fab78b0a000 ---p 00000000 00:00 0 
7fab78b0a000-7fab78c08000 rw-p 00000000 00:00 0 
7fab78c08000-7fab78c1f000 r-xp 00000000 08:02 529300                     /lib/x86_64-linux-gnu/libresolv-2.27.so
7fab78c1f000-7fab78e1f000 ---p 00017000 08:02 529300                     /lib/x86_64-linux-gnu/libresolv-2.27.so
7fab78e1f000-7fab78e20000 r--p 00017000 08:02 529300                     /lib/x86_64-linux-gnu/libresolv-2.27.so
7fab78e20000-7fab78e21000 rw-p 00018000 08:02 529300                     /lib/x86_64-linux-gnu/libresolv-2.27.so
7fab78e21000-7fab78e23000 rw-p 00000000 00:00 0 
7fab78e23000-7fab78e28000 r-xp 00000000 08:02 529249                     /lib/x86_64-linux-gnu/libnss_dns-2.27.so
7fab78e28000-7fab79028000 ---p 00005000 08:02 529249                     /lib/x86_64-linux-gnu/libnss_dns-2.27.so
7fab79028000-7fab79029000 r--p 00005000 08:02 529249                     /lib/x86_64-linux-gnu/libnss_dns-2.27.so
7fab79029000-7fab7902a000 rw-p 00006000 08:02 529249                     /lib/x86_64-linux-gnu/libnss_dns-2.27.so
7fab7902a000-7fab7902c000 r-xp 00000000 08:02 529257                     /lib/x86_64-linux-gnu/libnss_mdns4_minimal.so.2
7fab7902c000-7fab7922b000 ---p 00002000 08:02 529257                     /lib/x86_64-linux-gnu/libnss_mdns4_minimal.so.2
7fab7922b000-7fab7922c000 r--p 00001000 08:02 529257                     /lib/x86_64-linux-gnu/libnss_mdns4_minimal.so.2
7fab7922c000-7fab7922d000 rw-p 00002000 08:02 529257                     /lib/x86_64-linux-gnu/libnss_mdns4_minimal.so.2
7fab7922d000-7fab79230000 ---p 00000000 00:00 0 
7fab79230000-7fab7952e000 rw-p 00000000 00:00 0 
7fab7952e000-7fab7952f000 ---p 00000000 00:00 0 
7fab7952f000-7fab79532000 ---p 00000000 00:00 0 
7fab79532000-7fab79d2f000 rw-p 00000000 00:00 0 
7fab79d2f000-7fab79d38000 r-xp 00000000 08:02 3542981                    /usr/lib/jvm/java-8-openjdk-amd64/jre/lib/amd64/libmanagement.so
7fab79d38000-7fab79f37000 ---p 00009000 08:02 3542981                    /usr/lib/jvm/java-8-openjdk-amd64/jre/lib/amd64/libmanagement.so
7fab79f37000-7fab79f38000 r--p 00008000 08:02 3542981                    /usr/lib/jvm/java-8-openjdk-amd64/jre/lib/amd64/libmanagement.so
7fab79f38000-7fab79f39000 rw-p 00009000 08:02 3542981                    /usr/lib/jvm/java-8-openjdk-amd64/jre/lib/amd64/libmanagement.so
7fab79f39000-7fab79f4d000 r-xp 00000000 08:02 529202                     /lib/x86_64-linux-gnu/libgpg-error.so.0.22.0
7fab79f4d000-7fab7a14c000 ---p 00014000 08:02 529202                     /lib/x86_64-linux-gnu/libgpg-error.so.0.22.0
7fab7a14c000-7fab7a14d000 r--p 00013000 08:02 529202                     /lib/x86_64-linux-gnu/libgpg-error.so.0.22.0
7fab7a14d000-7fab7a14e000 rw-p 00014000 08:02 529202                     /lib/x86_64-linux-gnu/libgpg-error.so.0.22.0
7fab7a14e000-7fab7a262000 r-xp 00000000 08:02 524369                     /lib/x86_64-linux-gnu/libgcrypt.so.20.2.1
7fab7a262000-7fab7a461000 ---p 00114000 08:02 524369                     /lib/x86_64-linux-gnu/libgcrypt.so.20.2.1
7fab7a461000-7fab7a463000 r--p 00113000 08:02 524369                     /lib/x86_64-linux-gnu/libgcrypt.so.20.2.1
7fab7a463000-7fab7a468000 rw-p 00115000 08:02 524369                     /lib/x86_64-linux-gnu/libgcrypt.so.20.2.1
7fab7a468000-7fab7a469000 rw-p 00000000 00:00 0 
7fab7a469000-7fab7a484000 r-xp 00000000 08:02 1057279                    /usr/lib/x86_64-linux-gnu/liblz4.so.1.7.1
7fab7a484000-7fab7a683000 ---p 0001b000 08:02 1057279                    /usr/lib/x86_64-linux-gnu/liblz4.so.1.7.1
7fab7a683000-7fab7a684000 r--p 0001a000 08:02 1057279                    /usr/lib/x86_64-linux-gnu/liblz4.so.1.7.1
7fab7a684000-7fab7a685000 rw-p 0001b000 08:02 1057279                    /usr/lib/x86_64-linux-gnu/liblz4.so.1.7.1
7fab7a685000-7fab7a6a9000 r-xp 00000000 08:02 529221                     /lib/x86_64-linux-gnu/liblzma.so.5.2.2
7fab7a6a9000-7fab7a8a9000 ---p 00024000 08:02 529221                     /lib/x86_64-linux-gnu/liblzma.so.5.2.2
7fab7a8a9000-7fab7a8aa000 r--p 00024000 08:02 529221                     /lib/x86_64-linux-gnu/liblzma.so.5.2.2
7fab7a8aa000-7fab7a8ab000 rw-p 00025000 08:02 529221                     /lib/x86_64-linux-gnu/liblzma.so.5.2.2
7fab7a8ab000-7fab7a92b000 r-xp 00000000 08:02 529315                     /lib/x86_64-linux-gnu/libsystemd.so.0.21.0
7fab7a92b000-7fab7ab2a000 ---p 00080000 08:02 529315                     /lib/x86_64-linux-gnu/libsystemd.so.0.21.0
7fab7ab2a000-7fab7ab2d000 r--p 0007f000 08:02 529315                     /lib/x86_64-linux-gnu/libsystemd.so.0.21.0
7fab7ab2d000-7fab7ab2e000 rw-p 00082000 08:02 529315                     /lib/x86_64-linux-gnu/libsystemd.so.0.21.0
7fab7ab2e000-7fab7ab2f000 rw-p 00000000 00:00 0 
7fab7ab2f000-7fab7ab9f000 r-xp 00000000 08:02 529283                     /lib/x86_64-linux-gnu/libpcre.so.3.13.3
7fab7ab9f000-7fab7ad9f000 ---p 00070000 08:02 529283                     /lib/x86_64-linux-gnu/libpcre.so.3.13.3
7fab7ad9f000-7fab7ada0000 r--p 00070000 08:02 529283                     /lib/x86_64-linux-gnu/libpcre.so.3.13.3
7fab7ada0000-7fab7ada1000 rw-p 00071000 08:02 529283                     /lib/x86_64-linux-gnu/libpcre.so.3.13.3
7fab7ada1000-7fab7ada8000 r-xp 00000000 08:02 1056913                    /usr/lib/x86_64-linux-gnu/libffi.so.6.0.4
7fab7ada8000-7fab7afa7000 ---p 00007000 08:02 1056913                    /usr/lib/x86_64-linux-gnu/libffi.so.6.0.4
7fab7afa7000-7fab7afa8000 r--p 00006000 08:02 1056913                    /usr/lib/x86_64-linux-gnu/libffi.so.6.0.4
7fab7afa8000-7fab7afa9000 rw-p 00007000 08:02 1056913                    /usr/lib/x86_64-linux-gnu/libffi.so.6.0.4
7fab7afa9000-7fab7afd5000 r-xp 00000000 08:02 1056661                    /usr/lib/x86_64-linux-gnu/libatspi.so.0.0.1
7fab7afd5000-7fab7b1d5000 ---p 0002c000 08:02 1056661                    /usr/lib/x86_64-linux-gnu/libatspi.so.0.0.1
7fab7b1d5000-7fab7b1d8000 r--p 0002c000 08:02 1056661                    /usr/lib/x86_64-linux-gnu/libatspi.so.0.0.1
7fab7b1d8000-7fab7b1d9000 rw-p 0002f000 08:02 1056661                    /usr/lib/x86_64-linux-gnu/libatspi.so.0.0.1
7fab7b1d9000-7fab7b224000 r-xp 00000000 08:02 529176                     /lib/x86_64-linux-gnu/libdbus-1.so.3.19.4
7fab7b224000-7fab7b424000 ---p 0004b000 08:02 529176                     /lib/x86_64-linux-gnu/libdbus-1.so.3.19.4
7fab7b424000-7fab7b425000 r--p 0004b000 08:02 529176                     /lib/x86_64-linux-gnu/libdbus-1.so.3.19.4
7fab7b425000-7fab7b426000 rw-p 0004c000 08:02 529176                     /lib/x86_64-linux-gnu/libdbus-1.so.3.19.4
7fab7b426000-7fab7b539000 r-xp 00000000 08:02 1057007                    /usr/lib/x86_64-linux-gnu/libglib-2.0.so.0.5600.1
7fab7b539000-7fab7b739000 ---p 00113000 08:02 1057007                    /usr/lib/x86_64-linux-gnu/libglib-2.0.so.0.5600.1
7fab7b739000-7fab7b73a000 r--p 00113000 08:02 1057007                    /usr/lib/x86_64-linux-gnu/libglib-2.0.so.0.5600.1
7fab7b73a000-7fab7b73b000 rw-p 00114000 08:02 1057007                    /usr/lib/x86_64-linux-gnu/libglib-2.0.so.0.5600.1
7fab7b73b000-7fab7b73c000 rw-p 00000000 00:00 0 
7fab7b73c000-7fab7b78e000 r-xp 00000000 08:02 1057035                    /usr/lib/x86_64-linux-gnu/libgobject-2.0.so.0.5600.1
7fab7b78e000-7fab7b98e000 ---p 00052000 08:02 1057035                    /usr/lib/x86_64-linux-gnu/libgobject-2.0.so.0.5600.1
7fab7b98e000-7fab7b98f000 r--p 00052000 08:02 1057035                    /usr/lib/x86_64-linux-gnu/libgobject-2.0.so.0.5600.1
7fab7b98f000-7fab7b990000 rw-p 00053000 08:02 1057035                    /usr/lib/x86_64-linux-gnu/libgobject-2.0.so.0.5600.1
7fab7b990000-7fab7b9be000 r-xp 00000000 08:02 1056659                    /usr/lib/x86_64-linux-gnu/libatk-bridge-2.0.so.0.0.0
7fab7b9be000-7fab7bbbe000 ---p 0002e000 08:02 1056659                    /usr/lib/x86_64-linux-gnu/libatk-bridge-2.0.so.0.0.0
7fab7bbbe000-7fab7bbbf000 r--p 0002e000 08:02 1056659                    /usr/lib/x86_64-linux-gnu/libatk-bridge-2.0.so.0.0.0
7fab7bbbf000-7fab7bbc0000 rw-p 0002f000 08:02 1056659                    /usr/lib/x86_64-linux-gnu/libatk-bridge-2.0.so.0.0.0
7fab7bbc0000-7fab7bbc1000 rw-p 00000000 00:00 0 
7fab7bbc1000-7fab7bbe3000 r-xp 00000000 08:02 1056657                    /usr/lib/x86_64-linux-gnu/libatk-1.0.so.0.22810.1
7fab7bbe3000-7fab7bde3000 ---p 00022000 08:02 1056657                    /usr/lib/x86_64-linux-gnu/libatk-1.0.so.0.22810.1
7fab7bde3000-7fab7bde6000 r--p 00022000 08:02 1056657                    /usr/lib/x86_64-linux-gnu/libatk-1.0.so.0.22810.1
7fab7bde6000-7fab7bde7000 rw-p 00025000 08:02 1056657                    /usr/lib/x86_64-linux-gnu/libatk-1.0.so.0.22810.1
7fab7bde7000-7fab7bdfe000 r-xp 00000000 08:02 4196128                    /usr/lib/x86_64-linux-gnu/jni/libatk-wrapper.so.6.0.0
7fab7bdfe000-7fab7bffe000 ---p 00017000 08:02 4196128                    /usr/lib/x86_64-linux-gnu/jni/libatk-wrapper.so.6.0.0
7fab7bffe000-7fab7bfff000 r--p 00017000 08:02 4196128                    /usr/lib/x86_64-linux-gnu/jni/libatk-wrapper.so.6.0.0
7fab7bfff000-7fab7c000000 rw-p 00018000 08:02 4196128                    /usr/lib/x86_64-linux-gnu/jni/libatk-wrapper.so.6.0.0
7fab7c000000-7fab7c021000 rw-p 00000000 00:00 0 
7fab7c021000-7fab80000000 ---p 00000000 00:00 0 
7fab80000000-7fab80021000 rw-p 00000000 00:00 0 
7fab80021000-7fab84000000 ---p 00000000 00:00 0 
7fab84000000-7fab84021000 rw-p 00000000 00:00 0 
7fab84021000-7fab88000000 ---p 00000000 00:00 0 
7fab88000000-7fab88021000 rw-p 00000000 00:00 0 
7fab88021000-7fab8c000000 ---p 00000000 00:00 0 
7fab8c0dc000-7fab8f0dd000 rw-p 00000000 00:00 0 
7fab8f0dd000-7fab8f0f3000 r-xp 00000000 08:02 3542983                    /usr/lib/jvm/java-8-openjdk-amd64/jre/lib/amd64/libnet.so
7fab8f0f3000-7fab8f2f3000 ---p 00016000 08:02 3542983                    /usr/lib/jvm/java-8-openjdk-amd64/jre/lib/amd64/libnet.so
7fab8f2f3000-7fab8f2f4000 r--p 00016000 08:02 3542983                    /usr/lib/jvm/java-8-openjdk-amd64/jre/lib/amd64/libnet.so
7fab8f2f4000-7fab8f2f5000 rw-p 00017000 08:02 3542983                    /usr/lib/jvm/java-8-openjdk-amd64/jre/lib/amd64/libnet.so
7fab8f2f5000-7fab8f306000 r-xp 00000000 08:02 3542984                    /usr/lib/jvm/java-8-openjdk-amd64/jre/lib/amd64/libnio.so
7fab8f306000-7fab8f506000 ---p 00011000 08:02 3542984                    /usr/lib/jvm/java-8-openjdk-amd64/jre/lib/amd64/libnio.so
7fab8f506000-7fab8f507000 r--p 00011000 08:02 3542984                    /usr/lib/jvm/java-8-openjdk-amd64/jre/lib/amd64/libnio.so
7fab8f507000-7fab8f508000 rw-p 00012000 08:02 3542984                    /usr/lib/jvm/java-8-openjdk-amd64/jre/lib/amd64/libnio.so
7fab8f508000-7fab8f50b000 ---p 00000000 00:00 0 
7fab8f50b000-7fab8f609000 rw-p 00000000 00:00 0 
7fab8f609000-7fab8f60e000 r-xp 00000000 08:02 1056586                    /usr/lib/x86_64-linux-gnu/libXfixes.so.3.1.0
7fab8f60e000-7fab8f80d000 ---p 00005000 08:02 1056586                    /usr/lib/x86_64-linux-gnu/libXfixes.so.3.1.0
7fab8f80d000-7fab8f80e000 r--p 00004000 08:02 1056586                    /usr/lib/x86_64-linux-gnu/libXfixes.so.3.1.0
7fab8f80e000-7fab8f80f000 rw-p 00005000 08:02 1056586                    /usr/lib/x86_64-linux-gnu/libXfixes.so.3.1.0
7fab8f80f000-7fab8f818000 r-xp 00000000 08:02 1056578                    /usr/lib/x86_64-linux-gnu/libXcursor.so.1.0.2
7fab8f818000-7fab8fa17000 ---p 00009000 08:02 1056578                    /usr/lib/x86_64-linux-gnu/libXcursor.so.1.0.2
7fab8fa17000-7fab8fa18000 r--p 00008000 08:02 1056578                    /usr/lib/x86_64-linux-gnu/libXcursor.so.1.0.2
7fab8fa18000-7fab8fa19000 rw-p 00009000 08:02 1056578                    /usr/lib/x86_64-linux-gnu/libXcursor.so.1.0.2
7fab8fa19000-7fab8fa1c000 ---p 00000000 00:00 0 
7fab8fa1c000-7fab8fb1a000 rw-p 00000000 00:00 0 
7fab8fb1a000-7fab8fb4b000 r-xp 00000000 08:02 1048957                    /usr/lib/x86_64-linux-gnu/libpng16.so.16.34.0
7fab8fb4b000-7fab8fd4a000 ---p 00031000 08:02 1048957                    /usr/lib/x86_64-linux-gnu/libpng16.so.16.34.0
7fab8fd4a000-7fab8fd4b000 r--p 00030000 08:02 1048957                    /usr/lib/x86_64-linux-gnu/libpng16.so.16.34.0
7fab8fd4b000-7fab8fd4c000 rw-p 00031000 08:02 1048957                    /usr/lib/x86_64-linux-gnu/libpng16.so.16.34.0
7fab8fd4c000-7fab8fdf9000 r-xp 00000000 08:02 1056945                    /usr/lib/x86_64-linux-gnu/libfreetype.so.6.15.0
7fab8fdf9000-7fab8fff8000 ---p 000ad000 08:02 1056945                    /usr/lib/x86_64-linux-gnu/libfreetype.so.6.15.0
7fab8fff8000-7fab8ffff000 r--p 000ac000 08:02 1056945                    /usr/lib/x86_64-linux-gnu/libfreetype.so.6.15.0
7fab8ffff000-7fab90000000 rw-p 000b3000 08:02 1056945                    /usr/lib/x86_64-linux-gnu/libfreetype.so.6.15.0
7fab90000000-7fab90535000 rw-p 00000000 00:00 0 
7fab90535000-7fab94000000 ---p 00000000 00:00 0 
7fab94000000-7fab94021000 rw-p 00000000 00:00 0 
7fab94021000-7fab98000000 ---p 00000000 00:00 0 
7fab98000000-7fab980af000 rw-p 00000000 00:00 0 
7fab980af000-7fab9c000000 ---p 00000000 00:00 0 
7fab9c000000-7fab9c11d000 rw-p 00000000 00:00 0 
7fab9c11d000-7faba0000000 ---p 00000000 00:00 0 
7faba0000000-7faba0021000 rw-p 00000000 00:00 0 
7faba0021000-7faba4000000 ---p 00000000 00:00 0 
7faba4000000-7faba4021000 rw-p 00000000 00:00 0 
7faba4021000-7faba8000000 ---p 00000000 00:00 0 
7faba8000000-7faba8021000 rw-p 00000000 00:00 0 
7faba8021000-7fabac000000 ---p 00000000 00:00 0 
7fabac000000-7fabac021000 rw-p 00000000 00:00 0 
7fabac021000-7fabb0000000 ---p 00000000 00:00 0 
7fabb0000000-7fabb0021000 rw-p 00000000 00:00 0 
7fabb0021000-7fabb4000000 ---p 00000000 00:00 0 
7fabb40ac000-7fabb40fd000 r-xp 00000000 08:02 3542965                    /usr/lib/jvm/java-8-openjdk-amd64/jre/lib/amd64/libfontmanager.so
7fabb40fd000-7fabb42fd000 ---p 00051000 08:02 3542965                    /usr/lib/jvm/java-8-openjdk-amd64/jre/lib/amd64/libfontmanager.so
7fabb42fd000-7fabb42ff000 r--p 00051000 08:02 3542965                    /usr/lib/jvm/java-8-openjdk-amd64/jre/lib/amd64/libfontmanager.so
7fabb42ff000-7fabb4300000 rw-p 00053000 08:02 3542965                    /usr/lib/jvm/java-8-openjdk-amd64/jre/lib/amd64/libfontmanager.so
7fabb4300000-7fabb4313000 r-xp 00000000 08:02 529157                     /lib/x86_64-linux-gnu/libbsd.so.0.8.7
7fabb4313000-7fabb4512000 ---p 00013000 08:02 529157                     /lib/x86_64-linux-gnu/libbsd.so.0.8.7
7fabb4512000-7fabb4513000 r--p 00012000 08:02 529157                     /lib/x86_64-linux-gnu/libbsd.so.0.8.7
7fabb4513000-7fabb4514000 rw-p 00013000 08:02 529157                     /lib/x86_64-linux-gnu/libbsd.so.0.8.7
7fabb4514000-7fabb4515000 rw-p 00000000 00:00 0 
7fabb4515000-7fabb451a000 r-xp 00000000 08:02 1056582                    /usr/lib/x86_64-linux-gnu/libXdmcp.so.6.0.0
7fabb451a000-7fabb4719000 ---p 00005000 08:02 1056582                    /usr/lib/x86_64-linux-gnu/libXdmcp.so.6.0.0
7fabb4719000-7fabb471a000 r--p 00004000 08:02 1056582                    /usr/lib/x86_64-linux-gnu/libXdmcp.so.6.0.0
7fabb471a000-7fabb471b000 rw-p 00005000 08:02 1056582                    /usr/lib/x86_64-linux-gnu/libXdmcp.so.6.0.0
7fabb471b000-7fabb471d000 r-xp 00000000 08:02 1056571                    /usr/lib/x86_64-linux-gnu/libXau.so.6.0.0
7fabb471d000-7fabb491d000 ---p 00002000 08:02 1056571                    /usr/lib/x86_64-linux-gnu/libXau.so.6.0.0
7fabb491d000-7fabb491e000 r--p 00002000 08:02 1056571                    /usr/lib/x86_64-linux-gnu/libXau.so.6.0.0
7fabb491e000-7fabb491f000 rw-p 00003000 08:02 1056571                    /usr/lib/x86_64-linux-gnu/libXau.so.6.0.0
7fabb491f000-7fabb4945000 r-xp 00000000 08:02 1057775                    /usr/lib/x86_64-linux-gnu/libxcb.so.1.1.0
7fabb4945000-7fabb4b45000 ---p 00026000 08:02 1057775                    /usr/lib/x86_64-linux-gnu/libxcb.so.1.1.0
7fabb4b45000-7fabb4b46000 r--p 00026000 08:02 1057775                    /usr/lib/x86_64-linux-gnu/libxcb.so.1.1.0
7fabb4b46000-7fabb4b47000 rw-p 00027000 08:02 1057775                    /usr/lib/x86_64-linux-gnu/libxcb.so.1.1.0
7fabb4b47000-7fabb4b56000 r-xp 00000000 08:02 1056592                    /usr/lib/x86_64-linux-gnu/libXi.so.6.1.0
7fabb4b56000-7fabb4d55000 ---p 0000f000 08:02 1056592                    /usr/lib/x86_64-linux-gnu/libXi.so.6.1.0
7fabb4d55000-7fabb4d56000 r--p 0000e000 08:02 1056592                    /usr/lib/x86_64-linux-gnu/libXi.so.6.1.0
7fabb4d56000-7fabb4d57000 rw-p 0000f000 08:02 1056592                    /usr/lib/x86_64-linux-gnu/libXi.so.6.1.0
7fabb4d57000-7fabb4d5c000 r-xp 00000000 08:02 1056610                    /usr/lib/x86_64-linux-gnu/libXtst.so.6.1.0
7fabb4d5c000-7fabb4f5b000 ---p 00005000 08:02 1056610                    /usr/lib/x86_64-linux-gnu/libXtst.so.6.1.0
7fabb4f5b000-7fabb4f5c000 r--p 00004000 08:02 1056610                    /usr/lib/x86_64-linux-gnu/libXtst.so.6.1.0
7fabb4f5c000-7fabb4f5d000 rw-p 00005000 08:02 1056610                    /usr/lib/x86_64-linux-gnu/libXtst.so.6.1.0
7fabb4f5d000-7fabb4f66000 r-xp 00000000 08:02 1056604                    /usr/lib/x86_64-linux-gnu/libXrender.so.1.3.0
7fabb4f66000-7fabb5165000 ---p 00009000 08:02 1056604                    /usr/lib/x86_64-linux-gnu/libXrender.so.1.3.0
7fabb5165000-7fabb5166000 r--p 00008000 08:02 1056604                    /usr/lib/x86_64-linux-gnu/libXrender.so.1.3.0
7fabb5166000-7fabb5167000 rw-p 00009000 08:02 1056604                    /usr/lib/x86_64-linux-gnu/libXrender.so.1.3.0
7fabb5167000-7fabb529b000 r-xp 00000000 08:02 1056567                    /usr/lib/x86_64-linux-gnu/libX11.so.6.3.0
7fabb529b000-7fabb549b000 ---p 00134000 08:02 1056567                    /usr/lib/x86_64-linux-gnu/libX11.so.6.3.0
7fabb549b000-7fabb549c000 r--p 00134000 08:02 1056567                    /usr/lib/x86_64-linux-gnu/libX11.so.6.3.0
7fabb549c000-7fabb54a0000 rw-p 00135000 08:02 1056567                    /usr/lib/x86_64-linux-gnu/libX11.so.6.3.0
7fabb54a0000-7fabb54b1000 r-xp 00000000 08:02 1056584                    /usr/lib/x86_64-linux-gnu/libXext.so.6.4.0
7fabb54b1000-7fabb56b0000 ---p 00011000 08:02 1056584                    /usr/lib/x86_64-linux-gnu/libXext.so.6.4.0
7fabb56b0000-7fabb56b1000 r--p 00010000 08:02 1056584                    /usr/lib/x86_64-linux-gnu/libXext.so.6.4.0
7fabb56b1000-7fabb56b2000 rw-p 00011000 08:02 1056584                    /usr/lib/x86_64-linux-gnu/libXext.so.6.4.0
7fabb56b2000-7fabb5706000 r-xp 00000000 08:02 3542810                    /usr/lib/jvm/java-8-openjdk-amd64/jre/lib/amd64/libawt_xawt.so
7fabb5706000-7fabb5905000 ---p 00054000 08:02 3542810                    /usr/lib/jvm/java-8-openjdk-amd64/jre/lib/amd64/libawt_xawt.so
7fabb5905000-7fabb5906000 r--p 00053000 08:02 3542810                    /usr/lib/jvm/java-8-openjdk-amd64/jre/lib/amd64/libawt_xawt.so
7fabb5906000-7fabb5909000 rw-p 00054000 08:02 3542810                    /usr/lib/jvm/java-8-openjdk-amd64/jre/lib/amd64/libawt_xawt.so
7fabb5909000-7fabb590a000 rw-p 00000000 00:00 0 
7fabb590a000-7fabb59aa000 r-xp 00000000 08:02 3542808                    /usr/lib/jvm/java-8-openjdk-amd64/jre/lib/amd64/libawt.so
7fabb59aa000-7fabb5ba9000 ---p 000a0000 08:02 3542808                    /usr/lib/jvm/java-8-openjdk-amd64/jre/lib/amd64/libawt.so
7fabb5ba9000-7fabb5baa000 r--p 0009f000 08:02 3542808                    /usr/lib/jvm/java-8-openjdk-amd64/jre/lib/amd64/libawt.so
7fabb5baa000-7fabb5bb5000 rw-p 000a0000 08:02 3542808                    /usr/lib/jvm/java-8-openjdk-amd64/jre/lib/amd64/libawt.so
7fabb5bb5000-7fabb5bda000 rw-p 00000000 00:00 0 
7fabb5bda000-7fabb5bdb000 ---p 00000000 00:00 0 
7fabb5bdb000-7fabb5cdb000 rw-p 00000000 00:00 0 
7fabb5cdb000-7fabb5cde000 ---p 00000000 00:00 0 
7fabb5cde000-7fabb5ddc000 rw-p 00000000 00:00 0 
7fabb5ddc000-7fabb5ddd000 ---p 00000000 00:00 0 
7fabb5ddd000-7fabb5de0000 ---p 00000000 00:00 0 
7fabb5de0000-7fabb5edd000 rw-p 00000000 00:00 0 
7fabb5edd000-7fabb5ede000 ---p 00000000 00:00 0 
7fabb5ede000-7fabb5ee1000 ---p 00000000 00:00 0 
7fabb5ee1000-7fabb5fde000 rw-p 00000000 00:00 0 
7fabb5fde000-7fabb5fdf000 ---p 00000000 00:00 0 
7fabb5fdf000-7fabb5fe2000 ---p 00000000 00:00 0 
7fabb5fe2000-7fabb60df000 rw-p 00000000 00:00 0 
7fabb60df000-7fabb60e2000 ---p 00000000 00:00 0 
7fabb60e2000-7fabb8000000 rw-p 00000000 00:00 0 
7fabb8000000-7fabb8021000 rw-p 00000000 00:00 0 
7fabb8021000-7fabbc000000 ---p 00000000 00:00 0 
7fabbc000000-7fabbc021000 rw-p 00000000 00:00 0 
7fabbc021000-7fabc0000000 ---p 00000000 00:00 0 
7fabc0000000-7fabc0021000 rw-p 00000000 00:00 0 
7fabc0021000-7fabc4000000 ---p 00000000 00:00 0 
7fabc4056000-7fabc4059000 ---p 00000000 00:00 0 
7fabc4059000-7fabc408f000 rw-p 00000000 00:00 0 
7fabc408f000-7fabc4094000 r--s 002f9000 08:02 3412439                    /usr/lib/jvm/java-8-openjdk-amd64/jre/lib/charsets.jar
7fabc4094000-7fabc4096000 r--s 00016000 08:02 3412444                    /usr/lib/jvm/java-8-openjdk-amd64/jre/lib/jce.jar
7fabc4096000-7fabc409b000 r--s 0009d000 08:02 3412446                    /usr/lib/jvm/java-8-openjdk-amd64/jre/lib/jsse.jar
7fabc409b000-7fabc40ae000 r--s 00346000 08:02 3412450                    /usr/lib/jvm/java-8-openjdk-amd64/jre/lib/resources.jar
7fabc40ae000-7fabc40b8000 r--s 00116000 08:02 4067104                    /usr/lib/jvm/java-8-openjdk-amd64/jre/lib/ext/localedata.jar
7fabc40b8000-7fabc40b9000 r--s 00010000 08:02 4067109                    /usr/lib/jvm/java-8-openjdk-amd64/jre/lib/ext/zipfs.jar
7fabc40b9000-7fabc40bb000 r--s 00007000 08:02 1443930                    /usr/share/java/java-atk-wrapper.jar
7fabc40bb000-7fabc40bd000 r--s 00001000 08:02 4067101                    /usr/lib/jvm/java-8-openjdk-amd64/jre/lib/ext/dnsns.jar
7fabc40bd000-7fabc40d8000 r--s 00394000 08:02 4067100                    /usr/lib/jvm/java-8-openjdk-amd64/jre/lib/ext/cldrdata.jar
7fabc40d8000-7fabc4afb000 r--p 00000000 08:02 1055430                    /usr/lib/locale/locale-archive
7fabc4afb000-7fabc4afe000 ---p 00000000 00:00 0 
7fabc4afe000-7fabc4bfc000 rw-p 00000000 00:00 0 
7fabc4bfc000-7fabc4bff000 ---p 00000000 00:00 0 
7fabc4bff000-7fabc4cfd000 rw-p 00000000 00:00 0 
7fabc4cfd000-7fabc4cfe000 ---p 00000000 00:00 0 
7fabc4cfe000-7fabc5000000 rw-p 00000000 00:00 0 
7fabc5000000-7fabc52e0000 rwxp 00000000 00:00 0 
7fabc52e0000-7fabd4000000 ---p 00000000 00:00 0 
7fabd4000000-7fabd437e000 rw-p 00000000 00:00 0 
7fabd437e000-7fabd8000000 ---p 00000000 00:00 0 
7fabd8000000-7fabd8002000 r--s 00008000 08:02 4067106                    /usr/lib/jvm/java-8-openjdk-amd64/jre/lib/ext/sunec.jar
7fabd8002000-7fabd801d000 r--s 001d6000 08:02 4067105                    /usr/lib/jvm/java-8-openjdk-amd64/jre/lib/ext/nashorn.jar
7fabd801d000-7fabd8dcf000 rw-p 00000000 00:00 0 
7fabd8dcf000-7fabd8f9e000 r--s 03c2f000 08:02 3412451                    /usr/lib/jvm/java-8-openjdk-amd64/jre/lib/rt.jar
7fabd8f9e000-7fabd99f6000 rw-p 00000000 00:00 0 
7fabd99f6000-7fabd99f7000 ---p 00000000 00:00 0 
7fabd99f7000-7fabd9af7000 rw-p 00000000 00:00 0 
7fabd9af7000-7fabd9af8000 ---p 00000000 00:00 0 
7fabd9af8000-7fabd9bf8000 rw-p 00000000 00:00 0 
7fabd9bf8000-7fabd9bf9000 ---p 00000000 00:00 0 
7fabd9bf9000-7fabd9cf9000 rw-p 00000000 00:00 0 
7fabd9cf9000-7fabd9cfa000 ---p 00000000 00:00 0 
7fabd9cfa000-7fabd9e0f000 rw-p 00000000 00:00 0 
7fabd9e0f000-7fabd9f3c000 ---p 00000000 00:00 0 
7fabd9f3c000-7fabd9f51000 rw-p 00000000 00:00 0 
7fabd9f51000-7fabda07d000 ---p 00000000 00:00 0 
7fabda07d000-7fabda088000 rw-p 00000000 00:00 0 
7fabda088000-7fabda11e000 ---p 00000000 00:00 0 
7fabda11e000-7fabda12b000 rw-p 00000000 00:00 0 
7fabda12b000-7fabda4df000 ---p 00000000 00:00 0 
7fabda4df000-7fabda4e7000 r-xp 00000000 08:02 3542991                    /usr/lib/jvm/java-8-openjdk-amd64/jre/lib/amd64/libzip.so
7fabda4e7000-7fabda6e6000 ---p 00008000 08:02 3542991                    /usr/lib/jvm/java-8-openjdk-amd64/jre/lib/amd64/libzip.so
7fabda6e6000-7fabda6e7000 r--p 00007000 08:02 3542991                    /usr/lib/jvm/java-8-openjdk-amd64/jre/lib/amd64/libzip.so
7fabda6e7000-7fabda6e8000 rw-p 00008000 08:02 3542991                    /usr/lib/jvm/java-8-openjdk-amd64/jre/lib/amd64/libzip.so
7fabda6e8000-7fabda6f3000 r-xp 00000000 08:02 529251                     /lib/x86_64-linux-gnu/libnss_files-2.27.so
7fabda6f3000-7fabda8f2000 ---p 0000b000 08:02 529251                     /lib/x86_64-linux-gnu/libnss_files-2.27.so
7fabda8f2000-7fabda8f3000 r--p 0000a000 08:02 529251                     /lib/x86_64-linux-gnu/libnss_files-2.27.so
7fabda8f3000-7fabda8f4000 rw-p 0000b000 08:02 529251                     /lib/x86_64-linux-gnu/libnss_files-2.27.so
7fabda8f4000-7fabda8fa000 rw-p 00000000 00:00 0 
7fabda8fa000-7fabda911000 r-xp 00000000 08:02 529245                     /lib/x86_64-linux-gnu/libnsl-2.27.so
7fabda911000-7fabdab10000 ---p 00017000 08:02 529245                     /lib/x86_64-linux-gnu/libnsl-2.27.so
7fabdab10000-7fabdab11000 r--p 00016000 08:02 529245                     /lib/x86_64-linux-gnu/libnsl-2.27.so
7fabdab11000-7fabdab12000 rw-p 00017000 08:02 529245                     /lib/x86_64-linux-gnu/libnsl-2.27.so
7fabdab12000-7fabdab14000 rw-p 00000000 00:00 0 
7fabdab14000-7fabdab1f000 r-xp 00000000 08:02 529262                     /lib/x86_64-linux-gnu/libnss_nis-2.27.so
7fabdab1f000-7fabdad1e000 ---p 0000b000 08:02 529262                     /lib/x86_64-linux-gnu/libnss_nis-2.27.so
7fabdad1e000-7fabdad1f000 r--p 0000a000 08:02 529262                     /lib/x86_64-linux-gnu/libnss_nis-2.27.so
7fabdad1f000-7fabdad20000 rw-p 0000b000 08:02 529262                     /lib/x86_64-linux-gnu/libnss_nis-2.27.so
7fabdad20000-7fabdad28000 r-xp 00000000 08:02 529247                     /lib/x86_64-linux-gnu/libnss_compat-2.27.so
7fabdad28000-7fabdaf28000 ---p 00008000 08:02 529247                     /lib/x86_64-linux-gnu/libnss_compat-2.27.so
7fabdaf28000-7fabdaf29000 r--p 00008000 08:02 529247                     /lib/x86_64-linux-gnu/libnss_compat-2.27.so
7fabdaf29000-7fabdaf2a000 rw-p 00009000 08:02 529247                     /lib/x86_64-linux-gnu/libnss_compat-2.27.so
7fabdaf2a000-7fabdaf58000 r-xp 00000000 08:02 3542972                    /usr/lib/jvm/java-8-openjdk-amd64/jre/lib/amd64/libjava.so
7fabdaf58000-7fabdb157000 ---p 0002e000 08:02 3542972                    /usr/lib/jvm/java-8-openjdk-amd64/jre/lib/amd64/libjava.so
7fabdb157000-7fabdb158000 r--p 0002d000 08:02 3542972                    /usr/lib/jvm/java-8-openjdk-amd64/jre/lib/amd64/libjava.so
7fabdb158000-7fabdb15a000 rw-p 0002e000 08:02 3542972                    /usr/lib/jvm/java-8-openjdk-amd64/jre/lib/amd64/libjava.so
7fabdb15a000-7fabdb16a000 r-xp 00000000 08:02 3542990                    /usr/lib/jvm/java-8-openjdk-amd64/jre/lib/amd64/libverify.so
7fabdb16a000-7fabdb369000 ---p 00010000 08:02 3542990                    /usr/lib/jvm/java-8-openjdk-amd64/jre/lib/amd64/libverify.so
7fabdb369000-7fabdb36b000 r--p 0000f000 08:02 3542990                    /usr/lib/jvm/java-8-openjdk-amd64/jre/lib/amd64/libverify.so
7fabdb36b000-7fabdb36c000 rw-p 00011000 08:02 3542990                    /usr/lib/jvm/java-8-openjdk-amd64/jre/lib/amd64/libverify.so
7fabdb36c000-7fabdb373000 r-xp 00000000 08:02 529302                     /lib/x86_64-linux-gnu/librt-2.27.so
7fabdb373000-7fabdb572000 ---p 00007000 08:02 529302                     /lib/x86_64-linux-gnu/librt-2.27.so
7fabdb572000-7fabdb573000 r--p 00006000 08:02 529302                     /lib/x86_64-linux-gnu/librt-2.27.so
7fabdb573000-7fabdb574000 rw-p 00007000 08:02 529302                     /lib/x86_64-linux-gnu/librt-2.27.so
7fabdb574000-7fabdb58b000 r-xp 00000000 08:02 529198                     /lib/x86_64-linux-gnu/libgcc_s.so.1
7fabdb58b000-7fabdb78a000 ---p 00017000 08:02 529198                     /lib/x86_64-linux-gnu/libgcc_s.so.1
7fabdb78a000-7fabdb78b000 r--p 00016000 08:02 529198                     /lib/x86_64-linux-gnu/libgcc_s.so.1
7fabdb78b000-7fabdb78c000 rw-p 00017000 08:02 529198                     /lib/x86_64-linux-gnu/libgcc_s.so.1
7fabdb78c000-7fabdb929000 r-xp 00000000 08:02 529224                     /lib/x86_64-linux-gnu/libm-2.27.so
7fabdb929000-7fabdbb28000 ---p 0019d000 08:02 529224                     /lib/x86_64-linux-gnu/libm-2.27.so
7fabdbb28000-7fabdbb29000 r--p 0019c000 08:02 529224                     /lib/x86_64-linux-gnu/libm-2.27.so
7fabdbb29000-7fabdbb2a000 rw-p 0019d000 08:02 529224                     /lib/x86_64-linux-gnu/libm-2.27.so
7fabdbb2a000-7fabdbca8000 r-xp 00000000 08:02 1057592                    /usr/lib/x86_64-linux-gnu/libstdc++.so.6.0.25
7fabdbca8000-7fabdbea8000 ---p 0017e000 08:02 1057592                    /usr/lib/x86_64-linux-gnu/libstdc++.so.6.0.25
7fabdbea8000-7fabdbeb2000 r--p 0017e000 08:02 1057592                    /usr/lib/x86_64-linux-gnu/libstdc++.so.6.0.25
7fabdbeb2000-7fabdbeb4000 rw-p 00188000 08:02 1057592                    /usr/lib/x86_64-linux-gnu/libstdc++.so.6.0.25
7fabdbeb4000-7fabdbeb8000 rw-p 00000000 00:00 0 
7fabdbeb8000-7fabdcb49000 r-xp 00000000 08:02 4067092                    /usr/lib/jvm/java-8-openjdk-amd64/jre/lib/amd64/server/libjvm.so
7fabdcb49000-7fabdcd49000 ---p 00c91000 08:02 4067092                    /usr/lib/jvm/java-8-openjdk-amd64/jre/lib/amd64/server/libjvm.so
7fabdcd49000-7fabdcddc000 r--p 00c91000 08:02 4067092                    /usr/lib/jvm/java-8-openjdk-amd64/jre/lib/amd64/server/libjvm.so
7fabdcddc000-7fabdce04000 rw-p 00d24000 08:02 4067092                    /usr/lib/jvm/java-8-openjdk-amd64/jre/lib/amd64/server/libjvm.so
7fabdce04000-7fabdce35000 rw-p 00000000 00:00 0 
7fabdce35000-7fabdce4f000 r-xp 00000000 08:02 529294                     /lib/x86_64-linux-gnu/libpthread-2.27.so
7fabdce4f000-7fabdd04e000 ---p 0001a000 08:02 529294                     /lib/x86_64-linux-gnu/libpthread-2.27.so
7fabdd04e000-7fabdd04f000 r--p 00019000 08:02 529294                     /lib/x86_64-linux-gnu/libpthread-2.27.so
7fabdd04f000-7fabdd050000 rw-p 0001a000 08:02 529294                     /lib/x86_64-linux-gnu/libpthread-2.27.so
7fabdd050000-7fabdd054000 rw-p 00000000 00:00 0 
7fabdd054000-7fabdd057000 r-xp 00000000 08:02 529184                     /lib/x86_64-linux-gnu/libdl-2.27.so
7fabdd057000-7fabdd256000 ---p 00003000 08:02 529184                     /lib/x86_64-linux-gnu/libdl-2.27.so
7fabdd256000-7fabdd257000 r--p 00002000 08:02 529184                     /lib/x86_64-linux-gnu/libdl-2.27.so
7fabdd257000-7fabdd258000 rw-p 00003000 08:02 529184                     /lib/x86_64-linux-gnu/libdl-2.27.so
7fabdd258000-7fabdd274000 r-xp 00000000 08:02 529333                     /lib/x86_64-linux-gnu/libz.so.1.2.11
7fabdd274000-7fabdd473000 ---p 0001c000 08:02 529333                     /lib/x86_64-linux-gnu/libz.so.1.2.11
7fabdd473000-7fabdd474000 r--p 0001b000 08:02 529333                     /lib/x86_64-linux-gnu/libz.so.1.2.11
7fabdd474000-7fabdd475000 rw-p 0001c000 08:02 529333                     /lib/x86_64-linux-gnu/libz.so.1.2.11
7fabdd475000-7fabdd65c000 r-xp 00000000 08:02 529161                     /lib/x86_64-linux-gnu/libc-2.27.so
7fabdd65c000-7fabdd85c000 ---p 001e7000 08:02 529161                     /lib/x86_64-linux-gnu/libc-2.27.so
7fabdd85c000-7fabdd860000 r--p 001e7000 08:02 529161                     /lib/x86_64-linux-gnu/libc-2.27.so
7fabdd860000-7fabdd862000 rw-p 001eb000 08:02 529161                     /lib/x86_64-linux-gnu/libc-2.27.so
7fabdd862000-7fabdd866000 rw-p 00000000 00:00 0 
7fabdd866000-7fabdd874000 r-xp 00000000 08:02 4067089                    /usr/lib/jvm/java-8-openjdk-amd64/jre/lib/amd64/jli/libjli.so
7fabdd874000-7fabdda73000 ---p 0000e000 08:02 4067089                    /usr/lib/jvm/java-8-openjdk-amd64/jre/lib/amd64/jli/libjli.so
7fabdda73000-7fabdda74000 r--p 0000d000 08:02 4067089                    /usr/lib/jvm/java-8-openjdk-amd64/jre/lib/amd64/jli/libjli.so
7fabdda74000-7fabdda75000 rw-p 0000e000 08:02 4067089                    /usr/lib/jvm/java-8-openjdk-amd64/jre/lib/amd64/jli/libjli.so
7fabdda75000-7fabdda9c000 r-xp 00000000 08:02 529133                     /lib/x86_64-linux-gnu/ld-2.27.so
7fabdda9c000-7fabddaa2000 r--s 0003b000 08:02 4067107                    /usr/lib/jvm/java-8-openjdk-amd64/jre/lib/ext/sunjce_provider.jar
7fabddaa2000-7fabddaa5000 r--s 0000f000 08:02 4067102                    /usr/lib/jvm/java-8-openjdk-amd64/jre/lib/ext/icedtea-sound.jar
7fabddaa5000-7fabddaa8000 r--s 00038000 08:02 4067108                    /usr/lib/jvm/java-8-openjdk-amd64/jre/lib/ext/sunpkcs11.jar
7fabddaa8000-7fabddb79000 rw-p 00000000 00:00 0 
7fabddb79000-7fabddb7a000 ---p 00000000 00:00 0 
7fabddb7a000-7fabddb7d000 ---p 00000000 00:00 0 
7fabddb7d000-7fabddc7c000 rw-p 00000000 00:00 0 
7fabddc7c000-7fabddc7d000 r--s 0000a000 08:02 4067103                    /usr/lib/jvm/java-8-openjdk-amd64/jre/lib/ext/jaccess.jar
7fabddc7d000-7fabddc90000 rw-p 00000000 00:00 0 
7fabddc90000-7fabddc98000 rw-s 00000000 08:02 7347807                    /tmp/hsperfdata_munnacs/6297
7fabddc98000-7fabddc99000 rw-p 00000000 00:00 0 
7fabddc99000-7fabddc9a000 r--p 00000000 00:00 0 
7fabddc9a000-7fabddc9c000 rw-p 00000000 00:00 0 
7fabddc9c000-7fabddc9d000 r--p 00027000 08:02 529133                     /lib/x86_64-linux-gnu/ld-2.27.so
7fabddc9d000-7fabddc9e000 rw-p 00028000 08:02 529133                     /lib/x86_64-linux-gnu/ld-2.27.so
7fabddc9e000-7fabddc9f000 rw-p 00000000 00:00 0 
7ffd3faa1000-7ffd3fac2000 rw-p 00000000 00:00 0                          [stack]
7ffd3fafa000-7ffd3fafd000 r--p 00000000 00:00 0                          [vvar]
7ffd3fafd000-7ffd3faff000 r-xp 00000000 00:00 0                          [vdso]
ffffffffff600000-ffffffffff601000 r-xp 00000000 00:00 0                  [vsyscall]

VM Arguments:
jvm_args: -Dfile.encoding=UTF-8 
java_command: cloudsim.ClusterMethod
java_class_path (initial): /usr/lib/jvm/java-8-openjdk-amd64/jre/lib/resources.jar:/usr/lib/jvm/java-8-openjdk-amd64/jre/lib/rt.jar:/usr/lib/jvm/java-8-openjdk-amd64/jre/lib/jsse.jar:/usr/lib/jvm/java-8-openjdk-amd64/jre/lib/jce.jar:/usr/lib/jvm/java-8-openjdk-amd64/jre/lib/charsets.jar:/usr/lib/jvm/java-8-openjdk-amd64/jre/lib/ext/sunpkcs11.jar:/usr/lib/jvm/java-8-openjdk-amd64/jre/lib/ext/icedtea-sound.jar:/usr/lib/jvm/java-8-openjdk-amd64/jre/lib/ext/sunjce_provider.jar:/usr/lib/jvm/java-8-openjdk-amd64/jre/lib/ext/nashorn.jar:/usr/lib/jvm/java-8-openjdk-amd64/jre/lib/ext/sunec.jar:/usr/lib/jvm/java-8-openjdk-amd64/jre/lib/ext/jaccess.jar:/usr/lib/jvm/java-8-openjdk-amd64/jre/lib/ext/cldrdata.jar:/usr/lib/jvm/java-8-openjdk-amd64/jre/lib/ext/dnsns.jar:/usr/lib/jvm/java-8-openjdk-amd64/jre/lib/ext/java-atk-wrapper.jar:/usr/lib/jvm/java-8-openjdk-amd64/jre/lib/ext/zipfs.jar:/usr/lib/jvm/java-8-openjdk-amd64/jre/lib/ext/localedata.jar:/home/munnacs/Projects/FYP/CloudSim/CloudSim/bin:/home/munnacs/Projects/FYP/CloudSim/CloudSim/jars/cloudsim-3.0.3-sources.jar:/home/munnacs/Projects/FYP/CloudSim/CloudSim/jars/cloudsim-3.0.3.jar:/home/munnacs/Projects/FYP/CloudSim/CloudSim/jars/cloudsim-examples-3.0.3-sources.jar:/home/munnacs/Projects/FYP/CloudSim/CloudSim/jars/cloudsim-examples-3.0.3.jar:/home/munnacs/.p2/pool/plugins/org.eclipse.fx.ide.css.jfx8_2.3.0.201603030809.jar
Launcher Type: SUN_STANDARD

Environment Variables:
PATH=/usr/local/sbin:/usr/local/bin:/usr/sbin:/usr/bin:/sbin:/bin:/usr/games:/usr/local/games:/snap/bin
USERNAME=munnacs
SHELL=/bin/bash
DISPLAY=:0

Signal Handlers:
SIGSEGV: [libjvm.so+0xaabcd0], sa_mask[0]=11111111011111111101111111111110, sa_flags=SA_RESTART|SA_SIGINFO
SIGBUS: [libjvm.so+0xaabcd0], sa_mask[0]=11111111011111111101111111111110, sa_flags=SA_RESTART|SA_SIGINFO
SIGFPE: [libjvm.so+0x8e1d50], sa_mask[0]=11111111011111111101111111111110, sa_flags=SA_RESTART|SA_SIGINFO
SIGPIPE: [libjvm.so+0x8e1d50], sa_mask[0]=11111111011111111101111111111110, sa_flags=SA_RESTART|SA_SIGINFO
SIGXFSZ: [libjvm.so+0x8e1d50], sa_mask[0]=11111111011111111101111111111110, sa_flags=SA_RESTART|SA_SIGINFO
SIGILL: [libjvm.so+0x8e1d50], sa_mask[0]=11111111011111111101111111111110, sa_flags=SA_RESTART|SA_SIGINFO
SIGUSR1: SIG_DFL, sa_mask[0]=00000000000000000000000000000000, sa_flags=none
SIGUSR2: [libjvm.so+0x8e1c00], sa_mask[0]=00100000000000000000000000000000, sa_flags=SA_RESTART|SA_SIGINFO
SIGHUP: [libjvm.so+0x8e20b0], sa_mask[0]=11111111011111111101111111111110, sa_flags=SA_RESTART|SA_SIGINFO
SIGINT: [libjvm.so+0x8e20b0], sa_mask[0]=11111111011111111101111111111110, sa_flags=SA_RESTART|SA_SIGINFO
SIGTERM: [libjvm.so+0x8e20b0], sa_mask[0]=11111111011111111101111111111110, sa_flags=SA_RESTART|SA_SIGINFO
SIGQUIT: [libjvm.so+0x8e20b0], sa_mask[0]=11111111011111111101111111111110, sa_flags=SA_RESTART|SA_SIGINFO


---------------  S Y S T E M  ---------------

OS:DISTRIB_ID=Ubuntu
DISTRIB_RELEASE=18.04
DISTRIB_CODENAME=bionic
DISTRIB_DESCRIPTION="Ubuntu 18.04 LTS"

uname:Linux 4.15.0-24-generic #26-Ubuntu SMP Wed Jun 13 08:44:47 UTC 2018 x86_64
libc:glibc 2.27 NPTL 2.27 
rlimit: STACK 8192k, CORE 0k, NPROC 14416, NOFILE 1048576, AS infinity
load average:1.69 1.76 1.52

/proc/meminfo:
MemTotal:        3941864 kB
MemFree:         1685480 kB
MemAvailable:    2132904 kB
Buffers:           54776 kB
Cached:           592788 kB
SwapCached:        83240 kB
Active:          1493904 kB
Inactive:         544216 kB
Active(anon):    1185408 kB
Inactive(anon):   236508 kB
Active(file):     308496 kB
Inactive(file):   307708 kB
Unevictable:          32 kB
Mlocked:              32 kB
SwapTotal:       2097148 kB
SwapFree:        1311768 kB
Dirty:              3808 kB
Writeback:             0 kB
AnonPages:       1364908 kB
Mapped:           131936 kB
Shmem:             31596 kB
Slab:             119536 kB
SReclaimable:      67868 kB
SUnreclaim:        51668 kB
KernelStack:       13808 kB
PageTables:        22036 kB
NFS_Unstable:          0 kB
Bounce:                0 kB
WritebackTmp:          0 kB
CommitLimit:     4068080 kB
Committed_AS:    5968648 kB
VmallocTotal:   34359738367 kB
VmallocUsed:           0 kB
VmallocChunk:          0 kB
HardwareCorrupted:     0 kB
AnonHugePages:         0 kB
ShmemHugePages:        0 kB
ShmemPmdMapped:        0 kB
CmaTotal:              0 kB
CmaFree:               0 kB
HugePages_Total:       0
HugePages_Free:        0
HugePages_Rsvd:        0
HugePages_Surp:        0
Hugepagesize:       2048 kB
DirectMap4k:      287308 kB
DirectMap2M:     3809280 kB
DirectMap1G:           0 kB


CPU:total 4 (initial active 4) (2 cores per cpu, 2 threads per core) family 6 model 69 stepping 1, cmov, cx8, fxsr, mmx, sse, sse2, sse3, ssse3, sse4.1, sse4.2, popcnt, avx, avx2, aes, clmul, erms, lzcnt, ht, tsc, tscinvbit, bmi1, bmi2

/proc/cpuinfo:
processor	: 0
vendor_id	: GenuineIntel
cpu family	: 6
model		: 69
model name	: Intel(R) Core(TM) i3-4005U CPU @ 1.70GHz
stepping	: 1
microcode	: 0x23
cpu MHz		: 1696.144
cache size	: 3072 KB
physical id	: 0
siblings	: 4
core id		: 0
cpu cores	: 2
apicid		: 0
initial apicid	: 0
fpu		: yes
fpu_exception	: yes
cpuid level	: 13
wp		: yes
flags		: fpu vme de pse tsc msr pae mce cx8 apic sep mtrr pge mca cmov pat pse36 clflush dts acpi mmx fxsr sse sse2 ss ht tm pbe syscall nx pdpe1gb rdtscp lm constant_tsc arch_perfmon pebs bts rep_good nopl xtopology nonstop_tsc cpuid aperfmperf pni pclmulqdq dtes64 monitor ds_cpl vmx est tm2 ssse3 sdbg fma cx16 xtpr pdcm pcid sse4_1 sse4_2 movbe popcnt tsc_deadline_timer aes xsave avx f16c rdrand lahf_lm abm cpuid_fault epb invpcid_single pti ibrs ibpb stibp tpr_shadow vnmi flexpriority ept vpid fsgsbase tsc_adjust bmi1 avx2 smep bmi2 erms invpcid xsaveopt dtherm ida arat pln pts
bugs		: cpu_meltdown spectre_v1 spectre_v2 spec_store_bypass
bogomips	: 3392.28
clflush size	: 64
cache_alignment	: 64
address sizes	: 39 bits physical, 48 bits virtual
power management:

processor	: 1
vendor_id	: GenuineIntel
cpu family	: 6
model		: 69
model name	: Intel(R) Core(TM) i3-4005U CPU @ 1.70GHz
stepping	: 1
microcode	: 0x23
cpu MHz		: 1696.143
cache size	: 3072 KB
physical id	: 0
siblings	: 4
core id		: 1
cpu cores	: 10
apicid		: 2
initial apicid	: 2
fpu		: yes
fpu_exception	: yes
cpuid level	: 13
wp		: yes
flags		: fpu vme de pse tsc msr pae mce cx8 apic sep mtrr pge mca cmov pat pse36 clflush dts acpi mmx fxsr sse sse2 ss ht tm pbe syscall nx pdpe1gb rdtscp lm constant_tsc arch_perfmon pebs bts rep_good nopl xtopology nonstop_tsc cpuid aperfmperf pni pclmulqdq dtes64 monitor ds_cpl vmx est tm2 ssse3 sdbg fma cx16 xtpr pdcm pcid sse4_1 sse4_2 movbe popcnt tsc_deadline_timer aes xsave avx f16c rdrand lahf_lm abm cpuid_fault epb invpcid_single pti ibrs ibpb stibp tpr_shadow vnmi flexpriority ept vpid fsgsbase tsc_adjust bmi1 avx2 smep bmi2 erms invpcid xsaveopt dtherm ida arat pln pts
bugs		: cpu_meltdown spectre_v1 spectre_v2 spec_store_bypass
bogomips	: 3392.28
clflush size	: 64
cache_alignment	: 64
address sizes	: 39 bits physical, 48 bits virtual
power management:

processor	: 2
vendor_id	: GenuineIntel
cpu family	: 6
model		: 69
model name	: Intel(R) Core(TM) i3-4005U CPU @ 1.70GHz
stepping	: 1
microcode	: 0x23
cpu MHz		: 1696.142
cache size	: 3072 KB
physical id	: 0
siblings	: 4
core id		: 0
cpu cores	: 2
apicid		: 1
initial apicid	: 1
fpu		: yes
fpu_exception	: yes
cpuid level	: 13
wp		: yes
flags		: fpu vme de pse tsc msr pae mce cx8 apic sep mtrr pge mca cmov pat pse36 clflush dts acpi mmx fxsr sse sse2 ss ht tm pbe syscall nx pdpe1gb rdtscp lm constant_tsc arch_perfmon pebs bts rep_good nopl xtopology nonstop_tsc cpuid aperfmperf pni pclmulqdq dtes64 monitor ds_cpl vmx est tm2 ssse3 sdbg fma cx16 xtpr pdcm pcid sse4_1 sse4_2 movbe popcnt tsc_deadline_timer aes xsave avx f16c rdrand lahf_lm abm cpuid_fault epb invpcid_single pti ibrs ibpb stibp tpr_shadow vnmi flexpriority ept vpid fsgsbase tsc_adjust bmi1 avx2 smep bmi2 erms invpcid xsaveopt dtherm ida arat pln pts
bugs		: cpu_meltdown spectre_v1 spectre_v2 spec_store_bypass
bogomips	: 3392.28
clflush size	: 64
cache_alignment	: 64
address sizes	: 39 bits physical, 48 bits virtual
power management:

processor	: 3
vendor_id	: GenuineIntel
cpu family	: 6
model		: 69
model name	: Intel(R) Core(TM) i3-4005U CPU @ 1.70GHz
stepping	: 1
microcode	: 0x23
cpu MHz		: 1696.142
cache size	: 3072 KB
physical id	: 0
siblings	: 4
core id		: 1
cpu cores	: 2
apicid		: 3
initial apicid	: 3
fpu		: yes
fpu_exception	: yes
cpuid level	: 13
wp		: yes
flags		: fpu vme de pse tsc msr pae mce cx8 apic sep mtrr pge mca cmov pat pse36 clflush dts acpi mmx fxsr sse sse2 ss ht tm pbe syscall nx pdpe1gb rdtscp lm constant_tsc arch_perfmon pebs bts rep_good nopl xtopology nonstop_tsc cpuid aperfmperf pni pclmulqdq dtes64 monitor ds_cpl vmx est tm2 ssse3 sdbg fma cx16 xtpr pdcm pcid sse4_1 sse4_2 movbe popcnt tsc_deadline_timer aes xsave avx f16c rdrand lahf_lm abm cpuid_fault epb invpcid_single pti ibrs ibpb stibp tpr_shadow vnmi flexpriority ept vpid fsgsbase tsc_adjust bmi1 avx2 smep bmi2 erms invpcid xsaveopt dtherm ida arat pln pts
bugs		: cpu_meltdown spectre_v1 spectre_v2 spec_store_bypass
bogomips	: 3392.28
clflush size	: 64
cache_alignment	: 64
address sizes	: 39 bits physical, 48 bits virtual
power management:



Memory: 4k page, physical 3941864k(1686920k free), swap 2097148k(1311768k free)

vm_info: OpenJDK 64-Bit Server VM (25.171-b11) for linux-amd64 JRE (1.8.0_171-8u171-b11-0ubuntu0.18.04.1-b11), built on Apr 26 2018 15:59:34 by "buildd" with gcc 7.3.0

time: Sun Jul 22 18:21:35 2018
elapsed time: 23357 seconds (0d 6h 29m 17s)

