#
# A fatal error has been detected by the Java Runtime Environment:
#
#  SIGSEGV (0xb) at pc=0x00007fe3590699fa, pid=6429, tid=0x00007fe31f9bd700
#
# JRE version: OpenJDK Runtime Environment (8.0_171-b11) (build 1.8.0_171-8u171-b11-0ubuntu0.18.04.1-b11)
# Java VM: OpenJDK 64-Bit Server VM (25.171-b11 mixed mode linux-amd64 compressed oops)
# Problematic frame:
# v  ~BufferBlob::jni_fast_GetLongField
#
# Failed to write core dump. Core dumps have been disabled. To enable core dumping, try "ulimit -c unlimited" before starting Java again
#
# If you would like to submit a bug report, please visit:
#   http://bugreport.java.com/bugreport/crash.jsp
# The crash happened outside the Java Virtual Machine in native code.
# See problematic frame for where to report the bug.
#

---------------  T H R E A D  ---------------

Current thread (0x00007fe3682c7800):  JavaThread "AWT-XAWT" daemon [_thread_in_native, id=6455, stack(0x00007fe31f8bd000,0x00007fe31f9be000)]

siginfo: si_signo: 11 (SIGSEGV), si_code: 1 (SEGV_MAPERR), si_addr: 0x0000000000000000

Registers:
RAX=0x00007fe37115ef40, RBX=0x00007fe3682c79e0, RCX=0x0000000000000000, RDX=0x0000000000000042
RSP=0x00007fe31f9bc7c8, RBP=0x00007fe31f9bc7f0, RSI=0x0000000000000000, RDI=0x00007fe3682c79e0
R8 =0x00000000ec359ac8, R9 =0x0000000000000000, R10=0x0000000000000020, R11=0x00007fe3592a4d58
R12=0x00007fe2f801b430, R13=0x0000000000000000, R14=0x00007fe355ce4b00, R15=0x00007fe3682c7800
RIP=0x00007fe3590699fa, EFLAGS=0x0000000000010246, CSGSFS=0x002b000000000033, ERR=0x0000000000000004
  TRAPNO=0x000000000000000e

Top of Stack: (sp=0x00007fe31f9bc7c8)
0x00007fe31f9bc7c8:   00007fe355ac2d04 00007fe36d89b190
0x00007fe31f9bc7d8:   00007fe2f801b430 00007fe31f9bc8a0
0x00007fe31f9bc7e8:   00007fe31f9bc870 0000000000000000
0x00007fe31f9bc7f8:   00007fe3555a6300 00007fe36d89b190
0x00007fe31f9bc808:   00007fe31f9bc830 0000000000000000
0x00007fe31f9bc818:   00007fe35559de23 00007fe31f9bc8a0
0x00007fe31f9bc828:   00007fe355abacaf 00007fe31f9bc880
0x00007fe31f9bc838:   00007fe3592a4df6 0000000000000000
0x00007fe31f9bc848:   00007fe359290eb6 00007fe31f9bc8a0
0x00007fe31f9bc858:   00007fe359139aec 00007fe31f9bc900
0x00007fe31f9bc868:   00000000ec50f188 00000000ec4cc388
0x00007fe31f9bc878:   0000000000000001 00007fe31f9bc900
0x00007fe31f9bc888:   00007fe3590077d0 00007fe31f9bc900
0x00007fe31f9bc898:   00007fe3590077d0 0000000000000000
0x00007fe31f9bc8a8:   00007fe359007b10 00007fe310003130
0x00007fe31f9bc8b8:   00000000ec538040 00007fe31f9bc8c0
0x00007fe31f9bc8c8:   00007fe36d98d184 00007fe31f9bc948
0x00007fe31f9bc8d8:   00007fe36d996940 0000000000000000
0x00007fe31f9bc8e8:   00007fe36d98d2c0 00007fe31f9bc8a0
0x00007fe31f9bc8f8:   00007fe31f9bc940 00007fe31f9bc990
0x00007fe31f9bc908:   00007fe359007ffd 0000000000000000
0x00007fe31f9bc918:   00000000ec8298d8 0000000000000000
0x00007fe31f9bc928:   0000000000000000 0000000000000000
0x00007fe31f9bc938:   00000000ec538040 0000000000000000
0x00007fe31f9bc948:   00000000ec50fd28 00007fe31f9bc950
0x00007fe31f9bc958:   00007fe36d98cfc5 00007fe31f9bc9a0
0x00007fe31f9bc968:   00007fe36d996940 0000000000000000
0x00007fe31f9bc978:   00007fe36d98cfd0 00007fe31f9bc940
0x00007fe31f9bc988:   00007fe31f9bc9a0 00007fe31f9bc9e8
0x00007fe31f9bc998:   00007fe359008042 00000000ec50fd28
0x00007fe31f9bc9a8:   00007fe31f9bc9a8 00007fe36d3b553b
0x00007fe31f9bc9b8:   00007fe31f9bc9f8 00007fe36d43cf88 

Instructions: (pc=0x00007fe3590699fa)
0x00007fe3590699da:   00 00 00 00 00 00 44 8b 15 6d 20 12 18 4c 8b ce
0x00007fe3590699ea:   41 f6 c2 01 0f 85 2e 00 00 00 4d 33 ca 4d 33 ca
0x00007fe3590699fa:   4d 8b 09 4c 8b da 49 c1 eb 02 4b 8b 04 19 49 bb
0x00007fe359069a0a:   54 ba 18 71 e3 7f 00 00 4c 33 d8 4c 33 d8 45 3b 

Register to memory mapping:

RAX=0x00007fe37115ef40: <offset 0xf33f40> in /usr/lib/jvm/java-8-openjdk-amd64/jre/lib/amd64/server/libjvm.so at 0x00007fe37022b000
RBX=0x00007fe3682c79e0 is an unknown value
RCX=0x0000000000000000 is an unknown value
RDX=0x0000000000000042 is an unknown value
RSP=0x00007fe31f9bc7c8 is pointing into the stack for thread: 0x00007fe3682c7800
RBP=0x00007fe31f9bc7f0 is pointing into the stack for thread: 0x00007fe3682c7800
RSI=0x0000000000000000 is an unknown value
RDI=0x00007fe3682c79e0 is an unknown value
R8 =0x00000000ec359ac8 is an oop
sun.util.logging.PlatformLogger$Level 
 - klass: 'sun/util/logging/PlatformLogger$Level'
R9 =0x0000000000000000 is an unknown value
R10=0x0000000000000020 is an unknown value
R11=0x00007fe3592a4d58 is at entry_point+24 in (nmethod*)0x00007fe3592a4bd0
R12=0x00007fe2f801b430 is an unknown value
R13=0x0000000000000000 is an unknown value
R14=0x00007fe355ce4b00: <offset 0x257b00> in /usr/lib/jvm/java-8-openjdk-amd64/jre/lib/amd64/libawt_xawt.so at 0x00007fe355a8d000
R15=0x00007fe3682c7800 is a thread


Stack: [0x00007fe31f8bd000,0x00007fe31f9be000],  sp=0x00007fe31f9bc7c8,  free space=1021k
Native frames: (J=compiled Java code, j=interpreted, Vv=VM code, C=native code)
v  ~BufferBlob::jni_fast_GetLongField
C  [libX11.so.6+0x64300]  _XimServerDestroy+0x70

Java frames: (J=compiled Java code, j=interpreted, Vv=VM code)
J 773  sun.awt.X11.XlibWrapper.XFilterEvent(JJ)Z (0 bytes) @ 0x00007fe3592a4d84 [0x00007fe3592a4d40+0x44]
j  sun.awt.X11.XToolkit.run(Z)V+300
j  sun.awt.X11.XToolkit.run()V+5
j  java.lang.Thread.run()V+11
v  ~StubRoutines::call_stub

---------------  P R O C E S S  ---------------

Java Threads: ( => current thread )
  0x00007fe314001800 JavaThread "XToolkt-Shutdown-Thread" [_thread_in_vm, id=2680, stack(0x00007fe30c942000,0x00007fe30ca43000)]
  0x00007fe330003000 JavaThread "SIGTERM handler" daemon [_thread_blocked, id=2642, stack(0x00007fe30ca43000,0x00007fe30cb44000)]
  0x00007fe330002000 JavaThread "SIGHUP handler" daemon [_thread_blocked, id=2637, stack(0x00007fe30cb44000,0x00007fe30cc45000)]
  0x00007fe330001000 JavaThread "SIGHUP handler" daemon [_thread_blocked, id=2626, stack(0x00007fe30d66c000,0x00007fe30d76d000)]
  0x00007fe36800b800 JavaThread "DestroyJavaVM" [_thread_blocked, id=6434, stack(0x00007fe371eed000,0x00007fe371fed000)]
  0x00007fe308003800 JavaThread "Thread-0" daemon [_thread_in_native, id=6458, stack(0x00007fe30d96e000,0x00007fe30e16e000)]
  0x00007fe36838d800 JavaThread "AWT-EventQueue-1" [_thread_blocked, id=6461, stack(0x00007fe30ce45000,0x00007fe30cf46000)]
  0x00007fe36838c000 JavaThread "AWT-Shutdown" [_thread_blocked, id=6460, stack(0x00007fe30cf46000,0x00007fe30d047000)]
=>0x00007fe3682c7800 JavaThread "AWT-XAWT" daemon [_thread_in_native, id=6455, stack(0x00007fe31f8bd000,0x00007fe31f9be000)]
  0x00007fe3682a6000 JavaThread "Java2D Disposer" daemon [_thread_blocked, id=6454, stack(0x00007fe3540d2000,0x00007fe3541d3000)]
  0x00007fe3680c9000 JavaThread "Service Thread" daemon [_thread_blocked, id=6447, stack(0x00007fe3560b6000,0x00007fe3561b7000)]
  0x00007fe3680be000 JavaThread "C1 CompilerThread2" daemon [_thread_blocked, id=6446, stack(0x00007fe3561b8000,0x00007fe3562b8000)]
  0x00007fe3680bc000 JavaThread "C2 CompilerThread1" daemon [_thread_blocked, id=6445, stack(0x00007fe3562b9000,0x00007fe3563b9000)]
  0x00007fe3680b9800 JavaThread "C2 CompilerThread0" daemon [_thread_blocked, id=6444, stack(0x00007fe3563ba000,0x00007fe3564ba000)]
  0x00007fe3680b8000 JavaThread "Signal Dispatcher" daemon [_thread_blocked, id=6443, stack(0x00007fe3564ba000,0x00007fe3565bb000)]
  0x00007fe368085800 JavaThread "Finalizer" daemon [_thread_blocked, id=6442, stack(0x00007fe356fde000,0x00007fe3570df000)]
  0x00007fe368081000 JavaThread "Reference Handler" daemon [_thread_blocked, id=6441, stack(0x00007fe3570df000,0x00007fe3571e0000)]

Other Threads:
  0x00007fe368079800 VMThread [stack: 0x00007fe36c08e000,0x00007fe36c18e000] [id=6440]
  0x00007fe3680cb800 WatcherThread [stack: 0x00007fe355fb6000,0x00007fe3560b6000] [id=6448]

VM state:not at safepoint (normal execution)

VM Mutex/Monitor currently owned by a thread: None

Heap:
 PSYoungGen      total 18432K, used 11132K [0x00000000ebf00000, 0x00000000ed380000, 0x0000000100000000)
  eden space 15872K, 70% used [0x00000000ebf00000,0x00000000ec9df3f8,0x00000000ece80000)
  from space 2560K, 0% used [0x00000000ed100000,0x00000000ed100000,0x00000000ed380000)
  to   space 2560K, 0% used [0x00000000ece80000,0x00000000ece80000,0x00000000ed100000)
 ParOldGen       total 42496K, used 0K [0x00000000c3c00000, 0x00000000c6580000, 0x00000000ebf00000)
  object space 42496K, 0% used [0x00000000c3c00000,0x00000000c3c00000,0x00000000c6580000)
 Metaspace       used 12535K, capacity 12760K, committed 13056K, reserved 1060864K
  class space    used 1422K, capacity 1505K, committed 1536K, reserved 1048576K

Card table byte_map: [0x00007fe36e2af000,0x00007fe36e492000] byte_map_base: 0x00007fe36dc91000

Marking Bits: (ParMarkBitMap*) 0x00007fe37118b140
 Begin Bits: [0x00007fe3571e0000, 0x00007fe3580f0000)
 End Bits:   [0x00007fe3580f0000, 0x00007fe359000000)

Polling page: 0x00007fe37200c000

CodeCache: size=245760Kb used=2889Kb max_used=2900Kb free=242870Kb
 bounds [0x00007fe359000000, 0x00007fe3592e0000, 0x00007fe368000000]
 total_blobs=1377 nmethods=796 adapters=496
 compilation: enabled

Compilation events (10 events):
Event: 19154.060 Thread 0x00007fe3680be000  791       3       sun.awt.SunToolkit::flushPendingEvents (19 bytes)
Event: 19154.061 Thread 0x00007fe3680be000 nmethod 791 0x00007fe3592cbc50 code [0x00007fe3592cbde0, 0x00007fe3592cc138]
Event: 19252.224 Thread 0x00007fe3680bc000  793       4       sun.awt.X11.XEvent::get_type (18 bytes)
Event: 19252.261 Thread 0x00007fe3680bc000 nmethod 793 0x00007fe3592ce410 code [0x00007fe3592ce580, 0x00007fe3592ce718]
Event: 19317.639 Thread 0x00007fe3680be000  794       3       sun.awt.XSettings$Update::updateOne (322 bytes)
Event: 19317.683 Thread 0x00007fe3680be000 nmethod 794 0x00007fe3592d3310 code [0x00007fe3592d3700, 0x00007fe3592d52e8]
Event: 19317.690 Thread 0x00007fe3680be000  795       3       sun.awt.XSettings$Update::getCARD16 (97 bytes)
Event: 19317.691 Thread 0x00007fe3680be000 nmethod 795 0x00007fe3592cde50 code [0x00007fe3592cdfe0, 0x00007fe3592ce288]
Event: 22452.406 Thread 0x00007fe3680bc000  796       4       java.lang.Long::valueOf (36 bytes)
Event: 22452.413 Thread 0x00007fe3680bc000 nmethod 796 0x00007fe3592cdad0 code [0x00007fe3592cdc20, 0x00007fe3592cdd58]

GC Heap History (0 events):
No events

Deoptimization events (6 events):
Event: 0.621 Thread 0x00007fe36800b800 Uncommon trap: reason=unstable_if action=reinterpret pc=0x00007fe35919c5a8 method=java.lang.String.<init>([CII)V @ 18
Event: 0.943 Thread 0x00007fe36800b800 Uncommon trap: reason=unstable_if action=reinterpret pc=0x00007fe359185dbc method=java.lang.AbstractStringBuilder.append(Ljava/lang/String;)Ljava/lang/AbstractStringBuilder; @ 1
Event: 0.947 Thread 0x00007fe36800b800 Uncommon trap: reason=unstable_if action=reinterpret pc=0x00007fe359177bb0 method=java.lang.AbstractStringBuilder.append(Ljava/lang/String;)Ljava/lang/AbstractStringBuilder; @ 1
Event: 2.563 Thread 0x00007fe36838d800 Uncommon trap: reason=class_check action=maybe_recompile pc=0x00007fe359203edc method=java.lang.String.equals(Ljava/lang/Object;)Z @ 8
Event: 2.563 Thread 0x00007fe36838d800 Uncommon trap: reason=class_check action=maybe_recompile pc=0x00007fe359203edc method=java.lang.String.equals(Ljava/lang/Object;)Z @ 8
Event: 2.563 Thread 0x00007fe36838d800 Uncommon trap: reason=class_check action=maybe_recompile pc=0x00007fe359203edc method=java.lang.String.equals(Ljava/lang/Object;)Z @ 8

Classes redefined (0 events):
No events

Internal exceptions (10 events):
Event: 0.220 Thread 0x00007fe36800b800 Exception <a 'java/security/PrivilegedActionException'> (0x00000000ec06fc38) thrown at [/build/openjdk-8-TuolsG/openjdk-8-8u171-b11/src/hotspot/src/share/vm/prims/jvm.cpp, line 1435]
Event: 0.220 Thread 0x00007fe36800b800 Exception <a 'java/security/PrivilegedActionException'> (0x00000000ec0708f8) thrown at [/build/openjdk-8-TuolsG/openjdk-8-8u171-b11/src/hotspot/src/share/vm/prims/jvm.cpp, line 1435]
Event: 0.220 Thread 0x00007fe36800b800 Exception <a 'java/security/PrivilegedActionException'> (0x00000000ec070cf0) thrown at [/build/openjdk-8-TuolsG/openjdk-8-8u171-b11/src/hotspot/src/share/vm/prims/jvm.cpp, line 1435]
Event: 0.717 Thread 0x00007fe36800b800 Exception <a 'java/lang/NoSuchFieldError': method resolution failed> (0x00000000ec42af58) thrown at [/build/openjdk-8-TuolsG/openjdk-8-8u171-b11/src/hotspot/src/share/vm/prims/methodHandles.cpp, line 1167]
Event: 0.720 Thread 0x00007fe36800b800 Exception <a 'java/lang/NoSuchFieldError': method resolution failed> (0x00000000ec438698) thrown at [/build/openjdk-8-TuolsG/openjdk-8-8u171-b11/src/hotspot/src/share/vm/prims/methodHandles.cpp, line 1167]
Event: 0.754 Thread 0x00007fe36800b800 Exception <a 'java/io/FileNotFoundException'> (0x00000000ec4b6da0) thrown at [/build/openjdk-8-TuolsG/openjdk-8-8u171-b11/src/hotspot/src/share/vm/prims/jni.cpp, line 709]
Event: 0.789 Thread 0x00007fe36800b800 Exception <a 'java/lang/ClassNotFoundException': sun/dc/DuctusRenderingEngine> (0x00000000ec4d1f50) thrown at [/build/openjdk-8-TuolsG/openjdk-8-8u171-b11/src/hotspot/src/share/vm/classfile/systemDictionary.cpp, line 210]
Event: 0.943 Thread 0x00007fe36800b800 Implicit null exception at 0x00007fe3591859f5 to 0x00007fe359185da9
Event: 0.947 Thread 0x00007fe36800b800 Implicit null exception at 0x00007fe3591777f5 to 0x00007fe359177b9d
Event: 1.285 Thread 0x00007fe36838d800 Exception <a 'java/lang/UnsupportedOperationException': > (0x00000000ec7dd5c8) thrown at [/build/openjdk-8-TuolsG/openjdk-8-8u171-b11/src/hotspot/src/share/vm/prims/jni.cpp, line 735]

Events (10 events):
Event: 9923.638 loading class sun/awt/X11/XkbAnyEvent done
Event: 22992.086 loading class sun/misc/Signal$1
Event: 22992.113 loading class sun/misc/Signal$1 done
Event: 22992.157 loading class sun/awt/X11/XDestroyWindowEvent
Event: 22992.157 Thread 0x00007fe330001000 Thread added: 0x00007fe330001000
Event: 22992.160 Thread 0x00007fe330002000 Thread added: 0x00007fe330002000
Event: 22992.163 Thread 0x00007fe330003000 Thread added: 0x00007fe330003000
Event: 22992.247 Thread 0x00007fe314001800 Thread added: 0x00007fe314001800
Event: 22992.248 loading class sun/awt/X11/XSystemTrayPeer
Event: 22992.271 loading class sun/awt/X11/XDestroyWindowEvent done


Dynamic libraries:
c3c00000-c6580000 rw-p 00000000 00:00 0 
c6580000-ebf00000 ---p 00000000 00:00 0 
ebf00000-ed380000 rw-p 00000000 00:00 0 
ed380000-100000000 ---p 00000000 00:00 0 
100000000-100180000 rw-p 00000000 00:00 0 
100180000-140000000 ---p 00000000 00:00 0 
55b145b8a000-55b145b8b000 r-xp 00000000 08:02 3281363                    /usr/lib/jvm/java-8-openjdk-amd64/jre/bin/java
55b145d8a000-55b145d8b000 r--p 00000000 08:02 3281363                    /usr/lib/jvm/java-8-openjdk-amd64/jre/bin/java
55b145d8b000-55b145d8c000 rw-p 00001000 08:02 3281363                    /usr/lib/jvm/java-8-openjdk-amd64/jre/bin/java
55b146c14000-55b146c35000 rw-p 00000000 00:00 0                          [heap]
7fe2f0000000-7fe2f0021000 rw-p 00000000 00:00 0 
7fe2f0021000-7fe2f4000000 ---p 00000000 00:00 0 
7fe2f8000000-7fe2f802c000 rw-p 00000000 00:00 0 
7fe2f802c000-7fe2fc000000 ---p 00000000 00:00 0 
7fe2fc000000-7fe2fc021000 rw-p 00000000 00:00 0 
7fe2fc021000-7fe300000000 ---p 00000000 00:00 0 
7fe300000000-7fe300021000 rw-p 00000000 00:00 0 
7fe300021000-7fe304000000 ---p 00000000 00:00 0 
7fe304000000-7fe304021000 rw-p 00000000 00:00 0 
7fe304021000-7fe308000000 ---p 00000000 00:00 0 
7fe308000000-7fe308021000 rw-p 00000000 00:00 0 
7fe308021000-7fe30c000000 ---p 00000000 00:00 0 
7fe30c942000-7fe30c945000 ---p 00000000 00:00 0 
7fe30c945000-7fe30ca43000 rw-p 00000000 00:00 0 
7fe30ca43000-7fe30ca46000 ---p 00000000 00:00 0 
7fe30ca46000-7fe30cb44000 rw-p 00000000 00:00 0 
7fe30cb44000-7fe30cb47000 ---p 00000000 00:00 0 
7fe30cb47000-7fe30cd85000 rw-p 00000000 00:00 0 
7fe30cd85000-7fe30ce45000 ---p 00000000 00:00 0 
7fe30ce45000-7fe30ce48000 ---p 00000000 00:00 0 
7fe30ce48000-7fe30cf46000 rw-p 00000000 00:00 0 
7fe30cf46000-7fe30cf49000 ---p 00000000 00:00 0 
7fe30cf49000-7fe30d047000 rw-p 00000000 00:00 0 
7fe30d047000-7fe30d05e000 r-xp 00000000 08:02 529300                     /lib/x86_64-linux-gnu/libresolv-2.27.so
7fe30d05e000-7fe30d25e000 ---p 00017000 08:02 529300                     /lib/x86_64-linux-gnu/libresolv-2.27.so
7fe30d25e000-7fe30d25f000 r--p 00017000 08:02 529300                     /lib/x86_64-linux-gnu/libresolv-2.27.so
7fe30d25f000-7fe30d260000 rw-p 00018000 08:02 529300                     /lib/x86_64-linux-gnu/libresolv-2.27.so
7fe30d260000-7fe30d262000 rw-p 00000000 00:00 0 
7fe30d262000-7fe30d267000 r-xp 00000000 08:02 529249                     /lib/x86_64-linux-gnu/libnss_dns-2.27.so
7fe30d267000-7fe30d467000 ---p 00005000 08:02 529249                     /lib/x86_64-linux-gnu/libnss_dns-2.27.so
7fe30d467000-7fe30d468000 r--p 00005000 08:02 529249                     /lib/x86_64-linux-gnu/libnss_dns-2.27.so
7fe30d468000-7fe30d469000 rw-p 00006000 08:02 529249                     /lib/x86_64-linux-gnu/libnss_dns-2.27.so
7fe30d469000-7fe30d46b000 r-xp 00000000 08:02 529257                     /lib/x86_64-linux-gnu/libnss_mdns4_minimal.so.2
7fe30d46b000-7fe30d66a000 ---p 00002000 08:02 529257                     /lib/x86_64-linux-gnu/libnss_mdns4_minimal.so.2
7fe30d66a000-7fe30d66b000 r--p 00001000 08:02 529257                     /lib/x86_64-linux-gnu/libnss_mdns4_minimal.so.2
7fe30d66b000-7fe30d66c000 rw-p 00002000 08:02 529257                     /lib/x86_64-linux-gnu/libnss_mdns4_minimal.so.2
7fe30d66c000-7fe30d66f000 ---p 00000000 00:00 0 
7fe30d66f000-7fe30d96d000 rw-p 00000000 00:00 0 
7fe30d96d000-7fe30d96e000 ---p 00000000 00:00 0 
7fe30d96e000-7fe30d971000 ---p 00000000 00:00 0 
7fe30d971000-7fe30e16e000 rw-p 00000000 00:00 0 
7fe30e16e000-7fe30e177000 r-xp 00000000 08:02 3542981                    /usr/lib/jvm/java-8-openjdk-amd64/jre/lib/amd64/libmanagement.so
7fe30e177000-7fe30e376000 ---p 00009000 08:02 3542981                    /usr/lib/jvm/java-8-openjdk-amd64/jre/lib/amd64/libmanagement.so
7fe30e376000-7fe30e377000 r--p 00008000 08:02 3542981                    /usr/lib/jvm/java-8-openjdk-amd64/jre/lib/amd64/libmanagement.so
7fe30e377000-7fe30e378000 rw-p 00009000 08:02 3542981                    /usr/lib/jvm/java-8-openjdk-amd64/jre/lib/amd64/libmanagement.so
7fe30e378000-7fe30e38c000 r-xp 00000000 08:02 529202                     /lib/x86_64-linux-gnu/libgpg-error.so.0.22.0
7fe30e38c000-7fe30e58b000 ---p 00014000 08:02 529202                     /lib/x86_64-linux-gnu/libgpg-error.so.0.22.0
7fe30e58b000-7fe30e58c000 r--p 00013000 08:02 529202                     /lib/x86_64-linux-gnu/libgpg-error.so.0.22.0
7fe30e58c000-7fe30e58d000 rw-p 00014000 08:02 529202                     /lib/x86_64-linux-gnu/libgpg-error.so.0.22.0
7fe30e58d000-7fe30e6a1000 r-xp 00000000 08:02 524369                     /lib/x86_64-linux-gnu/libgcrypt.so.20.2.1
7fe30e6a1000-7fe30e8a0000 ---p 00114000 08:02 524369                     /lib/x86_64-linux-gnu/libgcrypt.so.20.2.1
7fe30e8a0000-7fe30e8a2000 r--p 00113000 08:02 524369                     /lib/x86_64-linux-gnu/libgcrypt.so.20.2.1
7fe30e8a2000-7fe30e8a7000 rw-p 00115000 08:02 524369                     /lib/x86_64-linux-gnu/libgcrypt.so.20.2.1
7fe30e8a7000-7fe30e8a8000 rw-p 00000000 00:00 0 
7fe30e8a8000-7fe30e8c3000 r-xp 00000000 08:02 1057279                    /usr/lib/x86_64-linux-gnu/liblz4.so.1.7.1
7fe30e8c3000-7fe30eac2000 ---p 0001b000 08:02 1057279                    /usr/lib/x86_64-linux-gnu/liblz4.so.1.7.1
7fe30eac2000-7fe30eac3000 r--p 0001a000 08:02 1057279                    /usr/lib/x86_64-linux-gnu/liblz4.so.1.7.1
7fe30eac3000-7fe30eac4000 rw-p 0001b000 08:02 1057279                    /usr/lib/x86_64-linux-gnu/liblz4.so.1.7.1
7fe30eac4000-7fe30eae8000 r-xp 00000000 08:02 529221                     /lib/x86_64-linux-gnu/liblzma.so.5.2.2
7fe30eae8000-7fe30ece8000 ---p 00024000 08:02 529221                     /lib/x86_64-linux-gnu/liblzma.so.5.2.2
7fe30ece8000-7fe30ece9000 r--p 00024000 08:02 529221                     /lib/x86_64-linux-gnu/liblzma.so.5.2.2
7fe30ece9000-7fe30ecea000 rw-p 00025000 08:02 529221                     /lib/x86_64-linux-gnu/liblzma.so.5.2.2
7fe30ecea000-7fe30ed6a000 r-xp 00000000 08:02 529315                     /lib/x86_64-linux-gnu/libsystemd.so.0.21.0
7fe30ed6a000-7fe30ef69000 ---p 00080000 08:02 529315                     /lib/x86_64-linux-gnu/libsystemd.so.0.21.0
7fe30ef69000-7fe30ef6c000 r--p 0007f000 08:02 529315                     /lib/x86_64-linux-gnu/libsystemd.so.0.21.0
7fe30ef6c000-7fe30ef6d000 rw-p 00082000 08:02 529315                     /lib/x86_64-linux-gnu/libsystemd.so.0.21.0
7fe30ef6d000-7fe30ef6e000 rw-p 00000000 00:00 0 
7fe30ef6e000-7fe30efde000 r-xp 00000000 08:02 529283                     /lib/x86_64-linux-gnu/libpcre.so.3.13.3
7fe30efde000-7fe30f1de000 ---p 00070000 08:02 529283                     /lib/x86_64-linux-gnu/libpcre.so.3.13.3
7fe30f1de000-7fe30f1df000 r--p 00070000 08:02 529283                     /lib/x86_64-linux-gnu/libpcre.so.3.13.3
7fe30f1df000-7fe30f1e0000 rw-p 00071000 08:02 529283                     /lib/x86_64-linux-gnu/libpcre.so.3.13.3
7fe30f1e0000-7fe30f1e7000 r-xp 00000000 08:02 1056913                    /usr/lib/x86_64-linux-gnu/libffi.so.6.0.4
7fe30f1e7000-7fe30f3e6000 ---p 00007000 08:02 1056913                    /usr/lib/x86_64-linux-gnu/libffi.so.6.0.4
7fe30f3e6000-7fe30f3e7000 r--p 00006000 08:02 1056913                    /usr/lib/x86_64-linux-gnu/libffi.so.6.0.4
7fe30f3e7000-7fe30f3e8000 rw-p 00007000 08:02 1056913                    /usr/lib/x86_64-linux-gnu/libffi.so.6.0.4
7fe30f3e8000-7fe30f414000 r-xp 00000000 08:02 1056661                    /usr/lib/x86_64-linux-gnu/libatspi.so.0.0.1
7fe30f414000-7fe30f614000 ---p 0002c000 08:02 1056661                    /usr/lib/x86_64-linux-gnu/libatspi.so.0.0.1
7fe30f614000-7fe30f617000 r--p 0002c000 08:02 1056661                    /usr/lib/x86_64-linux-gnu/libatspi.so.0.0.1
7fe30f617000-7fe30f618000 rw-p 0002f000 08:02 1056661                    /usr/lib/x86_64-linux-gnu/libatspi.so.0.0.1
7fe30f618000-7fe30f663000 r-xp 00000000 08:02 529176                     /lib/x86_64-linux-gnu/libdbus-1.so.3.19.4
7fe30f663000-7fe30f863000 ---p 0004b000 08:02 529176                     /lib/x86_64-linux-gnu/libdbus-1.so.3.19.4
7fe30f863000-7fe30f864000 r--p 0004b000 08:02 529176                     /lib/x86_64-linux-gnu/libdbus-1.so.3.19.4
7fe30f864000-7fe30f865000 rw-p 0004c000 08:02 529176                     /lib/x86_64-linux-gnu/libdbus-1.so.3.19.4
7fe30f865000-7fe30f978000 r-xp 00000000 08:02 1057007                    /usr/lib/x86_64-linux-gnu/libglib-2.0.so.0.5600.1
7fe30f978000-7fe30fb78000 ---p 00113000 08:02 1057007                    /usr/lib/x86_64-linux-gnu/libglib-2.0.so.0.5600.1
7fe30fb78000-7fe30fb79000 r--p 00113000 08:02 1057007                    /usr/lib/x86_64-linux-gnu/libglib-2.0.so.0.5600.1
7fe30fb79000-7fe30fb7a000 rw-p 00114000 08:02 1057007                    /usr/lib/x86_64-linux-gnu/libglib-2.0.so.0.5600.1
7fe30fb7a000-7fe30fb7b000 rw-p 00000000 00:00 0 
7fe30fb7b000-7fe30fbcd000 r-xp 00000000 08:02 1057035                    /usr/lib/x86_64-linux-gnu/libgobject-2.0.so.0.5600.1
7fe30fbcd000-7fe30fdcd000 ---p 00052000 08:02 1057035                    /usr/lib/x86_64-linux-gnu/libgobject-2.0.so.0.5600.1
7fe30fdcd000-7fe30fdce000 r--p 00052000 08:02 1057035                    /usr/lib/x86_64-linux-gnu/libgobject-2.0.so.0.5600.1
7fe30fdce000-7fe30fdcf000 rw-p 00053000 08:02 1057035                    /usr/lib/x86_64-linux-gnu/libgobject-2.0.so.0.5600.1
7fe30fdcf000-7fe30fdfd000 r-xp 00000000 08:02 1056659                    /usr/lib/x86_64-linux-gnu/libatk-bridge-2.0.so.0.0.0
7fe30fdfd000-7fe30fffd000 ---p 0002e000 08:02 1056659                    /usr/lib/x86_64-linux-gnu/libatk-bridge-2.0.so.0.0.0
7fe30fffd000-7fe30fffe000 r--p 0002e000 08:02 1056659                    /usr/lib/x86_64-linux-gnu/libatk-bridge-2.0.so.0.0.0
7fe30fffe000-7fe30ffff000 rw-p 0002f000 08:02 1056659                    /usr/lib/x86_64-linux-gnu/libatk-bridge-2.0.so.0.0.0
7fe30ffff000-7fe310000000 rw-p 00000000 00:00 0 
7fe310000000-7fe310021000 rw-p 00000000 00:00 0 
7fe310021000-7fe314000000 ---p 00000000 00:00 0 
7fe314000000-7fe314021000 rw-p 00000000 00:00 0 
7fe314021000-7fe318000000 ---p 00000000 00:00 0 
7fe318000000-7fe318021000 rw-p 00000000 00:00 0 
7fe318021000-7fe31c000000 ---p 00000000 00:00 0 
7fe31c052000-7fe31c074000 r-xp 00000000 08:02 1056657                    /usr/lib/x86_64-linux-gnu/libatk-1.0.so.0.22810.1
7fe31c074000-7fe31c274000 ---p 00022000 08:02 1056657                    /usr/lib/x86_64-linux-gnu/libatk-1.0.so.0.22810.1
7fe31c274000-7fe31c277000 r--p 00022000 08:02 1056657                    /usr/lib/x86_64-linux-gnu/libatk-1.0.so.0.22810.1
7fe31c277000-7fe31c278000 rw-p 00025000 08:02 1056657                    /usr/lib/x86_64-linux-gnu/libatk-1.0.so.0.22810.1
7fe31c278000-7fe31c28f000 r-xp 00000000 08:02 4196128                    /usr/lib/x86_64-linux-gnu/jni/libatk-wrapper.so.6.0.0
7fe31c28f000-7fe31c48f000 ---p 00017000 08:02 4196128                    /usr/lib/x86_64-linux-gnu/jni/libatk-wrapper.so.6.0.0
7fe31c48f000-7fe31c490000 r--p 00017000 08:02 4196128                    /usr/lib/x86_64-linux-gnu/jni/libatk-wrapper.so.6.0.0
7fe31c490000-7fe31c491000 rw-p 00018000 08:02 4196128                    /usr/lib/x86_64-linux-gnu/jni/libatk-wrapper.so.6.0.0
7fe31c491000-7fe31f492000 rw-p 00000000 00:00 0 
7fe31f492000-7fe31f4a8000 r-xp 00000000 08:02 3542983                    /usr/lib/jvm/java-8-openjdk-amd64/jre/lib/amd64/libnet.so
7fe31f4a8000-7fe31f6a8000 ---p 00016000 08:02 3542983                    /usr/lib/jvm/java-8-openjdk-amd64/jre/lib/amd64/libnet.so
7fe31f6a8000-7fe31f6a9000 r--p 00016000 08:02 3542983                    /usr/lib/jvm/java-8-openjdk-amd64/jre/lib/amd64/libnet.so
7fe31f6a9000-7fe31f6aa000 rw-p 00017000 08:02 3542983                    /usr/lib/jvm/java-8-openjdk-amd64/jre/lib/amd64/libnet.so
7fe31f6aa000-7fe31f6bb000 r-xp 00000000 08:02 3542984                    /usr/lib/jvm/java-8-openjdk-amd64/jre/lib/amd64/libnio.so
7fe31f6bb000-7fe31f8bb000 ---p 00011000 08:02 3542984                    /usr/lib/jvm/java-8-openjdk-amd64/jre/lib/amd64/libnio.so
7fe31f8bb000-7fe31f8bc000 r--p 00011000 08:02 3542984                    /usr/lib/jvm/java-8-openjdk-amd64/jre/lib/amd64/libnio.so
7fe31f8bc000-7fe31f8bd000 rw-p 00012000 08:02 3542984                    /usr/lib/jvm/java-8-openjdk-amd64/jre/lib/amd64/libnio.so
7fe31f8bd000-7fe31f8c0000 ---p 00000000 00:00 0 
7fe31f8c0000-7fe31f9be000 rw-p 00000000 00:00 0 
7fe31f9be000-7fe31f9c3000 r-xp 00000000 08:02 1056586                    /usr/lib/x86_64-linux-gnu/libXfixes.so.3.1.0
7fe31f9c3000-7fe31fbc2000 ---p 00005000 08:02 1056586                    /usr/lib/x86_64-linux-gnu/libXfixes.so.3.1.0
7fe31fbc2000-7fe31fbc3000 r--p 00004000 08:02 1056586                    /usr/lib/x86_64-linux-gnu/libXfixes.so.3.1.0
7fe31fbc3000-7fe31fbc4000 rw-p 00005000 08:02 1056586                    /usr/lib/x86_64-linux-gnu/libXfixes.so.3.1.0
7fe31fbc4000-7fe31fbcd000 r-xp 00000000 08:02 1056578                    /usr/lib/x86_64-linux-gnu/libXcursor.so.1.0.2
7fe31fbcd000-7fe31fdcc000 ---p 00009000 08:02 1056578                    /usr/lib/x86_64-linux-gnu/libXcursor.so.1.0.2
7fe31fdcc000-7fe31fdcd000 r--p 00008000 08:02 1056578                    /usr/lib/x86_64-linux-gnu/libXcursor.so.1.0.2
7fe31fdcd000-7fe31fdce000 rw-p 00009000 08:02 1056578                    /usr/lib/x86_64-linux-gnu/libXcursor.so.1.0.2
7fe31fdce000-7fe31fdff000 r-xp 00000000 08:02 1048957                    /usr/lib/x86_64-linux-gnu/libpng16.so.16.34.0
7fe31fdff000-7fe31fffe000 ---p 00031000 08:02 1048957                    /usr/lib/x86_64-linux-gnu/libpng16.so.16.34.0
7fe31fffe000-7fe31ffff000 r--p 00030000 08:02 1048957                    /usr/lib/x86_64-linux-gnu/libpng16.so.16.34.0
7fe31ffff000-7fe320000000 rw-p 00031000 08:02 1048957                    /usr/lib/x86_64-linux-gnu/libpng16.so.16.34.0
7fe320000000-7fe320021000 rw-p 00000000 00:00 0 
7fe320021000-7fe324000000 ---p 00000000 00:00 0 
7fe324000000-7fe324021000 rw-p 00000000 00:00 0 
7fe324021000-7fe328000000 ---p 00000000 00:00 0 
7fe328000000-7fe3280a9000 rw-p 00000000 00:00 0 
7fe3280a9000-7fe32c000000 ---p 00000000 00:00 0 
7fe32c000000-7fe32c53e000 rw-p 00000000 00:00 0 
7fe32c53e000-7fe330000000 ---p 00000000 00:00 0 
7fe330000000-7fe330021000 rw-p 00000000 00:00 0 
7fe330021000-7fe334000000 ---p 00000000 00:00 0 
7fe334000000-7fe334091000 rw-p 00000000 00:00 0 
7fe334091000-7fe338000000 ---p 00000000 00:00 0 
7fe338000000-7fe338021000 rw-p 00000000 00:00 0 
7fe338021000-7fe33c000000 ---p 00000000 00:00 0 
7fe33c000000-7fe33c021000 rw-p 00000000 00:00 0 
7fe33c021000-7fe340000000 ---p 00000000 00:00 0 
7fe340000000-7fe340021000 rw-p 00000000 00:00 0 
7fe340021000-7fe344000000 ---p 00000000 00:00 0 
7fe344000000-7fe344021000 rw-p 00000000 00:00 0 
7fe344021000-7fe348000000 ---p 00000000 00:00 0 
7fe348000000-7fe348021000 rw-p 00000000 00:00 0 
7fe348021000-7fe34c000000 ---p 00000000 00:00 0 
7fe34c000000-7fe34c021000 rw-p 00000000 00:00 0 
7fe34c021000-7fe350000000 ---p 00000000 00:00 0 
7fe350000000-7fe350021000 rw-p 00000000 00:00 0 
7fe350021000-7fe354000000 ---p 00000000 00:00 0 
7fe354099000-7fe35409c000 ---p 00000000 00:00 0 
7fe35409c000-7fe3540d2000 rw-p 00000000 00:00 0 
7fe3540d2000-7fe3540d5000 ---p 00000000 00:00 0 
7fe3540d5000-7fe3541d3000 rw-p 00000000 00:00 0 
7fe3541d3000-7fe354280000 r-xp 00000000 08:02 1056945                    /usr/lib/x86_64-linux-gnu/libfreetype.so.6.15.0
7fe354280000-7fe35447f000 ---p 000ad000 08:02 1056945                    /usr/lib/x86_64-linux-gnu/libfreetype.so.6.15.0
7fe35447f000-7fe354486000 r--p 000ac000 08:02 1056945                    /usr/lib/x86_64-linux-gnu/libfreetype.so.6.15.0
7fe354486000-7fe354487000 rw-p 000b3000 08:02 1056945                    /usr/lib/x86_64-linux-gnu/libfreetype.so.6.15.0
7fe354487000-7fe3544d8000 r-xp 00000000 08:02 3542965                    /usr/lib/jvm/java-8-openjdk-amd64/jre/lib/amd64/libfontmanager.so
7fe3544d8000-7fe3546d8000 ---p 00051000 08:02 3542965                    /usr/lib/jvm/java-8-openjdk-amd64/jre/lib/amd64/libfontmanager.so
7fe3546d8000-7fe3546da000 r--p 00051000 08:02 3542965                    /usr/lib/jvm/java-8-openjdk-amd64/jre/lib/amd64/libfontmanager.so
7fe3546da000-7fe3546db000 rw-p 00053000 08:02 3542965                    /usr/lib/jvm/java-8-openjdk-amd64/jre/lib/amd64/libfontmanager.so
7fe3546db000-7fe3546ee000 r-xp 00000000 08:02 529157                     /lib/x86_64-linux-gnu/libbsd.so.0.8.7
7fe3546ee000-7fe3548ed000 ---p 00013000 08:02 529157                     /lib/x86_64-linux-gnu/libbsd.so.0.8.7
7fe3548ed000-7fe3548ee000 r--p 00012000 08:02 529157                     /lib/x86_64-linux-gnu/libbsd.so.0.8.7
7fe3548ee000-7fe3548ef000 rw-p 00013000 08:02 529157                     /lib/x86_64-linux-gnu/libbsd.so.0.8.7
7fe3548ef000-7fe3548f0000 rw-p 00000000 00:00 0 
7fe3548f0000-7fe3548f5000 r-xp 00000000 08:02 1056582                    /usr/lib/x86_64-linux-gnu/libXdmcp.so.6.0.0
7fe3548f5000-7fe354af4000 ---p 00005000 08:02 1056582                    /usr/lib/x86_64-linux-gnu/libXdmcp.so.6.0.0
7fe354af4000-7fe354af5000 r--p 00004000 08:02 1056582                    /usr/lib/x86_64-linux-gnu/libXdmcp.so.6.0.0
7fe354af5000-7fe354af6000 rw-p 00005000 08:02 1056582                    /usr/lib/x86_64-linux-gnu/libXdmcp.so.6.0.0
7fe354af6000-7fe354af8000 r-xp 00000000 08:02 1056571                    /usr/lib/x86_64-linux-gnu/libXau.so.6.0.0
7fe354af8000-7fe354cf8000 ---p 00002000 08:02 1056571                    /usr/lib/x86_64-linux-gnu/libXau.so.6.0.0
7fe354cf8000-7fe354cf9000 r--p 00002000 08:02 1056571                    /usr/lib/x86_64-linux-gnu/libXau.so.6.0.0
7fe354cf9000-7fe354cfa000 rw-p 00003000 08:02 1056571                    /usr/lib/x86_64-linux-gnu/libXau.so.6.0.0
7fe354cfa000-7fe354d20000 r-xp 00000000 08:02 1057775                    /usr/lib/x86_64-linux-gnu/libxcb.so.1.1.0
7fe354d20000-7fe354f20000 ---p 00026000 08:02 1057775                    /usr/lib/x86_64-linux-gnu/libxcb.so.1.1.0
7fe354f20000-7fe354f21000 r--p 00026000 08:02 1057775                    /usr/lib/x86_64-linux-gnu/libxcb.so.1.1.0
7fe354f21000-7fe354f22000 rw-p 00027000 08:02 1057775                    /usr/lib/x86_64-linux-gnu/libxcb.so.1.1.0
7fe354f22000-7fe354f31000 r-xp 00000000 08:02 1056592                    /usr/lib/x86_64-linux-gnu/libXi.so.6.1.0
7fe354f31000-7fe355130000 ---p 0000f000 08:02 1056592                    /usr/lib/x86_64-linux-gnu/libXi.so.6.1.0
7fe355130000-7fe355131000 r--p 0000e000 08:02 1056592                    /usr/lib/x86_64-linux-gnu/libXi.so.6.1.0
7fe355131000-7fe355132000 rw-p 0000f000 08:02 1056592                    /usr/lib/x86_64-linux-gnu/libXi.so.6.1.0
7fe355132000-7fe355137000 r-xp 00000000 08:02 1056610                    /usr/lib/x86_64-linux-gnu/libXtst.so.6.1.0
7fe355137000-7fe355336000 ---p 00005000 08:02 1056610                    /usr/lib/x86_64-linux-gnu/libXtst.so.6.1.0
7fe355336000-7fe355337000 r--p 00004000 08:02 1056610                    /usr/lib/x86_64-linux-gnu/libXtst.so.6.1.0
7fe355337000-7fe355338000 rw-p 00005000 08:02 1056610                    /usr/lib/x86_64-linux-gnu/libXtst.so.6.1.0
7fe355338000-7fe355341000 r-xp 00000000 08:02 1056604                    /usr/lib/x86_64-linux-gnu/libXrender.so.1.3.0
7fe355341000-7fe355540000 ---p 00009000 08:02 1056604                    /usr/lib/x86_64-linux-gnu/libXrender.so.1.3.0
7fe355540000-7fe355541000 r--p 00008000 08:02 1056604                    /usr/lib/x86_64-linux-gnu/libXrender.so.1.3.0
7fe355541000-7fe355542000 rw-p 00009000 08:02 1056604                    /usr/lib/x86_64-linux-gnu/libXrender.so.1.3.0
7fe355542000-7fe355676000 r-xp 00000000 08:02 1056567                    /usr/lib/x86_64-linux-gnu/libX11.so.6.3.0
7fe355676000-7fe355876000 ---p 00134000 08:02 1056567                    /usr/lib/x86_64-linux-gnu/libX11.so.6.3.0
7fe355876000-7fe355877000 r--p 00134000 08:02 1056567                    /usr/lib/x86_64-linux-gnu/libX11.so.6.3.0
7fe355877000-7fe35587b000 rw-p 00135000 08:02 1056567                    /usr/lib/x86_64-linux-gnu/libX11.so.6.3.0
7fe35587b000-7fe35588c000 r-xp 00000000 08:02 1056584                    /usr/lib/x86_64-linux-gnu/libXext.so.6.4.0
7fe35588c000-7fe355a8b000 ---p 00011000 08:02 1056584                    /usr/lib/x86_64-linux-gnu/libXext.so.6.4.0
7fe355a8b000-7fe355a8c000 r--p 00010000 08:02 1056584                    /usr/lib/x86_64-linux-gnu/libXext.so.6.4.0
7fe355a8c000-7fe355a8d000 rw-p 00011000 08:02 1056584                    /usr/lib/x86_64-linux-gnu/libXext.so.6.4.0
7fe355a8d000-7fe355ae1000 r-xp 00000000 08:02 3542810                    /usr/lib/jvm/java-8-openjdk-amd64/jre/lib/amd64/libawt_xawt.so
7fe355ae1000-7fe355ce0000 ---p 00054000 08:02 3542810                    /usr/lib/jvm/java-8-openjdk-amd64/jre/lib/amd64/libawt_xawt.so
7fe355ce0000-7fe355ce1000 r--p 00053000 08:02 3542810                    /usr/lib/jvm/java-8-openjdk-amd64/jre/lib/amd64/libawt_xawt.so
7fe355ce1000-7fe355ce4000 rw-p 00054000 08:02 3542810                    /usr/lib/jvm/java-8-openjdk-amd64/jre/lib/amd64/libawt_xawt.so
7fe355ce4000-7fe355ce5000 rw-p 00000000 00:00 0 
7fe355ce5000-7fe355d85000 r-xp 00000000 08:02 3542808                    /usr/lib/jvm/java-8-openjdk-amd64/jre/lib/amd64/libawt.so
7fe355d85000-7fe355f84000 ---p 000a0000 08:02 3542808                    /usr/lib/jvm/java-8-openjdk-amd64/jre/lib/amd64/libawt.so
7fe355f84000-7fe355f85000 r--p 0009f000 08:02 3542808                    /usr/lib/jvm/java-8-openjdk-amd64/jre/lib/amd64/libawt.so
7fe355f85000-7fe355f90000 rw-p 000a0000 08:02 3542808                    /usr/lib/jvm/java-8-openjdk-amd64/jre/lib/amd64/libawt.so
7fe355f90000-7fe355fb5000 rw-p 00000000 00:00 0 
7fe355fb5000-7fe355fb6000 ---p 00000000 00:00 0 
7fe355fb6000-7fe3560b6000 rw-p 00000000 00:00 0 
7fe3560b6000-7fe3560b9000 ---p 00000000 00:00 0 
7fe3560b9000-7fe3561b7000 rw-p 00000000 00:00 0 
7fe3561b7000-7fe3561b8000 ---p 00000000 00:00 0 
7fe3561b8000-7fe3561bb000 ---p 00000000 00:00 0 
7fe3561bb000-7fe3562b8000 rw-p 00000000 00:00 0 
7fe3562b8000-7fe3562b9000 ---p 00000000 00:00 0 
7fe3562b9000-7fe3562bc000 ---p 00000000 00:00 0 
7fe3562bc000-7fe3563b9000 rw-p 00000000 00:00 0 
7fe3563b9000-7fe3563ba000 ---p 00000000 00:00 0 
7fe3563ba000-7fe3563bd000 ---p 00000000 00:00 0 
7fe3563bd000-7fe3564ba000 rw-p 00000000 00:00 0 
7fe3564ba000-7fe3564bd000 ---p 00000000 00:00 0 
7fe3564bd000-7fe3565bb000 rw-p 00000000 00:00 0 
7fe3565bb000-7fe356fde000 r--p 00000000 08:02 1055430                    /usr/lib/locale/locale-archive
7fe356fde000-7fe356fe1000 ---p 00000000 00:00 0 
7fe356fe1000-7fe3570df000 rw-p 00000000 00:00 0 
7fe3570df000-7fe3570e2000 ---p 00000000 00:00 0 
7fe3570e2000-7fe359000000 rw-p 00000000 00:00 0 
7fe359000000-7fe3592e0000 rwxp 00000000 00:00 0 
7fe3592e0000-7fe368000000 ---p 00000000 00:00 0 
7fe368000000-7fe3683b2000 rw-p 00000000 00:00 0 
7fe3683b2000-7fe36c000000 ---p 00000000 00:00 0 
7fe36c027000-7fe36c02c000 r--s 002f9000 08:02 3412439                    /usr/lib/jvm/java-8-openjdk-amd64/jre/lib/charsets.jar
7fe36c02c000-7fe36c02e000 r--s 00016000 08:02 3412444                    /usr/lib/jvm/java-8-openjdk-amd64/jre/lib/jce.jar
7fe36c02e000-7fe36c033000 r--s 0009d000 08:02 3412446                    /usr/lib/jvm/java-8-openjdk-amd64/jre/lib/jsse.jar
7fe36c033000-7fe36c046000 r--s 00346000 08:02 3412450                    /usr/lib/jvm/java-8-openjdk-amd64/jre/lib/resources.jar
7fe36c046000-7fe36c050000 r--s 00116000 08:02 4067104                    /usr/lib/jvm/java-8-openjdk-amd64/jre/lib/ext/localedata.jar
7fe36c050000-7fe36c051000 r--s 00010000 08:02 4067109                    /usr/lib/jvm/java-8-openjdk-amd64/jre/lib/ext/zipfs.jar
7fe36c051000-7fe36c053000 r--s 00007000 08:02 1443930                    /usr/share/java/java-atk-wrapper.jar
7fe36c053000-7fe36c055000 r--s 00001000 08:02 4067101                    /usr/lib/jvm/java-8-openjdk-amd64/jre/lib/ext/dnsns.jar
7fe36c055000-7fe36c070000 r--s 00394000 08:02 4067100                    /usr/lib/jvm/java-8-openjdk-amd64/jre/lib/ext/cldrdata.jar
7fe36c070000-7fe36c072000 r--s 00008000 08:02 4067106                    /usr/lib/jvm/java-8-openjdk-amd64/jre/lib/ext/sunec.jar
7fe36c072000-7fe36c08d000 r--s 001d6000 08:02 4067105                    /usr/lib/jvm/java-8-openjdk-amd64/jre/lib/ext/nashorn.jar
7fe36c08d000-7fe36c08e000 ---p 00000000 00:00 0 
7fe36c08e000-7fe36d142000 rw-p 00000000 00:00 0 
7fe36d142000-7fe36d311000 r--s 03c2f000 08:02 3412451                    /usr/lib/jvm/java-8-openjdk-amd64/jre/lib/rt.jar
7fe36d311000-7fe36dd69000 rw-p 00000000 00:00 0 
7fe36dd69000-7fe36dd6a000 ---p 00000000 00:00 0 
7fe36dd6a000-7fe36de6a000 rw-p 00000000 00:00 0 
7fe36de6a000-7fe36de6b000 ---p 00000000 00:00 0 
7fe36de6b000-7fe36df6b000 rw-p 00000000 00:00 0 
7fe36df6b000-7fe36df6c000 ---p 00000000 00:00 0 
7fe36df6c000-7fe36e06c000 rw-p 00000000 00:00 0 
7fe36e06c000-7fe36e06d000 ---p 00000000 00:00 0 
7fe36e06d000-7fe36e182000 rw-p 00000000 00:00 0 
7fe36e182000-7fe36e2af000 ---p 00000000 00:00 0 
7fe36e2af000-7fe36e2c4000 rw-p 00000000 00:00 0 
7fe36e2c4000-7fe36e3f0000 ---p 00000000 00:00 0 
7fe36e3f0000-7fe36e3fb000 rw-p 00000000 00:00 0 
7fe36e3fb000-7fe36e491000 ---p 00000000 00:00 0 
7fe36e491000-7fe36e49e000 rw-p 00000000 00:00 0 
7fe36e49e000-7fe36e852000 ---p 00000000 00:00 0 
7fe36e852000-7fe36e85a000 r-xp 00000000 08:02 3542991                    /usr/lib/jvm/java-8-openjdk-amd64/jre/lib/amd64/libzip.so
7fe36e85a000-7fe36ea59000 ---p 00008000 08:02 3542991                    /usr/lib/jvm/java-8-openjdk-amd64/jre/lib/amd64/libzip.so
7fe36ea59000-7fe36ea5a000 r--p 00007000 08:02 3542991                    /usr/lib/jvm/java-8-openjdk-amd64/jre/lib/amd64/libzip.so
7fe36ea5a000-7fe36ea5b000 rw-p 00008000 08:02 3542991                    /usr/lib/jvm/java-8-openjdk-amd64/jre/lib/amd64/libzip.so
7fe36ea5b000-7fe36ea66000 r-xp 00000000 08:02 529251                     /lib/x86_64-linux-gnu/libnss_files-2.27.so
7fe36ea66000-7fe36ec65000 ---p 0000b000 08:02 529251                     /lib/x86_64-linux-gnu/libnss_files-2.27.so
7fe36ec65000-7fe36ec66000 r--p 0000a000 08:02 529251                     /lib/x86_64-linux-gnu/libnss_files-2.27.so
7fe36ec66000-7fe36ec67000 rw-p 0000b000 08:02 529251                     /lib/x86_64-linux-gnu/libnss_files-2.27.so
7fe36ec67000-7fe36ec6d000 rw-p 00000000 00:00 0 
7fe36ec6d000-7fe36ec84000 r-xp 00000000 08:02 529245                     /lib/x86_64-linux-gnu/libnsl-2.27.so
7fe36ec84000-7fe36ee83000 ---p 00017000 08:02 529245                     /lib/x86_64-linux-gnu/libnsl-2.27.so
7fe36ee83000-7fe36ee84000 r--p 00016000 08:02 529245                     /lib/x86_64-linux-gnu/libnsl-2.27.so
7fe36ee84000-7fe36ee85000 rw-p 00017000 08:02 529245                     /lib/x86_64-linux-gnu/libnsl-2.27.so
7fe36ee85000-7fe36ee87000 rw-p 00000000 00:00 0 
7fe36ee87000-7fe36ee92000 r-xp 00000000 08:02 529262                     /lib/x86_64-linux-gnu/libnss_nis-2.27.so
7fe36ee92000-7fe36f091000 ---p 0000b000 08:02 529262                     /lib/x86_64-linux-gnu/libnss_nis-2.27.so
7fe36f091000-7fe36f092000 r--p 0000a000 08:02 529262                     /lib/x86_64-linux-gnu/libnss_nis-2.27.so
7fe36f092000-7fe36f093000 rw-p 0000b000 08:02 529262                     /lib/x86_64-linux-gnu/libnss_nis-2.27.so
7fe36f093000-7fe36f09b000 r-xp 00000000 08:02 529247                     /lib/x86_64-linux-gnu/libnss_compat-2.27.so
7fe36f09b000-7fe36f29b000 ---p 00008000 08:02 529247                     /lib/x86_64-linux-gnu/libnss_compat-2.27.so
7fe36f29b000-7fe36f29c000 r--p 00008000 08:02 529247                     /lib/x86_64-linux-gnu/libnss_compat-2.27.so
7fe36f29c000-7fe36f29d000 rw-p 00009000 08:02 529247                     /lib/x86_64-linux-gnu/libnss_compat-2.27.so
7fe36f29d000-7fe36f2cb000 r-xp 00000000 08:02 3542972                    /usr/lib/jvm/java-8-openjdk-amd64/jre/lib/amd64/libjava.so
7fe36f2cb000-7fe36f4ca000 ---p 0002e000 08:02 3542972                    /usr/lib/jvm/java-8-openjdk-amd64/jre/lib/amd64/libjava.so
7fe36f4ca000-7fe36f4cb000 r--p 0002d000 08:02 3542972                    /usr/lib/jvm/java-8-openjdk-amd64/jre/lib/amd64/libjava.so
7fe36f4cb000-7fe36f4cd000 rw-p 0002e000 08:02 3542972                    /usr/lib/jvm/java-8-openjdk-amd64/jre/lib/amd64/libjava.so
7fe36f4cd000-7fe36f4dd000 r-xp 00000000 08:02 3542990                    /usr/lib/jvm/java-8-openjdk-amd64/jre/lib/amd64/libverify.so
7fe36f4dd000-7fe36f6dc000 ---p 00010000 08:02 3542990                    /usr/lib/jvm/java-8-openjdk-amd64/jre/lib/amd64/libverify.so
7fe36f6dc000-7fe36f6de000 r--p 0000f000 08:02 3542990                    /usr/lib/jvm/java-8-openjdk-amd64/jre/lib/amd64/libverify.so
7fe36f6de000-7fe36f6df000 rw-p 00011000 08:02 3542990                    /usr/lib/jvm/java-8-openjdk-amd64/jre/lib/amd64/libverify.so
7fe36f6df000-7fe36f6e6000 r-xp 00000000 08:02 529302                     /lib/x86_64-linux-gnu/librt-2.27.so
7fe36f6e6000-7fe36f8e5000 ---p 00007000 08:02 529302                     /lib/x86_64-linux-gnu/librt-2.27.so
7fe36f8e5000-7fe36f8e6000 r--p 00006000 08:02 529302                     /lib/x86_64-linux-gnu/librt-2.27.so
7fe36f8e6000-7fe36f8e7000 rw-p 00007000 08:02 529302                     /lib/x86_64-linux-gnu/librt-2.27.so
7fe36f8e7000-7fe36f8fe000 r-xp 00000000 08:02 529198                     /lib/x86_64-linux-gnu/libgcc_s.so.1
7fe36f8fe000-7fe36fafd000 ---p 00017000 08:02 529198                     /lib/x86_64-linux-gnu/libgcc_s.so.1
7fe36fafd000-7fe36fafe000 r--p 00016000 08:02 529198                     /lib/x86_64-linux-gnu/libgcc_s.so.1
7fe36fafe000-7fe36faff000 rw-p 00017000 08:02 529198                     /lib/x86_64-linux-gnu/libgcc_s.so.1
7fe36faff000-7fe36fc9c000 r-xp 00000000 08:02 529224                     /lib/x86_64-linux-gnu/libm-2.27.so
7fe36fc9c000-7fe36fe9b000 ---p 0019d000 08:02 529224                     /lib/x86_64-linux-gnu/libm-2.27.so
7fe36fe9b000-7fe36fe9c000 r--p 0019c000 08:02 529224                     /lib/x86_64-linux-gnu/libm-2.27.so
7fe36fe9c000-7fe36fe9d000 rw-p 0019d000 08:02 529224                     /lib/x86_64-linux-gnu/libm-2.27.so
7fe36fe9d000-7fe37001b000 r-xp 00000000 08:02 1057592                    /usr/lib/x86_64-linux-gnu/libstdc++.so.6.0.25
7fe37001b000-7fe37021b000 ---p 0017e000 08:02 1057592                    /usr/lib/x86_64-linux-gnu/libstdc++.so.6.0.25
7fe37021b000-7fe370225000 r--p 0017e000 08:02 1057592                    /usr/lib/x86_64-linux-gnu/libstdc++.so.6.0.25
7fe370225000-7fe370227000 rw-p 00188000 08:02 1057592                    /usr/lib/x86_64-linux-gnu/libstdc++.so.6.0.25
7fe370227000-7fe37022b000 rw-p 00000000 00:00 0 
7fe37022b000-7fe370ebc000 r-xp 00000000 08:02 4067092                    /usr/lib/jvm/java-8-openjdk-amd64/jre/lib/amd64/server/libjvm.so
7fe370ebc000-7fe3710bc000 ---p 00c91000 08:02 4067092                    /usr/lib/jvm/java-8-openjdk-amd64/jre/lib/amd64/server/libjvm.so
7fe3710bc000-7fe37114f000 r--p 00c91000 08:02 4067092                    /usr/lib/jvm/java-8-openjdk-amd64/jre/lib/amd64/server/libjvm.so
7fe37114f000-7fe371177000 rw-p 00d24000 08:02 4067092                    /usr/lib/jvm/java-8-openjdk-amd64/jre/lib/amd64/server/libjvm.so
7fe371177000-7fe3711a8000 rw-p 00000000 00:00 0 
7fe3711a8000-7fe3711c2000 r-xp 00000000 08:02 529294                     /lib/x86_64-linux-gnu/libpthread-2.27.so
7fe3711c2000-7fe3713c1000 ---p 0001a000 08:02 529294                     /lib/x86_64-linux-gnu/libpthread-2.27.so
7fe3713c1000-7fe3713c2000 r--p 00019000 08:02 529294                     /lib/x86_64-linux-gnu/libpthread-2.27.so
7fe3713c2000-7fe3713c3000 rw-p 0001a000 08:02 529294                     /lib/x86_64-linux-gnu/libpthread-2.27.so
7fe3713c3000-7fe3713c7000 rw-p 00000000 00:00 0 
7fe3713c7000-7fe3713ca000 r-xp 00000000 08:02 529184                     /lib/x86_64-linux-gnu/libdl-2.27.so
7fe3713ca000-7fe3715c9000 ---p 00003000 08:02 529184                     /lib/x86_64-linux-gnu/libdl-2.27.so
7fe3715c9000-7fe3715ca000 r--p 00002000 08:02 529184                     /lib/x86_64-linux-gnu/libdl-2.27.so
7fe3715ca000-7fe3715cb000 rw-p 00003000 08:02 529184                     /lib/x86_64-linux-gnu/libdl-2.27.so
7fe3715cb000-7fe3715e7000 r-xp 00000000 08:02 529333                     /lib/x86_64-linux-gnu/libz.so.1.2.11
7fe3715e7000-7fe3717e6000 ---p 0001c000 08:02 529333                     /lib/x86_64-linux-gnu/libz.so.1.2.11
7fe3717e6000-7fe3717e7000 r--p 0001b000 08:02 529333                     /lib/x86_64-linux-gnu/libz.so.1.2.11
7fe3717e7000-7fe3717e8000 rw-p 0001c000 08:02 529333                     /lib/x86_64-linux-gnu/libz.so.1.2.11
7fe3717e8000-7fe3719cf000 r-xp 00000000 08:02 529161                     /lib/x86_64-linux-gnu/libc-2.27.so
7fe3719cf000-7fe371bcf000 ---p 001e7000 08:02 529161                     /lib/x86_64-linux-gnu/libc-2.27.so
7fe371bcf000-7fe371bd3000 r--p 001e7000 08:02 529161                     /lib/x86_64-linux-gnu/libc-2.27.so
7fe371bd3000-7fe371bd5000 rw-p 001eb000 08:02 529161                     /lib/x86_64-linux-gnu/libc-2.27.so
7fe371bd5000-7fe371bd9000 rw-p 00000000 00:00 0 
7fe371bd9000-7fe371be7000 r-xp 00000000 08:02 4067089                    /usr/lib/jvm/java-8-openjdk-amd64/jre/lib/amd64/jli/libjli.so
7fe371be7000-7fe371de6000 ---p 0000e000 08:02 4067089                    /usr/lib/jvm/java-8-openjdk-amd64/jre/lib/amd64/jli/libjli.so
7fe371de6000-7fe371de7000 r--p 0000d000 08:02 4067089                    /usr/lib/jvm/java-8-openjdk-amd64/jre/lib/amd64/jli/libjli.so
7fe371de7000-7fe371de8000 rw-p 0000e000 08:02 4067089                    /usr/lib/jvm/java-8-openjdk-amd64/jre/lib/amd64/jli/libjli.so
7fe371de8000-7fe371e0f000 r-xp 00000000 08:02 529133                     /lib/x86_64-linux-gnu/ld-2.27.so
7fe371e0f000-7fe371e15000 r--s 0003b000 08:02 4067107                    /usr/lib/jvm/java-8-openjdk-amd64/jre/lib/ext/sunjce_provider.jar
7fe371e15000-7fe371e18000 r--s 0000f000 08:02 4067102                    /usr/lib/jvm/java-8-openjdk-amd64/jre/lib/ext/icedtea-sound.jar
7fe371e18000-7fe371e1b000 r--s 00038000 08:02 4067108                    /usr/lib/jvm/java-8-openjdk-amd64/jre/lib/ext/sunpkcs11.jar
7fe371e1b000-7fe371eec000 rw-p 00000000 00:00 0 
7fe371eec000-7fe371eed000 ---p 00000000 00:00 0 
7fe371eed000-7fe371ef0000 ---p 00000000 00:00 0 
7fe371ef0000-7fe371fef000 rw-p 00000000 00:00 0 
7fe371fef000-7fe371ff0000 r--s 0000a000 08:02 4067103                    /usr/lib/jvm/java-8-openjdk-amd64/jre/lib/ext/jaccess.jar
7fe371ff0000-7fe372003000 rw-p 00000000 00:00 0 
7fe372003000-7fe37200b000 rw-s 00000000 08:02 7347811                    /tmp/hsperfdata_munnacs/6429
7fe37200b000-7fe37200c000 rw-p 00000000 00:00 0 
7fe37200c000-7fe37200d000 r--p 00000000 00:00 0 
7fe37200d000-7fe37200f000 rw-p 00000000 00:00 0 
7fe37200f000-7fe372010000 r--p 00027000 08:02 529133                     /lib/x86_64-linux-gnu/ld-2.27.so
7fe372010000-7fe372011000 rw-p 00028000 08:02 529133                     /lib/x86_64-linux-gnu/ld-2.27.so
7fe372011000-7fe372012000 rw-p 00000000 00:00 0 
7ffddd43f000-7ffddd460000 rw-p 00000000 00:00 0                          [stack]
7ffddd516000-7ffddd519000 r--p 00000000 00:00 0                          [vvar]
7ffddd519000-7ffddd51b000 r-xp 00000000 00:00 0                          [vdso]
ffffffffff600000-ffffffffff601000 r-xp 00000000 00:00 0                  [vsyscall]

VM Arguments:
jvm_args: -Dfile.encoding=UTF-8 
java_command: cloudsim.ClusterMethod
java_class_path (initial): /usr/lib/jvm/java-8-openjdk-amd64/jre/lib/resources.jar:/usr/lib/jvm/java-8-openjdk-amd64/jre/lib/rt.jar:/usr/lib/jvm/java-8-openjdk-amd64/jre/lib/jsse.jar:/usr/lib/jvm/java-8-openjdk-amd64/jre/lib/jce.jar:/usr/lib/jvm/java-8-openjdk-amd64/jre/lib/charsets.jar:/usr/lib/jvm/java-8-openjdk-amd64/jre/lib/ext/sunpkcs11.jar:/usr/lib/jvm/java-8-openjdk-amd64/jre/lib/ext/icedtea-sound.jar:/usr/lib/jvm/java-8-openjdk-amd64/jre/lib/ext/sunjce_provider.jar:/usr/lib/jvm/java-8-openjdk-amd64/jre/lib/ext/nashorn.jar:/usr/lib/jvm/java-8-openjdk-amd64/jre/lib/ext/sunec.jar:/usr/lib/jvm/java-8-openjdk-amd64/jre/lib/ext/jaccess.jar:/usr/lib/jvm/java-8-openjdk-amd64/jre/lib/ext/cldrdata.jar:/usr/lib/jvm/java-8-openjdk-amd64/jre/lib/ext/dnsns.jar:/usr/lib/jvm/java-8-openjdk-amd64/jre/lib/ext/java-atk-wrapper.jar:/usr/lib/jvm/java-8-openjdk-amd64/jre/lib/ext/zipfs.jar:/usr/lib/jvm/java-8-openjdk-amd64/jre/lib/ext/localedata.jar:/home/munnacs/Projects/FYP/CloudSim/CloudSim/bin:/home/munnacs/Projects/FYP/CloudSim/CloudSim/jars/cloudsim-3.0.3-sources.jar:/home/munnacs/Projects/FYP/CloudSim/CloudSim/jars/cloudsim-3.0.3.jar:/home/munnacs/Projects/FYP/CloudSim/CloudSim/jars/cloudsim-examples-3.0.3-sources.jar:/home/munnacs/Projects/FYP/CloudSim/CloudSim/jars/cloudsim-examples-3.0.3.jar:/home/munnacs/.p2/pool/plugins/org.eclipse.fx.ide.css.jfx8_2.3.0.201603030809.jar
Launcher Type: SUN_STANDARD

Environment Variables:
PATH=/usr/local/sbin:/usr/local/bin:/usr/sbin:/usr/bin:/sbin:/bin:/usr/games:/usr/local/games:/snap/bin
USERNAME=munnacs
SHELL=/bin/bash
DISPLAY=:0

Signal Handlers:
SIGSEGV: [libjvm.so+0xaabcd0], sa_mask[0]=11111111011111111101111111111110, sa_flags=SA_RESTART|SA_SIGINFO
SIGBUS: [libjvm.so+0xaabcd0], sa_mask[0]=11111111011111111101111111111110, sa_flags=SA_RESTART|SA_SIGINFO
SIGFPE: [libjvm.so+0x8e1d50], sa_mask[0]=11111111011111111101111111111110, sa_flags=SA_RESTART|SA_SIGINFO
SIGPIPE: [libjvm.so+0x8e1d50], sa_mask[0]=11111111011111111101111111111110, sa_flags=SA_RESTART|SA_SIGINFO
SIGXFSZ: [libjvm.so+0x8e1d50], sa_mask[0]=11111111011111111101111111111110, sa_flags=SA_RESTART|SA_SIGINFO
SIGILL: [libjvm.so+0x8e1d50], sa_mask[0]=11111111011111111101111111111110, sa_flags=SA_RESTART|SA_SIGINFO
SIGUSR1: SIG_DFL, sa_mask[0]=00000000000000000000000000000000, sa_flags=none
SIGUSR2: [libjvm.so+0x8e1c00], sa_mask[0]=00100000000000000000000000000000, sa_flags=SA_RESTART|SA_SIGINFO
SIGHUP: [libjvm.so+0x8e20b0], sa_mask[0]=11111111011111111101111111111110, sa_flags=SA_RESTART|SA_SIGINFO
SIGINT: [libjvm.so+0x8e20b0], sa_mask[0]=11111111011111111101111111111110, sa_flags=SA_RESTART|SA_SIGINFO
SIGTERM: [libjvm.so+0x8e20b0], sa_mask[0]=11111111011111111101111111111110, sa_flags=SA_RESTART|SA_SIGINFO
SIGQUIT: [libjvm.so+0x8e20b0], sa_mask[0]=11111111011111111101111111111110, sa_flags=SA_RESTART|SA_SIGINFO


---------------  S Y S T E M  ---------------

OS:DISTRIB_ID=Ubuntu
DISTRIB_RELEASE=18.04
DISTRIB_CODENAME=bionic
DISTRIB_DESCRIPTION="Ubuntu 18.04 LTS"

uname:Linux 4.15.0-24-generic #26-Ubuntu SMP Wed Jun 13 08:44:47 UTC 2018 x86_64
libc:glibc 2.27 NPTL 2.27 
rlimit: STACK 8192k, CORE 0k, NPROC 14416, NOFILE 1048576, AS infinity
load average:1.69 1.76 1.52

/proc/meminfo:
MemTotal:        3941864 kB
MemFree:         1686228 kB
MemAvailable:    2133012 kB
Buffers:           54776 kB
Cached:           592872 kB
SwapCached:        83452 kB
Active:          1494496 kB
Inactive:         544216 kB
Active(anon):    1186000 kB
Inactive(anon):   236508 kB
Active(file):     308496 kB
Inactive(file):   307708 kB
Unevictable:          32 kB
Mlocked:              32 kB
SwapTotal:       2097148 kB
SwapFree:        1311768 kB
Dirty:              3808 kB
Writeback:             0 kB
AnonPages:       1365280 kB
Mapped:           131936 kB
Shmem:             31596 kB
Slab:             118256 kB
SReclaimable:      66588 kB
SUnreclaim:        51668 kB
KernelStack:       13828 kB
PageTables:        21924 kB
NFS_Unstable:          0 kB
Bounce:                0 kB
WritebackTmp:          0 kB
CommitLimit:     4068080 kB
Committed_AS:    5896948 kB
VmallocTotal:   34359738367 kB
VmallocUsed:           0 kB
VmallocChunk:          0 kB
HardwareCorrupted:     0 kB
AnonHugePages:         0 kB
ShmemHugePages:        0 kB
ShmemPmdMapped:        0 kB
CmaTotal:              0 kB
CmaFree:               0 kB
HugePages_Total:       0
HugePages_Free:        0
HugePages_Rsvd:        0
HugePages_Surp:        0
Hugepagesize:       2048 kB
DirectMap4k:      287308 kB
DirectMap2M:     3809280 kB
DirectMap1G:           0 kB


CPU:total 4 (initial active 4) (2 cores per cpu, 2 threads per core) family 6 model 69 stepping 1, cmov, cx8, fxsr, mmx, sse, sse2, sse3, ssse3, sse4.1, sse4.2, popcnt, avx, avx2, aes, clmul, erms, lzcnt, ht, tsc, tscinvbit, bmi1, bmi2

/proc/cpuinfo:
processor	: 0
vendor_id	: GenuineIntel
cpu family	: 6
model		: 69
model name	: Intel(R) Core(TM) i3-4005U CPU @ 1.70GHz
stepping	: 1
microcode	: 0x23
cpu MHz		: 1696.143
cache size	: 3072 KB
physical id	: 0
siblings	: 4
core id		: 0
cpu cores	: 2
apicid		: 0
initial apicid	: 0
fpu		: yes
fpu_exception	: yes
cpuid level	: 13
wp		: yes
flags		: fpu vme de pse tsc msr pae mce cx8 apic sep mtrr pge mca cmov pat pse36 clflush dts acpi mmx fxsr sse sse2 ss ht tm pbe syscall nx pdpe1gb rdtscp lm constant_tsc arch_perfmon pebs bts rep_good nopl xtopology nonstop_tsc cpuid aperfmperf pni pclmulqdq dtes64 monitor ds_cpl vmx est tm2 ssse3 sdbg fma cx16 xtpr pdcm pcid sse4_1 sse4_2 movbe popcnt tsc_deadline_timer aes xsave avx f16c rdrand lahf_lm abm cpuid_fault epb invpcid_single pti ibrs ibpb stibp tpr_shadow vnmi flexpriority ept vpid fsgsbase tsc_adjust bmi1 avx2 smep bmi2 erms invpcid xsaveopt dtherm ida arat pln pts
bugs		: cpu_meltdown spectre_v1 spectre_v2 spec_store_bypass
bogomips	: 3392.28
clflush size	: 64
cache_alignment	: 64
address sizes	: 39 bits physical, 48 bits virtual
power management:

processor	: 1
vendor_id	: GenuineIntel
cpu family	: 6
model		: 69
model name	: Intel(R) Core(TM) i3-4005U CPU @ 1.70GHz
stepping	: 1
microcode	: 0x23
cpu MHz		: 1696.144
cache size	: 3072 KB
physical id	: 0
siblings	: 4
core id		: 1
cpu cores	: 10
apicid		: 2
initial apicid	: 2
fpu		: yes
fpu_exception	: yes
cpuid level	: 13
wp		: yes
flags		: fpu vme de pse tsc msr pae mce cx8 apic sep mtrr pge mca cmov pat pse36 clflush dts acpi mmx fxsr sse sse2 ss ht tm pbe syscall nx pdpe1gb rdtscp lm constant_tsc arch_perfmon pebs bts rep_good nopl xtopology nonstop_tsc cpuid aperfmperf pni pclmulqdq dtes64 monitor ds_cpl vmx est tm2 ssse3 sdbg fma cx16 xtpr pdcm pcid sse4_1 sse4_2 movbe popcnt tsc_deadline_timer aes xsave avx f16c rdrand lahf_lm abm cpuid_fault epb invpcid_single pti ibrs ibpb stibp tpr_shadow vnmi flexpriority ept vpid fsgsbase tsc_adjust bmi1 avx2 smep bmi2 erms invpcid xsaveopt dtherm ida arat pln pts
bugs		: cpu_meltdown spectre_v1 spectre_v2 spec_store_bypass
bogomips	: 3392.28
clflush size	: 64
cache_alignment	: 64
address sizes	: 39 bits physical, 48 bits virtual
power management:

processor	: 2
vendor_id	: GenuineIntel
cpu family	: 6
model		: 69
model name	: Intel(R) Core(TM) i3-4005U CPU @ 1.70GHz
stepping	: 1
microcode	: 0x23
cpu MHz		: 1696.144
cache size	: 3072 KB
physical id	: 0
siblings	: 4
core id		: 0
cpu cores	: 2
apicid		: 1
initial apicid	: 1
fpu		: yes
fpu_exception	: yes
cpuid level	: 13
wp		: yes
flags		: fpu vme de pse tsc msr pae mce cx8 apic sep mtrr pge mca cmov pat pse36 clflush dts acpi mmx fxsr sse sse2 ss ht tm pbe syscall nx pdpe1gb rdtscp lm constant_tsc arch_perfmon pebs bts rep_good nopl xtopology nonstop_tsc cpuid aperfmperf pni pclmulqdq dtes64 monitor ds_cpl vmx est tm2 ssse3 sdbg fma cx16 xtpr pdcm pcid sse4_1 sse4_2 movbe popcnt tsc_deadline_timer aes xsave avx f16c rdrand lahf_lm abm cpuid_fault epb invpcid_single pti ibrs ibpb stibp tpr_shadow vnmi flexpriority ept vpid fsgsbase tsc_adjust bmi1 avx2 smep bmi2 erms invpcid xsaveopt dtherm ida arat pln pts
bugs		: cpu_meltdown spectre_v1 spectre_v2 spec_store_bypass
bogomips	: 3392.28
clflush size	: 64
cache_alignment	: 64
address sizes	: 39 bits physical, 48 bits virtual
power management:

processor	: 3
vendor_id	: GenuineIntel
cpu family	: 6
model		: 69
model name	: Intel(R) Core(TM) i3-4005U CPU @ 1.70GHz
stepping	: 1
microcode	: 0x23
cpu MHz		: 1696.143
cache size	: 3072 KB
physical id	: 0
siblings	: 4
core id		: 1
cpu cores	: 2
apicid		: 3
initial apicid	: 3
fpu		: yes
fpu_exception	: yes
cpuid level	: 13
wp		: yes
flags		: fpu vme de pse tsc msr pae mce cx8 apic sep mtrr pge mca cmov pat pse36 clflush dts acpi mmx fxsr sse sse2 ss ht tm pbe syscall nx pdpe1gb rdtscp lm constant_tsc arch_perfmon pebs bts rep_good nopl xtopology nonstop_tsc cpuid aperfmperf pni pclmulqdq dtes64 monitor ds_cpl vmx est tm2 ssse3 sdbg fma cx16 xtpr pdcm pcid sse4_1 sse4_2 movbe popcnt tsc_deadline_timer aes xsave avx f16c rdrand lahf_lm abm cpuid_fault epb invpcid_single pti ibrs ibpb stibp tpr_shadow vnmi flexpriority ept vpid fsgsbase tsc_adjust bmi1 avx2 smep bmi2 erms invpcid xsaveopt dtherm ida arat pln pts
bugs		: cpu_meltdown spectre_v1 spectre_v2 spec_store_bypass
bogomips	: 3392.28
clflush size	: 64
cache_alignment	: 64
address sizes	: 39 bits physical, 48 bits virtual
power management:



Memory: 4k page, physical 3941864k(1788712k free), swap 2097148k(1386776k free)

vm_info: OpenJDK 64-Bit Server VM (25.171-b11) for linux-amd64 JRE (1.8.0_171-8u171-b11-0ubuntu0.18.04.1-b11), built on Apr 26 2018 15:59:34 by "buildd" with gcc 7.3.0

time: Sun Jul 22 18:21:35 2018
elapsed time: 22992 seconds (0d 6h 23m 12s)

