#
# A fatal error has been detected by the Java Runtime Environment:
#
#  SIGSEGV (0xb) at pc=0x00007f962cc4e9fa, pid=5641, tid=0x00007f960cfb6700
#
# JRE version: OpenJDK Runtime Environment (8.0_171-b11) (build 1.8.0_171-8u171-b11-0ubuntu0.18.04.1-b11)
# Java VM: OpenJDK 64-Bit Server VM (25.171-b11 mixed mode linux-amd64 compressed oops)
# Problematic frame:
# v  ~BufferBlob::jni_fast_GetLongField
#
# Failed to write core dump. Core dumps have been disabled. To enable core dumping, try "ulimit -c unlimited" before starting Java again
#
# If you would like to submit a bug report, please visit:
#   http://bugreport.java.com/bugreport/crash.jsp
# The crash happened outside the Java Virtual Machine in native code.
# See problematic frame for where to report the bug.
#

---------------  T H R E A D  ---------------

Current thread (0x00007f963c285800):  JavaThread "AWT-XAWT" daemon [_thread_in_native, id=5665, stack(0x00007f960ceb6000,0x00007f960cfb7000)]

siginfo: si_signo: 11 (SIGSEGV), si_code: 1 (SEGV_MAPERR), si_addr: 0x0000000000000000

Registers:
RAX=0x00007f96426f1f40, RBX=0x00007f963c2859e0, RCX=0x0000000000000000, RDX=0x0000000000000042
RSP=0x00007f960cfb57c8, RBP=0x00007f960cfb57f0, RSI=0x0000000000000000, RDI=0x00007f963c2859e0
R8 =0x00000000ec352738, R9 =0x0000000000000000, R10=0x0000000000000022, R11=0x00007f962ce9bad8
R12=0x00007f95c801c920, R13=0x0000000000000000, R14=0x00007f960f20bb00, R15=0x00007f963c285800
RIP=0x00007f962cc4e9fa, EFLAGS=0x0000000000010246, CSGSFS=0x002b000000000033, ERR=0x0000000000000004
  TRAPNO=0x000000000000000e

Top of Stack: (sp=0x00007f960cfb57c8)
0x00007f960cfb57c8:   00007f960efe9d04 00007f9625eef2e8
0x00007f960cfb57d8:   00007f95c801c920 00007f960cfb58a0
0x00007f960cfb57e8:   00007f960cfb5870 0000000000000000
0x00007f960cfb57f8:   00007f960eacd300 00007f9625eef2e8
0x00007f960cfb5808:   00007f960cfb5830 0000000000000000
0x00007f960cfb5818:   00007f960eac4e23 00007f960cfb58a0
0x00007f960cfb5828:   00007f960efe1caf 00007f960cfb5880
0x00007f960cfb5838:   00007f962ce9bb76 0000000000000000
0x00007f960cfb5848:   00007f962ce80936 00007f960cfb58a0
0x00007f960cfb5858:   00007f962ccfa36c 00007f960cfb5900
0x00007f960cfb5868:   00000000ec507e50 00000000ec4c5028
0x00007f960cfb5878:   0000000000000001 00007f960cfb5900
0x00007f960cfb5888:   00007f962cbec7d0 00007f960cfb5900
0x00007f960cfb5898:   00007f962cbec7d0 0000000000000000
0x00007f960cfb58a8:   00007f962cbecb10 00007f95ec001120
0x00007f960cfb58b8:   00000000ec538bb0 00007f960cfb58c0
0x00007f960cfb58c8:   00007f9625fe18fc 00007f960cfb5948
0x00007f960cfb58d8:   00007f9625fea8e8 0000000000000000
0x00007f960cfb58e8:   00007f9625fe1a38 00007f960cfb58a0
0x00007f960cfb58f8:   00007f960cfb5940 00007f960cfb5990
0x00007f960cfb5908:   00007f962cbecffd 0000000000000000
0x00007f960cfb5918:   00000000ec822980 0000000000000000
0x00007f960cfb5928:   0000000000000000 0000000000000000
0x00007f960cfb5938:   00000000ec538bb0 0000000000000000
0x00007f960cfb5948:   00000000ec5089f0 00007f960cfb5950
0x00007f960cfb5958:   00007f9625fe173d 00007f960cfb59a0
0x00007f960cfb5968:   00007f9625fea8e8 0000000000000000
0x00007f960cfb5978:   00007f9625fe1748 00007f960cfb5940
0x00007f960cfb5988:   00007f960cfb59a0 00007f960cfb59e8
0x00007f960cfb5998:   00007f962cbed042 00000000ec5089f0
0x00007f960cfb59a8:   00007f960cfb59a8 00007f9625a0e53b
0x00007f960cfb59b8:   00007f960cfb59f8 00007f9625a95f88 

Instructions: (pc=0x00007f962cc4e9fa)
0x00007f962cc4e9da:   00 00 00 00 00 00 44 8b 15 6d 00 ad 15 4c 8b ce
0x00007f962cc4e9ea:   41 f6 c2 01 0f 85 2e 00 00 00 4d 33 ca 4d 33 ca
0x00007f962cc4e9fa:   4d 8b 09 4c 8b da 49 c1 eb 02 4b 8b 04 19 49 bb
0x00007f962cc4ea0a:   54 ea 71 42 96 7f 00 00 4c 33 d8 4c 33 d8 45 3b 

Register to memory mapping:

RAX=0x00007f96426f1f40: <offset 0xf33f40> in /usr/lib/jvm/java-8-openjdk-amd64/jre/lib/amd64/server/libjvm.so at 0x00007f96417be000
RBX=0x00007f963c2859e0 is an unknown value
RCX=0x0000000000000000 is an unknown value
RDX=0x0000000000000042 is an unknown value
RSP=0x00007f960cfb57c8 is pointing into the stack for thread: 0x00007f963c285800
RBP=0x00007f960cfb57f0 is pointing into the stack for thread: 0x00007f963c285800
RSI=0x0000000000000000 is an unknown value
RDI=0x00007f963c2859e0 is an unknown value
R8 =0x00000000ec352738 is an oop
sun.util.logging.PlatformLogger$Level 
 - klass: 'sun/util/logging/PlatformLogger$Level'
R9 =0x0000000000000000 is an unknown value
R10=0x0000000000000022 is an unknown value
R11=0x00007f962ce9bad8 is at entry_point+24 in (nmethod*)0x00007f962ce9b950
R12=0x00007f95c801c920 is an unknown value
R13=0x0000000000000000 is an unknown value
R14=0x00007f960f20bb00: <offset 0x257b00> in /usr/lib/jvm/java-8-openjdk-amd64/jre/lib/amd64/libawt_xawt.so at 0x00007f960efb4000
R15=0x00007f963c285800 is a thread


Stack: [0x00007f960ceb6000,0x00007f960cfb7000],  sp=0x00007f960cfb57c8,  free space=1021k
Native frames: (J=compiled Java code, j=interpreted, Vv=VM code, C=native code)
v  ~BufferBlob::jni_fast_GetLongField
C  [libX11.so.6+0x64300]  _XimServerDestroy+0x70

Java frames: (J=compiled Java code, j=interpreted, Vv=VM code)
J 783  sun.awt.X11.XlibWrapper.XFilterEvent(JJ)Z (0 bytes) @ 0x00007f962ce9bb04 [0x00007f962ce9bac0+0x44]
j  sun.awt.X11.XToolkit.run(Z)V+300
j  sun.awt.X11.XToolkit.run()V+5
j  java.lang.Thread.run()V+11
v  ~StubRoutines::call_stub

---------------  P R O C E S S  ---------------

Java Threads: ( => current thread )
  0x00007f95e0003800 JavaThread "XToolkt-Shutdown-Thread" [_thread_in_native, id=2742, stack(0x00007f95dde5a000,0x00007f95ddf5b000)]
  0x00007f9600003000 JavaThread "SIGTERM handler" daemon [_thread_blocked, id=2715, stack(0x00007f95ddf5b000,0x00007f95de05c000)]
  0x00007f9600002000 JavaThread "SIGHUP handler" daemon [_thread_blocked, id=2713, stack(0x00007f95de05c000,0x00007f95de15d000)]
  0x00007f9600001000 JavaThread "SIGHUP handler" daemon [_thread_blocked, id=2708, stack(0x00007f960c0c6000,0x00007f960c1c7000)]
  0x00007f963c00b800 JavaThread "DestroyJavaVM" [_thread_blocked, id=5643, stack(0x00007f9643480000,0x00007f9643580000)]
  0x00007f95d8003800 JavaThread "Thread-0" daemon [_thread_in_native, id=5668, stack(0x00007f95dec84000,0x00007f95df484000)]
  0x00007f963c34a800 JavaThread "AWT-EventQueue-1" [_thread_blocked, id=5671, stack(0x00007f95de35d000,0x00007f95de45e000)]
  0x00007f963c348800 JavaThread "AWT-Shutdown" [_thread_blocked, id=5670, stack(0x00007f95e406d000,0x00007f95e416e000)]
=>0x00007f963c285800 JavaThread "AWT-XAWT" daemon [_thread_in_native, id=5665, stack(0x00007f960ceb6000,0x00007f960cfb7000)]
  0x00007f963c264000 JavaThread "Java2D Disposer" daemon [_thread_blocked, id=5664, stack(0x00007f960d3c7000,0x00007f960d4c8000)]
  0x00007f963c0c1000 JavaThread "Service Thread" daemon [_thread_blocked, id=5660, stack(0x00007f96240d9000,0x00007f96241da000)]
  0x00007f963c0be000 JavaThread "C1 CompilerThread2" daemon [_thread_blocked, id=5659, stack(0x00007f96241db000,0x00007f96242db000)]
  0x00007f963c0bc000 JavaThread "C2 CompilerThread1" daemon [_thread_blocked, id=5658, stack(0x00007f96242dc000,0x00007f96243dc000)]
  0x00007f963c0b9800 JavaThread "C2 CompilerThread0" daemon [_thread_blocked, id=5657, stack(0x00007f96243dd000,0x00007f96244dd000)]
  0x00007f963c0b8000 JavaThread "Signal Dispatcher" daemon [_thread_blocked, id=5656, stack(0x00007f96244dd000,0x00007f96245de000)]
  0x00007f963c085800 JavaThread "Finalizer" daemon [_thread_blocked, id=5655, stack(0x00007f96245de000,0x00007f96246df000)]
  0x00007f963c081000 JavaThread "Reference Handler" daemon [_thread_blocked, id=5654, stack(0x00007f96246df000,0x00007f96247e0000)]

Other Threads:
  0x00007f963c079800 VMThread [stack: 0x00007f96247e1000,0x00007f96248e1000] [id=5653]
  0x00007f963c0c3800 WatcherThread [stack: 0x00007f960f4dd000,0x00007f960f5dd000] [id=5661]

VM state:not at safepoint (normal execution)

VM Mutex/Monitor currently owned by a thread: None

Heap:
 PSYoungGen      total 18432K, used 10817K [0x00000000ebf00000, 0x00000000ed380000, 0x0000000100000000)
  eden space 15872K, 68% used [0x00000000ebf00000,0x00000000ec9904e8,0x00000000ece80000)
  from space 2560K, 0% used [0x00000000ed100000,0x00000000ed100000,0x00000000ed380000)
  to   space 2560K, 0% used [0x00000000ece80000,0x00000000ece80000,0x00000000ed100000)
 ParOldGen       total 42496K, used 0K [0x00000000c3c00000, 0x00000000c6580000, 0x00000000ebf00000)
  object space 42496K, 0% used [0x00000000c3c00000,0x00000000c3c00000,0x00000000c6580000)
 Metaspace       used 12521K, capacity 12760K, committed 13056K, reserved 1060864K
  class space    used 1420K, capacity 1505K, committed 1536K, reserved 1048576K

Card table byte_map: [0x00007f964001d000,0x00007f9640200000] byte_map_base: 0x00007f963f9ff000

Marking Bits: (ParMarkBitMap*) 0x00007f964271e140
 Begin Bits: [0x00007f96261e0000, 0x00007f96270f0000)
 End Bits:   [0x00007f96270f0000, 0x00007f9628000000)

Polling page: 0x00007f964359f000

CodeCache: size=245760Kb used=2964Kb max_used=2964Kb free=242795Kb
 bounds [0x00007f962cbe5000, 0x00007f962ced5000, 0x00007f963bbe5000]
 total_blobs=1393 nmethods=812 adapters=496
 compilation: enabled

Compilation events (10 events):
Event: 20788.231 Thread 0x00007f963c0be000  809       3       sun.awt.XSettings$Update::getCARD16 (97 bytes)
Event: 20788.238 Thread 0x00007f963c0be000 nmethod 809 0x00007f962cec6810 code [0x00007f962cec69a0, 0x00007f962cec6c48]
Event: 20788.249 Thread 0x00007f963c0be000  808       3       sun.awt.XSettings$Update::updateOne (322 bytes)
Event: 20788.300 Thread 0x00007f963c0be000 nmethod 808 0x00007f962ceca990 code [0x00007f962cecad80, 0x00007f962cecc968]
Event: 20788.310 Thread 0x00007f963c0be000  810       1       java.awt.EventQueue::access$400 (5 bytes)
Event: 20788.313 Thread 0x00007f963c0be000 nmethod 810 0x00007f962cec6490 code [0x00007f962cec65e0, 0x00007f962cec66d0]
Event: 20793.021 Thread 0x00007f963c0be000  811  s    1       java.awt.EventDispatchThread::getEventQueue (5 bytes)
Event: 20793.022 Thread 0x00007f963c0be000 nmethod 811 0x00007f962cec8210 code [0x00007f962cec8360, 0x00007f962cec85d0]
Event: 23901.065 Thread 0x00007f963c0be000  812       1       sun.awt.X11.XEvent::getPData (5 bytes)
Event: 23901.066 Thread 0x00007f963c0be000 nmethod 812 0x00007f962cec7f50 code [0x00007f962cec80a0, 0x00007f962cec81b0]

GC Heap History (0 events):
No events

Deoptimization events (6 events):
Event: 0.643 Thread 0x00007f963c00b800 Uncommon trap: reason=unstable_if action=reinterpret pc=0x00007f962cd8a168 method=java.lang.String.<init>([CII)V @ 18
Event: 1.318 Thread 0x00007f963c00b800 Uncommon trap: reason=unstable_if action=reinterpret pc=0x00007f962cd722bc method=java.lang.AbstractStringBuilder.append(Ljava/lang/String;)Ljava/lang/AbstractStringBuilder; @ 1
Event: 1.329 Thread 0x00007f963c00b800 Uncommon trap: reason=unstable_if action=reinterpret pc=0x00007f962cd605f0 method=java.lang.AbstractStringBuilder.append(Ljava/lang/String;)Ljava/lang/AbstractStringBuilder; @ 1
Event: 3.505 Thread 0x00007f963c34a800 Uncommon trap: reason=class_check action=maybe_recompile pc=0x00007f962cde68dc method=java.lang.String.equals(Ljava/lang/Object;)Z @ 8
Event: 3.505 Thread 0x00007f963c34a800 Uncommon trap: reason=class_check action=maybe_recompile pc=0x00007f962cde68dc method=java.lang.String.equals(Ljava/lang/Object;)Z @ 8
Event: 3.505 Thread 0x00007f963c34a800 Uncommon trap: reason=class_check action=maybe_recompile pc=0x00007f962cde68dc method=java.lang.String.equals(Ljava/lang/Object;)Z @ 8

Classes redefined (0 events):
No events

Internal exceptions (10 events):
Event: 0.297 Thread 0x00007f963c00b800 Exception <a 'java/security/PrivilegedActionException'> (0x00000000ec06fa98) thrown at [/build/openjdk-8-TuolsG/openjdk-8-8u171-b11/src/hotspot/src/share/vm/prims/jvm.cpp, line 1435]
Event: 0.297 Thread 0x00007f963c00b800 Exception <a 'java/security/PrivilegedActionException'> (0x00000000ec070758) thrown at [/build/openjdk-8-TuolsG/openjdk-8-8u171-b11/src/hotspot/src/share/vm/prims/jvm.cpp, line 1435]
Event: 0.297 Thread 0x00007f963c00b800 Exception <a 'java/security/PrivilegedActionException'> (0x00000000ec070b50) thrown at [/build/openjdk-8-TuolsG/openjdk-8-8u171-b11/src/hotspot/src/share/vm/prims/jvm.cpp, line 1435]
Event: 0.854 Thread 0x00007f963c00b800 Exception <a 'java/lang/NoSuchFieldError': method resolution failed> (0x00000000ec4238c0) thrown at [/build/openjdk-8-TuolsG/openjdk-8-8u171-b11/src/hotspot/src/share/vm/prims/methodHandles.cpp, line 1167]
Event: 0.858 Thread 0x00007f963c00b800 Exception <a 'java/lang/NoSuchFieldError': method resolution failed> (0x00000000ec431000) thrown at [/build/openjdk-8-TuolsG/openjdk-8-8u171-b11/src/hotspot/src/share/vm/prims/methodHandles.cpp, line 1167]
Event: 0.981 Thread 0x00007f963c00b800 Exception <a 'java/io/FileNotFoundException'> (0x00000000ec4afa40) thrown at [/build/openjdk-8-TuolsG/openjdk-8-8u171-b11/src/hotspot/src/share/vm/prims/jni.cpp, line 709]
Event: 1.035 Thread 0x00007f963c00b800 Exception <a 'java/lang/ClassNotFoundException': sun/dc/DuctusRenderingEngine> (0x00000000ec4cabf0) thrown at [/build/openjdk-8-TuolsG/openjdk-8-8u171-b11/src/hotspot/src/share/vm/classfile/systemDictionary.cpp, line 210]
Event: 1.318 Thread 0x00007f963c00b800 Implicit null exception at 0x00007f962cd71eb5 to 0x00007f962cd722a9
Event: 1.329 Thread 0x00007f963c00b800 Implicit null exception at 0x00007f962cd60235 to 0x00007f962cd605dd
Event: 1.795 Thread 0x00007f963c34a800 Exception <a 'java/lang/UnsupportedOperationException': > (0x00000000ec7de178) thrown at [/build/openjdk-8-TuolsG/openjdk-8-8u171-b11/src/hotspot/src/share/vm/prims/jni.cpp, line 735]

Events (10 events):
Event: 11394.222 loading class sun/awt/X11/XkbAnyEvent done
Event: 24462.700 loading class sun/misc/Signal$1
Event: 24462.747 loading class sun/awt/X11/XDestroyWindowEvent
Event: 24462.749 loading class sun/misc/Signal$1 done
Event: 24462.838 Thread 0x00007f9600001000 Thread added: 0x00007f9600001000
Event: 24462.841 Thread 0x00007f9600002000 Thread added: 0x00007f9600002000
Event: 24462.846 Thread 0x00007f9600003000 Thread added: 0x00007f9600003000
Event: 24462.935 Thread 0x00007f95e0003800 Thread added: 0x00007f95e0003800
Event: 24462.935 loading class sun/awt/X11/XSystemTrayPeer
Event: 24462.939 loading class sun/awt/X11/XDestroyWindowEvent done


Dynamic libraries:
c3c00000-c6580000 rw-p 00000000 00:00 0 
c6580000-ebf00000 ---p 00000000 00:00 0 
ebf00000-ed380000 rw-p 00000000 00:00 0 
ed380000-100000000 ---p 00000000 00:00 0 
100000000-100180000 rw-p 00000000 00:00 0 
100180000-140000000 ---p 00000000 00:00 0 
55e116040000-55e116041000 r-xp 00000000 08:02 3281363                    /usr/lib/jvm/java-8-openjdk-amd64/jre/bin/java
55e116240000-55e116241000 r--p 00000000 08:02 3281363                    /usr/lib/jvm/java-8-openjdk-amd64/jre/bin/java
55e116241000-55e116242000 rw-p 00001000 08:02 3281363                    /usr/lib/jvm/java-8-openjdk-amd64/jre/bin/java
55e116fd0000-55e116ff1000 rw-p 00000000 00:00 0                          [heap]
7f95c0000000-7f95c0021000 rw-p 00000000 00:00 0 
7f95c0021000-7f95c4000000 ---p 00000000 00:00 0 
7f95c8000000-7f95c802a000 rw-p 00000000 00:00 0 
7f95c802a000-7f95cc000000 ---p 00000000 00:00 0 
7f95cc000000-7f95cc021000 rw-p 00000000 00:00 0 
7f95cc021000-7f95d0000000 ---p 00000000 00:00 0 
7f95d0000000-7f95d0021000 rw-p 00000000 00:00 0 
7f95d0021000-7f95d4000000 ---p 00000000 00:00 0 
7f95d4000000-7f95d4021000 rw-p 00000000 00:00 0 
7f95d4021000-7f95d8000000 ---p 00000000 00:00 0 
7f95d8000000-7f95d8021000 rw-p 00000000 00:00 0 
7f95d8021000-7f95dc000000 ---p 00000000 00:00 0 
7f95dde5a000-7f95dde5d000 ---p 00000000 00:00 0 
7f95dde5d000-7f95ddf5b000 rw-p 00000000 00:00 0 
7f95ddf5b000-7f95ddf5e000 ---p 00000000 00:00 0 
7f95ddf5e000-7f95de05c000 rw-p 00000000 00:00 0 
7f95de05c000-7f95de05f000 ---p 00000000 00:00 0 
7f95de05f000-7f95de29d000 rw-p 00000000 00:00 0 
7f95de29d000-7f95de35d000 ---p 00000000 00:00 0 
7f95de35d000-7f95de360000 ---p 00000000 00:00 0 
7f95de360000-7f95de45e000 rw-p 00000000 00:00 0 
7f95de45e000-7f95de475000 r-xp 00000000 08:02 529300                     /lib/x86_64-linux-gnu/libresolv-2.27.so
7f95de475000-7f95de675000 ---p 00017000 08:02 529300                     /lib/x86_64-linux-gnu/libresolv-2.27.so
7f95de675000-7f95de676000 r--p 00017000 08:02 529300                     /lib/x86_64-linux-gnu/libresolv-2.27.so
7f95de676000-7f95de677000 rw-p 00018000 08:02 529300                     /lib/x86_64-linux-gnu/libresolv-2.27.so
7f95de677000-7f95de679000 rw-p 00000000 00:00 0 
7f95de679000-7f95de67e000 r-xp 00000000 08:02 529249                     /lib/x86_64-linux-gnu/libnss_dns-2.27.so
7f95de67e000-7f95de87e000 ---p 00005000 08:02 529249                     /lib/x86_64-linux-gnu/libnss_dns-2.27.so
7f95de87e000-7f95de87f000 r--p 00005000 08:02 529249                     /lib/x86_64-linux-gnu/libnss_dns-2.27.so
7f95de87f000-7f95de880000 rw-p 00006000 08:02 529249                     /lib/x86_64-linux-gnu/libnss_dns-2.27.so
7f95de880000-7f95de882000 r-xp 00000000 08:02 529257                     /lib/x86_64-linux-gnu/libnss_mdns4_minimal.so.2
7f95de882000-7f95dea81000 ---p 00002000 08:02 529257                     /lib/x86_64-linux-gnu/libnss_mdns4_minimal.so.2
7f95dea81000-7f95dea82000 r--p 00001000 08:02 529257                     /lib/x86_64-linux-gnu/libnss_mdns4_minimal.so.2
7f95dea82000-7f95dea83000 rw-p 00002000 08:02 529257                     /lib/x86_64-linux-gnu/libnss_mdns4_minimal.so.2
7f95dea83000-7f95dec83000 rw-p 00000000 00:00 0 
7f95dec83000-7f95dec84000 ---p 00000000 00:00 0 
7f95dec84000-7f95dec87000 ---p 00000000 00:00 0 
7f95dec87000-7f95df484000 rw-p 00000000 00:00 0 
7f95df484000-7f95df48d000 r-xp 00000000 08:02 3542981                    /usr/lib/jvm/java-8-openjdk-amd64/jre/lib/amd64/libmanagement.so
7f95df48d000-7f95df68c000 ---p 00009000 08:02 3542981                    /usr/lib/jvm/java-8-openjdk-amd64/jre/lib/amd64/libmanagement.so
7f95df68c000-7f95df68d000 r--p 00008000 08:02 3542981                    /usr/lib/jvm/java-8-openjdk-amd64/jre/lib/amd64/libmanagement.so
7f95df68d000-7f95df68e000 rw-p 00009000 08:02 3542981                    /usr/lib/jvm/java-8-openjdk-amd64/jre/lib/amd64/libmanagement.so
7f95df68e000-7f95df6a2000 r-xp 00000000 08:02 529202                     /lib/x86_64-linux-gnu/libgpg-error.so.0.22.0
7f95df6a2000-7f95df8a1000 ---p 00014000 08:02 529202                     /lib/x86_64-linux-gnu/libgpg-error.so.0.22.0
7f95df8a1000-7f95df8a2000 r--p 00013000 08:02 529202                     /lib/x86_64-linux-gnu/libgpg-error.so.0.22.0
7f95df8a2000-7f95df8a3000 rw-p 00014000 08:02 529202                     /lib/x86_64-linux-gnu/libgpg-error.so.0.22.0
7f95df8a3000-7f95df9b7000 r-xp 00000000 08:02 524369                     /lib/x86_64-linux-gnu/libgcrypt.so.20.2.1
7f95df9b7000-7f95dfbb6000 ---p 00114000 08:02 524369                     /lib/x86_64-linux-gnu/libgcrypt.so.20.2.1
7f95dfbb6000-7f95dfbb8000 r--p 00113000 08:02 524369                     /lib/x86_64-linux-gnu/libgcrypt.so.20.2.1
7f95dfbb8000-7f95dfbbd000 rw-p 00115000 08:02 524369                     /lib/x86_64-linux-gnu/libgcrypt.so.20.2.1
7f95dfbbd000-7f95dfbbe000 rw-p 00000000 00:00 0 
7f95dfbbe000-7f95dfbd9000 r-xp 00000000 08:02 1057279                    /usr/lib/x86_64-linux-gnu/liblz4.so.1.7.1
7f95dfbd9000-7f95dfdd8000 ---p 0001b000 08:02 1057279                    /usr/lib/x86_64-linux-gnu/liblz4.so.1.7.1
7f95dfdd8000-7f95dfdd9000 r--p 0001a000 08:02 1057279                    /usr/lib/x86_64-linux-gnu/liblz4.so.1.7.1
7f95dfdd9000-7f95dfdda000 rw-p 0001b000 08:02 1057279                    /usr/lib/x86_64-linux-gnu/liblz4.so.1.7.1
7f95dfdda000-7f95dfdfe000 r-xp 00000000 08:02 529221                     /lib/x86_64-linux-gnu/liblzma.so.5.2.2
7f95dfdfe000-7f95dfffe000 ---p 00024000 08:02 529221                     /lib/x86_64-linux-gnu/liblzma.so.5.2.2
7f95dfffe000-7f95dffff000 r--p 00024000 08:02 529221                     /lib/x86_64-linux-gnu/liblzma.so.5.2.2
7f95dffff000-7f95e0000000 rw-p 00025000 08:02 529221                     /lib/x86_64-linux-gnu/liblzma.so.5.2.2
7f95e0000000-7f95e0021000 rw-p 00000000 00:00 0 
7f95e0021000-7f95e4000000 ---p 00000000 00:00 0 
7f95e406d000-7f95e4070000 ---p 00000000 00:00 0 
7f95e4070000-7f95e416e000 rw-p 00000000 00:00 0 
7f95e416e000-7f95e41ee000 r-xp 00000000 08:02 529315                     /lib/x86_64-linux-gnu/libsystemd.so.0.21.0
7f95e41ee000-7f95e43ed000 ---p 00080000 08:02 529315                     /lib/x86_64-linux-gnu/libsystemd.so.0.21.0
7f95e43ed000-7f95e43f0000 r--p 0007f000 08:02 529315                     /lib/x86_64-linux-gnu/libsystemd.so.0.21.0
7f95e43f0000-7f95e43f1000 rw-p 00082000 08:02 529315                     /lib/x86_64-linux-gnu/libsystemd.so.0.21.0
7f95e43f1000-7f95e43f2000 rw-p 00000000 00:00 0 
7f95e43f2000-7f95e4462000 r-xp 00000000 08:02 529283                     /lib/x86_64-linux-gnu/libpcre.so.3.13.3
7f95e4462000-7f95e4662000 ---p 00070000 08:02 529283                     /lib/x86_64-linux-gnu/libpcre.so.3.13.3
7f95e4662000-7f95e4663000 r--p 00070000 08:02 529283                     /lib/x86_64-linux-gnu/libpcre.so.3.13.3
7f95e4663000-7f95e4664000 rw-p 00071000 08:02 529283                     /lib/x86_64-linux-gnu/libpcre.so.3.13.3
7f95e4664000-7f95e466b000 r-xp 00000000 08:02 1056913                    /usr/lib/x86_64-linux-gnu/libffi.so.6.0.4
7f95e466b000-7f95e486a000 ---p 00007000 08:02 1056913                    /usr/lib/x86_64-linux-gnu/libffi.so.6.0.4
7f95e486a000-7f95e486b000 r--p 00006000 08:02 1056913                    /usr/lib/x86_64-linux-gnu/libffi.so.6.0.4
7f95e486b000-7f95e486c000 rw-p 00007000 08:02 1056913                    /usr/lib/x86_64-linux-gnu/libffi.so.6.0.4
7f95e486c000-7f95e4898000 r-xp 00000000 08:02 1056661                    /usr/lib/x86_64-linux-gnu/libatspi.so.0.0.1
7f95e4898000-7f95e4a98000 ---p 0002c000 08:02 1056661                    /usr/lib/x86_64-linux-gnu/libatspi.so.0.0.1
7f95e4a98000-7f95e4a9b000 r--p 0002c000 08:02 1056661                    /usr/lib/x86_64-linux-gnu/libatspi.so.0.0.1
7f95e4a9b000-7f95e4a9c000 rw-p 0002f000 08:02 1056661                    /usr/lib/x86_64-linux-gnu/libatspi.so.0.0.1
7f95e4a9c000-7f95e4ae7000 r-xp 00000000 08:02 529176                     /lib/x86_64-linux-gnu/libdbus-1.so.3.19.4
7f95e4ae7000-7f95e4ce7000 ---p 0004b000 08:02 529176                     /lib/x86_64-linux-gnu/libdbus-1.so.3.19.4
7f95e4ce7000-7f95e4ce8000 r--p 0004b000 08:02 529176                     /lib/x86_64-linux-gnu/libdbus-1.so.3.19.4
7f95e4ce8000-7f95e4ce9000 rw-p 0004c000 08:02 529176                     /lib/x86_64-linux-gnu/libdbus-1.so.3.19.4
7f95e4ce9000-7f95e4dfc000 r-xp 00000000 08:02 1057007                    /usr/lib/x86_64-linux-gnu/libglib-2.0.so.0.5600.1
7f95e4dfc000-7f95e4ffc000 ---p 00113000 08:02 1057007                    /usr/lib/x86_64-linux-gnu/libglib-2.0.so.0.5600.1
7f95e4ffc000-7f95e4ffd000 r--p 00113000 08:02 1057007                    /usr/lib/x86_64-linux-gnu/libglib-2.0.so.0.5600.1
7f95e4ffd000-7f95e4ffe000 rw-p 00114000 08:02 1057007                    /usr/lib/x86_64-linux-gnu/libglib-2.0.so.0.5600.1
7f95e4ffe000-7f95e8000000 rw-p 00000000 00:00 0 
7f95e8000000-7f95e8021000 rw-p 00000000 00:00 0 
7f95e8021000-7f95ec000000 ---p 00000000 00:00 0 
7f95ec000000-7f95ec021000 rw-p 00000000 00:00 0 
7f95ec021000-7f95f0000000 ---p 00000000 00:00 0 
7f95f0000000-7f95f0021000 rw-p 00000000 00:00 0 
7f95f0021000-7f95f4000000 ---p 00000000 00:00 0 
7f95f4000000-7f95f4021000 rw-p 00000000 00:00 0 
7f95f4021000-7f95f8000000 ---p 00000000 00:00 0 
7f95f8000000-7f95f806b000 rw-p 00000000 00:00 0 
7f95f806b000-7f95fc000000 ---p 00000000 00:00 0 
7f95fc000000-7f95fc57a000 rw-p 00000000 00:00 0 
7f95fc57a000-7f9600000000 ---p 00000000 00:00 0 
7f9600000000-7f9600021000 rw-p 00000000 00:00 0 
7f9600021000-7f9604000000 ---p 00000000 00:00 0 
7f9604000000-7f96040da000 rw-p 00000000 00:00 0 
7f96040da000-7f9608000000 ---p 00000000 00:00 0 
7f9608000000-7f9608021000 rw-p 00000000 00:00 0 
7f9608021000-7f960c000000 ---p 00000000 00:00 0 
7f960c0c6000-7f960c0c9000 ---p 00000000 00:00 0 
7f960c0c9000-7f960c1c7000 rw-p 00000000 00:00 0 
7f960c1c7000-7f960c219000 r-xp 00000000 08:02 1057035                    /usr/lib/x86_64-linux-gnu/libgobject-2.0.so.0.5600.1
7f960c219000-7f960c419000 ---p 00052000 08:02 1057035                    /usr/lib/x86_64-linux-gnu/libgobject-2.0.so.0.5600.1
7f960c419000-7f960c41a000 r--p 00052000 08:02 1057035                    /usr/lib/x86_64-linux-gnu/libgobject-2.0.so.0.5600.1
7f960c41a000-7f960c41b000 rw-p 00053000 08:02 1057035                    /usr/lib/x86_64-linux-gnu/libgobject-2.0.so.0.5600.1
7f960c41b000-7f960c449000 r-xp 00000000 08:02 1056659                    /usr/lib/x86_64-linux-gnu/libatk-bridge-2.0.so.0.0.0
7f960c449000-7f960c649000 ---p 0002e000 08:02 1056659                    /usr/lib/x86_64-linux-gnu/libatk-bridge-2.0.so.0.0.0
7f960c649000-7f960c64a000 r--p 0002e000 08:02 1056659                    /usr/lib/x86_64-linux-gnu/libatk-bridge-2.0.so.0.0.0
7f960c64a000-7f960c64b000 rw-p 0002f000 08:02 1056659                    /usr/lib/x86_64-linux-gnu/libatk-bridge-2.0.so.0.0.0
7f960c64b000-7f960c64c000 rw-p 00000000 00:00 0 
7f960c64c000-7f960c66e000 r-xp 00000000 08:02 1056657                    /usr/lib/x86_64-linux-gnu/libatk-1.0.so.0.22810.1
7f960c66e000-7f960c86e000 ---p 00022000 08:02 1056657                    /usr/lib/x86_64-linux-gnu/libatk-1.0.so.0.22810.1
7f960c86e000-7f960c871000 r--p 00022000 08:02 1056657                    /usr/lib/x86_64-linux-gnu/libatk-1.0.so.0.22810.1
7f960c871000-7f960c872000 rw-p 00025000 08:02 1056657                    /usr/lib/x86_64-linux-gnu/libatk-1.0.so.0.22810.1
7f960c872000-7f960c889000 r-xp 00000000 08:02 4196128                    /usr/lib/x86_64-linux-gnu/jni/libatk-wrapper.so.6.0.0
7f960c889000-7f960ca89000 ---p 00017000 08:02 4196128                    /usr/lib/x86_64-linux-gnu/jni/libatk-wrapper.so.6.0.0
7f960ca89000-7f960ca8a000 r--p 00017000 08:02 4196128                    /usr/lib/x86_64-linux-gnu/jni/libatk-wrapper.so.6.0.0
7f960ca8a000-7f960ca8b000 rw-p 00018000 08:02 4196128                    /usr/lib/x86_64-linux-gnu/jni/libatk-wrapper.so.6.0.0
7f960ca8b000-7f960caa1000 r-xp 00000000 08:02 3542983                    /usr/lib/jvm/java-8-openjdk-amd64/jre/lib/amd64/libnet.so
7f960caa1000-7f960cca1000 ---p 00016000 08:02 3542983                    /usr/lib/jvm/java-8-openjdk-amd64/jre/lib/amd64/libnet.so
7f960cca1000-7f960cca2000 r--p 00016000 08:02 3542983                    /usr/lib/jvm/java-8-openjdk-amd64/jre/lib/amd64/libnet.so
7f960cca2000-7f960cca3000 rw-p 00017000 08:02 3542983                    /usr/lib/jvm/java-8-openjdk-amd64/jre/lib/amd64/libnet.so
7f960cca3000-7f960ccb4000 r-xp 00000000 08:02 3542984                    /usr/lib/jvm/java-8-openjdk-amd64/jre/lib/amd64/libnio.so
7f960ccb4000-7f960ceb4000 ---p 00011000 08:02 3542984                    /usr/lib/jvm/java-8-openjdk-amd64/jre/lib/amd64/libnio.so
7f960ceb4000-7f960ceb5000 r--p 00011000 08:02 3542984                    /usr/lib/jvm/java-8-openjdk-amd64/jre/lib/amd64/libnio.so
7f960ceb5000-7f960ceb6000 rw-p 00012000 08:02 3542984                    /usr/lib/jvm/java-8-openjdk-amd64/jre/lib/amd64/libnio.so
7f960ceb6000-7f960ceb9000 ---p 00000000 00:00 0 
7f960ceb9000-7f960cfb7000 rw-p 00000000 00:00 0 
7f960cfb7000-7f960cfbc000 r-xp 00000000 08:02 1056586                    /usr/lib/x86_64-linux-gnu/libXfixes.so.3.1.0
7f960cfbc000-7f960d1bb000 ---p 00005000 08:02 1056586                    /usr/lib/x86_64-linux-gnu/libXfixes.so.3.1.0
7f960d1bb000-7f960d1bc000 r--p 00004000 08:02 1056586                    /usr/lib/x86_64-linux-gnu/libXfixes.so.3.1.0
7f960d1bc000-7f960d1bd000 rw-p 00005000 08:02 1056586                    /usr/lib/x86_64-linux-gnu/libXfixes.so.3.1.0
7f960d1bd000-7f960d1c6000 r-xp 00000000 08:02 1056578                    /usr/lib/x86_64-linux-gnu/libXcursor.so.1.0.2
7f960d1c6000-7f960d3c5000 ---p 00009000 08:02 1056578                    /usr/lib/x86_64-linux-gnu/libXcursor.so.1.0.2
7f960d3c5000-7f960d3c6000 r--p 00008000 08:02 1056578                    /usr/lib/x86_64-linux-gnu/libXcursor.so.1.0.2
7f960d3c6000-7f960d3c7000 rw-p 00009000 08:02 1056578                    /usr/lib/x86_64-linux-gnu/libXcursor.so.1.0.2
7f960d3c7000-7f960d3ca000 ---p 00000000 00:00 0 
7f960d3ca000-7f960d4c8000 rw-p 00000000 00:00 0 
7f960d4c8000-7f960d4f9000 r-xp 00000000 08:02 1048957                    /usr/lib/x86_64-linux-gnu/libpng16.so.16.34.0
7f960d4f9000-7f960d6f8000 ---p 00031000 08:02 1048957                    /usr/lib/x86_64-linux-gnu/libpng16.so.16.34.0
7f960d6f8000-7f960d6f9000 r--p 00030000 08:02 1048957                    /usr/lib/x86_64-linux-gnu/libpng16.so.16.34.0
7f960d6f9000-7f960d6fa000 rw-p 00031000 08:02 1048957                    /usr/lib/x86_64-linux-gnu/libpng16.so.16.34.0
7f960d6fa000-7f960d7a7000 r-xp 00000000 08:02 1056945                    /usr/lib/x86_64-linux-gnu/libfreetype.so.6.15.0
7f960d7a7000-7f960d9a6000 ---p 000ad000 08:02 1056945                    /usr/lib/x86_64-linux-gnu/libfreetype.so.6.15.0
7f960d9a6000-7f960d9ad000 r--p 000ac000 08:02 1056945                    /usr/lib/x86_64-linux-gnu/libfreetype.so.6.15.0
7f960d9ad000-7f960d9ae000 rw-p 000b3000 08:02 1056945                    /usr/lib/x86_64-linux-gnu/libfreetype.so.6.15.0
7f960d9ae000-7f960d9ff000 r-xp 00000000 08:02 3542965                    /usr/lib/jvm/java-8-openjdk-amd64/jre/lib/amd64/libfontmanager.so
7f960d9ff000-7f960dbff000 ---p 00051000 08:02 3542965                    /usr/lib/jvm/java-8-openjdk-amd64/jre/lib/amd64/libfontmanager.so
7f960dbff000-7f960dc01000 r--p 00051000 08:02 3542965                    /usr/lib/jvm/java-8-openjdk-amd64/jre/lib/amd64/libfontmanager.so
7f960dc01000-7f960dc02000 rw-p 00053000 08:02 3542965                    /usr/lib/jvm/java-8-openjdk-amd64/jre/lib/amd64/libfontmanager.so
7f960dc02000-7f960dc15000 r-xp 00000000 08:02 529157                     /lib/x86_64-linux-gnu/libbsd.so.0.8.7
7f960dc15000-7f960de14000 ---p 00013000 08:02 529157                     /lib/x86_64-linux-gnu/libbsd.so.0.8.7
7f960de14000-7f960de15000 r--p 00012000 08:02 529157                     /lib/x86_64-linux-gnu/libbsd.so.0.8.7
7f960de15000-7f960de16000 rw-p 00013000 08:02 529157                     /lib/x86_64-linux-gnu/libbsd.so.0.8.7
7f960de16000-7f960de17000 rw-p 00000000 00:00 0 
7f960de17000-7f960de1c000 r-xp 00000000 08:02 1056582                    /usr/lib/x86_64-linux-gnu/libXdmcp.so.6.0.0
7f960de1c000-7f960e01b000 ---p 00005000 08:02 1056582                    /usr/lib/x86_64-linux-gnu/libXdmcp.so.6.0.0
7f960e01b000-7f960e01c000 r--p 00004000 08:02 1056582                    /usr/lib/x86_64-linux-gnu/libXdmcp.so.6.0.0
7f960e01c000-7f960e01d000 rw-p 00005000 08:02 1056582                    /usr/lib/x86_64-linux-gnu/libXdmcp.so.6.0.0
7f960e01d000-7f960e01f000 r-xp 00000000 08:02 1056571                    /usr/lib/x86_64-linux-gnu/libXau.so.6.0.0
7f960e01f000-7f960e21f000 ---p 00002000 08:02 1056571                    /usr/lib/x86_64-linux-gnu/libXau.so.6.0.0
7f960e21f000-7f960e220000 r--p 00002000 08:02 1056571                    /usr/lib/x86_64-linux-gnu/libXau.so.6.0.0
7f960e220000-7f960e221000 rw-p 00003000 08:02 1056571                    /usr/lib/x86_64-linux-gnu/libXau.so.6.0.0
7f960e221000-7f960e247000 r-xp 00000000 08:02 1057775                    /usr/lib/x86_64-linux-gnu/libxcb.so.1.1.0
7f960e247000-7f960e447000 ---p 00026000 08:02 1057775                    /usr/lib/x86_64-linux-gnu/libxcb.so.1.1.0
7f960e447000-7f960e448000 r--p 00026000 08:02 1057775                    /usr/lib/x86_64-linux-gnu/libxcb.so.1.1.0
7f960e448000-7f960e449000 rw-p 00027000 08:02 1057775                    /usr/lib/x86_64-linux-gnu/libxcb.so.1.1.0
7f960e449000-7f960e458000 r-xp 00000000 08:02 1056592                    /usr/lib/x86_64-linux-gnu/libXi.so.6.1.0
7f960e458000-7f960e657000 ---p 0000f000 08:02 1056592                    /usr/lib/x86_64-linux-gnu/libXi.so.6.1.0
7f960e657000-7f960e658000 r--p 0000e000 08:02 1056592                    /usr/lib/x86_64-linux-gnu/libXi.so.6.1.0
7f960e658000-7f960e659000 rw-p 0000f000 08:02 1056592                    /usr/lib/x86_64-linux-gnu/libXi.so.6.1.0
7f960e659000-7f960e65e000 r-xp 00000000 08:02 1056610                    /usr/lib/x86_64-linux-gnu/libXtst.so.6.1.0
7f960e65e000-7f960e85d000 ---p 00005000 08:02 1056610                    /usr/lib/x86_64-linux-gnu/libXtst.so.6.1.0
7f960e85d000-7f960e85e000 r--p 00004000 08:02 1056610                    /usr/lib/x86_64-linux-gnu/libXtst.so.6.1.0
7f960e85e000-7f960e85f000 rw-p 00005000 08:02 1056610                    /usr/lib/x86_64-linux-gnu/libXtst.so.6.1.0
7f960e85f000-7f960e868000 r-xp 00000000 08:02 1056604                    /usr/lib/x86_64-linux-gnu/libXrender.so.1.3.0
7f960e868000-7f960ea67000 ---p 00009000 08:02 1056604                    /usr/lib/x86_64-linux-gnu/libXrender.so.1.3.0
7f960ea67000-7f960ea68000 r--p 00008000 08:02 1056604                    /usr/lib/x86_64-linux-gnu/libXrender.so.1.3.0
7f960ea68000-7f960ea69000 rw-p 00009000 08:02 1056604                    /usr/lib/x86_64-linux-gnu/libXrender.so.1.3.0
7f960ea69000-7f960eb9d000 r-xp 00000000 08:02 1056567                    /usr/lib/x86_64-linux-gnu/libX11.so.6.3.0
7f960eb9d000-7f960ed9d000 ---p 00134000 08:02 1056567                    /usr/lib/x86_64-linux-gnu/libX11.so.6.3.0
7f960ed9d000-7f960ed9e000 r--p 00134000 08:02 1056567                    /usr/lib/x86_64-linux-gnu/libX11.so.6.3.0
7f960ed9e000-7f960eda2000 rw-p 00135000 08:02 1056567                    /usr/lib/x86_64-linux-gnu/libX11.so.6.3.0
7f960eda2000-7f960edb3000 r-xp 00000000 08:02 1056584                    /usr/lib/x86_64-linux-gnu/libXext.so.6.4.0
7f960edb3000-7f960efb2000 ---p 00011000 08:02 1056584                    /usr/lib/x86_64-linux-gnu/libXext.so.6.4.0
7f960efb2000-7f960efb3000 r--p 00010000 08:02 1056584                    /usr/lib/x86_64-linux-gnu/libXext.so.6.4.0
7f960efb3000-7f960efb4000 rw-p 00011000 08:02 1056584                    /usr/lib/x86_64-linux-gnu/libXext.so.6.4.0
7f960efb4000-7f960f008000 r-xp 00000000 08:02 3542810                    /usr/lib/jvm/java-8-openjdk-amd64/jre/lib/amd64/libawt_xawt.so
7f960f008000-7f960f207000 ---p 00054000 08:02 3542810                    /usr/lib/jvm/java-8-openjdk-amd64/jre/lib/amd64/libawt_xawt.so
7f960f207000-7f960f208000 r--p 00053000 08:02 3542810                    /usr/lib/jvm/java-8-openjdk-amd64/jre/lib/amd64/libawt_xawt.so
7f960f208000-7f960f20b000 rw-p 00054000 08:02 3542810                    /usr/lib/jvm/java-8-openjdk-amd64/jre/lib/amd64/libawt_xawt.so
7f960f20b000-7f960f20c000 rw-p 00000000 00:00 0 
7f960f20c000-7f960f2ac000 r-xp 00000000 08:02 3542808                    /usr/lib/jvm/java-8-openjdk-amd64/jre/lib/amd64/libawt.so
7f960f2ac000-7f960f4ab000 ---p 000a0000 08:02 3542808                    /usr/lib/jvm/java-8-openjdk-amd64/jre/lib/amd64/libawt.so
7f960f4ab000-7f960f4ac000 r--p 0009f000 08:02 3542808                    /usr/lib/jvm/java-8-openjdk-amd64/jre/lib/amd64/libawt.so
7f960f4ac000-7f960f4b7000 rw-p 000a0000 08:02 3542808                    /usr/lib/jvm/java-8-openjdk-amd64/jre/lib/amd64/libawt.so
7f960f4b7000-7f960f4dc000 rw-p 00000000 00:00 0 
7f960f4dc000-7f960f4dd000 ---p 00000000 00:00 0 
7f960f4dd000-7f960f5dd000 rw-p 00000000 00:00 0 
7f960f5dd000-7f9610000000 r--p 00000000 08:02 1055430                    /usr/lib/locale/locale-archive
7f9610000000-7f9610021000 rw-p 00000000 00:00 0 
7f9610021000-7f9614000000 ---p 00000000 00:00 0 
7f9614000000-7f9614021000 rw-p 00000000 00:00 0 
7f9614021000-7f9618000000 ---p 00000000 00:00 0 
7f9618000000-7f9618021000 rw-p 00000000 00:00 0 
7f9618021000-7f961c000000 ---p 00000000 00:00 0 
7f961c000000-7f961c021000 rw-p 00000000 00:00 0 
7f961c021000-7f9620000000 ---p 00000000 00:00 0 
7f9620000000-7f9620021000 rw-p 00000000 00:00 0 
7f9620021000-7f9624000000 ---p 00000000 00:00 0 
7f962405a000-7f962405d000 ---p 00000000 00:00 0 
7f962405d000-7f9624093000 rw-p 00000000 00:00 0 
7f9624093000-7f9624098000 r--s 002f9000 08:02 3412439                    /usr/lib/jvm/java-8-openjdk-amd64/jre/lib/charsets.jar
7f9624098000-7f962409a000 r--s 00016000 08:02 3412444                    /usr/lib/jvm/java-8-openjdk-amd64/jre/lib/jce.jar
7f962409a000-7f962409f000 r--s 0009d000 08:02 3412446                    /usr/lib/jvm/java-8-openjdk-amd64/jre/lib/jsse.jar
7f962409f000-7f96240b2000 r--s 00346000 08:02 3412450                    /usr/lib/jvm/java-8-openjdk-amd64/jre/lib/resources.jar
7f96240b2000-7f96240bc000 r--s 00116000 08:02 4067104                    /usr/lib/jvm/java-8-openjdk-amd64/jre/lib/ext/localedata.jar
7f96240bc000-7f96240be000 r--s 00007000 08:02 1443930                    /usr/share/java/java-atk-wrapper.jar
7f96240be000-7f96240d9000 r--s 00394000 08:02 4067100                    /usr/lib/jvm/java-8-openjdk-amd64/jre/lib/ext/cldrdata.jar
7f96240d9000-7f96240dc000 ---p 00000000 00:00 0 
7f96240dc000-7f96241da000 rw-p 00000000 00:00 0 
7f96241da000-7f96241db000 ---p 00000000 00:00 0 
7f96241db000-7f96241de000 ---p 00000000 00:00 0 
7f96241de000-7f96242db000 rw-p 00000000 00:00 0 
7f96242db000-7f96242dc000 ---p 00000000 00:00 0 
7f96242dc000-7f96242df000 ---p 00000000 00:00 0 
7f96242df000-7f96243dc000 rw-p 00000000 00:00 0 
7f96243dc000-7f96243dd000 ---p 00000000 00:00 0 
7f96243dd000-7f96243e0000 ---p 00000000 00:00 0 
7f96243e0000-7f96244dd000 rw-p 00000000 00:00 0 
7f96244dd000-7f96244e0000 ---p 00000000 00:00 0 
7f96244e0000-7f96245de000 rw-p 00000000 00:00 0 
7f96245de000-7f96245e1000 ---p 00000000 00:00 0 
7f96245e1000-7f96246df000 rw-p 00000000 00:00 0 
7f96246df000-7f96246e2000 ---p 00000000 00:00 0 
7f96246e2000-7f96247e0000 rw-p 00000000 00:00 0 
7f96247e0000-7f96247e1000 ---p 00000000 00:00 0 
7f96247e1000-7f9625811000 rw-p 00000000 00:00 0 
7f9625811000-7f96259e0000 r--s 03c2f000 08:02 3412451                    /usr/lib/jvm/java-8-openjdk-amd64/jre/lib/rt.jar
7f96259e0000-7f9628000000 rw-p 00000000 00:00 0 
7f9628000000-7f9628021000 rw-p 00000000 00:00 0 
7f9628021000-7f962c000000 ---p 00000000 00:00 0 
7f962c000000-7f962c001000 r--s 00010000 08:02 4067109                    /usr/lib/jvm/java-8-openjdk-amd64/jre/lib/ext/zipfs.jar
7f962c001000-7f962c003000 r--s 00001000 08:02 4067101                    /usr/lib/jvm/java-8-openjdk-amd64/jre/lib/ext/dnsns.jar
7f962c003000-7f962c2df000 rw-p 00000000 00:00 0 
7f962c2df000-7f962c2e0000 ---p 00000000 00:00 0 
7f962c2e0000-7f962c3e0000 rw-p 00000000 00:00 0 
7f962c3e0000-7f962c3e1000 ---p 00000000 00:00 0 
7f962c3e1000-7f962c4e1000 rw-p 00000000 00:00 0 
7f962c4e1000-7f962c4e2000 ---p 00000000 00:00 0 
7f962c4e2000-7f962c5e2000 rw-p 00000000 00:00 0 
7f962c5e2000-7f962c5e3000 ---p 00000000 00:00 0 
7f962c5e3000-7f962c6f8000 rw-p 00000000 00:00 0 
7f962c6f8000-7f962c825000 ---p 00000000 00:00 0 
7f962c825000-7f962c831000 rw-p 00000000 00:00 0 
7f962c831000-7f962cbe5000 ---p 00000000 00:00 0 
7f962cbe5000-7f962ced5000 rwxp 00000000 00:00 0 
7f962ced5000-7f963bbe5000 ---p 00000000 00:00 0 
7f963bbe5000-7f963bbed000 r-xp 00000000 08:02 3542991                    /usr/lib/jvm/java-8-openjdk-amd64/jre/lib/amd64/libzip.so
7f963bbed000-7f963bdec000 ---p 00008000 08:02 3542991                    /usr/lib/jvm/java-8-openjdk-amd64/jre/lib/amd64/libzip.so
7f963bdec000-7f963bded000 r--p 00007000 08:02 3542991                    /usr/lib/jvm/java-8-openjdk-amd64/jre/lib/amd64/libzip.so
7f963bded000-7f963bdee000 rw-p 00008000 08:02 3542991                    /usr/lib/jvm/java-8-openjdk-amd64/jre/lib/amd64/libzip.so
7f963bdee000-7f963bdf9000 r-xp 00000000 08:02 529251                     /lib/x86_64-linux-gnu/libnss_files-2.27.so
7f963bdf9000-7f963bff8000 ---p 0000b000 08:02 529251                     /lib/x86_64-linux-gnu/libnss_files-2.27.so
7f963bff8000-7f963bff9000 r--p 0000a000 08:02 529251                     /lib/x86_64-linux-gnu/libnss_files-2.27.so
7f963bff9000-7f963bffa000 rw-p 0000b000 08:02 529251                     /lib/x86_64-linux-gnu/libnss_files-2.27.so
7f963bffa000-7f963c000000 rw-p 00000000 00:00 0 
7f963c000000-7f963c36e000 rw-p 00000000 00:00 0 
7f963c36e000-7f9640000000 ---p 00000000 00:00 0 
7f9640000000-7f9640002000 r--s 00008000 08:02 4067106                    /usr/lib/jvm/java-8-openjdk-amd64/jre/lib/ext/sunec.jar
7f9640002000-7f964001d000 r--s 001d6000 08:02 4067105                    /usr/lib/jvm/java-8-openjdk-amd64/jre/lib/ext/nashorn.jar
7f964001d000-7f9640032000 rw-p 00000000 00:00 0 
7f9640032000-7f964015e000 ---p 00000000 00:00 0 
7f964015e000-7f9640169000 rw-p 00000000 00:00 0 
7f9640169000-7f96401ff000 ---p 00000000 00:00 0 
7f96401ff000-7f9640200000 rw-p 00000000 00:00 0 
7f9640200000-7f9640217000 r-xp 00000000 08:02 529245                     /lib/x86_64-linux-gnu/libnsl-2.27.so
7f9640217000-7f9640416000 ---p 00017000 08:02 529245                     /lib/x86_64-linux-gnu/libnsl-2.27.so
7f9640416000-7f9640417000 r--p 00016000 08:02 529245                     /lib/x86_64-linux-gnu/libnsl-2.27.so
7f9640417000-7f9640418000 rw-p 00017000 08:02 529245                     /lib/x86_64-linux-gnu/libnsl-2.27.so
7f9640418000-7f964041a000 rw-p 00000000 00:00 0 
7f964041a000-7f9640425000 r-xp 00000000 08:02 529262                     /lib/x86_64-linux-gnu/libnss_nis-2.27.so
7f9640425000-7f9640624000 ---p 0000b000 08:02 529262                     /lib/x86_64-linux-gnu/libnss_nis-2.27.so
7f9640624000-7f9640625000 r--p 0000a000 08:02 529262                     /lib/x86_64-linux-gnu/libnss_nis-2.27.so
7f9640625000-7f9640626000 rw-p 0000b000 08:02 529262                     /lib/x86_64-linux-gnu/libnss_nis-2.27.so
7f9640626000-7f964062e000 r-xp 00000000 08:02 529247                     /lib/x86_64-linux-gnu/libnss_compat-2.27.so
7f964062e000-7f964082e000 ---p 00008000 08:02 529247                     /lib/x86_64-linux-gnu/libnss_compat-2.27.so
7f964082e000-7f964082f000 r--p 00008000 08:02 529247                     /lib/x86_64-linux-gnu/libnss_compat-2.27.so
7f964082f000-7f9640830000 rw-p 00009000 08:02 529247                     /lib/x86_64-linux-gnu/libnss_compat-2.27.so
7f9640830000-7f964085e000 r-xp 00000000 08:02 3542972                    /usr/lib/jvm/java-8-openjdk-amd64/jre/lib/amd64/libjava.so
7f964085e000-7f9640a5d000 ---p 0002e000 08:02 3542972                    /usr/lib/jvm/java-8-openjdk-amd64/jre/lib/amd64/libjava.so
7f9640a5d000-7f9640a5e000 r--p 0002d000 08:02 3542972                    /usr/lib/jvm/java-8-openjdk-amd64/jre/lib/amd64/libjava.so
7f9640a5e000-7f9640a60000 rw-p 0002e000 08:02 3542972                    /usr/lib/jvm/java-8-openjdk-amd64/jre/lib/amd64/libjava.so
7f9640a60000-7f9640a70000 r-xp 00000000 08:02 3542990                    /usr/lib/jvm/java-8-openjdk-amd64/jre/lib/amd64/libverify.so
7f9640a70000-7f9640c6f000 ---p 00010000 08:02 3542990                    /usr/lib/jvm/java-8-openjdk-amd64/jre/lib/amd64/libverify.so
7f9640c6f000-7f9640c71000 r--p 0000f000 08:02 3542990                    /usr/lib/jvm/java-8-openjdk-amd64/jre/lib/amd64/libverify.so
7f9640c71000-7f9640c72000 rw-p 00011000 08:02 3542990                    /usr/lib/jvm/java-8-openjdk-amd64/jre/lib/amd64/libverify.so
7f9640c72000-7f9640c79000 r-xp 00000000 08:02 529302                     /lib/x86_64-linux-gnu/librt-2.27.so
7f9640c79000-7f9640e78000 ---p 00007000 08:02 529302                     /lib/x86_64-linux-gnu/librt-2.27.so
7f9640e78000-7f9640e79000 r--p 00006000 08:02 529302                     /lib/x86_64-linux-gnu/librt-2.27.so
7f9640e79000-7f9640e7a000 rw-p 00007000 08:02 529302                     /lib/x86_64-linux-gnu/librt-2.27.so
7f9640e7a000-7f9640e91000 r-xp 00000000 08:02 529198                     /lib/x86_64-linux-gnu/libgcc_s.so.1
7f9640e91000-7f9641090000 ---p 00017000 08:02 529198                     /lib/x86_64-linux-gnu/libgcc_s.so.1
7f9641090000-7f9641091000 r--p 00016000 08:02 529198                     /lib/x86_64-linux-gnu/libgcc_s.so.1
7f9641091000-7f9641092000 rw-p 00017000 08:02 529198                     /lib/x86_64-linux-gnu/libgcc_s.so.1
7f9641092000-7f964122f000 r-xp 00000000 08:02 529224                     /lib/x86_64-linux-gnu/libm-2.27.so
7f964122f000-7f964142e000 ---p 0019d000 08:02 529224                     /lib/x86_64-linux-gnu/libm-2.27.so
7f964142e000-7f964142f000 r--p 0019c000 08:02 529224                     /lib/x86_64-linux-gnu/libm-2.27.so
7f964142f000-7f9641430000 rw-p 0019d000 08:02 529224                     /lib/x86_64-linux-gnu/libm-2.27.so
7f9641430000-7f96415ae000 r-xp 00000000 08:02 1057592                    /usr/lib/x86_64-linux-gnu/libstdc++.so.6.0.25
7f96415ae000-7f96417ae000 ---p 0017e000 08:02 1057592                    /usr/lib/x86_64-linux-gnu/libstdc++.so.6.0.25
7f96417ae000-7f96417b8000 r--p 0017e000 08:02 1057592                    /usr/lib/x86_64-linux-gnu/libstdc++.so.6.0.25
7f96417b8000-7f96417ba000 rw-p 00188000 08:02 1057592                    /usr/lib/x86_64-linux-gnu/libstdc++.so.6.0.25
7f96417ba000-7f96417be000 rw-p 00000000 00:00 0 
7f96417be000-7f964244f000 r-xp 00000000 08:02 4067092                    /usr/lib/jvm/java-8-openjdk-amd64/jre/lib/amd64/server/libjvm.so
7f964244f000-7f964264f000 ---p 00c91000 08:02 4067092                    /usr/lib/jvm/java-8-openjdk-amd64/jre/lib/amd64/server/libjvm.so
7f964264f000-7f96426e2000 r--p 00c91000 08:02 4067092                    /usr/lib/jvm/java-8-openjdk-amd64/jre/lib/amd64/server/libjvm.so
7f96426e2000-7f964270a000 rw-p 00d24000 08:02 4067092                    /usr/lib/jvm/java-8-openjdk-amd64/jre/lib/amd64/server/libjvm.so
7f964270a000-7f964273b000 rw-p 00000000 00:00 0 
7f964273b000-7f9642755000 r-xp 00000000 08:02 529294                     /lib/x86_64-linux-gnu/libpthread-2.27.so
7f9642755000-7f9642954000 ---p 0001a000 08:02 529294                     /lib/x86_64-linux-gnu/libpthread-2.27.so
7f9642954000-7f9642955000 r--p 00019000 08:02 529294                     /lib/x86_64-linux-gnu/libpthread-2.27.so
7f9642955000-7f9642956000 rw-p 0001a000 08:02 529294                     /lib/x86_64-linux-gnu/libpthread-2.27.so
7f9642956000-7f964295a000 rw-p 00000000 00:00 0 
7f964295a000-7f964295d000 r-xp 00000000 08:02 529184                     /lib/x86_64-linux-gnu/libdl-2.27.so
7f964295d000-7f9642b5c000 ---p 00003000 08:02 529184                     /lib/x86_64-linux-gnu/libdl-2.27.so
7f9642b5c000-7f9642b5d000 r--p 00002000 08:02 529184                     /lib/x86_64-linux-gnu/libdl-2.27.so
7f9642b5d000-7f9642b5e000 rw-p 00003000 08:02 529184                     /lib/x86_64-linux-gnu/libdl-2.27.so
7f9642b5e000-7f9642b7a000 r-xp 00000000 08:02 529333                     /lib/x86_64-linux-gnu/libz.so.1.2.11
7f9642b7a000-7f9642d79000 ---p 0001c000 08:02 529333                     /lib/x86_64-linux-gnu/libz.so.1.2.11
7f9642d79000-7f9642d7a000 r--p 0001b000 08:02 529333                     /lib/x86_64-linux-gnu/libz.so.1.2.11
7f9642d7a000-7f9642d7b000 rw-p 0001c000 08:02 529333                     /lib/x86_64-linux-gnu/libz.so.1.2.11
7f9642d7b000-7f9642f62000 r-xp 00000000 08:02 529161                     /lib/x86_64-linux-gnu/libc-2.27.so
7f9642f62000-7f9643162000 ---p 001e7000 08:02 529161                     /lib/x86_64-linux-gnu/libc-2.27.so
7f9643162000-7f9643166000 r--p 001e7000 08:02 529161                     /lib/x86_64-linux-gnu/libc-2.27.so
7f9643166000-7f9643168000 rw-p 001eb000 08:02 529161                     /lib/x86_64-linux-gnu/libc-2.27.so
7f9643168000-7f964316c000 rw-p 00000000 00:00 0 
7f964316c000-7f964317a000 r-xp 00000000 08:02 4067089                    /usr/lib/jvm/java-8-openjdk-amd64/jre/lib/amd64/jli/libjli.so
7f964317a000-7f9643379000 ---p 0000e000 08:02 4067089                    /usr/lib/jvm/java-8-openjdk-amd64/jre/lib/amd64/jli/libjli.so
7f9643379000-7f964337a000 r--p 0000d000 08:02 4067089                    /usr/lib/jvm/java-8-openjdk-amd64/jre/lib/amd64/jli/libjli.so
7f964337a000-7f964337b000 rw-p 0000e000 08:02 4067089                    /usr/lib/jvm/java-8-openjdk-amd64/jre/lib/amd64/jli/libjli.so
7f964337b000-7f96433a2000 r-xp 00000000 08:02 529133                     /lib/x86_64-linux-gnu/ld-2.27.so
7f96433a2000-7f96433a8000 r--s 0003b000 08:02 4067107                    /usr/lib/jvm/java-8-openjdk-amd64/jre/lib/ext/sunjce_provider.jar
7f96433a8000-7f96433ab000 r--s 0000f000 08:02 4067102                    /usr/lib/jvm/java-8-openjdk-amd64/jre/lib/ext/icedtea-sound.jar
7f96433ab000-7f96433ae000 r--s 00038000 08:02 4067108                    /usr/lib/jvm/java-8-openjdk-amd64/jre/lib/ext/sunpkcs11.jar
7f96433ae000-7f964347f000 rw-p 00000000 00:00 0 
7f964347f000-7f9643480000 ---p 00000000 00:00 0 
7f9643480000-7f9643483000 ---p 00000000 00:00 0 
7f9643483000-7f9643582000 rw-p 00000000 00:00 0 
7f9643582000-7f9643583000 r--s 0000a000 08:02 4067103                    /usr/lib/jvm/java-8-openjdk-amd64/jre/lib/ext/jaccess.jar
7f9643583000-7f9643596000 rw-p 00000000 00:00 0 
7f9643596000-7f964359e000 rw-s 00000000 08:02 7347802                    /tmp/hsperfdata_munnacs/5641
7f964359e000-7f964359f000 rw-p 00000000 00:00 0 
7f964359f000-7f96435a0000 r--p 00000000 00:00 0 
7f96435a0000-7f96435a2000 rw-p 00000000 00:00 0 
7f96435a2000-7f96435a3000 r--p 00027000 08:02 529133                     /lib/x86_64-linux-gnu/ld-2.27.so
7f96435a3000-7f96435a4000 rw-p 00028000 08:02 529133                     /lib/x86_64-linux-gnu/ld-2.27.so
7f96435a4000-7f96435a5000 rw-p 00000000 00:00 0 
7ffd8dcf9000-7ffd8dd1a000 rw-p 00000000 00:00 0                          [stack]
7ffd8dd96000-7ffd8dd99000 r--p 00000000 00:00 0                          [vvar]
7ffd8dd99000-7ffd8dd9b000 r-xp 00000000 00:00 0                          [vdso]
ffffffffff600000-ffffffffff601000 r-xp 00000000 00:00 0                  [vsyscall]

VM Arguments:
jvm_args: -Dfile.encoding=UTF-8 
java_command: cloudsim.ClusterMethod
java_class_path (initial): /usr/lib/jvm/java-8-openjdk-amd64/jre/lib/resources.jar:/usr/lib/jvm/java-8-openjdk-amd64/jre/lib/rt.jar:/usr/lib/jvm/java-8-openjdk-amd64/jre/lib/jsse.jar:/usr/lib/jvm/java-8-openjdk-amd64/jre/lib/jce.jar:/usr/lib/jvm/java-8-openjdk-amd64/jre/lib/charsets.jar:/usr/lib/jvm/java-8-openjdk-amd64/jre/lib/ext/sunpkcs11.jar:/usr/lib/jvm/java-8-openjdk-amd64/jre/lib/ext/icedtea-sound.jar:/usr/lib/jvm/java-8-openjdk-amd64/jre/lib/ext/sunjce_provider.jar:/usr/lib/jvm/java-8-openjdk-amd64/jre/lib/ext/nashorn.jar:/usr/lib/jvm/java-8-openjdk-amd64/jre/lib/ext/sunec.jar:/usr/lib/jvm/java-8-openjdk-amd64/jre/lib/ext/jaccess.jar:/usr/lib/jvm/java-8-openjdk-amd64/jre/lib/ext/cldrdata.jar:/usr/lib/jvm/java-8-openjdk-amd64/jre/lib/ext/dnsns.jar:/usr/lib/jvm/java-8-openjdk-amd64/jre/lib/ext/java-atk-wrapper.jar:/usr/lib/jvm/java-8-openjdk-amd64/jre/lib/ext/zipfs.jar:/usr/lib/jvm/java-8-openjdk-amd64/jre/lib/ext/localedata.jar:/home/munnacs/Projects/FYP/CloudSim/CloudSim/bin:/home/munnacs/Projects/FYP/CloudSim/CloudSim/jars/cloudsim-3.0.3-sources.jar:/home/munnacs/Projects/FYP/CloudSim/CloudSim/jars/cloudsim-3.0.3.jar:/home/munnacs/Projects/FYP/CloudSim/CloudSim/jars/cloudsim-examples-3.0.3-sources.jar:/home/munnacs/Projects/FYP/CloudSim/CloudSim/jars/cloudsim-examples-3.0.3.jar:/home/munnacs/.p2/pool/plugins/org.eclipse.fx.ide.css.jfx8_2.3.0.201603030809.jar
Launcher Type: SUN_STANDARD

Environment Variables:
PATH=/usr/local/sbin:/usr/local/bin:/usr/sbin:/usr/bin:/sbin:/bin:/usr/games:/usr/local/games:/snap/bin
USERNAME=munnacs
SHELL=/bin/bash
DISPLAY=:0

Signal Handlers:
SIGSEGV: [libjvm.so+0xaabcd0], sa_mask[0]=11111111011111111101111111111110, sa_flags=SA_RESTART|SA_SIGINFO
SIGBUS: [libjvm.so+0xaabcd0], sa_mask[0]=11111111011111111101111111111110, sa_flags=SA_RESTART|SA_SIGINFO
SIGFPE: [libjvm.so+0x8e1d50], sa_mask[0]=11111111011111111101111111111110, sa_flags=SA_RESTART|SA_SIGINFO
SIGPIPE: [libjvm.so+0x8e1d50], sa_mask[0]=11111111011111111101111111111110, sa_flags=SA_RESTART|SA_SIGINFO
SIGXFSZ: [libjvm.so+0x8e1d50], sa_mask[0]=11111111011111111101111111111110, sa_flags=SA_RESTART|SA_SIGINFO
SIGILL: [libjvm.so+0x8e1d50], sa_mask[0]=11111111011111111101111111111110, sa_flags=SA_RESTART|SA_SIGINFO
SIGUSR1: SIG_DFL, sa_mask[0]=00000000000000000000000000000000, sa_flags=none
SIGUSR2: [libjvm.so+0x8e1c00], sa_mask[0]=00100000000000000000000000000000, sa_flags=SA_RESTART|SA_SIGINFO
SIGHUP: [libjvm.so+0x8e20b0], sa_mask[0]=11111111011111111101111111111110, sa_flags=SA_RESTART|SA_SIGINFO
SIGINT: [libjvm.so+0x8e20b0], sa_mask[0]=11111111011111111101111111111110, sa_flags=SA_RESTART|SA_SIGINFO
SIGTERM: [libjvm.so+0x8e20b0], sa_mask[0]=11111111011111111101111111111110, sa_flags=SA_RESTART|SA_SIGINFO
SIGQUIT: [libjvm.so+0x8e20b0], sa_mask[0]=11111111011111111101111111111110, sa_flags=SA_RESTART|SA_SIGINFO


---------------  S Y S T E M  ---------------

OS:DISTRIB_ID=Ubuntu
DISTRIB_RELEASE=18.04
DISTRIB_CODENAME=bionic
DISTRIB_DESCRIPTION="Ubuntu 18.04 LTS"

uname:Linux 4.15.0-24-generic #26-Ubuntu SMP Wed Jun 13 08:44:47 UTC 2018 x86_64
libc:glibc 2.27 NPTL 2.27 
rlimit: STACK 8192k, CORE 0k, NPROC 14416, NOFILE 1048576, AS infinity
load average:1.69 1.76 1.52

/proc/meminfo:
MemTotal:        3941864 kB
MemFree:         1676956 kB
MemAvailable:    2125772 kB
Buffers:           54960 kB
Cached:           586656 kB
SwapCached:        82848 kB
Active:          1496420 kB
Inactive:         539628 kB
Active(anon):    1188812 kB
Inactive(anon):   232956 kB
Active(file):     307608 kB
Inactive(file):   306672 kB
Unevictable:          32 kB
Mlocked:              32 kB
SwapTotal:       2097148 kB
SwapFree:        1300504 kB
Dirty:              3512 kB
Writeback:             0 kB
AnonPages:       1368576 kB
Mapped:           138892 kB
Shmem:             27452 kB
Slab:             128140 kB
SReclaimable:      74504 kB
SUnreclaim:        53636 kB
KernelStack:       13768 kB
PageTables:        21696 kB
NFS_Unstable:          0 kB
Bounce:                0 kB
WritebackTmp:          0 kB
CommitLimit:     4068080 kB
Committed_AS:    6004244 kB
VmallocTotal:   34359738367 kB
VmallocUsed:           0 kB
VmallocChunk:          0 kB
HardwareCorrupted:     0 kB
AnonHugePages:         0 kB
ShmemHugePages:        0 kB
ShmemPmdMapped:        0 kB
CmaTotal:              0 kB
CmaFree:               0 kB
HugePages_Total:       0
HugePages_Free:        0
HugePages_Rsvd:        0
HugePages_Surp:        0
Hugepagesize:       2048 kB
DirectMap4k:      287308 kB
DirectMap2M:     3809280 kB
DirectMap1G:           0 kB


CPU:total 4 (initial active 4) (2 cores per cpu, 2 threads per core) family 6 model 69 stepping 1, cmov, cx8, fxsr, mmx, sse, sse2, sse3, ssse3, sse4.1, sse4.2, popcnt, avx, avx2, aes, clmul, erms, lzcnt, ht, tsc, tscinvbit, bmi1, bmi2

/proc/cpuinfo:
processor	: 0
vendor_id	: GenuineIntel
cpu family	: 6
model		: 69
model name	: Intel(R) Core(TM) i3-4005U CPU @ 1.70GHz
stepping	: 1
microcode	: 0x23
cpu MHz		: 1696.143
cache size	: 3072 KB
physical id	: 0
siblings	: 4
core id		: 0
cpu cores	: 2
apicid		: 0
initial apicid	: 0
fpu		: yes
fpu_exception	: yes
cpuid level	: 13
wp		: yes
flags		: fpu vme de pse tsc msr pae mce cx8 apic sep mtrr pge mca cmov pat pse36 clflush dts acpi mmx fxsr sse sse2 ss ht tm pbe syscall nx pdpe1gb rdtscp lm constant_tsc arch_perfmon pebs bts rep_good nopl xtopology nonstop_tsc cpuid aperfmperf pni pclmulqdq dtes64 monitor ds_cpl vmx est tm2 ssse3 sdbg fma cx16 xtpr pdcm pcid sse4_1 sse4_2 movbe popcnt tsc_deadline_timer aes xsave avx f16c rdrand lahf_lm abm cpuid_fault epb invpcid_single pti ibrs ibpb stibp tpr_shadow vnmi flexpriority ept vpid fsgsbase tsc_adjust bmi1 avx2 smep bmi2 erms invpcid xsaveopt dtherm ida arat pln pts
bugs		: cpu_meltdown spectre_v1 spectre_v2 spec_store_bypass
bogomips	: 3392.28
clflush size	: 64
cache_alignment	: 64
address sizes	: 39 bits physical, 48 bits virtual
power management:

processor	: 1
vendor_id	: GenuineIntel
cpu family	: 6
model		: 69
model name	: Intel(R) Core(TM) i3-4005U CPU @ 1.70GHz
stepping	: 1
microcode	: 0x23
cpu MHz		: 1696.144
cache size	: 3072 KB
physical id	: 0
siblings	: 4
core id		: 1
cpu cores	: 10
apicid		: 2
initial apicid	: 2
fpu		: yes
fpu_exception	: yes
cpuid level	: 13
wp		: yes
flags		: fpu vme de pse tsc msr pae mce cx8 apic sep mtrr pge mca cmov pat pse36 clflush dts acpi mmx fxsr sse sse2 ss ht tm pbe syscall nx pdpe1gb rdtscp lm constant_tsc arch_perfmon pebs bts rep_good nopl xtopology nonstop_tsc cpuid aperfmperf pni pclmulqdq dtes64 monitor ds_cpl vmx est tm2 ssse3 sdbg fma cx16 xtpr pdcm pcid sse4_1 sse4_2 movbe popcnt tsc_deadline_timer aes xsave avx f16c rdrand lahf_lm abm cpuid_fault epb invpcid_single pti ibrs ibpb stibp tpr_shadow vnmi flexpriority ept vpid fsgsbase tsc_adjust bmi1 avx2 smep bmi2 erms invpcid xsaveopt dtherm ida arat pln pts
bugs		: cpu_meltdown spectre_v1 spectre_v2 spec_store_bypass
bogomips	: 3392.28
clflush size	: 64
cache_alignment	: 64
address sizes	: 39 bits physical, 48 bits virtual
power management:

processor	: 2
vendor_id	: GenuineIntel
cpu family	: 6
model		: 69
model name	: Intel(R) Core(TM) i3-4005U CPU @ 1.70GHz
stepping	: 1
microcode	: 0x23
cpu MHz		: 1696.143
cache size	: 3072 KB
physical id	: 0
siblings	: 4
core id		: 0
cpu cores	: 2
apicid		: 1
initial apicid	: 1
fpu		: yes
fpu_exception	: yes
cpuid level	: 13
wp		: yes
flags		: fpu vme de pse tsc msr pae mce cx8 apic sep mtrr pge mca cmov pat pse36 clflush dts acpi mmx fxsr sse sse2 ss ht tm pbe syscall nx pdpe1gb rdtscp lm constant_tsc arch_perfmon pebs bts rep_good nopl xtopology nonstop_tsc cpuid aperfmperf pni pclmulqdq dtes64 monitor ds_cpl vmx est tm2 ssse3 sdbg fma cx16 xtpr pdcm pcid sse4_1 sse4_2 movbe popcnt tsc_deadline_timer aes xsave avx f16c rdrand lahf_lm abm cpuid_fault epb invpcid_single pti ibrs ibpb stibp tpr_shadow vnmi flexpriority ept vpid fsgsbase tsc_adjust bmi1 avx2 smep bmi2 erms invpcid xsaveopt dtherm ida arat pln pts
bugs		: cpu_meltdown spectre_v1 spectre_v2 spec_store_bypass
bogomips	: 3392.28
clflush size	: 64
cache_alignment	: 64
address sizes	: 39 bits physical, 48 bits virtual
power management:

processor	: 3
vendor_id	: GenuineIntel
cpu family	: 6
model		: 69
model name	: Intel(R) Core(TM) i3-4005U CPU @ 1.70GHz
stepping	: 1
microcode	: 0x23
cpu MHz		: 1696.144
cache size	: 3072 KB
physical id	: 0
siblings	: 4
core id		: 1
cpu cores	: 2
apicid		: 3
initial apicid	: 3
fpu		: yes
fpu_exception	: yes
cpuid level	: 13
wp		: yes
flags		: fpu vme de pse tsc msr pae mce cx8 apic sep mtrr pge mca cmov pat pse36 clflush dts acpi mmx fxsr sse sse2 ss ht tm pbe syscall nx pdpe1gb rdtscp lm constant_tsc arch_perfmon pebs bts rep_good nopl xtopology nonstop_tsc cpuid aperfmperf pni pclmulqdq dtes64 monitor ds_cpl vmx est tm2 ssse3 sdbg fma cx16 xtpr pdcm pcid sse4_1 sse4_2 movbe popcnt tsc_deadline_timer aes xsave avx f16c rdrand lahf_lm abm cpuid_fault epb invpcid_single pti ibrs ibpb stibp tpr_shadow vnmi flexpriority ept vpid fsgsbase tsc_adjust bmi1 avx2 smep bmi2 erms invpcid xsaveopt dtherm ida arat pln pts
bugs		: cpu_meltdown spectre_v1 spectre_v2 spec_store_bypass
bogomips	: 3392.28
clflush size	: 64
cache_alignment	: 64
address sizes	: 39 bits physical, 48 bits virtual
power management:



Memory: 4k page, physical 3941864k(1677268k free), swap 2097148k(1300760k free)

vm_info: OpenJDK 64-Bit Server VM (25.171-b11) for linux-amd64 JRE (1.8.0_171-8u171-b11-0ubuntu0.18.04.1-b11), built on Apr 26 2018 15:59:34 by "buildd" with gcc 7.3.0

time: Sun Jul 22 18:21:35 2018
elapsed time: 24463 seconds (0d 6h 47m 43s)

